30/Dec/2024:10:50:34 +0530  - - [30/Dec/2024:10:50:34 +0530] "Server registered with IP: 127.0.1.1 and Port: 8080 %U HTTP/1.1" %s %b
30/Dec/2024:10:50:34 +0530  - - [30/Dec/2024:10:50:34 +0530] "Server started at Mon Dec 30 10:50:34 IST 2024 %U HTTP/1.1" %s %b
30/Dec/2024:10:50:34 +0530  - - [30/Dec/2024:10:50:34 +0530] "127.0.0.1 - - [Mon Dec 30 10:50:34 IST 2024] "GET / HTTP/1.1" %U HTTP/1.1" %s %b
30/Dec/2024:10:50:47 +0530  - - [30/Dec/2024:10:50:47 +0530] "0:0:0:0:0:0:0:1 - - [Mon Dec 30 10:50:47 IST 2024] "GET / HTTP/1.1" %U HTTP/1.1" %s %b
30/Dec/2024:10:50:47 +0530  - - [30/Dec/2024:10:50:47 +0530] "0:0:0:0:0:0:0:1 - - [Mon Dec 30 10:50:47 IST 2024] "GET /login.jsp HTTP/1.1" %U HTTP/1.1" %s %b
30/Dec/2024:10:50:47 +0530  - - [30/Dec/2024:10:50:47 +0530] "0:0:0:0:0:0:0:1 - - [Mon Dec 30 10:50:47 IST 2024] "GET /favicon.ico HTTP/1.1" %U HTTP/1.1" %s %b
30/Dec/2024:10:50:47 +0530  - - [30/Dec/2024:10:50:47 +0530] "0:0:0:0:0:0:0:1 - - [Mon Dec 30 10:50:47 IST 2024] "GET /login.jsp HTTP/1.1" %U HTTP/1.1" %s %b
30/Dec/2024:10:50:56 +0530  - - [30/Dec/2024:10:50:56 +0530] "0:0:0:0:0:0:0:1 - - [Mon Dec 30 10:50:56 IST 2024] "GET /index.jsp HTTP/1.1" %U HTTP/1.1" %s %b
30/Dec/2024:10:50:56 +0530  - - [30/Dec/2024:10:50:56 +0530] "0:0:0:0:0:0:0:1 - - [Mon Dec 30 10:50:56 IST 2024] "GET /favicon.ico HTTP/1.1" %U HTTP/1.1" %s %b
30/Dec/2024:10:50:56 +0530  - - [30/Dec/2024:10:50:56 +0530] "0:0:0:0:0:0:0:1 - - [Mon Dec 30 10:50:56 IST 2024] "GET /login.jsp HTTP/1.1" %U HTTP/1.1" %s %b
30/Dec/2024:10:50:58 +0530  - - [30/Dec/2024:10:50:58 +0530] "0:0:0:0:0:0:0:1 - - [Mon Dec 30 10:50:58 IST 2024] "GET /register.jsp HTTP/1.1" %U HTTP/1.1" %s %b
30/Dec/2024:10:50:58 +0530  - - [30/Dec/2024:10:50:58 +0530] "0:0:0:0:0:0:0:1 - - [Mon Dec 30 10:50:58 IST 2024] "GET /favicon.ico HTTP/1.1" %U HTTP/1.1" %s %b
30/Dec/2024:10:50:58 +0530  - - [30/Dec/2024:10:50:58 +0530] "0:0:0:0:0:0:0:1 - - [Mon Dec 30 10:50:58 IST 2024] "GET /login.jsp HTTP/1.1" %U HTTP/1.1" %s %b
30/Dec/2024:10:51:28 +0530  - - [30/Dec/2024:10:51:28 +0530] "0:0:0:0:0:0:0:1 - - [Mon Dec 30 10:51:28 IST 2024] "POST /register HTTP/1.1" %U HTTP/1.1" %s %b
30/Dec/2024:10:51:33 +0530  - - [30/Dec/2024:10:51:33 +0530] "0:0:0:0:0:0:0:1 - - [Mon Dec 30 10:51:33 IST 2024] "POST /register HTTP/1.1" %U HTTP/1.1" %s %b
30/Dec/2024:10:52:49 +0530  - - [30/Dec/2024:10:52:49 +0530] "0:0:0:0:0:0:0:1 - - [Mon Dec 30 10:52:49 IST 2024] "GET /index.jsp HTTP/1.1" %U HTTP/1.1" %s %b
30/Dec/2024:10:52:49 +0530  - - [30/Dec/2024:10:52:49 +0530] "0:0:0:0:0:0:0:1 - - [Mon Dec 30 10:52:49 IST 2024] "GET /favicon.ico HTTP/1.1" %U HTTP/1.1" %s %b
30/Dec/2024:10:52:49 +0530  - - [30/Dec/2024:10:52:49 +0530] "0:0:0:0:0:0:0:1 - - [Mon Dec 30 10:52:49 IST 2024] "GET /login.jsp HTTP/1.1" %U HTTP/1.1" %s %b
30/Dec/2024:10:52:50 +0530  - - [30/Dec/2024:10:52:50 +0530] "0:0:0:0:0:0:0:1 - - [Mon Dec 30 10:52:50 IST 2024] "GET /index.jsp HTTP/1.1" %U HTTP/1.1" %s %b
30/Dec/2024:10:52:50 +0530  - - [30/Dec/2024:10:52:50 +0530] "0:0:0:0:0:0:0:1 - - [Mon Dec 30 10:52:50 IST 2024] "GET /favicon.ico HTTP/1.1" %U HTTP/1.1" %s %b
30/Dec/2024:10:52:50 +0530  - - [30/Dec/2024:10:52:50 +0530] "0:0:0:0:0:0:0:1 - - [Mon Dec 30 10:52:50 IST 2024] "GET /login.jsp HTTP/1.1" %U HTTP/1.1" %s %b
