16/Jan/2025:15:05:32 +0530  - - [16/Jan/2025:15:05:32 +0530] "Server registered with IP: 127.0.1.1 and Port: 8080 %U HTTP/1.1" %s %b
16/Jan/2025:15:05:32 +0530  - - [16/Jan/2025:15:05:32 +0530] "Server started at Thu Jan 16 15:05:32 IST 2025 %U HTTP/1.1" %s %b
16/Jan/2025:15:07:48 +0530  - - [16/Jan/2025:15:07:48 +0530] " 24 7b7dcb36-1994-4500-8fd4-e6faff70f5d1: 0:0:0:0:0:0:0:1 - - [Thu Jan 16 15:07:48 IST 2025] "GET /logout HTTP/1.1" %U HTTP/1.1" %s %b
16/Jan/2025:15:07:48 +0530  - - [16/Jan/2025:15:07:48 +0530] "0:0:0:0:0:0:0:1 - - [Thu Jan 16 15:07:48 IST 2025] "GET /login.jsp HTTP/1.1" %U HTTP/1.1" %s %b
16/Jan/2025:15:07:57 +0530  - - [16/Jan/2025:15:07:57 +0530] "0:0:0:0:0:0:0:1 - - [Thu Jan 16 15:07:57 IST 2025] "POST /login HTTP/1.1" %U HTTP/1.1" %s %b
16/Jan/2025:15:07:57 +0530  - - [16/Jan/2025:15:07:57 +0530] "User logged in: user_id=24 %U HTTP/1.1" %s %b
16/Jan/2025:15:07:57 +0530  - - [16/Jan/2025:15:07:57 +0530] " 24 e0e99fbd-3020-496d-a031-0f5f530bf62b: 0:0:0:0:0:0:0:1 - - [Thu Jan 16 15:07:57 IST 2025] "GET /home.jsp HTTP/1.1" %U HTTP/1.1" %s %b
16/Jan/2025:15:08:00 +0530  - - [16/Jan/2025:15:08:00 +0530] " 24 e0e99fbd-3020-496d-a031-0f5f530bf62b: 0:0:0:0:0:0:0:1 - - [Thu Jan 16 15:08:00 IST 2025] "GET /EditDetails.jsp HTTP/1.1" %U HTTP/1.1" %s %b
16/Jan/2025:15:08:05 +0530  - - [16/Jan/2025:15:08:05 +0530] " 24 e0e99fbd-3020-496d-a031-0f5f530bf62b: 0:0:0:0:0:0:0:1 - - [Thu Jan 16 15:08:05 IST 2025] "POST /mail HTTP/1.1" %U HTTP/1.1" %s %b
16/Jan/2025:15:08:05 +0530  - - [16/Jan/2025:15:08:05 +0530] " 24 e0e99fbd-3020-496d-a031-0f5f530bf62b: 0:0:0:0:0:0:0:1 - - [Thu Jan 16 15:08:05 IST 2025] "GET /EditDetails.jsp HTTP/1.1" %U HTTP/1.1" %s %b
16/Jan/2025:15:08:20 +0530  - - [16/Jan/2025:15:08:20 +0530] " 24 e0e99fbd-3020-496d-a031-0f5f530bf62b: 0:0:0:0:0:0:0:1 - - [Thu Jan 16 15:08:20 IST 2025] "POST /mail HTTP/1.1" %U HTTP/1.1" %s %b
16/Jan/2025:15:08:20 +0530  - - [16/Jan/2025:15:08:20 +0530] " 24 e0e99fbd-3020-496d-a031-0f5f530bf62b: 0:0:0:0:0:0:0:1 - - [Thu Jan 16 15:08:20 IST 2025] "GET /EditDetails.jsp HTTP/1.1" %U HTTP/1.1" %s %b
16/Jan/2025:15:09:14 +0530  - - [16/Jan/2025:15:09:14 +0530] " 24 e0e99fbd-3020-496d-a031-0f5f530bf62b: 0:0:0:0:0:0:0:1 - - [Thu Jan 16 15:09:14 IST 2025] "POST /mail HTTP/1.1" %U HTTP/1.1" %s %b
16/Jan/2025:15:09:14 +0530  - - [16/Jan/2025:15:09:14 +0530] " 24 e0e99fbd-3020-496d-a031-0f5f530bf62b: 0:0:0:0:0:0:0:1 - - [Thu Jan 16 15:09:14 IST 2025] "GET /myDetails.jsp HTTP/1.1" %U HTTP/1.1" %s %b
16/Jan/2025:15:10:03 +0530  - - [16/Jan/2025:15:10:03 +0530] " 24 e0e99fbd-3020-496d-a031-0f5f530bf62b: 0:0:0:0:0:0:0:1 - - [Thu Jan 16 15:10:03 IST 2025] "GET /EditDetails.jsp HTTP/1.1" %U HTTP/1.1" %s %b
16/Jan/2025:15:10:09 +0530  - - [16/Jan/2025:15:10:09 +0530] " 24 e0e99fbd-3020-496d-a031-0f5f530bf62b: 0:0:0:0:0:0:0:1 - - [Thu Jan 16 15:10:09 IST 2025] "POST /mail HTTP/1.1" %U HTTP/1.1" %s %b
16/Jan/2025:15:10:09 +0530  - - [16/Jan/2025:15:10:09 +0530] " 24 e0e99fbd-3020-496d-a031-0f5f530bf62b: 0:0:0:0:0:0:0:1 - - [Thu Jan 16 15:10:09 IST 2025] "GET /myDetails.jsp HTTP/1.1" %U HTTP/1.1" %s %b
16/Jan/2025:15:10:25 +0530  - - [16/Jan/2025:15:10:25 +0530] " 24 e0e99fbd-3020-496d-a031-0f5f530bf62b: 0:0:0:0:0:0:0:1 - - [Thu Jan 16 15:10:25 IST 2025] "GET /EditDetails.jsp HTTP/1.1" %U HTTP/1.1" %s %b
16/Jan/2025:15:10:28 +0530  - - [16/Jan/2025:15:10:28 +0530] " 24 e0e99fbd-3020-496d-a031-0f5f530bf62b: 0:0:0:0:0:0:0:1 - - [Thu Jan 16 15:10:28 IST 2025] "POST /mail HTTP/1.1" %U HTTP/1.1" %s %b
16/Jan/2025:15:10:29 +0530  - - [16/Jan/2025:15:10:29 +0530] " 24 e0e99fbd-3020-496d-a031-0f5f530bf62b: 0:0:0:0:0:0:0:1 - - [Thu Jan 16 15:10:29 IST 2025] "GET /EditDetails.jsp HTTP/1.1" %U HTTP/1.1" %s %b
16/Jan/2025:15:10:47 +0530  - - [16/Jan/2025:15:10:47 +0530] " 24 e0e99fbd-3020-496d-a031-0f5f530bf62b: 0:0:0:0:0:0:0:1 - - [Thu Jan 16 15:10:47 IST 2025] "POST /mail HTTP/1.1" %U HTTP/1.1" %s %b
16/Jan/2025:15:10:47 +0530  - - [16/Jan/2025:15:10:47 +0530] " 24 e0e99fbd-3020-496d-a031-0f5f530bf62b: 0:0:0:0:0:0:0:1 - - [Thu Jan 16 15:10:47 IST 2025] "GET /EditDetails.jsp HTTP/1.1" %U HTTP/1.1" %s %b
16/Jan/2025:15:11:26 +0530  - - [16/Jan/2025:15:11:26 +0530] " 24 e0e99fbd-3020-496d-a031-0f5f530bf62b: 0:0:0:0:0:0:0:1 - - [Thu Jan 16 15:11:26 IST 2025] "POST /mail HTTP/1.1" %U HTTP/1.1" %s %b
16/Jan/2025:15:11:27 +0530  - - [16/Jan/2025:15:11:27 +0530] " 24 e0e99fbd-3020-496d-a031-0f5f530bf62b: 0:0:0:0:0:0:0:1 - - [Thu Jan 16 15:11:27 IST 2025] "GET /myDetails.jsp HTTP/1.1" %U HTTP/1.1" %s %b
16/Jan/2025:15:11:49 +0530  - - [16/Jan/2025:15:11:49 +0530] " 24 e0e99fbd-3020-496d-a031-0f5f530bf62b: 0:0:0:0:0:0:0:1 - - [Thu Jan 16 15:11:49 IST 2025] "GET /EditDetails.jsp HTTP/1.1" %U HTTP/1.1" %s %b
16/Jan/2025:15:11:52 +0530  - - [16/Jan/2025:15:11:52 +0530] " 24 e0e99fbd-3020-496d-a031-0f5f530bf62b: 0:0:0:0:0:0:0:1 - - [Thu Jan 16 15:11:52 IST 2025] "POST /mail HTTP/1.1" %U HTTP/1.1" %s %b
16/Jan/2025:15:11:52 +0530  - - [16/Jan/2025:15:11:52 +0530] " 24 e0e99fbd-3020-496d-a031-0f5f530bf62b: 0:0:0:0:0:0:0:1 - - [Thu Jan 16 15:11:52 IST 2025] "GET /myDetails.jsp HTTP/1.1" %U HTTP/1.1" %s %b
16/Jan/2025:15:12:19 +0530  - - [16/Jan/2025:15:12:19 +0530] " 24 e0e99fbd-3020-496d-a031-0f5f530bf62b: 0:0:0:0:0:0:0:1 - - [Thu Jan 16 15:12:19 IST 2025] "GET /EditDetails.jsp HTTP/1.1" %U HTTP/1.1" %s %b
16/Jan/2025:15:13:25 +0530  - - [16/Jan/2025:15:13:25 +0530] " 24 e0e99fbd-3020-496d-a031-0f5f530bf62b: 0:0:0:0:0:0:0:1 - - [Thu Jan 16 15:13:25 IST 2025] "POST /mail HTTP/1.1" %U HTTP/1.1" %s %b
16/Jan/2025:15:13:25 +0530  - - [16/Jan/2025:15:13:25 +0530] " 24 e0e99fbd-3020-496d-a031-0f5f530bf62b: 0:0:0:0:0:0:0:1 - - [Thu Jan 16 15:13:25 IST 2025] "GET /myDetails.jsp HTTP/1.1" %U HTTP/1.1" %s %b
16/Jan/2025:15:14:02 +0530  - - [16/Jan/2025:15:14:02 +0530] " 24 e0e99fbd-3020-496d-a031-0f5f530bf62b: 0:0:0:0:0:0:0:1 - - [Thu Jan 16 15:14:02 IST 2025] "GET /EditDetails.jsp HTTP/1.1" %U HTTP/1.1" %s %b
16/Jan/2025:15:14:06 +0530  - - [16/Jan/2025:15:14:06 +0530] " 24 e0e99fbd-3020-496d-a031-0f5f530bf62b: 0:0:0:0:0:0:0:1 - - [Thu Jan 16 15:14:06 IST 2025] "POST /mail HTTP/1.1" %U HTTP/1.1" %s %b
16/Jan/2025:15:14:06 +0530  - - [16/Jan/2025:15:14:06 +0530] " 24 e0e99fbd-3020-496d-a031-0f5f530bf62b: 0:0:0:0:0:0:0:1 - - [Thu Jan 16 15:14:06 IST 2025] "GET /myDetails.jsp HTTP/1.1" %U HTTP/1.1" %s %b
16/Jan/2025:16:07:54 +0530  - - [16/Jan/2025:16:07:54 +0530] "Server stoped at Thu Jan 16 16:07:54 IST 2025 %U HTTP/1.1" %s %b
