02/Jan/2025:11:15:19 +0530  - - [02/Jan/2025:11:15:19 +0530] "Server registered with IP: 127.0.1.1 and Port: 8080 %U HTTP/1.1" %s %b
02/Jan/2025:11:15:19 +0530  - - [02/Jan/2025:11:15:19 +0530] "Server started at Thu Jan 02 11:15:19 IST 2025 %U HTTP/1.1" %s %b
02/Jan/2025:11:15:19 +0530  - - [02/Jan/2025:11:15:19 +0530] "127.0.0.1 - - [Thu Jan 02 11:15:19 IST 2025] "GET / HTTP/1.1" %U HTTP/1.1" %s %b
02/Jan/2025:11:15:33 +0530  - - [02/Jan/2025:11:15:33 +0530] " 24 532e7e1d-4e98-4e8d-bc8e-967a4b2d422e: 0:0:0:0:0:0:0:1 - - [Thu Jan 02 11:15:33 IST 2025] "GET /login.jsp HTTP/1.1" %U HTTP/1.1" %s %b
02/Jan/2025:11:15:33 +0530  - - [02/Jan/2025:11:15:33 +0530] " 24 532e7e1d-4e98-4e8d-bc8e-967a4b2d422e: 0:0:0:0:0:0:0:1 - - [Thu Jan 02 11:15:33 IST 2025] "GET /home.jsp HTTP/1.1" %U HTTP/1.1" %s %b
02/Jan/2025:11:15:36 +0530  - - [02/Jan/2025:11:15:36 +0530] " 24 532e7e1d-4e98-4e8d-bc8e-967a4b2d422e: 0:0:0:0:0:0:0:1 - - [Thu Jan 02 11:15:36 IST 2025] "GET /EditDetails.jsp HTTP/1.1" %U HTTP/1.1" %s %b
02/Jan/2025:11:15:41 +0530  - - [02/Jan/2025:11:15:41 +0530] " 24 532e7e1d-4e98-4e8d-bc8e-967a4b2d422e: 0:0:0:0:0:0:0:1 - - [Thu Jan 02 11:15:41 IST 2025] "POST /mail HTTP/1.1" %U HTTP/1.1" %s %b
02/Jan/2025:11:15:41 +0530  - - [02/Jan/2025:11:15:41 +0530] " 24 532e7e1d-4e98-4e8d-bc8e-967a4b2d422e: 0:0:0:0:0:0:0:1 - - [Thu Jan 02 11:15:41 IST 2025] "GET /EditDetails.jsp HTTP/1.1" %U HTTP/1.1" %s %b
02/Jan/2025:11:15:44 +0530  - - [02/Jan/2025:11:15:44 +0530] " 24 532e7e1d-4e98-4e8d-bc8e-967a4b2d422e: 0:0:0:0:0:0:0:1 - - [Thu Jan 02 11:15:44 IST 2025] "GET /myDetails.jsp HTTP/1.1" %U HTTP/1.1" %s %b
02/Jan/2025:11:15:47 +0530  - - [02/Jan/2025:11:15:47 +0530] " 24 532e7e1d-4e98-4e8d-bc8e-967a4b2d422e: 0:0:0:0:0:0:0:1 - - [Thu Jan 02 11:15:47 IST 2025] "GET /EditDetails.jsp HTTP/1.1" %U HTTP/1.1" %s %b
02/Jan/2025:11:15:52 +0530  - - [02/Jan/2025:11:15:52 +0530] " 24 532e7e1d-4e98-4e8d-bc8e-967a4b2d422e: 0:0:0:0:0:0:0:1 - - [Thu Jan 02 11:15:52 IST 2025] "POST /phone HTTP/1.1" %U HTTP/1.1" %s %b
02/Jan/2025:11:15:52 +0530  - - [02/Jan/2025:11:15:52 +0530] " 24 532e7e1d-4e98-4e8d-bc8e-967a4b2d422e: 0:0:0:0:0:0:0:1 - - [Thu Jan 02 11:15:52 IST 2025] "GET /EditDetails.jsp HTTP/1.1" %U HTTP/1.1" %s %b
02/Jan/2025:11:15:55 +0530  - - [02/Jan/2025:11:15:55 +0530] " 24 532e7e1d-4e98-4e8d-bc8e-967a4b2d422e: 0:0:0:0:0:0:0:1 - - [Thu Jan 02 11:15:55 IST 2025] "GET /myDetails.jsp HTTP/1.1" %U HTTP/1.1" %s %b
02/Jan/2025:11:15:58 +0530  - - [02/Jan/2025:11:15:58 +0530] " 24 532e7e1d-4e98-4e8d-bc8e-967a4b2d422e: 0:0:0:0:0:0:0:1 - - [Thu Jan 02 11:15:58 IST 2025] "GET /EditDetails.jsp HTTP/1.1" %U HTTP/1.1" %s %b
02/Jan/2025:11:16:04 +0530  - - [02/Jan/2025:11:16:04 +0530] " 24 532e7e1d-4e98-4e8d-bc8e-967a4b2d422e: 0:0:0:0:0:0:0:1 - - [Thu Jan 02 11:16:04 IST 2025] "POST /phone HTTP/1.1" %U HTTP/1.1" %s %b
02/Jan/2025:11:16:04 +0530  - - [02/Jan/2025:11:16:04 +0530] " 24 532e7e1d-4e98-4e8d-bc8e-967a4b2d422e: 0:0:0:0:0:0:0:1 - - [Thu Jan 02 11:16:04 IST 2025] "GET /EditDetails.jsp HTTP/1.1" %U HTTP/1.1" %s %b
02/Jan/2025:11:16:17 +0530  - - [02/Jan/2025:11:16:17 +0530] " 24 532e7e1d-4e98-4e8d-bc8e-967a4b2d422e: 0:0:0:0:0:0:0:1 - - [Thu Jan 02 11:16:17 IST 2025] "POST /mail HTTP/1.1" %U HTTP/1.1" %s %b
02/Jan/2025:11:16:17 +0530  - - [02/Jan/2025:11:16:17 +0530] " 24 532e7e1d-4e98-4e8d-bc8e-967a4b2d422e: 0:0:0:0:0:0:0:1 - - [Thu Jan 02 11:16:17 IST 2025] "GET /EditDetails.jsp HTTP/1.1" %U HTTP/1.1" %s %b
02/Jan/2025:11:16:21 +0530  - - [02/Jan/2025:11:16:21 +0530] " 24 532e7e1d-4e98-4e8d-bc8e-967a4b2d422e: 0:0:0:0:0:0:0:1 - - [Thu Jan 02 11:16:21 IST 2025] "POST /mail HTTP/1.1" %U HTTP/1.1" %s %b
02/Jan/2025:11:16:21 +0530  - - [02/Jan/2025:11:16:21 +0530] " 24 532e7e1d-4e98-4e8d-bc8e-967a4b2d422e: 0:0:0:0:0:0:0:1 - - [Thu Jan 02 11:16:21 IST 2025] "GET /EditDetails.jsp HTTP/1.1" %U HTTP/1.1" %s %b
02/Jan/2025:11:16:23 +0530  - - [02/Jan/2025:11:16:23 +0530] " 24 532e7e1d-4e98-4e8d-bc8e-967a4b2d422e: 0:0:0:0:0:0:0:1 - - [Thu Jan 02 11:16:23 IST 2025] "GET /myDetails.jsp HTTP/1.1" %U HTTP/1.1" %s %b
02/Jan/2025:11:16:36 +0530  - - [02/Jan/2025:11:16:36 +0530] "Server stoped at Thu Jan 02 11:16:36 IST 2025 %U HTTP/1.1" %s %b
