27/Dec/2024:16:01:41 +0530  - - [27/Dec/2024:16:01:41 +0530] "Server registered with IP: 127.0.1.1 and Port: 8080 %U HTTP/1.1" %s %b
27/Dec/2024:16:01:41 +0530  - - [27/Dec/2024:16:01:41 +0530] "Server started at Fri Dec 27 16:01:41 IST 2024 %U HTTP/1.1" %s %b
27/Dec/2024:16:01:41 +0530  - - [27/Dec/2024:16:01:41 +0530] "127.0.0.1 - - [Fri Dec 27 16:01:41 IST 2024] "GET / HTTP/1.1" %U HTTP/1.1" %s %b
27/Dec/2024:16:01:42 +0530  - - [27/Dec/2024:16:01:42 +0530] "0:0:0:0:0:0:0:1 - - [Fri Dec 27 16:01:42 IST 2024] "GET / HTTP/1.1" %U HTTP/1.1" %s %b
27/Dec/2024:16:01:42 +0530  - - [27/Dec/2024:16:01:42 +0530] "0:0:0:0:0:0:0:1 - - [Fri Dec 27 16:01:42 IST 2024] "GET /login.jsp HTTP/1.1" %U HTTP/1.1" %s %b
27/Dec/2024:16:01:51 +0530  - - [27/Dec/2024:16:01:51 +0530] "0:0:0:0:0:0:0:1 - - [Fri Dec 27 16:01:51 IST 2024] "POST /login HTTP/1.1" %U HTTP/1.1" %s %b
27/Dec/2024:16:01:51 +0530  - - [27/Dec/2024:16:01:51 +0530] "User logged in: user_id=24 %U HTTP/1.1" %s %b
27/Dec/2024:16:01:51 +0530  - - [27/Dec/2024:16:01:51 +0530] " 24 12381324-0ef4-4f94-8173-a63c2f786afe: 0:0:0:0:0:0:0:1 - - [Fri Dec 27 16:01:51 IST 2024] "GET /home.jsp HTTP/1.1" %U HTTP/1.1" %s %b
27/Dec/2024:16:02:18 +0530  - - [27/Dec/2024:16:02:18 +0530] " 24 12381324-0ef4-4f94-8173-a63c2f786afe: 0:0:0:0:0:0:0:1 - - [Fri Dec 27 16:02:18 IST 2024] "GET /contacts.jsp HTTP/1.1" %U HTTP/1.1" %s %b
27/Dec/2024:16:02:19 +0530  - - [27/Dec/2024:16:02:19 +0530] " 24 12381324-0ef4-4f94-8173-a63c2f786afe: 0:0:0:0:0:0:0:1 - - [Fri Dec 27 16:02:19 IST 2024] "GET /createContact.jsp HTTP/1.1" %U HTTP/1.1" %s %b
27/Dec/2024:16:02:21 +0530  - - [27/Dec/2024:16:02:21 +0530] " 24 12381324-0ef4-4f94-8173-a63c2f786afe: 0:0:0:0:0:0:0:1 - - [Fri Dec 27 16:02:21 IST 2024] "GET /contacts.jsp HTTP/1.1" %U HTTP/1.1" %s %b
27/Dec/2024:16:02:34 +0530  - - [27/Dec/2024:16:02:34 +0530] " 24 12381324-0ef4-4f94-8173-a63c2f786afe: 0:0:0:0:0:0:0:1 - - [Fri Dec 27 16:02:34 IST 2024] "GET /contactDetails.jsp HTTP/1.1" %U HTTP/1.1" %s %b
27/Dec/2024:16:03:01 +0530  - - [27/Dec/2024:16:03:01 +0530] " 24 12381324-0ef4-4f94-8173-a63c2f786afe: 0:0:0:0:0:0:0:1 - - [Fri Dec 27 16:03:01 IST 2024] "GET /editContact.jsp HTTP/1.1" %U HTTP/1.1" %s %b
27/Dec/2024:16:03:03 +0530  - - [27/Dec/2024:16:03:03 +0530] " 24 12381324-0ef4-4f94-8173-a63c2f786afe: 0:0:0:0:0:0:0:1 - - [Fri Dec 27 16:03:03 IST 2024] "POST /update2 HTTP/1.1" %U HTTP/1.1" %s %b
27/Dec/2024:16:03:10 +0530  - - [27/Dec/2024:16:03:10 +0530] " 24 12381324-0ef4-4f94-8173-a63c2f786afe: 0:0:0:0:0:0:0:1 - - [Fri Dec 27 16:03:10 IST 2024] "GET /editContact.jsp HTTP/1.1" %U HTTP/1.1" %s %b
27/Dec/2024:16:04:00 +0530  - - [27/Dec/2024:16:04:00 +0530] " 24 12381324-0ef4-4f94-8173-a63c2f786afe: 0:0:0:0:0:0:0:1 - - [Fri Dec 27 16:04:00 IST 2024] "POST /update2 HTTP/1.1" %U HTTP/1.1" %s %b
27/Dec/2024:16:04:04 +0530  - - [27/Dec/2024:16:04:04 +0530] " 24 12381324-0ef4-4f94-8173-a63c2f786afe: 0:0:0:0:0:0:0:1 - - [Fri Dec 27 16:04:04 IST 2024] "GET /editContact.jsp HTTP/1.1" %U HTTP/1.1" %s %b
27/Dec/2024:16:04:09 +0530  - - [27/Dec/2024:16:04:09 +0530] " 24 12381324-0ef4-4f94-8173-a63c2f786afe: 0:0:0:0:0:0:0:1 - - [Fri Dec 27 16:04:09 IST 2024] "GET /category.jsp HTTP/1.1" %U HTTP/1.1" %s %b
27/Dec/2024:16:04:11 +0530  - - [27/Dec/2024:16:04:11 +0530] " 24 12381324-0ef4-4f94-8173-a63c2f786afe: 0:0:0:0:0:0:0:1 - - [Fri Dec 27 16:04:11 IST 2024] "GET /myDetails.jsp HTTP/1.1" %U HTTP/1.1" %s %b
27/Dec/2024:16:04:14 +0530  - - [27/Dec/2024:16:04:14 +0530] " 24 12381324-0ef4-4f94-8173-a63c2f786afe: 0:0:0:0:0:0:0:1 - - [Fri Dec 27 16:04:14 IST 2024] "GET /contacts.jsp HTTP/1.1" %U HTTP/1.1" %s %b
27/Dec/2024:16:04:16 +0530  - - [27/Dec/2024:16:04:16 +0530] " 24 12381324-0ef4-4f94-8173-a63c2f786afe: 0:0:0:0:0:0:0:1 - - [Fri Dec 27 16:04:16 IST 2024] "GET /contactDetails.jsp HTTP/1.1" %U HTTP/1.1" %s %b
27/Dec/2024:16:04:18 +0530  - - [27/Dec/2024:16:04:18 +0530] " 24 12381324-0ef4-4f94-8173-a63c2f786afe: 0:0:0:0:0:0:0:1 - - [Fri Dec 27 16:04:18 IST 2024] "GET /editContact.jsp HTTP/1.1" %U HTTP/1.1" %s %b
27/Dec/2024:16:04:19 +0530  - - [27/Dec/2024:16:04:19 +0530] " 24 12381324-0ef4-4f94-8173-a63c2f786afe: 0:0:0:0:0:0:0:1 - - [Fri Dec 27 16:04:19 IST 2024] "POST /update2 HTTP/1.1" %U HTTP/1.1" %s %b
27/Dec/2024:16:04:22 +0530  - - [27/Dec/2024:16:04:22 +0530] " 24 12381324-0ef4-4f94-8173-a63c2f786afe: 0:0:0:0:0:0:0:1 - - [Fri Dec 27 16:04:22 IST 2024] "GET /editContact.jsp HTTP/1.1" %U HTTP/1.1" %s %b
27/Dec/2024:16:04:23 +0530  - - [27/Dec/2024:16:04:23 +0530] " 24 12381324-0ef4-4f94-8173-a63c2f786afe: 0:0:0:0:0:0:0:1 - - [Fri Dec 27 16:04:23 IST 2024] "GET /editContact.jsp HTTP/1.1" %U HTTP/1.1" %s %b
27/Dec/2024:16:04:23 +0530  - - [27/Dec/2024:16:04:23 +0530] " 24 12381324-0ef4-4f94-8173-a63c2f786afe: 0:0:0:0:0:0:0:1 - - [Fri Dec 27 16:04:23 IST 2024] "GET /editContact.jsp HTTP/1.1" %U HTTP/1.1" %s %b
27/Dec/2024:16:04:23 +0530  - - [27/Dec/2024:16:04:23 +0530] " 24 12381324-0ef4-4f94-8173-a63c2f786afe: 0:0:0:0:0:0:0:1 - - [Fri Dec 27 16:04:23 IST 2024] "GET /editContact.jsp HTTP/1.1" %U HTTP/1.1" %s %b
27/Dec/2024:16:04:23 +0530  - - [27/Dec/2024:16:04:23 +0530] " 24 12381324-0ef4-4f94-8173-a63c2f786afe: 0:0:0:0:0:0:0:1 - - [Fri Dec 27 16:04:23 IST 2024] "GET /editContact.jsp HTTP/1.1" %U HTTP/1.1" %s %b
27/Dec/2024:16:04:24 +0530  - - [27/Dec/2024:16:04:24 +0530] " 24 12381324-0ef4-4f94-8173-a63c2f786afe: 0:0:0:0:0:0:0:1 - - [Fri Dec 27 16:04:24 IST 2024] "GET /editContact.jsp HTTP/1.1" %U HTTP/1.1" %s %b
27/Dec/2024:16:04:24 +0530  - - [27/Dec/2024:16:04:24 +0530] " 24 12381324-0ef4-4f94-8173-a63c2f786afe: 0:0:0:0:0:0:0:1 - - [Fri Dec 27 16:04:24 IST 2024] "GET /editContact.jsp HTTP/1.1" %U HTTP/1.1" %s %b
27/Dec/2024:16:04:24 +0530  - - [27/Dec/2024:16:04:24 +0530] " 24 12381324-0ef4-4f94-8173-a63c2f786afe: 0:0:0:0:0:0:0:1 - - [Fri Dec 27 16:04:24 IST 2024] "GET /editContact.jsp HTTP/1.1" %U HTTP/1.1" %s %b
27/Dec/2024:16:04:24 +0530  - - [27/Dec/2024:16:04:24 +0530] " 24 12381324-0ef4-4f94-8173-a63c2f786afe: 0:0:0:0:0:0:0:1 - - [Fri Dec 27 16:04:24 IST 2024] "GET /editContact.jsp HTTP/1.1" %U HTTP/1.1" %s %b
27/Dec/2024:16:04:24 +0530  - - [27/Dec/2024:16:04:24 +0530] " 24 12381324-0ef4-4f94-8173-a63c2f786afe: 0:0:0:0:0:0:0:1 - - [Fri Dec 27 16:04:24 IST 2024] "GET /editContact.jsp HTTP/1.1" %U HTTP/1.1" %s %b
27/Dec/2024:16:04:24 +0530  - - [27/Dec/2024:16:04:24 +0530] " 24 12381324-0ef4-4f94-8173-a63c2f786afe: 0:0:0:0:0:0:0:1 - - [Fri Dec 27 16:04:24 IST 2024] "GET /editContact.jsp HTTP/1.1" %U HTTP/1.1" %s %b
27/Dec/2024:16:04:25 +0530  - - [27/Dec/2024:16:04:25 +0530] " 24 12381324-0ef4-4f94-8173-a63c2f786afe: 0:0:0:0:0:0:0:1 - - [Fri Dec 27 16:04:25 IST 2024] "GET /editContact.jsp HTTP/1.1" %U HTTP/1.1" %s %b
27/Dec/2024:16:04:25 +0530  - - [27/Dec/2024:16:04:25 +0530] " 24 12381324-0ef4-4f94-8173-a63c2f786afe: 0:0:0:0:0:0:0:1 - - [Fri Dec 27 16:04:25 IST 2024] "GET /editContact.jsp HTTP/1.1" %U HTTP/1.1" %s %b
27/Dec/2024:16:04:26 +0530  - - [27/Dec/2024:16:04:26 +0530] " 24 12381324-0ef4-4f94-8173-a63c2f786afe: 0:0:0:0:0:0:0:1 - - [Fri Dec 27 16:04:26 IST 2024] "GET /editContact.jsp HTTP/1.1" %U HTTP/1.1" %s %b
27/Dec/2024:16:04:26 +0530  - - [27/Dec/2024:16:04:26 +0530] " 24 12381324-0ef4-4f94-8173-a63c2f786afe: 0:0:0:0:0:0:0:1 - - [Fri Dec 27 16:04:26 IST 2024] "GET /editContact.jsp HTTP/1.1" %U HTTP/1.1" %s %b
27/Dec/2024:16:04:26 +0530  - - [27/Dec/2024:16:04:26 +0530] " 24 12381324-0ef4-4f94-8173-a63c2f786afe: 0:0:0:0:0:0:0:1 - - [Fri Dec 27 16:04:26 IST 2024] "GET /editContact.jsp HTTP/1.1" %U HTTP/1.1" %s %b
27/Dec/2024:16:04:26 +0530  - - [27/Dec/2024:16:04:26 +0530] " 24 12381324-0ef4-4f94-8173-a63c2f786afe: 0:0:0:0:0:0:0:1 - - [Fri Dec 27 16:04:26 IST 2024] "GET /editContact.jsp HTTP/1.1" %U HTTP/1.1" %s %b
27/Dec/2024:16:04:26 +0530  - - [27/Dec/2024:16:04:26 +0530] " 24 12381324-0ef4-4f94-8173-a63c2f786afe: 0:0:0:0:0:0:0:1 - - [Fri Dec 27 16:04:26 IST 2024] "GET /editContact.jsp HTTP/1.1" %U HTTP/1.1" %s %b
27/Dec/2024:16:04:26 +0530  - - [27/Dec/2024:16:04:26 +0530] " 24 12381324-0ef4-4f94-8173-a63c2f786afe: 0:0:0:0:0:0:0:1 - - [Fri Dec 27 16:04:26 IST 2024] "GET /editContact.jsp HTTP/1.1" %U HTTP/1.1" %s %b
27/Dec/2024:16:04:27 +0530  - - [27/Dec/2024:16:04:27 +0530] " 24 12381324-0ef4-4f94-8173-a63c2f786afe: 0:0:0:0:0:0:0:1 - - [Fri Dec 27 16:04:27 IST 2024] "GET /editContact.jsp HTTP/1.1" %U HTTP/1.1" %s %b
27/Dec/2024:16:04:27 +0530  - - [27/Dec/2024:16:04:27 +0530] " 24 12381324-0ef4-4f94-8173-a63c2f786afe: 0:0:0:0:0:0:0:1 - - [Fri Dec 27 16:04:27 IST 2024] "GET /editContact.jsp HTTP/1.1" %U HTTP/1.1" %s %b
27/Dec/2024:16:04:28 +0530  - - [27/Dec/2024:16:04:28 +0530] " 24 12381324-0ef4-4f94-8173-a63c2f786afe: 0:0:0:0:0:0:0:1 - - [Fri Dec 27 16:04:28 IST 2024] "POST /update2 HTTP/1.1" %U HTTP/1.1" %s %b
27/Dec/2024:16:04:41 +0530  - - [27/Dec/2024:16:04:41 +0530] " 24 12381324-0ef4-4f94-8173-a63c2f786afe: 0:0:0:0:0:0:0:1 - - [Fri Dec 27 16:04:41 IST 2024] "GET /editContact.jsp HTTP/1.1" %U HTTP/1.1" %s %b
27/Dec/2024:16:04:41 +0530  - - [27/Dec/2024:16:04:41 +0530] "Server stoped at Fri Dec 27 16:04:41 IST 2024 %U HTTP/1.1" %s %b
