24/Oct/2024:16:32:22 +0530  - - [24/Oct/2024:16:32:22 +0530] "Server started at Thu Oct 24 16:32:22 IST 2024 %U HTTP/1.1" %s %b
24/Oct/2024:16:32:23 +0530  - - [24/Oct/2024:16:32:23 +0530] "127.0.0.1 - - [Thu Oct 24 16:32:23 IST 2024] "GET / HTTP/1.1" %U HTTP/1.1" %s %b
24/Oct/2024:16:32:23 +0530  - - [24/Oct/2024:16:32:23 +0530] " 24 5905cecc-5d5a-495d-b703-4175b2b13088: 0:0:0:0:0:0:0:1 - - [Thu Oct 24 16:32:23 IST 2024] "GET / HTTP/1.1" %U HTTP/1.1" %s %b
24/Oct/2024:16:32:23 +0530  - - [24/Oct/2024:16:32:23 +0530] " 24 5905cecc-5d5a-495d-b703-4175b2b13088: 0:0:0:0:0:0:0:1 - - [Thu Oct 24 16:32:23 IST 2024] "GET /home.jsp HTTP/1.1" %U HTTP/1.1" %s %b
24/Oct/2024:16:32:26 +0530  - - [24/Oct/2024:16:32:26 +0530] " 24 5905cecc-5d5a-495d-b703-4175b2b13088: 0:0:0:0:0:0:0:1 - - [Thu Oct 24 16:32:26 IST 2024] "GET /category.jsp HTTP/1.1" %U HTTP/1.1" %s %b
24/Oct/2024:16:32:28 +0530  - - [24/Oct/2024:16:32:28 +0530] " 24 5905cecc-5d5a-495d-b703-4175b2b13088: 0:0:0:0:0:0:0:1 - - [Thu Oct 24 16:32:28 IST 2024] "GET /categoryDetails.jsp HTTP/1.1" %U HTTP/1.1" %s %b
24/Oct/2024:16:32:36 +0530  - - [24/Oct/2024:16:32:36 +0530] " 24 5905cecc-5d5a-495d-b703-4175b2b13088: 0:0:0:0:0:0:0:1 - - [Thu Oct 24 16:32:36 IST 2024] "GET /deleteContactCategory.jsp HTTP/1.1" %U HTTP/1.1" %s %b
24/Oct/2024:16:32:36 +0530  - - [24/Oct/2024:16:32:36 +0530] " 24 5905cecc-5d5a-495d-b703-4175b2b13088: 0:0:0:0:0:0:0:1 - - [Thu Oct 24 16:32:36 IST 2024] "GET /categoryDetails.jsp HTTP/1.1" %U HTTP/1.1" %s %b
24/Oct/2024:16:33:14 +0530  - - [24/Oct/2024:16:33:14 +0530] " 24 5905cecc-5d5a-495d-b703-4175b2b13088: 0:0:0:0:0:0:0:1 - - [Thu Oct 24 16:33:14 IST 2024] "GET /category.jsp HTTP/1.1" %U HTTP/1.1" %s %b
24/Oct/2024:16:33:16 +0530  - - [24/Oct/2024:16:33:16 +0530] " 24 5905cecc-5d5a-495d-b703-4175b2b13088: 0:0:0:0:0:0:0:1 - - [Thu Oct 24 16:33:16 IST 2024] "GET /createCategory.jsp HTTP/1.1" %U HTTP/1.1" %s %b
24/Oct/2024:16:33:29 +0530  - - [24/Oct/2024:16:33:29 +0530] " 24 5905cecc-5d5a-495d-b703-4175b2b13088: 0:0:0:0:0:0:0:1 - - [Thu Oct 24 16:33:29 IST 2024] "POST /createCategory HTTP/1.1" %U HTTP/1.1" %s %b
24/Oct/2024:16:33:29 +0530  - - [24/Oct/2024:16:33:29 +0530] " 24 5905cecc-5d5a-495d-b703-4175b2b13088: 0:0:0:0:0:0:0:1 - - [Thu Oct 24 16:33:29 IST 2024] "GET /categoryDetails.jsp HTTP/1.1" %U HTTP/1.1" %s %b
24/Oct/2024:16:34:00 +0530  - - [24/Oct/2024:16:34:00 +0530] "0:0:0:0:0:0:0:1 - - [Thu Oct 24 16:34:00 IST 2024] "GET /deleteCategory.jsp HTTP/1.1" %U HTTP/1.1" %s %b
24/Oct/2024:16:34:00 +0530  - - [24/Oct/2024:16:34:00 +0530] "0:0:0:0:0:0:0:1 - - [Thu Oct 24 16:34:00 IST 2024] "GET /login.jsp HTTP/1.1" %U HTTP/1.1" %s %b
24/Oct/2024:16:34:14 +0530  - - [24/Oct/2024:16:34:14 +0530] "0:0:0:0:0:0:0:1 - - [Thu Oct 24 16:34:14 IST 2024] "POST /login HTTP/1.1" %U HTTP/1.1" %s %b
24/Oct/2024:16:34:14 +0530  - - [24/Oct/2024:16:34:14 +0530] "User logged in: user_id=24 %U HTTP/1.1" %s %b
24/Oct/2024:16:34:14 +0530  - - [24/Oct/2024:16:34:14 +0530] " 24 d9538339-8a09-4fc2-8fcd-f09bd715b22c: 0:0:0:0:0:0:0:1 - - [Thu Oct 24 16:34:14 IST 2024] "GET /home.jsp HTTP/1.1" %U HTTP/1.1" %s %b
24/Oct/2024:16:34:17 +0530  - - [24/Oct/2024:16:34:17 +0530] " 24 d9538339-8a09-4fc2-8fcd-f09bd715b22c: 0:0:0:0:0:0:0:1 - - [Thu Oct 24 16:34:17 IST 2024] "GET /category.jsp HTTP/1.1" %U HTTP/1.1" %s %b
24/Oct/2024:16:34:19 +0530  - - [24/Oct/2024:16:34:19 +0530] " 24 d9538339-8a09-4fc2-8fcd-f09bd715b22c: 0:0:0:0:0:0:0:1 - - [Thu Oct 24 16:34:19 IST 2024] "GET /categoryDetails.jsp HTTP/1.1" %U HTTP/1.1" %s %b
24/Oct/2024:16:39:35 +0530  - - [24/Oct/2024:16:39:35 +0530] "Server stoped at Thu Oct 24 16:39:35 IST 2024 %U HTTP/1.1" %s %b
24/Oct/2024:16:39:46 +0530  - - [24/Oct/2024:16:39:46 +0530] "0:0:0:0:0:0:0:1 - - [Thu Oct 24 16:39:46 IST 2024] "GET /categoryDetails.jsp HTTP/1.1" %U HTTP/1.1" %s %b
24/Oct/2024:16:39:46 +0530  - - [24/Oct/2024:16:39:46 +0530] "0:0:0:0:0:0:0:1 - - [Thu Oct 24 16:39:46 IST 2024] "GET /categoryDetails.jsp HTTP/1.1" %U HTTP/1.1" %s %b
24/Oct/2024:16:39:46 +0530  - - [24/Oct/2024:16:39:46 +0530] "0:0:0:0:0:0:0:1 - - [Thu Oct 24 16:39:46 IST 2024] "GET /categoryDetails.jsp HTTP/1.1" %U HTTP/1.1" %s %b
24/Oct/2024:16:39:46 +0530  - - [24/Oct/2024:16:39:46 +0530] "0:0:0:0:0:0:0:1 - - [Thu Oct 24 16:39:46 IST 2024] "GET /categoryDetails.jsp HTTP/1.1" %U HTTP/1.1" %s %b
