14/Nov/2024:20:34:57 +0530  - - [14/Nov/2024:20:34:57 +0530] "Server started at Thu Nov 14 20:34:57 IST 2024 %U HTTP/1.1" %s %b
14/Nov/2024:20:34:58 +0530  - - [14/Nov/2024:20:34:58 +0530] "127.0.0.1 - - [Thu Nov 14 20:34:58 IST 2024] "GET / HTTP/1.1" %U HTTP/1.1" %s %b
14/Nov/2024:20:35:05 +0530  - - [14/Nov/2024:20:35:05 +0530] " 24 00e63cdc-eeea-42d3-a000-a66b13cd3232: 0:0:0:0:0:0:0:1 - - [Thu Nov 14 20:35:05 IST 2024] "GET /myDetails.jsp HTTP/1.1" %U HTTP/1.1" %s %b
14/Nov/2024:20:35:06 +0530  - - [14/Nov/2024:20:35:06 +0530] " 24 00e63cdc-eeea-42d3-a000-a66b13cd3232: 0:0:0:0:0:0:0:1 - - [Thu Nov 14 20:35:06 IST 2024] "GET /myDetails.jsp HTTP/1.1" %U HTTP/1.1" %s %b
14/Nov/2024:20:35:09 +0530  - - [14/Nov/2024:20:35:09 +0530] " 24 00e63cdc-eeea-42d3-a000-a66b13cd3232: 0:0:0:0:0:0:0:1 - - [Thu Nov 14 20:35:09 IST 2024] "GET /contacts.jsp HTTP/1.1" %U HTTP/1.1" %s %b
14/Nov/2024:20:35:12 +0530  - - [14/Nov/2024:20:35:12 +0530] " 24 00e63cdc-eeea-42d3-a000-a66b13cd3232: 0:0:0:0:0:0:0:1 - - [Thu Nov 14 20:35:12 IST 2024] "GET /contactDetails.jsp HTTP/1.1" %U HTTP/1.1" %s %b
14/Nov/2024:20:35:16 +0530  - - [14/Nov/2024:20:35:16 +0530] " 24 00e63cdc-eeea-42d3-a000-a66b13cd3232: 0:0:0:0:0:0:0:1 - - [Thu Nov 14 20:35:16 IST 2024] "GET /deleteContact.jsp HTTP/1.1" %U HTTP/1.1" %s %b
14/Nov/2024:20:35:16 +0530  - - [14/Nov/2024:20:35:16 +0530] " 24 00e63cdc-eeea-42d3-a000-a66b13cd3232: 0:0:0:0:0:0:0:1 - - [Thu Nov 14 20:35:16 IST 2024] "GET /contacts.jsp HTTP/1.1" %U HTTP/1.1" %s %b
14/Nov/2024:20:35:18 +0530  - - [14/Nov/2024:20:35:18 +0530] " 24 00e63cdc-eeea-42d3-a000-a66b13cd3232: 0:0:0:0:0:0:0:1 - - [Thu Nov 14 20:35:18 IST 2024] "GET /createContact.jsp HTTP/1.1" %U HTTP/1.1" %s %b
14/Nov/2024:20:35:41 +0530  - - [14/Nov/2024:20:35:41 +0530] " 24 00e63cdc-eeea-42d3-a000-a66b13cd3232: 0:0:0:0:0:0:0:1 - - [Thu Nov 14 20:35:41 IST 2024] "POST /create HTTP/1.1" %U HTTP/1.1" %s %b
14/Nov/2024:20:35:41 +0530  - - [14/Nov/2024:20:35:41 +0530] " 24 00e63cdc-eeea-42d3-a000-a66b13cd3232: 0:0:0:0:0:0:0:1 - - [Thu Nov 14 20:35:41 IST 2024] "GET /contacts.jsp HTTP/1.1" %U HTTP/1.1" %s %b
14/Nov/2024:20:36:13 +0530  - - [14/Nov/2024:20:36:13 +0530] "0:0:0:0:0:0:0:1 - - [Thu Nov 14 20:36:13 IST 2024] "POST /create HTTP/1.1" %U HTTP/1.1" %s %b
14/Nov/2024:20:36:14 +0530  - - [14/Nov/2024:20:36:14 +0530] "0:0:0:0:0:0:0:1 - - [Thu Nov 14 20:36:14 IST 2024] "POST /create HTTP/1.1" %U HTTP/1.1" %s %b
14/Nov/2024:20:36:15 +0530  - - [14/Nov/2024:20:36:15 +0530] "0:0:0:0:0:0:0:1 - - [Thu Nov 14 20:36:15 IST 2024] "POST /create HTTP/1.1" %U HTTP/1.1" %s %b
14/Nov/2024:20:36:15 +0530  - - [14/Nov/2024:20:36:15 +0530] "0:0:0:0:0:0:0:1 - - [Thu Nov 14 20:36:15 IST 2024] "POST /create HTTP/1.1" %U HTTP/1.1" %s %b
14/Nov/2024:20:36:16 +0530  - - [14/Nov/2024:20:36:16 +0530] "0:0:0:0:0:0:0:1 - - [Thu Nov 14 20:36:16 IST 2024] "POST /create HTTP/1.1" %U HTTP/1.1" %s %b
14/Nov/2024:20:36:16 +0530  - - [14/Nov/2024:20:36:16 +0530] "0:0:0:0:0:0:0:1 - - [Thu Nov 14 20:36:16 IST 2024] "POST /create HTTP/1.1" %U HTTP/1.1" %s %b
14/Nov/2024:20:36:17 +0530  - - [14/Nov/2024:20:36:17 +0530] "0:0:0:0:0:0:0:1 - - [Thu Nov 14 20:36:17 IST 2024] "POST /create HTTP/1.1" %U HTTP/1.1" %s %b
14/Nov/2024:20:36:47 +0530  - - [14/Nov/2024:20:36:47 +0530] "0:0:0:0:0:0:0:1 - - [Thu Nov 14 20:36:47 IST 2024] "GET /login.jsp HTTP/1.1" %U HTTP/1.1" %s %b
14/Nov/2024:20:38:27 +0530  - - [14/Nov/2024:20:38:27 +0530] "Server stoped at Thu Nov 14 20:38:27 IST 2024 %U HTTP/1.1" %s %b
