22/Dec/2024:11:45:39 +0530  - - [22/Dec/2024:11:45:39 +0530] "Server registered with IP: 127.0.1.1 and Port: 8080 %U HTTP/1.1" %s %b
22/Dec/2024:11:45:39 +0530  - - [22/Dec/2024:11:45:39 +0530] "Server started at Sun Dec 22 11:45:39 IST 2024 %U HTTP/1.1" %s %b
22/Dec/2024:11:45:40 +0530  - - [22/Dec/2024:11:45:40 +0530] "127.0.0.1 - - [Sun Dec 22 11:45:40 IST 2024] "GET / HTTP/1.1" %U HTTP/1.1" %s %b
22/Dec/2024:11:45:45 +0530  - - [22/Dec/2024:11:45:45 +0530] "0:0:0:0:0:0:0:1 - - [Sun Dec 22 11:45:45 IST 2024] "GET /contactDetails.jsp HTTP/1.1" %U HTTP/1.1" %s %b
22/Dec/2024:11:45:45 +0530  - - [22/Dec/2024:11:45:45 +0530] "0:0:0:0:0:0:0:1 - - [Sun Dec 22 11:45:45 IST 2024] "GET /login.jsp HTTP/1.1" %U HTTP/1.1" %s %b
22/Dec/2024:11:45:52 +0530  - - [22/Dec/2024:11:45:52 +0530] "0:0:0:0:0:0:0:1 - - [Sun Dec 22 11:45:52 IST 2024] "POST /login HTTP/1.1" %U HTTP/1.1" %s %b
22/Dec/2024:11:45:52 +0530  - - [22/Dec/2024:11:45:52 +0530] "User logged in: user_id=24 %U HTTP/1.1" %s %b
22/Dec/2024:11:45:52 +0530  - - [22/Dec/2024:11:45:52 +0530] " 24 d9d03135-e0fa-480e-8cc0-a920b3cc40d2: 0:0:0:0:0:0:0:1 - - [Sun Dec 22 11:45:52 IST 2024] "GET /home.jsp HTTP/1.1" %U HTTP/1.1" %s %b
22/Dec/2024:11:45:54 +0530  - - [22/Dec/2024:11:45:54 +0530] " 24 d9d03135-e0fa-480e-8cc0-a920b3cc40d2: 0:0:0:0:0:0:0:1 - - [Sun Dec 22 11:45:54 IST 2024] "GET /contacts.jsp HTTP/1.1" %U HTTP/1.1" %s %b
22/Dec/2024:11:45:57 +0530  - - [22/Dec/2024:11:45:57 +0530] " 24 d9d03135-e0fa-480e-8cc0-a920b3cc40d2: 0:0:0:0:0:0:0:1 - - [Sun Dec 22 11:45:57 IST 2024] "GET /contactDetails.jsp HTTP/1.1" %U HTTP/1.1" %s %b
22/Dec/2024:11:48:14 +0530  - - [22/Dec/2024:11:48:14 +0530] "0:0:0:0:0:0:0:1 - - [Sun Dec 22 11:48:14 IST 2024] "GET / HTTP/1.1" %U HTTP/1.1" %s %b
22/Dec/2024:11:48:14 +0530  - - [22/Dec/2024:11:48:14 +0530] "0:0:0:0:0:0:0:1 - - [Sun Dec 22 11:48:14 IST 2024] "GET /login.jsp HTTP/1.1" %U HTTP/1.1" %s %b
22/Dec/2024:11:48:23 +0530  - - [22/Dec/2024:11:48:23 +0530] "0:0:0:0:0:0:0:1 - - [Sun Dec 22 11:48:23 IST 2024] "POST /login HTTP/1.1" %U HTTP/1.1" %s %b
22/Dec/2024:11:48:23 +0530  - - [22/Dec/2024:11:48:23 +0530] "User logged in: user_id=24 %U HTTP/1.1" %s %b
22/Dec/2024:11:48:23 +0530  - - [22/Dec/2024:11:48:23 +0530] " 24 704ea042-ccd6-4f97-9ad8-f9436f34dfb8: 0:0:0:0:0:0:0:1 - - [Sun Dec 22 11:48:23 IST 2024] "GET /home.jsp HTTP/1.1" %U HTTP/1.1" %s %b
22/Dec/2024:11:48:26 +0530  - - [22/Dec/2024:11:48:26 +0530] " 24 704ea042-ccd6-4f97-9ad8-f9436f34dfb8: 0:0:0:0:0:0:0:1 - - [Sun Dec 22 11:48:26 IST 2024] "GET /contacts.jsp HTTP/1.1" %U HTTP/1.1" %s %b
22/Dec/2024:11:48:28 +0530  - - [22/Dec/2024:11:48:28 +0530] " 24 704ea042-ccd6-4f97-9ad8-f9436f34dfb8: 0:0:0:0:0:0:0:1 - - [Sun Dec 22 11:48:28 IST 2024] "GET /contactDetails.jsp HTTP/1.1" %U HTTP/1.1" %s %b
22/Dec/2024:11:49:35 +0530  - - [22/Dec/2024:11:49:35 +0530] " 24 704ea042-ccd6-4f97-9ad8-f9436f34dfb8: 0:0:0:0:0:0:0:1 - - [Sun Dec 22 11:49:35 IST 2024] "GET /contactDetails.jsp HTTP/1.1" %U HTTP/1.1" %s %b
22/Dec/2024:11:49:44 +0530  - - [22/Dec/2024:11:49:44 +0530] "0:0:0:0:0:0:0:1 - - [Sun Dec 22 11:49:44 IST 2024] "GET /contactDetails.jsp HTTP/1.1" %U HTTP/1.1" %s %b
22/Dec/2024:11:49:44 +0530  - - [22/Dec/2024:11:49:44 +0530] "0:0:0:0:0:0:0:1 - - [Sun Dec 22 11:49:44 IST 2024] "GET /login.jsp HTTP/1.1" %U HTTP/1.1" %s %b
22/Dec/2024:11:49:51 +0530  - - [22/Dec/2024:11:49:51 +0530] "0:0:0:0:0:0:0:1 - - [Sun Dec 22 11:49:51 IST 2024] "POST /login HTTP/1.1" %U HTTP/1.1" %s %b
22/Dec/2024:11:49:51 +0530  - - [22/Dec/2024:11:49:51 +0530] "User logged in: user_id=24 %U HTTP/1.1" %s %b
22/Dec/2024:11:49:51 +0530  - - [22/Dec/2024:11:49:51 +0530] " 24 ccd33953-7f62-44ad-a4cb-7202df627336: 0:0:0:0:0:0:0:1 - - [Sun Dec 22 11:49:51 IST 2024] "GET /home.jsp HTTP/1.1" %U HTTP/1.1" %s %b
22/Dec/2024:11:49:52 +0530  - - [22/Dec/2024:11:49:52 +0530] " 24 ccd33953-7f62-44ad-a4cb-7202df627336: 0:0:0:0:0:0:0:1 - - [Sun Dec 22 11:49:52 IST 2024] "GET /contacts.jsp HTTP/1.1" %U HTTP/1.1" %s %b
22/Dec/2024:11:49:55 +0530  - - [22/Dec/2024:11:49:55 +0530] " 24 ccd33953-7f62-44ad-a4cb-7202df627336: 0:0:0:0:0:0:0:1 - - [Sun Dec 22 11:49:55 IST 2024] "GET /contactDetails.jsp HTTP/1.1" %U HTTP/1.1" %s %b
22/Dec/2024:11:50:06 +0530  - - [22/Dec/2024:11:50:06 +0530] " 24 ccd33953-7f62-44ad-a4cb-7202df627336: 0:0:0:0:0:0:0:1 - - [Sun Dec 22 11:50:06 IST 2024] "GET /contactDetails.jsp HTTP/1.1" %U HTTP/1.1" %s %b
22/Dec/2024:11:50:07 +0530  - - [22/Dec/2024:11:50:07 +0530] " 24 ccd33953-7f62-44ad-a4cb-7202df627336: 0:0:0:0:0:0:0:1 - - [Sun Dec 22 11:50:07 IST 2024] "GET /contactDetails.jsp HTTP/1.1" %U HTTP/1.1" %s %b
22/Dec/2024:11:50:08 +0530  - - [22/Dec/2024:11:50:08 +0530] " 24 ccd33953-7f62-44ad-a4cb-7202df627336: 0:0:0:0:0:0:0:1 - - [Sun Dec 22 11:50:08 IST 2024] "GET /contactDetails.jsp HTTP/1.1" %U HTTP/1.1" %s %b
22/Dec/2024:11:50:08 +0530  - - [22/Dec/2024:11:50:08 +0530] " 24 ccd33953-7f62-44ad-a4cb-7202df627336: 0:0:0:0:0:0:0:1 - - [Sun Dec 22 11:50:08 IST 2024] "GET /contactDetails.jsp HTTP/1.1" %U HTTP/1.1" %s %b
22/Dec/2024:11:50:08 +0530  - - [22/Dec/2024:11:50:08 +0530] " 24 ccd33953-7f62-44ad-a4cb-7202df627336: 0:0:0:0:0:0:0:1 - - [Sun Dec 22 11:50:08 IST 2024] "GET /contactDetails.jsp HTTP/1.1" %U HTTP/1.1" %s %b
22/Dec/2024:11:50:09 +0530  - - [22/Dec/2024:11:50:09 +0530] " 24 ccd33953-7f62-44ad-a4cb-7202df627336: 0:0:0:0:0:0:0:1 - - [Sun Dec 22 11:50:09 IST 2024] "GET /contactDetails.jsp HTTP/1.1" %U HTTP/1.1" %s %b
22/Dec/2024:11:50:09 +0530  - - [22/Dec/2024:11:50:09 +0530] "Server stoped at Sun Dec 22 11:50:09 IST 2024 %U HTTP/1.1" %s %b
