02/Jan/2025:12:32:13 +0530  - - [02/Jan/2025:12:32:13 +0530] "Server registered with IP: 127.0.1.1 and Port: 8080 %U HTTP/1.1" %s %b
02/Jan/2025:12:32:13 +0530  - - [02/Jan/2025:12:32:13 +0530] "Server started at Thu Jan 02 12:32:13 IST 2025 %U HTTP/1.1" %s %b
02/Jan/2025:12:32:13 +0530  - - [02/Jan/2025:12:32:13 +0530] "127.0.0.1 - - [Thu Jan 02 12:32:13 IST 2025] "GET / HTTP/1.1" %U HTTP/1.1" %s %b
02/Jan/2025:12:32:14 +0530  - - [02/Jan/2025:12:32:14 +0530] " 24 1b8ae121-ce81-4104-b1f1-af3e578883ff: 0:0:0:0:0:0:0:1 - - [Thu Jan 02 12:32:14 IST 2025] "GET / HTTP/1.1" %U HTTP/1.1" %s %b
02/Jan/2025:12:32:14 +0530  - - [02/Jan/2025:12:32:14 +0530] " 24 1b8ae121-ce81-4104-b1f1-af3e578883ff: 0:0:0:0:0:0:0:1 - - [Thu Jan 02 12:32:14 IST 2025] "GET /home.jsp HTTP/1.1" %U HTTP/1.1" %s %b
02/Jan/2025:12:32:15 +0530  - - [02/Jan/2025:12:32:15 +0530] " 24 1b8ae121-ce81-4104-b1f1-af3e578883ff: 0:0:0:0:0:0:0:1 - - [Thu Jan 02 12:32:15 IST 2025] "GET /favicon.ico HTTP/1.1" %U HTTP/1.1" %s %b
02/Jan/2025:12:32:20 +0530  - - [02/Jan/2025:12:32:20 +0530] " 24 1b8ae121-ce81-4104-b1f1-af3e578883ff: 0:0:0:0:0:0:0:1 - - [Thu Jan 02 12:32:20 IST 2025] "GET /EditDetails.jsp HTTP/1.1" %U HTTP/1.1" %s %b
02/Jan/2025:12:38:17 +0530  - - [02/Jan/2025:12:38:17 +0530] " 24 1b8ae121-ce81-4104-b1f1-af3e578883ff: 0:0:0:0:0:0:0:1 - - [Thu Jan 02 12:38:17 IST 2025] "GET /EditDetails.jsp HTTP/1.1" %U HTTP/1.1" %s %b
02/Jan/2025:12:38:48 +0530  - - [02/Jan/2025:12:38:48 +0530] " 24 1b8ae121-ce81-4104-b1f1-af3e578883ff: 0:0:0:0:0:0:0:1 - - [Thu Jan 02 12:38:48 IST 2025] "GET /EditDetails.jsp HTTP/1.1" %U HTTP/1.1" %s %b
02/Jan/2025:12:39:22 +0530  - - [02/Jan/2025:12:39:22 +0530] " 24 1b8ae121-ce81-4104-b1f1-af3e578883ff: 0:0:0:0:0:0:0:1 - - [Thu Jan 02 12:39:22 IST 2025] "GET /EditDetails.jsp HTTP/1.1" %U HTTP/1.1" %s %b
02/Jan/2025:12:39:35 +0530  - - [02/Jan/2025:12:39:35 +0530] " 24 1b8ae121-ce81-4104-b1f1-af3e578883ff: 0:0:0:0:0:0:0:1 - - [Thu Jan 02 12:39:35 IST 2025] "GET /EditDetails.jsp HTTP/1.1" %U HTTP/1.1" %s %b
02/Jan/2025:12:39:36 +0530  - - [02/Jan/2025:12:39:36 +0530] " 24 1b8ae121-ce81-4104-b1f1-af3e578883ff: 0:0:0:0:0:0:0:1 - - [Thu Jan 02 12:39:36 IST 2025] "GET /EditDetails.jsp HTTP/1.1" %U HTTP/1.1" %s %b
02/Jan/2025:12:39:37 +0530  - - [02/Jan/2025:12:39:37 +0530] " 24 1b8ae121-ce81-4104-b1f1-af3e578883ff: 0:0:0:0:0:0:0:1 - - [Thu Jan 02 12:39:37 IST 2025] "GET /EditDetails.jsp HTTP/1.1" %U HTTP/1.1" %s %b
02/Jan/2025:12:40:03 +0530  - - [02/Jan/2025:12:40:03 +0530] " 24 1b8ae121-ce81-4104-b1f1-af3e578883ff: 0:0:0:0:0:0:0:1 - - [Thu Jan 02 12:40:03 IST 2025] "GET /EditDetails.jsp HTTP/1.1" %U HTTP/1.1" %s %b
02/Jan/2025:12:40:24 +0530  - - [02/Jan/2025:12:40:24 +0530] " 24 1b8ae121-ce81-4104-b1f1-af3e578883ff: 0:0:0:0:0:0:0:1 - - [Thu Jan 02 12:40:24 IST 2025] "GET /EditDetails.jsp HTTP/1.1" %U HTTP/1.1" %s %b
02/Jan/2025:12:40:45 +0530  - - [02/Jan/2025:12:40:45 +0530] " 24 1b8ae121-ce81-4104-b1f1-af3e578883ff: 0:0:0:0:0:0:0:1 - - [Thu Jan 02 12:40:45 IST 2025] "GET /EditDetails.jsp HTTP/1.1" %U HTTP/1.1" %s %b
02/Jan/2025:12:42:23 +0530  - - [02/Jan/2025:12:42:23 +0530] " 24 1b8ae121-ce81-4104-b1f1-af3e578883ff: 0:0:0:0:0:0:0:1 - - [Thu Jan 02 12:42:23 IST 2025] "GET /EditDetails.jsp HTTP/1.1" %U HTTP/1.1" %s %b
02/Jan/2025:12:44:14 +0530  - - [02/Jan/2025:12:44:14 +0530] " 24 1b8ae121-ce81-4104-b1f1-af3e578883ff: 0:0:0:0:0:0:0:1 - - [Thu Jan 02 12:44:14 IST 2025] "GET /EditDetails.jsp HTTP/1.1" %U HTTP/1.1" %s %b
02/Jan/2025:12:44:34 +0530  - - [02/Jan/2025:12:44:34 +0530] " 24 1b8ae121-ce81-4104-b1f1-af3e578883ff: 0:0:0:0:0:0:0:1 - - [Thu Jan 02 12:44:34 IST 2025] "GET /EditDetails.jsp HTTP/1.1" %U HTTP/1.1" %s %b
02/Jan/2025:12:44:50 +0530  - - [02/Jan/2025:12:44:50 +0530] " 24 1b8ae121-ce81-4104-b1f1-af3e578883ff: 0:0:0:0:0:0:0:1 - - [Thu Jan 02 12:44:50 IST 2025] "GET /EditDetails.jsp HTTP/1.1" %U HTTP/1.1" %s %b
02/Jan/2025:12:44:51 +0530  - - [02/Jan/2025:12:44:51 +0530] " 24 1b8ae121-ce81-4104-b1f1-af3e578883ff: 0:0:0:0:0:0:0:1 - - [Thu Jan 02 12:44:51 IST 2025] "GET /EditDetails.jsp HTTP/1.1" %U HTTP/1.1" %s %b
02/Jan/2025:12:45:02 +0530  - - [02/Jan/2025:12:45:02 +0530] " 24 1b8ae121-ce81-4104-b1f1-af3e578883ff: 0:0:0:0:0:0:0:1 - - [Thu Jan 02 12:45:02 IST 2025] "GET /EditDetails.jsp HTTP/1.1" %U HTTP/1.1" %s %b
02/Jan/2025:12:45:03 +0530  - - [02/Jan/2025:12:45:03 +0530] " 24 1b8ae121-ce81-4104-b1f1-af3e578883ff: 0:0:0:0:0:0:0:1 - - [Thu Jan 02 12:45:03 IST 2025] "GET /EditDetails.jsp HTTP/1.1" %U HTTP/1.1" %s %b
02/Jan/2025:12:45:20 +0530  - - [02/Jan/2025:12:45:20 +0530] " 24 1b8ae121-ce81-4104-b1f1-af3e578883ff: 0:0:0:0:0:0:0:1 - - [Thu Jan 02 12:45:20 IST 2025] "GET /EditDetails.jsp HTTP/1.1" %U HTTP/1.1" %s %b
02/Jan/2025:12:45:20 +0530  - - [02/Jan/2025:12:45:20 +0530] " 24 1b8ae121-ce81-4104-b1f1-af3e578883ff: 0:0:0:0:0:0:0:1 - - [Thu Jan 02 12:45:20 IST 2025] "GET /EditDetails.jsp HTTP/1.1" %U HTTP/1.1" %s %b
02/Jan/2025:12:45:21 +0530  - - [02/Jan/2025:12:45:21 +0530] " 24 1b8ae121-ce81-4104-b1f1-af3e578883ff: 0:0:0:0:0:0:0:1 - - [Thu Jan 02 12:45:21 IST 2025] "GET /EditDetails.jsp HTTP/1.1" %U HTTP/1.1" %s %b
02/Jan/2025:12:45:21 +0530  - - [02/Jan/2025:12:45:21 +0530] " 24 1b8ae121-ce81-4104-b1f1-af3e578883ff: 0:0:0:0:0:0:0:1 - - [Thu Jan 02 12:45:21 IST 2025] "GET /EditDetails.jsp HTTP/1.1" %U HTTP/1.1" %s %b
02/Jan/2025:12:49:46 +0530  - - [02/Jan/2025:12:49:46 +0530] " 24 1b8ae121-ce81-4104-b1f1-af3e578883ff: 0:0:0:0:0:0:0:1 - - [Thu Jan 02 12:49:46 IST 2025] "GET /EditDetails.jsp HTTP/1.1" %U HTTP/1.1" %s %b
02/Jan/2025:12:51:27 +0530  - - [02/Jan/2025:12:51:27 +0530] " 24 1b8ae121-ce81-4104-b1f1-af3e578883ff: 0:0:0:0:0:0:0:1 - - [Thu Jan 02 12:51:27 IST 2025] "GET /EditDetails.jsp HTTP/1.1" %U HTTP/1.1" %s %b
02/Jan/2025:12:51:28 +0530  - - [02/Jan/2025:12:51:28 +0530] " 24 1b8ae121-ce81-4104-b1f1-af3e578883ff: 0:0:0:0:0:0:0:1 - - [Thu Jan 02 12:51:28 IST 2025] "GET /EditDetails.jsp HTTP/1.1" %U HTTP/1.1" %s %b
02/Jan/2025:12:51:28 +0530  - - [02/Jan/2025:12:51:28 +0530] " 24 1b8ae121-ce81-4104-b1f1-af3e578883ff: 0:0:0:0:0:0:0:1 - - [Thu Jan 02 12:51:28 IST 2025] "GET /EditDetails.jsp HTTP/1.1" %U HTTP/1.1" %s %b
02/Jan/2025:12:51:28 +0530  - - [02/Jan/2025:12:51:28 +0530] " 24 1b8ae121-ce81-4104-b1f1-af3e578883ff: 0:0:0:0:0:0:0:1 - - [Thu Jan 02 12:51:28 IST 2025] "GET /EditDetails.jsp HTTP/1.1" %U HTTP/1.1" %s %b
02/Jan/2025:12:51:30 +0530  - - [02/Jan/2025:12:51:30 +0530] " 24 1b8ae121-ce81-4104-b1f1-af3e578883ff: 0:0:0:0:0:0:0:1 - - [Thu Jan 02 12:51:30 IST 2025] "GET /EditDetails.jsp HTTP/1.1" %U HTTP/1.1" %s %b
02/Jan/2025:12:52:10 +0530  - - [02/Jan/2025:12:52:10 +0530] " 24 1b8ae121-ce81-4104-b1f1-af3e578883ff: 0:0:0:0:0:0:0:1 - - [Thu Jan 02 12:52:10 IST 2025] "GET /EditDetails.jsp HTTP/1.1" %U HTTP/1.1" %s %b
02/Jan/2025:12:52:29 +0530  - - [02/Jan/2025:12:52:29 +0530] " 24 1b8ae121-ce81-4104-b1f1-af3e578883ff: 0:0:0:0:0:0:0:1 - - [Thu Jan 02 12:52:29 IST 2025] "GET /EditDetails.jsp HTTP/1.1" %U HTTP/1.1" %s %b
02/Jan/2025:12:52:40 +0530  - - [02/Jan/2025:12:52:40 +0530] " 24 1b8ae121-ce81-4104-b1f1-af3e578883ff: 0:0:0:0:0:0:0:1 - - [Thu Jan 02 12:52:40 IST 2025] "GET /EditDetails.jsp HTTP/1.1" %U HTTP/1.1" %s %b
02/Jan/2025:12:53:59 +0530  - - [02/Jan/2025:12:53:59 +0530] " 24 1b8ae121-ce81-4104-b1f1-af3e578883ff: 0:0:0:0:0:0:0:1 - - [Thu Jan 02 12:53:59 IST 2025] "GET /EditDetails.jsp HTTP/1.1" %U HTTP/1.1" %s %b
02/Jan/2025:12:54:20 +0530  - - [02/Jan/2025:12:54:20 +0530] " 24 1b8ae121-ce81-4104-b1f1-af3e578883ff: 0:0:0:0:0:0:0:1 - - [Thu Jan 02 12:54:20 IST 2025] "GET /EditDetails.jsp HTTP/1.1" %U HTTP/1.1" %s %b
02/Jan/2025:12:54:26 +0530  - - [02/Jan/2025:12:54:26 +0530] " 24 1b8ae121-ce81-4104-b1f1-af3e578883ff: 0:0:0:0:0:0:0:1 - - [Thu Jan 02 12:54:26 IST 2025] "POST /phone HTTP/1.1" %U HTTP/1.1" %s %b
02/Jan/2025:12:54:29 +0530  - - [02/Jan/2025:12:54:29 +0530] " 24 1b8ae121-ce81-4104-b1f1-af3e578883ff: 0:0:0:0:0:0:0:1 - - [Thu Jan 02 12:54:29 IST 2025] "GET /EditDetails.jsp HTTP/1.1" %U HTTP/1.1" %s %b
02/Jan/2025:12:57:55 +0530  - - [02/Jan/2025:12:57:55 +0530] " 24 1b8ae121-ce81-4104-b1f1-af3e578883ff: 0:0:0:0:0:0:0:1 - - [Thu Jan 02 12:57:55 IST 2025] "GET /EditDetails.jsp HTTP/1.1" %U HTTP/1.1" %s %b
02/Jan/2025:12:58:37 +0530  - - [02/Jan/2025:12:58:37 +0530] " 24 1b8ae121-ce81-4104-b1f1-af3e578883ff: 0:0:0:0:0:0:0:1 - - [Thu Jan 02 12:58:37 IST 2025] "GET /EditDetails.jsp HTTP/1.1" %U HTTP/1.1" %s %b
02/Jan/2025:12:59:21 +0530  - - [02/Jan/2025:12:59:21 +0530] " 24 1b8ae121-ce81-4104-b1f1-af3e578883ff: 0:0:0:0:0:0:0:1 - - [Thu Jan 02 12:59:21 IST 2025] "GET /EditDetails.jsp HTTP/1.1" %U HTTP/1.1" %s %b
02/Jan/2025:12:59:51 +0530  - - [02/Jan/2025:12:59:51 +0530] " 24 1b8ae121-ce81-4104-b1f1-af3e578883ff: 0:0:0:0:0:0:0:1 - - [Thu Jan 02 12:59:51 IST 2025] "GET /EditDetails.jsp HTTP/1.1" %U HTTP/1.1" %s %b
02/Jan/2025:13:00:06 +0530  - - [02/Jan/2025:13:00:06 +0530] " 24 1b8ae121-ce81-4104-b1f1-af3e578883ff: 0:0:0:0:0:0:0:1 - - [Thu Jan 02 13:00:06 IST 2025] "GET /EditDetails.jsp HTTP/1.1" %U HTTP/1.1" %s %b
02/Jan/2025:13:00:57 +0530  - - [02/Jan/2025:13:00:57 +0530] " 24 1b8ae121-ce81-4104-b1f1-af3e578883ff: 0:0:0:0:0:0:0:1 - - [Thu Jan 02 13:00:57 IST 2025] "GET /EditDetails.jsp HTTP/1.1" %U HTTP/1.1" %s %b
02/Jan/2025:13:02:14 +0530  - - [02/Jan/2025:13:02:14 +0530] " 24 1b8ae121-ce81-4104-b1f1-af3e578883ff: 0:0:0:0:0:0:0:1 - - [Thu Jan 02 13:02:14 IST 2025] "GET /EditDetails.jsp HTTP/1.1" %U HTTP/1.1" %s %b
02/Jan/2025:13:02:15 +0530  - - [02/Jan/2025:13:02:15 +0530] " 24 1b8ae121-ce81-4104-b1f1-af3e578883ff: 0:0:0:0:0:0:0:1 - - [Thu Jan 02 13:02:15 IST 2025] "GET /EditDetails.jsp HTTP/1.1" %U HTTP/1.1" %s %b
02/Jan/2025:13:02:16 +0530  - - [02/Jan/2025:13:02:16 +0530] " 24 1b8ae121-ce81-4104-b1f1-af3e578883ff: 0:0:0:0:0:0:0:1 - - [Thu Jan 02 13:02:16 IST 2025] "GET /EditDetails.jsp HTTP/1.1" %U HTTP/1.1" %s %b
02/Jan/2025:13:02:16 +0530  - - [02/Jan/2025:13:02:16 +0530] " 24 1b8ae121-ce81-4104-b1f1-af3e578883ff: 0:0:0:0:0:0:0:1 - - [Thu Jan 02 13:02:16 IST 2025] "GET /EditDetails.jsp HTTP/1.1" %U HTTP/1.1" %s %b
02/Jan/2025:13:02:32 +0530  - - [02/Jan/2025:13:02:32 +0530] " 24 1b8ae121-ce81-4104-b1f1-af3e578883ff: 0:0:0:0:0:0:0:1 - - [Thu Jan 02 13:02:32 IST 2025] "GET /EditDetails.jsp HTTP/1.1" %U HTTP/1.1" %s %b
02/Jan/2025:13:03:05 +0530  - - [02/Jan/2025:13:03:05 +0530] " 24 1b8ae121-ce81-4104-b1f1-af3e578883ff: 0:0:0:0:0:0:0:1 - - [Thu Jan 02 13:03:05 IST 2025] "GET /EditDetails.jsp HTTP/1.1" %U HTTP/1.1" %s %b
02/Jan/2025:13:06:15 +0530  - - [02/Jan/2025:13:06:15 +0530] " 24 1b8ae121-ce81-4104-b1f1-af3e578883ff: 0:0:0:0:0:0:0:1 - - [Thu Jan 02 13:06:15 IST 2025] "GET /EditDetails.jsp HTTP/1.1" %U HTTP/1.1" %s %b
02/Jan/2025:13:07:06 +0530  - - [02/Jan/2025:13:07:06 +0530] " 24 1b8ae121-ce81-4104-b1f1-af3e578883ff: 0:0:0:0:0:0:0:1 - - [Thu Jan 02 13:07:06 IST 2025] "GET /EditDetails.jsp HTTP/1.1" %U HTTP/1.1" %s %b
02/Jan/2025:13:07:53 +0530  - - [02/Jan/2025:13:07:53 +0530] " 24 1b8ae121-ce81-4104-b1f1-af3e578883ff: 0:0:0:0:0:0:0:1 - - [Thu Jan 02 13:07:53 IST 2025] "GET /EditDetails.jsp HTTP/1.1" %U HTTP/1.1" %s %b
02/Jan/2025:13:08:39 +0530  - - [02/Jan/2025:13:08:39 +0530] " 24 1b8ae121-ce81-4104-b1f1-af3e578883ff: 0:0:0:0:0:0:0:1 - - [Thu Jan 02 13:08:39 IST 2025] "GET /EditDetails.jsp HTTP/1.1" %U HTTP/1.1" %s %b
02/Jan/2025:13:10:03 +0530  - - [02/Jan/2025:13:10:03 +0530] " 24 1b8ae121-ce81-4104-b1f1-af3e578883ff: 0:0:0:0:0:0:0:1 - - [Thu Jan 02 13:10:03 IST 2025] "GET /EditDetails.jsp HTTP/1.1" %U HTTP/1.1" %s %b
02/Jan/2025:13:22:06 +0530  - - [02/Jan/2025:13:22:06 +0530] "Server stoped at Thu Jan 02 13:22:06 IST 2025 %U HTTP/1.1" %s %b
