27/Dec/2024:16:04:41 +0530  - - [27/Dec/2024:16:04:41 +0530] "Server registered with IP: 127.0.1.1 and Port: 8080 %U HTTP/1.1" %s %b
27/Dec/2024:16:04:41 +0530  - - [27/Dec/2024:16:04:41 +0530] "Server started at Fri Dec 27 16:04:41 IST 2024 %U HTTP/1.1" %s %b
27/Dec/2024:16:04:42 +0530  - - [27/Dec/2024:16:04:42 +0530] " 24 12381324-0ef4-4f94-8173-a63c2f786afe: 0:0:0:0:0:0:0:1 - - [Fri Dec 27 16:04:42 IST 2024] "GET /editContact.jsp HTTP/1.1" %U HTTP/1.1" %s %b
27/Dec/2024:16:04:42 +0530  - - [27/Dec/2024:16:04:42 +0530] " 24 12381324-0ef4-4f94-8173-a63c2f786afe: 0:0:0:0:0:0:0:1 - - [Fri Dec 27 16:04:42 IST 2024] "GET /editContact.jsp HTTP/1.1" %U HTTP/1.1" %s %b
27/Dec/2024:16:04:42 +0530  - - [27/Dec/2024:16:04:42 +0530] " 24 12381324-0ef4-4f94-8173-a63c2f786afe: 0:0:0:0:0:0:0:1 - - [Fri Dec 27 16:04:42 IST 2024] "GET /editContact.jsp HTTP/1.1" %U HTTP/1.1" %s %b
27/Dec/2024:16:04:43 +0530  - - [27/Dec/2024:16:04:43 +0530] " 24 12381324-0ef4-4f94-8173-a63c2f786afe: 0:0:0:0:0:0:0:1 - - [Fri Dec 27 16:04:43 IST 2024] "GET /editContact.jsp HTTP/1.1" %U HTTP/1.1" %s %b
27/Dec/2024:16:04:43 +0530  - - [27/Dec/2024:16:04:43 +0530] " 24 12381324-0ef4-4f94-8173-a63c2f786afe: 0:0:0:0:0:0:0:1 - - [Fri Dec 27 16:04:43 IST 2024] "GET /editContact.jsp HTTP/1.1" %U HTTP/1.1" %s %b
27/Dec/2024:16:04:43 +0530  - - [27/Dec/2024:16:04:43 +0530] " 24 12381324-0ef4-4f94-8173-a63c2f786afe: 0:0:0:0:0:0:0:1 - - [Fri Dec 27 16:04:43 IST 2024] "GET /editContact.jsp HTTP/1.1" %U HTTP/1.1" %s %b
27/Dec/2024:16:04:43 +0530  - - [27/Dec/2024:16:04:43 +0530] " 24 12381324-0ef4-4f94-8173-a63c2f786afe: 0:0:0:0:0:0:0:1 - - [Fri Dec 27 16:04:43 IST 2024] "GET /editContact.jsp HTTP/1.1" %U HTTP/1.1" %s %b
27/Dec/2024:16:04:43 +0530  - - [27/Dec/2024:16:04:43 +0530] " 24 12381324-0ef4-4f94-8173-a63c2f786afe: 0:0:0:0:0:0:0:1 - - [Fri Dec 27 16:04:43 IST 2024] "GET /editContact.jsp HTTP/1.1" %U HTTP/1.1" %s %b
27/Dec/2024:16:04:45 +0530  - - [27/Dec/2024:16:04:45 +0530] " 24 12381324-0ef4-4f94-8173-a63c2f786afe: 0:0:0:0:0:0:0:1 - - [Fri Dec 27 16:04:45 IST 2024] "POST /update2 HTTP/1.1" %U HTTP/1.1" %s %b
27/Dec/2024:16:04:45 +0530  - - [27/Dec/2024:16:04:45 +0530] " 24 12381324-0ef4-4f94-8173-a63c2f786afe: 0:0:0:0:0:0:0:1 - - [Fri Dec 27 16:04:45 IST 2024] "GET /contacts.jsp HTTP/1.1" %U HTTP/1.1" %s %b
27/Dec/2024:16:04:47 +0530  - - [27/Dec/2024:16:04:47 +0530] " 24 12381324-0ef4-4f94-8173-a63c2f786afe: 0:0:0:0:0:0:0:1 - - [Fri Dec 27 16:04:47 IST 2024] "GET /contactDetails.jsp HTTP/1.1" %U HTTP/1.1" %s %b
27/Dec/2024:16:04:50 +0530  - - [27/Dec/2024:16:04:50 +0530] " 24 12381324-0ef4-4f94-8173-a63c2f786afe: 0:0:0:0:0:0:0:1 - - [Fri Dec 27 16:04:50 IST 2024] "GET /editContact.jsp HTTP/1.1" %U HTTP/1.1" %s %b
27/Dec/2024:16:04:57 +0530  - - [27/Dec/2024:16:04:57 +0530] " 24 12381324-0ef4-4f94-8173-a63c2f786afe: 0:0:0:0:0:0:0:1 - - [Fri Dec 27 16:04:57 IST 2024] "POST /update2 HTTP/1.1" %U HTTP/1.1" %s %b
27/Dec/2024:16:04:57 +0530  - - [27/Dec/2024:16:04:57 +0530] " 24 12381324-0ef4-4f94-8173-a63c2f786afe: 0:0:0:0:0:0:0:1 - - [Fri Dec 27 16:04:57 IST 2024] "GET /contacts.jsp HTTP/1.1" %U HTTP/1.1" %s %b
27/Dec/2024:16:05:13 +0530  - - [27/Dec/2024:16:05:13 +0530] " 24 12381324-0ef4-4f94-8173-a63c2f786afe: 0:0:0:0:0:0:0:1 - - [Fri Dec 27 16:05:13 IST 2024] "GET /contacts.jsp HTTP/1.1" %U HTTP/1.1" %s %b
27/Dec/2024:16:05:15 +0530  - - [27/Dec/2024:16:05:15 +0530] " 24 12381324-0ef4-4f94-8173-a63c2f786afe: 0:0:0:0:0:0:0:1 - - [Fri Dec 27 16:05:15 IST 2024] "GET /contactDetails.jsp HTTP/1.1" %U HTTP/1.1" %s %b
27/Dec/2024:16:05:18 +0530  - - [27/Dec/2024:16:05:18 +0530] " 24 12381324-0ef4-4f94-8173-a63c2f786afe: 0:0:0:0:0:0:0:1 - - [Fri Dec 27 16:05:18 IST 2024] "GET /editContact.jsp HTTP/1.1" %U HTTP/1.1" %s %b
27/Dec/2024:16:05:23 +0530  - - [27/Dec/2024:16:05:23 +0530] " 24 12381324-0ef4-4f94-8173-a63c2f786afe: 0:0:0:0:0:0:0:1 - - [Fri Dec 27 16:05:23 IST 2024] "POST /update2 HTTP/1.1" %U HTTP/1.1" %s %b
27/Dec/2024:16:05:23 +0530  - - [27/Dec/2024:16:05:23 +0530] " 24 12381324-0ef4-4f94-8173-a63c2f786afe: 0:0:0:0:0:0:0:1 - - [Fri Dec 27 16:05:23 IST 2024] "GET /contacts.jsp HTTP/1.1" %U HTTP/1.1" %s %b
27/Dec/2024:16:05:39 +0530  - - [27/Dec/2024:16:05:39 +0530] " 24 12381324-0ef4-4f94-8173-a63c2f786afe: 0:0:0:0:0:0:0:1 - - [Fri Dec 27 16:05:39 IST 2024] "GET /contactDetails.jsp HTTP/1.1" %U HTTP/1.1" %s %b
27/Dec/2024:16:05:41 +0530  - - [27/Dec/2024:16:05:41 +0530] " 24 12381324-0ef4-4f94-8173-a63c2f786afe: 0:0:0:0:0:0:0:1 - - [Fri Dec 27 16:05:41 IST 2024] "GET /editContact.jsp HTTP/1.1" %U HTTP/1.1" %s %b
27/Dec/2024:16:06:36 +0530  - - [27/Dec/2024:16:06:36 +0530] " 24 12381324-0ef4-4f94-8173-a63c2f786afe: 0:0:0:0:0:0:0:1 - - [Fri Dec 27 16:06:36 IST 2024] "GET /contactDetails.jsp HTTP/1.1" %U HTTP/1.1" %s %b
27/Dec/2024:16:06:39 +0530  - - [27/Dec/2024:16:06:39 +0530] " 24 12381324-0ef4-4f94-8173-a63c2f786afe: 0:0:0:0:0:0:0:1 - - [Fri Dec 27 16:06:39 IST 2024] "GET /contacts.jsp HTTP/1.1" %U HTTP/1.1" %s %b
27/Dec/2024:16:06:40 +0530  - - [27/Dec/2024:16:06:40 +0530] " 24 12381324-0ef4-4f94-8173-a63c2f786afe: 0:0:0:0:0:0:0:1 - - [Fri Dec 27 16:06:40 IST 2024] "GET /createContact.jsp HTTP/1.1" %U HTTP/1.1" %s %b
27/Dec/2024:16:07:00 +0530  - - [27/Dec/2024:16:07:00 +0530] " 24 12381324-0ef4-4f94-8173-a63c2f786afe: 0:0:0:0:0:0:0:1 - - [Fri Dec 27 16:07:00 IST 2024] "GET /contacts.jsp HTTP/1.1" %U HTTP/1.1" %s %b
27/Dec/2024:16:07:12 +0530  - - [27/Dec/2024:16:07:12 +0530] " 24 12381324-0ef4-4f94-8173-a63c2f786afe: 0:0:0:0:0:0:0:1 - - [Fri Dec 27 16:07:12 IST 2024] "GET /createContact.jsp HTTP/1.1" %U HTTP/1.1" %s %b
27/Dec/2024:16:07:19 +0530  - - [27/Dec/2024:16:07:19 +0530] " 24 12381324-0ef4-4f94-8173-a63c2f786afe: 0:0:0:0:0:0:0:1 - - [Fri Dec 27 16:07:19 IST 2024] "GET /contacts.jsp HTTP/1.1" %U HTTP/1.1" %s %b
27/Dec/2024:16:07:23 +0530  - - [27/Dec/2024:16:07:23 +0530] " 24 12381324-0ef4-4f94-8173-a63c2f786afe: 0:0:0:0:0:0:0:1 - - [Fri Dec 27 16:07:23 IST 2024] "GET /category.jsp HTTP/1.1" %U HTTP/1.1" %s %b
27/Dec/2024:16:11:52 +0530  - - [27/Dec/2024:16:11:52 +0530] " 24 12381324-0ef4-4f94-8173-a63c2f786afe: 0:0:0:0:0:0:0:1 - - [Fri Dec 27 16:11:52 IST 2024] "GET /contacts.jsp HTTP/1.1" %U HTTP/1.1" %s %b
27/Dec/2024:16:11:57 +0530  - - [27/Dec/2024:16:11:57 +0530] " 24 12381324-0ef4-4f94-8173-a63c2f786afe: 0:0:0:0:0:0:0:1 - - [Fri Dec 27 16:11:57 IST 2024] "GET /createContact.jsp HTTP/1.1" %U HTTP/1.1" %s %b
27/Dec/2024:17:23:26 +0530  - - [27/Dec/2024:17:23:26 +0530] "Server stoped at Fri Dec 27 17:23:26 IST 2024 %U HTTP/1.1" %s %b
