31/Dec/2024:12:22:45 +0530  - - [31/Dec/2024:12:22:45 +0530] "Server registered with IP: 127.0.1.1 and Port: 8080 %U HTTP/1.1" %s %b
31/Dec/2024:12:22:45 +0530  - - [31/Dec/2024:12:22:45 +0530] "Server started at Tue Dec 31 12:22:45 IST 2024 %U HTTP/1.1" %s %b
31/Dec/2024:12:22:45 +0530  - - [31/Dec/2024:12:22:45 +0530] "127.0.0.1 - - [Tue Dec 31 12:22:45 IST 2024] "GET / HTTP/1.1" %U HTTP/1.1" %s %b
31/Dec/2024:12:22:57 +0530  - - [31/Dec/2024:12:22:57 +0530] "0:0:0:0:0:0:0:1 - - [Tue Dec 31 12:22:57 IST 2024] "GET /index.jsp HTTP/1.1" %U HTTP/1.1" %s %b
31/Dec/2024:12:22:59 +0530  - - [31/Dec/2024:12:22:59 +0530] "0:0:0:0:0:0:0:1 - - [Tue Dec 31 12:22:59 IST 2024] "GET /register.jsp HTTP/1.1" %U HTTP/1.1" %s %b
31/Dec/2024:12:23:30 +0530  - - [31/Dec/2024:12:23:30 +0530] "0:0:0:0:0:0:0:1 - - [Tue Dec 31 12:23:30 IST 2024] "POST /register HTTP/1.1" %U HTTP/1.1" %s %b
31/Dec/2024:12:23:30 +0530  - - [31/Dec/2024:12:23:30 +0530] "0:0:0:0:0:0:0:1 - - [Tue Dec 31 12:23:30 IST 2024] "GET /login.jsp HTTP/1.1" %U HTTP/1.1" %s %b
31/Dec/2024:12:23:39 +0530  - - [31/Dec/2024:12:23:39 +0530] "0:0:0:0:0:0:0:1 - - [Tue Dec 31 12:23:39 IST 2024] "POST /login HTTP/1.1" %U HTTP/1.1" %s %b
31/Dec/2024:12:23:39 +0530  - - [31/Dec/2024:12:23:39 +0530] "User logged in: user_id=64 %U HTTP/1.1" %s %b
31/Dec/2024:12:23:39 +0530  - - [31/Dec/2024:12:23:39 +0530] " 64 75c6bce7-b329-4314-9ef6-9a41a2854f7f: 0:0:0:0:0:0:0:1 - - [Tue Dec 31 12:23:39 IST 2024] "GET /home.jsp HTTP/1.1" %U HTTP/1.1" %s %b
31/Dec/2024:12:35:40 +0530  - - [31/Dec/2024:12:35:40 +0530] " 64 75c6bce7-b329-4314-9ef6-9a41a2854f7f: 0:0:0:0:0:0:0:1 - - [Tue Dec 31 12:35:40 IST 2024] "GET /EditDetails.jsp HTTP/1.1" %U HTTP/1.1" %s %b
31/Dec/2024:12:35:49 +0530  - - [31/Dec/2024:12:35:49 +0530] " 64 75c6bce7-b329-4314-9ef6-9a41a2854f7f: 0:0:0:0:0:0:0:1 - - [Tue Dec 31 12:35:49 IST 2024] "POST /update HTTP/1.1" %U HTTP/1.1" %s %b
31/Dec/2024:12:35:49 +0530  - - [31/Dec/2024:12:35:49 +0530] " 64 75c6bce7-b329-4314-9ef6-9a41a2854f7f: 0:0:0:0:0:0:0:1 - - [Tue Dec 31 12:35:49 IST 2024] "GET /home.jsp HTTP/1.1" %U HTTP/1.1" %s %b
31/Dec/2024:12:36:39 +0530  - - [31/Dec/2024:12:36:39 +0530] " 64 75c6bce7-b329-4314-9ef6-9a41a2854f7f: 0:0:0:0:0:0:0:1 - - [Tue Dec 31 12:36:39 IST 2024] "GET /EditDetails.jsp HTTP/1.1" %U HTTP/1.1" %s %b
31/Dec/2024:12:36:44 +0530  - - [31/Dec/2024:12:36:44 +0530] " 64 75c6bce7-b329-4314-9ef6-9a41a2854f7f: 0:0:0:0:0:0:0:1 - - [Tue Dec 31 12:36:44 IST 2024] "POST /update HTTP/1.1" %U HTTP/1.1" %s %b
31/Dec/2024:12:36:44 +0530  - - [31/Dec/2024:12:36:44 +0530] " 64 75c6bce7-b329-4314-9ef6-9a41a2854f7f: 0:0:0:0:0:0:0:1 - - [Tue Dec 31 12:36:44 IST 2024] "GET /EditDetails.jsp HTTP/1.1" %U HTTP/1.1" %s %b
31/Dec/2024:12:36:55 +0530  - - [31/Dec/2024:12:36:55 +0530] " 64 75c6bce7-b329-4314-9ef6-9a41a2854f7f: 0:0:0:0:0:0:0:1 - - [Tue Dec 31 12:36:55 IST 2024] "POST /update HTTP/1.1" %U HTTP/1.1" %s %b
31/Dec/2024:12:36:55 +0530  - - [31/Dec/2024:12:36:55 +0530] " 64 75c6bce7-b329-4314-9ef6-9a41a2854f7f: 0:0:0:0:0:0:0:1 - - [Tue Dec 31 12:36:55 IST 2024] "GET /EditDetails.jsp HTTP/1.1" %U HTTP/1.1" %s %b
31/Dec/2024:12:37:19 +0530  - - [31/Dec/2024:12:37:19 +0530] " 64 75c6bce7-b329-4314-9ef6-9a41a2854f7f: 0:0:0:0:0:0:0:1 - - [Tue Dec 31 12:37:19 IST 2024] "POST /update HTTP/1.1" %U HTTP/1.1" %s %b
31/Dec/2024:12:37:19 +0530  - - [31/Dec/2024:12:37:19 +0530] " 64 75c6bce7-b329-4314-9ef6-9a41a2854f7f: 0:0:0:0:0:0:0:1 - - [Tue Dec 31 12:37:19 IST 2024] "GET /home.jsp HTTP/1.1" %U HTTP/1.1" %s %b
31/Dec/2024:12:40:58 +0530  - - [31/Dec/2024:12:40:58 +0530] " 64 75c6bce7-b329-4314-9ef6-9a41a2854f7f: 0:0:0:0:0:0:0:1 - - [Tue Dec 31 12:40:58 IST 2024] "GET /EditDetails.jsp HTTP/1.1" %U HTTP/1.1" %s %b
31/Dec/2024:12:41:06 +0530  - - [31/Dec/2024:12:41:06 +0530] " 64 75c6bce7-b329-4314-9ef6-9a41a2854f7f: 0:0:0:0:0:0:0:1 - - [Tue Dec 31 12:41:06 IST 2024] "POST /update HTTP/1.1" %U HTTP/1.1" %s %b
31/Dec/2024:12:41:06 +0530  - - [31/Dec/2024:12:41:06 +0530] " 64 75c6bce7-b329-4314-9ef6-9a41a2854f7f: 0:0:0:0:0:0:0:1 - - [Tue Dec 31 12:41:06 IST 2024] "GET /EditDetails.jsp HTTP/1.1" %U HTTP/1.1" %s %b
31/Dec/2024:12:41:14 +0530  - - [31/Dec/2024:12:41:14 +0530] " 64 75c6bce7-b329-4314-9ef6-9a41a2854f7f: 0:0:0:0:0:0:0:1 - - [Tue Dec 31 12:41:14 IST 2024] "POST /update HTTP/1.1" %U HTTP/1.1" %s %b
31/Dec/2024:12:41:14 +0530  - - [31/Dec/2024:12:41:14 +0530] " 64 75c6bce7-b329-4314-9ef6-9a41a2854f7f: 0:0:0:0:0:0:0:1 - - [Tue Dec 31 12:41:14 IST 2024] "GET /EditDetails.jsp HTTP/1.1" %U HTTP/1.1" %s %b
31/Dec/2024:12:43:54 +0530  - - [31/Dec/2024:12:43:54 +0530] " 64 75c6bce7-b329-4314-9ef6-9a41a2854f7f: 0:0:0:0:0:0:0:1 - - [Tue Dec 31 12:43:54 IST 2024] "POST /update HTTP/1.1" %U HTTP/1.1" %s %b
31/Dec/2024:12:43:54 +0530  - - [31/Dec/2024:12:43:54 +0530] " 64 75c6bce7-b329-4314-9ef6-9a41a2854f7f: 0:0:0:0:0:0:0:1 - - [Tue Dec 31 12:43:54 IST 2024] "GET /home.jsp HTTP/1.1" %U HTTP/1.1" %s %b
31/Dec/2024:12:45:06 +0530  - - [31/Dec/2024:12:45:06 +0530] "Server stoped at Tue Dec 31 12:45:06 IST 2024 %U HTTP/1.1" %s %b
