31/Dec/2024:13:26:16 +0530  - - [31/Dec/2024:13:26:16 +0530] "Server registered with IP: 127.0.1.1 and Port: 8080 %U HTTP/1.1" %s %b
31/Dec/2024:13:26:16 +0530  - - [31/Dec/2024:13:26:16 +0530] "Server started at Tue Dec 31 13:26:16 IST 2024 %U HTTP/1.1" %s %b
31/Dec/2024:13:26:16 +0530  - - [31/Dec/2024:13:26:16 +0530] "127.0.0.1 - - [Tue Dec 31 13:26:16 IST 2024] "GET / HTTP/1.1" %U HTTP/1.1" %s %b
31/Dec/2024:13:26:21 +0530  - - [31/Dec/2024:13:26:21 +0530] "0:0:0:0:0:0:0:1 - - [Tue Dec 31 13:26:21 IST 2024] "GET /index.jsp HTTP/1.1" %U HTTP/1.1" %s %b
31/Dec/2024:13:26:26 +0530  - - [31/Dec/2024:13:26:26 +0530] "0:0:0:0:0:0:0:1 - - [Tue Dec 31 13:26:26 IST 2024] "GET /register.jsp HTTP/1.1" %U HTTP/1.1" %s %b
31/Dec/2024:13:27:17 +0530  - - [31/Dec/2024:13:27:17 +0530] "0:0:0:0:0:0:0:1 - - [Tue Dec 31 13:27:17 IST 2024] "POST /register HTTP/1.1" %U HTTP/1.1" %s %b
31/Dec/2024:13:27:17 +0530  - - [31/Dec/2024:13:27:17 +0530] "0:0:0:0:0:0:0:1 - - [Tue Dec 31 13:27:17 IST 2024] "GET /login.jsp HTTP/1.1" %U HTTP/1.1" %s %b
31/Dec/2024:13:27:26 +0530  - - [31/Dec/2024:13:27:26 +0530] "0:0:0:0:0:0:0:1 - - [Tue Dec 31 13:27:26 IST 2024] "POST /login HTTP/1.1" %U HTTP/1.1" %s %b
31/Dec/2024:13:27:26 +0530  - - [31/Dec/2024:13:27:26 +0530] "User logged in: user_id=67 %U HTTP/1.1" %s %b
31/Dec/2024:13:27:26 +0530  - - [31/Dec/2024:13:27:26 +0530] " 67 3409dc24-aaa3-4133-a057-53ded8be8a6c: 0:0:0:0:0:0:0:1 - - [Tue Dec 31 13:27:26 IST 2024] "GET /home.jsp HTTP/1.1" %U HTTP/1.1" %s %b
31/Dec/2024:13:27:34 +0530  - - [31/Dec/2024:13:27:34 +0530] " 67 3409dc24-aaa3-4133-a057-53ded8be8a6c: 0:0:0:0:0:0:0:1 - - [Tue Dec 31 13:27:34 IST 2024] "GET /EditDetails.jsp HTTP/1.1" %U HTTP/1.1" %s %b
31/Dec/2024:13:27:45 +0530  - - [31/Dec/2024:13:27:45 +0530] " 67 3409dc24-aaa3-4133-a057-53ded8be8a6c: 0:0:0:0:0:0:0:1 - - [Tue Dec 31 13:27:45 IST 2024] "GET /contacts.jsp HTTP/1.1" %U HTTP/1.1" %s %b
31/Dec/2024:13:27:48 +0530  - - [31/Dec/2024:13:27:48 +0530] " 67 3409dc24-aaa3-4133-a057-53ded8be8a6c: 0:0:0:0:0:0:0:1 - - [Tue Dec 31 13:27:48 IST 2024] "GET /category.jsp HTTP/1.1" %U HTTP/1.1" %s %b
31/Dec/2024:13:27:50 +0530  - - [31/Dec/2024:13:27:50 +0530] " 67 3409dc24-aaa3-4133-a057-53ded8be8a6c: 0:0:0:0:0:0:0:1 - - [Tue Dec 31 13:27:50 IST 2024] "GET /myDetails.jsp HTTP/1.1" %U HTTP/1.1" %s %b
31/Dec/2024:13:28:01 +0530  - - [31/Dec/2024:13:28:01 +0530] " 67 3409dc24-aaa3-4133-a057-53ded8be8a6c: 0:0:0:0:0:0:0:1 - - [Tue Dec 31 13:28:01 IST 2024] "GET /contacts.jsp HTTP/1.1" %U HTTP/1.1" %s %b
31/Dec/2024:13:28:01 +0530  - - [31/Dec/2024:13:28:01 +0530] " 67 3409dc24-aaa3-4133-a057-53ded8be8a6c: 0:0:0:0:0:0:0:1 - - [Tue Dec 31 13:28:01 IST 2024] "GET /contacts.jsp HTTP/1.1" %U HTTP/1.1" %s %b
31/Dec/2024:13:28:03 +0530  - - [31/Dec/2024:13:28:03 +0530] " 67 3409dc24-aaa3-4133-a057-53ded8be8a6c: 0:0:0:0:0:0:0:1 - - [Tue Dec 31 13:28:03 IST 2024] "GET /createContact.jsp HTTP/1.1" %U HTTP/1.1" %s %b
31/Dec/2024:13:28:29 +0530  - - [31/Dec/2024:13:28:29 +0530] " 67 3409dc24-aaa3-4133-a057-53ded8be8a6c: 0:0:0:0:0:0:0:1 - - [Tue Dec 31 13:28:29 IST 2024] "POST /create HTTP/1.1" %U HTTP/1.1" %s %b
31/Dec/2024:13:28:30 +0530  - - [31/Dec/2024:13:28:30 +0530] " 67 3409dc24-aaa3-4133-a057-53ded8be8a6c: 0:0:0:0:0:0:0:1 - - [Tue Dec 31 13:28:30 IST 2024] "GET /contacts.jsp HTTP/1.1" %U HTTP/1.1" %s %b
31/Dec/2024:13:28:33 +0530  - - [31/Dec/2024:13:28:33 +0530] " 67 3409dc24-aaa3-4133-a057-53ded8be8a6c: 0:0:0:0:0:0:0:1 - - [Tue Dec 31 13:28:33 IST 2024] "GET /contactDetails.jsp HTTP/1.1" %U HTTP/1.1" %s %b
31/Dec/2024:13:29:41 +0530  - - [31/Dec/2024:13:29:41 +0530] " 67 3409dc24-aaa3-4133-a057-53ded8be8a6c: 0:0:0:0:0:0:0:1 - - [Tue Dec 31 13:29:41 IST 2024] "GET /contacts.jsp HTTP/1.1" %U HTTP/1.1" %s %b
31/Dec/2024:13:29:44 +0530  - - [31/Dec/2024:13:29:44 +0530] " 67 3409dc24-aaa3-4133-a057-53ded8be8a6c: 0:0:0:0:0:0:0:1 - - [Tue Dec 31 13:29:44 IST 2024] "GET /logout HTTP/1.1" %U HTTP/1.1" %s %b
31/Dec/2024:13:29:44 +0530  - - [31/Dec/2024:13:29:44 +0530] "0:0:0:0:0:0:0:1 - - [Tue Dec 31 13:29:44 IST 2024] "GET /login.jsp HTTP/1.1" %U HTTP/1.1" %s %b
31/Dec/2024:13:34:06 +0530  - - [31/Dec/2024:13:34:06 +0530] "Server stoped at Tue Dec 31 13:34:06 IST 2024 %U HTTP/1.1" %s %b
