31/Dec/2024:12:48:57 +0530  - - [31/Dec/2024:12:48:57 +0530] "Server registered with IP: 127.0.1.1 and Port: 8080 %U HTTP/1.1" %s %b
31/Dec/2024:12:48:57 +0530  - - [31/Dec/2024:12:48:57 +0530] "Server started at Tue Dec 31 12:48:57 IST 2024 %U HTTP/1.1" %s %b
31/Dec/2024:12:49:55 +0530  - - [31/Dec/2024:12:49:55 +0530] " 64 75c6bce7-b329-4314-9ef6-9a41a2854f7f: 0:0:0:0:0:0:0:1 - - [Tue Dec 31 12:49:55 IST 2024] "GET /EditDetails.jsp HTTP/1.1" %U HTTP/1.1" %s %b
31/Dec/2024:12:49:59 +0530  - - [31/Dec/2024:12:49:59 +0530] " 64 75c6bce7-b329-4314-9ef6-9a41a2854f7f: 0:0:0:0:0:0:0:1 - - [Tue Dec 31 12:49:59 IST 2024] "POST /update HTTP/1.1" %U HTTP/1.1" %s %b
31/Dec/2024:12:49:59 +0530  - - [31/Dec/2024:12:49:59 +0530] " 64 75c6bce7-b329-4314-9ef6-9a41a2854f7f: 0:0:0:0:0:0:0:1 - - [Tue Dec 31 12:49:59 IST 2024] "GET /home.jsp HTTP/1.1" %U HTTP/1.1" %s %b
31/Dec/2024:12:50:08 +0530  - - [31/Dec/2024:12:50:08 +0530] " 64 75c6bce7-b329-4314-9ef6-9a41a2854f7f: 0:0:0:0:0:0:0:1 - - [Tue Dec 31 12:50:08 IST 2024] "GET /EditDetails.jsp HTTP/1.1" %U HTTP/1.1" %s %b
31/Dec/2024:12:50:13 +0530  - - [31/Dec/2024:12:50:13 +0530] " 64 75c6bce7-b329-4314-9ef6-9a41a2854f7f: 0:0:0:0:0:0:0:1 - - [Tue Dec 31 12:50:13 IST 2024] "POST /update HTTP/1.1" %U HTTP/1.1" %s %b
31/Dec/2024:12:50:13 +0530  - - [31/Dec/2024:12:50:13 +0530] " 64 75c6bce7-b329-4314-9ef6-9a41a2854f7f: 0:0:0:0:0:0:0:1 - - [Tue Dec 31 12:50:13 IST 2024] "GET /home.jsp HTTP/1.1" %U HTTP/1.1" %s %b
31/Dec/2024:12:50:35 +0530  - - [31/Dec/2024:12:50:35 +0530] " 64 75c6bce7-b329-4314-9ef6-9a41a2854f7f: 0:0:0:0:0:0:0:1 - - [Tue Dec 31 12:50:35 IST 2024] "GET /EditDetails.jsp HTTP/1.1" %U HTTP/1.1" %s %b
31/Dec/2024:12:50:38 +0530  - - [31/Dec/2024:12:50:38 +0530] " 64 75c6bce7-b329-4314-9ef6-9a41a2854f7f: 0:0:0:0:0:0:0:1 - - [Tue Dec 31 12:50:38 IST 2024] "POST /update HTTP/1.1" %U HTTP/1.1" %s %b
31/Dec/2024:12:50:38 +0530  - - [31/Dec/2024:12:50:38 +0530] " 64 75c6bce7-b329-4314-9ef6-9a41a2854f7f: 0:0:0:0:0:0:0:1 - - [Tue Dec 31 12:50:38 IST 2024] "GET /home.jsp HTTP/1.1" %U HTTP/1.1" %s %b
31/Dec/2024:12:51:18 +0530  - - [31/Dec/2024:12:51:18 +0530] " 64 75c6bce7-b329-4314-9ef6-9a41a2854f7f: 0:0:0:0:0:0:0:1 - - [Tue Dec 31 12:51:18 IST 2024] "GET /EditDetails.jsp HTTP/1.1" %U HTTP/1.1" %s %b
31/Dec/2024:12:51:22 +0530  - - [31/Dec/2024:12:51:22 +0530] " 64 75c6bce7-b329-4314-9ef6-9a41a2854f7f: 0:0:0:0:0:0:0:1 - - [Tue Dec 31 12:51:22 IST 2024] "POST /update HTTP/1.1" %U HTTP/1.1" %s %b
31/Dec/2024:12:51:22 +0530  - - [31/Dec/2024:12:51:22 +0530] " 64 75c6bce7-b329-4314-9ef6-9a41a2854f7f: 0:0:0:0:0:0:0:1 - - [Tue Dec 31 12:51:22 IST 2024] "GET /home.jsp HTTP/1.1" %U HTTP/1.1" %s %b
31/Dec/2024:12:51:31 +0530  - - [31/Dec/2024:12:51:31 +0530] " 64 75c6bce7-b329-4314-9ef6-9a41a2854f7f: 0:0:0:0:0:0:0:1 - - [Tue Dec 31 12:51:31 IST 2024] "GET /contacts.jsp HTTP/1.1" %U HTTP/1.1" %s %b
31/Dec/2024:12:51:34 +0530  - - [31/Dec/2024:12:51:34 +0530] " 64 75c6bce7-b329-4314-9ef6-9a41a2854f7f: 0:0:0:0:0:0:0:1 - - [Tue Dec 31 12:51:34 IST 2024] "GET /createContact.jsp HTTP/1.1" %U HTTP/1.1" %s %b
31/Dec/2024:12:52:11 +0530  - - [31/Dec/2024:12:52:11 +0530] " 64 75c6bce7-b329-4314-9ef6-9a41a2854f7f: 0:0:0:0:0:0:0:1 - - [Tue Dec 31 12:52:11 IST 2024] "POST /create HTTP/1.1" %U HTTP/1.1" %s %b
31/Dec/2024:12:52:11 +0530  - - [31/Dec/2024:12:52:11 +0530] " 64 75c6bce7-b329-4314-9ef6-9a41a2854f7f: 0:0:0:0:0:0:0:1 - - [Tue Dec 31 12:52:11 IST 2024] "GET /contacts.jsp HTTP/1.1" %U HTTP/1.1" %s %b
31/Dec/2024:12:53:35 +0530  - - [31/Dec/2024:12:53:35 +0530] " 64 75c6bce7-b329-4314-9ef6-9a41a2854f7f: 0:0:0:0:0:0:0:1 - - [Tue Dec 31 12:53:35 IST 2024] "GET /contactDetails.jsp HTTP/1.1" %U HTTP/1.1" %s %b
31/Dec/2024:12:53:38 +0530  - - [31/Dec/2024:12:53:38 +0530] " 64 75c6bce7-b329-4314-9ef6-9a41a2854f7f: 0:0:0:0:0:0:0:1 - - [Tue Dec 31 12:53:38 IST 2024] "GET /editContact.jsp HTTP/1.1" %U HTTP/1.1" %s %b
31/Dec/2024:12:53:43 +0530  - - [31/Dec/2024:12:53:43 +0530] " 64 75c6bce7-b329-4314-9ef6-9a41a2854f7f: 0:0:0:0:0:0:0:1 - - [Tue Dec 31 12:53:43 IST 2024] "POST /update2 HTTP/1.1" %U HTTP/1.1" %s %b
31/Dec/2024:12:53:43 +0530  - - [31/Dec/2024:12:53:43 +0530] " 64 75c6bce7-b329-4314-9ef6-9a41a2854f7f: 0:0:0:0:0:0:0:1 - - [Tue Dec 31 12:53:43 IST 2024] "GET /contacts.jsp HTTP/1.1" %U HTTP/1.1" %s %b
31/Dec/2024:12:53:58 +0530  - - [31/Dec/2024:12:53:58 +0530] " 64 75c6bce7-b329-4314-9ef6-9a41a2854f7f: 0:0:0:0:0:0:0:1 - - [Tue Dec 31 12:53:58 IST 2024] "GET /contactDetails.jsp HTTP/1.1" %U HTTP/1.1" %s %b
31/Dec/2024:12:54:59 +0530  - - [31/Dec/2024:12:54:59 +0530] " 64 75c6bce7-b329-4314-9ef6-9a41a2854f7f: 0:0:0:0:0:0:0:1 - - [Tue Dec 31 12:54:59 IST 2024] "GET /contactDetails.jsp HTTP/1.1" %U HTTP/1.1" %s %b
31/Dec/2024:12:55:02 +0530  - - [31/Dec/2024:12:55:02 +0530] " 64 75c6bce7-b329-4314-9ef6-9a41a2854f7f: 0:0:0:0:0:0:0:1 - - [Tue Dec 31 12:55:02 IST 2024] "GET /contactDetails.jsp HTTP/1.1" %U HTTP/1.1" %s %b
31/Dec/2024:12:55:02 +0530  - - [31/Dec/2024:12:55:02 +0530] " 64 75c6bce7-b329-4314-9ef6-9a41a2854f7f: 0:0:0:0:0:0:0:1 - - [Tue Dec 31 12:55:02 IST 2024] "GET /contactDetails.jsp HTTP/1.1" %U HTTP/1.1" %s %b
31/Dec/2024:12:55:02 +0530  - - [31/Dec/2024:12:55:02 +0530] " 64 75c6bce7-b329-4314-9ef6-9a41a2854f7f: 0:0:0:0:0:0:0:1 - - [Tue Dec 31 12:55:02 IST 2024] "GET /contactDetails.jsp HTTP/1.1" %U HTTP/1.1" %s %b
31/Dec/2024:12:56:35 +0530  - - [31/Dec/2024:12:56:35 +0530] " 64 75c6bce7-b329-4314-9ef6-9a41a2854f7f: 0:0:0:0:0:0:0:1 - - [Tue Dec 31 12:56:35 IST 2024] "GET /contactDetails.jsp HTTP/1.1" %U HTTP/1.1" %s %b
31/Dec/2024:12:56:36 +0530  - - [31/Dec/2024:12:56:36 +0530] " 64 75c6bce7-b329-4314-9ef6-9a41a2854f7f: 0:0:0:0:0:0:0:1 - - [Tue Dec 31 12:56:36 IST 2024] "GET /contactDetails.jsp HTTP/1.1" %U HTTP/1.1" %s %b
31/Dec/2024:12:56:37 +0530  - - [31/Dec/2024:12:56:37 +0530] " 64 75c6bce7-b329-4314-9ef6-9a41a2854f7f: 0:0:0:0:0:0:0:1 - - [Tue Dec 31 12:56:37 IST 2024] "GET /contactDetails.jsp HTTP/1.1" %U HTTP/1.1" %s %b
31/Dec/2024:12:56:37 +0530  - - [31/Dec/2024:12:56:37 +0530] " 64 75c6bce7-b329-4314-9ef6-9a41a2854f7f: 0:0:0:0:0:0:0:1 - - [Tue Dec 31 12:56:37 IST 2024] "GET /contactDetails.jsp HTTP/1.1" %U HTTP/1.1" %s %b
31/Dec/2024:12:56:38 +0530  - - [31/Dec/2024:12:56:38 +0530] " 64 75c6bce7-b329-4314-9ef6-9a41a2854f7f: 0:0:0:0:0:0:0:1 - - [Tue Dec 31 12:56:38 IST 2024] "GET /contactDetails.jsp HTTP/1.1" %U HTTP/1.1" %s %b
31/Dec/2024:12:56:49 +0530  - - [31/Dec/2024:12:56:49 +0530] " 64 75c6bce7-b329-4314-9ef6-9a41a2854f7f: 0:0:0:0:0:0:0:1 - - [Tue Dec 31 12:56:49 IST 2024] "GET /contactDetails.jsp HTTP/1.1" %U HTTP/1.1" %s %b
31/Dec/2024:12:58:15 +0530  - - [31/Dec/2024:12:58:15 +0530] " 64 75c6bce7-b329-4314-9ef6-9a41a2854f7f: 0:0:0:0:0:0:0:1 - - [Tue Dec 31 12:58:15 IST 2024] "GET /category.jsp HTTP/1.1" %U HTTP/1.1" %s %b
31/Dec/2024:12:58:16 +0530  - - [31/Dec/2024:12:58:16 +0530] " 64 75c6bce7-b329-4314-9ef6-9a41a2854f7f: 0:0:0:0:0:0:0:1 - - [Tue Dec 31 12:58:16 IST 2024] "GET /categoryDetails.jsp HTTP/1.1" %U HTTP/1.1" %s %b
31/Dec/2024:12:58:22 +0530  - - [31/Dec/2024:12:58:22 +0530] " 64 75c6bce7-b329-4314-9ef6-9a41a2854f7f: 0:0:0:0:0:0:0:1 - - [Tue Dec 31 12:58:22 IST 2024] "GET /addContactToCategory.jsp HTTP/1.1" %U HTTP/1.1" %s %b
31/Dec/2024:12:58:22 +0530  - - [31/Dec/2024:12:58:22 +0530] " 64 75c6bce7-b329-4314-9ef6-9a41a2854f7f: 0:0:0:0:0:0:0:1 - - [Tue Dec 31 12:58:22 IST 2024] "GET /categoryDetails.jsp HTTP/1.1" %U HTTP/1.1" %s %b
31/Dec/2024:13:00:57 +0530  - - [31/Dec/2024:13:00:57 +0530] "Server stoped at Tue Dec 31 13:00:57 IST 2024 %U HTTP/1.1" %s %b
