02/Jan/2025:19:21:31 +0530  - - [02/Jan/2025:19:21:31 +0530] "Server registered with IP: 127.0.1.1 and Port: 8080 %U HTTP/1.1" %s %b
02/Jan/2025:19:21:31 +0530  - - [02/Jan/2025:19:21:31 +0530] "Server started at Thu Jan 02 19:21:31 IST 2025 %U HTTP/1.1" %s %b
02/Jan/2025:19:21:31 +0530  - - [02/Jan/2025:19:21:31 +0530] "127.0.0.1 - - [Thu Jan 02 19:21:31 IST 2025] "GET / HTTP/1.1" %U HTTP/1.1" %s %b
02/Jan/2025:19:21:32 +0530  - - [02/Jan/2025:19:21:32 +0530] "0:0:0:0:0:0:0:1 - - [Thu Jan 02 19:21:32 IST 2025] "GET / HTTP/1.1" %U HTTP/1.1" %s %b
02/Jan/2025:19:21:32 +0530  - - [02/Jan/2025:19:21:32 +0530] "0:0:0:0:0:0:0:1 - - [Thu Jan 02 19:21:32 IST 2025] "GET /login.jsp HTTP/1.1" %U HTTP/1.1" %s %b
02/Jan/2025:19:22:01 +0530  - - [02/Jan/2025:19:22:01 +0530] "0:0:0:0:0:0:0:1 - - [Thu Jan 02 19:22:01 IST 2025] "POST /login HTTP/1.1" %U HTTP/1.1" %s %b
02/Jan/2025:19:22:01 +0530  - - [02/Jan/2025:19:22:01 +0530] "User logged in: user_id=64 %U HTTP/1.1" %s %b
02/Jan/2025:19:22:01 +0530  - - [02/Jan/2025:19:22:01 +0530] " 64 869947b9-6805-4640-9dce-179249423484: 0:0:0:0:0:0:0:1 - - [Thu Jan 02 19:22:01 IST 2025] "GET /home.jsp HTTP/1.1" %U HTTP/1.1" %s %b
02/Jan/2025:19:22:04 +0530  - - [02/Jan/2025:19:22:04 +0530] " 64 869947b9-6805-4640-9dce-179249423484: 0:0:0:0:0:0:0:1 - - [Thu Jan 02 19:22:04 IST 2025] "GET /EditDetails.jsp HTTP/1.1" %U HTTP/1.1" %s %b
02/Jan/2025:19:22:07 +0530  - - [02/Jan/2025:19:22:07 +0530] " 64 869947b9-6805-4640-9dce-179249423484: 0:0:0:0:0:0:0:1 - - [Thu Jan 02 19:22:07 IST 2025] "POST /mail HTTP/1.1" %U HTTP/1.1" %s %b
02/Jan/2025:19:22:07 +0530  - - [02/Jan/2025:19:22:07 +0530] " 64 869947b9-6805-4640-9dce-179249423484: 0:0:0:0:0:0:0:1 - - [Thu Jan 02 19:22:07 IST 2025] "GET /myDetails.jsp HTTP/1.1" %U HTTP/1.1" %s %b
02/Jan/2025:19:22:10 +0530  - - [02/Jan/2025:19:22:10 +0530] " 64 869947b9-6805-4640-9dce-179249423484: 0:0:0:0:0:0:0:1 - - [Thu Jan 02 19:22:10 IST 2025] "GET /EditDetails.jsp HTTP/1.1" %U HTTP/1.1" %s %b
02/Jan/2025:19:22:16 +0530  - - [02/Jan/2025:19:22:16 +0530] " 64 869947b9-6805-4640-9dce-179249423484: 0:0:0:0:0:0:0:1 - - [Thu Jan 02 19:22:16 IST 2025] "POST /mail HTTP/1.1" %U HTTP/1.1" %s %b
02/Jan/2025:19:22:16 +0530  - - [02/Jan/2025:19:22:16 +0530] " 64 869947b9-6805-4640-9dce-179249423484: 0:0:0:0:0:0:0:1 - - [Thu Jan 02 19:22:16 IST 2025] "GET /myDetails.jsp HTTP/1.1" %U HTTP/1.1" %s %b
02/Jan/2025:19:22:18 +0530  - - [02/Jan/2025:19:22:18 +0530] " 64 869947b9-6805-4640-9dce-179249423484: 0:0:0:0:0:0:0:1 - - [Thu Jan 02 19:22:18 IST 2025] "GET /EditDetails.jsp HTTP/1.1" %U HTTP/1.1" %s %b
02/Jan/2025:19:22:22 +0530  - - [02/Jan/2025:19:22:22 +0530] " 64 869947b9-6805-4640-9dce-179249423484: 0:0:0:0:0:0:0:1 - - [Thu Jan 02 19:22:22 IST 2025] "POST /mail HTTP/1.1" %U HTTP/1.1" %s %b
02/Jan/2025:19:22:22 +0530  - - [02/Jan/2025:19:22:22 +0530] " 64 869947b9-6805-4640-9dce-179249423484: 0:0:0:0:0:0:0:1 - - [Thu Jan 02 19:22:22 IST 2025] "GET /myDetails.jsp HTTP/1.1" %U HTTP/1.1" %s %b
02/Jan/2025:19:22:25 +0530  - - [02/Jan/2025:19:22:25 +0530] " 64 869947b9-6805-4640-9dce-179249423484: 0:0:0:0:0:0:0:1 - - [Thu Jan 02 19:22:25 IST 2025] "GET /EditDetails.jsp HTTP/1.1" %U HTTP/1.1" %s %b
02/Jan/2025:19:22:38 +0530  - - [02/Jan/2025:19:22:38 +0530] " 64 869947b9-6805-4640-9dce-179249423484: 0:0:0:0:0:0:0:1 - - [Thu Jan 02 19:22:38 IST 2025] "POST /mail HTTP/1.1" %U HTTP/1.1" %s %b
02/Jan/2025:19:22:38 +0530  - - [02/Jan/2025:19:22:38 +0530] " 64 869947b9-6805-4640-9dce-179249423484: 0:0:0:0:0:0:0:1 - - [Thu Jan 02 19:22:38 IST 2025] "GET /EditDetails.jsp HTTP/1.1" %U HTTP/1.1" %s %b
02/Jan/2025:19:22:49 +0530  - - [02/Jan/2025:19:22:49 +0530] " 64 869947b9-6805-4640-9dce-179249423484: 0:0:0:0:0:0:0:1 - - [Thu Jan 02 19:22:49 IST 2025] "POST /phone HTTP/1.1" %U HTTP/1.1" %s %b
02/Jan/2025:19:22:49 +0530  - - [02/Jan/2025:19:22:49 +0530] " 64 869947b9-6805-4640-9dce-179249423484: 0:0:0:0:0:0:0:1 - - [Thu Jan 02 19:22:49 IST 2025] "GET /myDetails.jsp HTTP/1.1" %U HTTP/1.1" %s %b
02/Jan/2025:19:22:52 +0530  - - [02/Jan/2025:19:22:52 +0530] " 64 869947b9-6805-4640-9dce-179249423484: 0:0:0:0:0:0:0:1 - - [Thu Jan 02 19:22:52 IST 2025] "GET /EditDetails.jsp HTTP/1.1" %U HTTP/1.1" %s %b
02/Jan/2025:19:22:59 +0530  - - [02/Jan/2025:19:22:59 +0530] " 64 869947b9-6805-4640-9dce-179249423484: 0:0:0:0:0:0:0:1 - - [Thu Jan 02 19:22:59 IST 2025] "POST /phone HTTP/1.1" %U HTTP/1.1" %s %b
02/Jan/2025:19:22:59 +0530  - - [02/Jan/2025:19:22:59 +0530] " 64 869947b9-6805-4640-9dce-179249423484: 0:0:0:0:0:0:0:1 - - [Thu Jan 02 19:22:59 IST 2025] "GET /myDetails.jsp HTTP/1.1" %U HTTP/1.1" %s %b
02/Jan/2025:19:23:01 +0530  - - [02/Jan/2025:19:23:01 +0530] " 64 869947b9-6805-4640-9dce-179249423484: 0:0:0:0:0:0:0:1 - - [Thu Jan 02 19:23:01 IST 2025] "GET /EditDetails.jsp HTTP/1.1" %U HTTP/1.1" %s %b
02/Jan/2025:19:23:05 +0530  - - [02/Jan/2025:19:23:05 +0530] " 64 869947b9-6805-4640-9dce-179249423484: 0:0:0:0:0:0:0:1 - - [Thu Jan 02 19:23:05 IST 2025] "POST /phone HTTP/1.1" %U HTTP/1.1" %s %b
02/Jan/2025:19:23:05 +0530  - - [02/Jan/2025:19:23:05 +0530] " 64 869947b9-6805-4640-9dce-179249423484: 0:0:0:0:0:0:0:1 - - [Thu Jan 02 19:23:05 IST 2025] "GET /myDetails.jsp HTTP/1.1" %U HTTP/1.1" %s %b
02/Jan/2025:19:23:06 +0530  - - [02/Jan/2025:19:23:06 +0530] " 64 869947b9-6805-4640-9dce-179249423484: 0:0:0:0:0:0:0:1 - - [Thu Jan 02 19:23:06 IST 2025] "GET /EditDetails.jsp HTTP/1.1" %U HTTP/1.1" %s %b
02/Jan/2025:19:23:25 +0530  - - [02/Jan/2025:19:23:25 +0530] " 64 869947b9-6805-4640-9dce-179249423484: 0:0:0:0:0:0:0:1 - - [Thu Jan 02 19:23:25 IST 2025] "POST /phone HTTP/1.1" %U HTTP/1.1" %s %b
02/Jan/2025:19:23:25 +0530  - - [02/Jan/2025:19:23:25 +0530] " 64 869947b9-6805-4640-9dce-179249423484: 0:0:0:0:0:0:0:1 - - [Thu Jan 02 19:23:25 IST 2025] "GET /EditDetails.jsp HTTP/1.1" %U HTTP/1.1" %s %b
02/Jan/2025:19:23:46 +0530  - - [02/Jan/2025:19:23:46 +0530] " 64 869947b9-6805-4640-9dce-179249423484: 0:0:0:0:0:0:0:1 - - [Thu Jan 02 19:23:46 IST 2025] "POST /update HTTP/1.1" %U HTTP/1.1" %s %b
02/Jan/2025:19:23:46 +0530  - - [02/Jan/2025:19:23:46 +0530] " 64 869947b9-6805-4640-9dce-179249423484: 0:0:0:0:0:0:0:1 - - [Thu Jan 02 19:23:46 IST 2025] "GET /home.jsp HTTP/1.1" %U HTTP/1.1" %s %b
02/Jan/2025:19:24:14 +0530  - - [02/Jan/2025:19:24:14 +0530] " 64 869947b9-6805-4640-9dce-179249423484: 0:0:0:0:0:0:0:1 - - [Thu Jan 02 19:24:14 IST 2025] "GET /EditDetails.jsp HTTP/1.1" %U HTTP/1.1" %s %b
02/Jan/2025:19:24:30 +0530  - - [02/Jan/2025:19:24:30 +0530] " 64 869947b9-6805-4640-9dce-179249423484: 0:0:0:0:0:0:0:1 - - [Thu Jan 02 19:24:30 IST 2025] "POST /update HTTP/1.1" %U HTTP/1.1" %s %b
02/Jan/2025:19:24:30 +0530  - - [02/Jan/2025:19:24:30 +0530] " 64 869947b9-6805-4640-9dce-179249423484: 0:0:0:0:0:0:0:1 - - [Thu Jan 02 19:24:30 IST 2025] "GET /home.jsp HTTP/1.1" %U HTTP/1.1" %s %b
02/Jan/2025:19:25:08 +0530  - - [02/Jan/2025:19:25:08 +0530] " 64 869947b9-6805-4640-9dce-179249423484: 0:0:0:0:0:0:0:1 - - [Thu Jan 02 19:25:08 IST 2025] "GET /EditDetails.jsp HTTP/1.1" %U HTTP/1.1" %s %b
02/Jan/2025:19:25:12 +0530  - - [02/Jan/2025:19:25:12 +0530] " 64 869947b9-6805-4640-9dce-179249423484: 0:0:0:0:0:0:0:1 - - [Thu Jan 02 19:25:12 IST 2025] "POST /update HTTP/1.1" %U HTTP/1.1" %s %b
02/Jan/2025:19:25:12 +0530  - - [02/Jan/2025:19:25:12 +0530] " 64 869947b9-6805-4640-9dce-179249423484: 0:0:0:0:0:0:0:1 - - [Thu Jan 02 19:25:12 IST 2025] "GET /home.jsp HTTP/1.1" %U HTTP/1.1" %s %b
02/Jan/2025:19:25:32 +0530  - - [02/Jan/2025:19:25:32 +0530] " 64 869947b9-6805-4640-9dce-179249423484: 0:0:0:0:0:0:0:1 - - [Thu Jan 02 19:25:32 IST 2025] "GET /contacts.jsp HTTP/1.1" %U HTTP/1.1" %s %b
02/Jan/2025:19:25:33 +0530  - - [02/Jan/2025:19:25:33 +0530] " 64 869947b9-6805-4640-9dce-179249423484: 0:0:0:0:0:0:0:1 - - [Thu Jan 02 19:25:33 IST 2025] "GET /createContact.jsp HTTP/1.1" %U HTTP/1.1" %s %b
02/Jan/2025:19:26:22 +0530  - - [02/Jan/2025:19:26:22 +0530] " 64 869947b9-6805-4640-9dce-179249423484: 0:0:0:0:0:0:0:1 - - [Thu Jan 02 19:26:22 IST 2025] "POST /create HTTP/1.1" %U HTTP/1.1" %s %b
02/Jan/2025:19:26:22 +0530  - - [02/Jan/2025:19:26:22 +0530] " 64 869947b9-6805-4640-9dce-179249423484: 0:0:0:0:0:0:0:1 - - [Thu Jan 02 19:26:22 IST 2025] "GET /contacts.jsp HTTP/1.1" %U HTTP/1.1" %s %b
02/Jan/2025:19:26:24 +0530  - - [02/Jan/2025:19:26:24 +0530] " 64 869947b9-6805-4640-9dce-179249423484: 0:0:0:0:0:0:0:1 - - [Thu Jan 02 19:26:24 IST 2025] "GET /contactDetails.jsp HTTP/1.1" %U HTTP/1.1" %s %b
02/Jan/2025:19:26:27 +0530  - - [02/Jan/2025:19:26:27 +0530] " 64 869947b9-6805-4640-9dce-179249423484: 0:0:0:0:0:0:0:1 - - [Thu Jan 02 19:26:27 IST 2025] "GET /editContact.jsp HTTP/1.1" %U HTTP/1.1" %s %b
02/Jan/2025:19:26:33 +0530  - - [02/Jan/2025:19:26:33 +0530] " 64 869947b9-6805-4640-9dce-179249423484: 0:0:0:0:0:0:0:1 - - [Thu Jan 02 19:26:33 IST 2025] "POST /update2 HTTP/1.1" %U HTTP/1.1" %s %b
02/Jan/2025:19:26:34 +0530  - - [02/Jan/2025:19:26:34 +0530] " 64 869947b9-6805-4640-9dce-179249423484: 0:0:0:0:0:0:0:1 - - [Thu Jan 02 19:26:34 IST 2025] "GET /contacts.jsp HTTP/1.1" %U HTTP/1.1" %s %b
02/Jan/2025:19:26:36 +0530  - - [02/Jan/2025:19:26:36 +0530] " 64 869947b9-6805-4640-9dce-179249423484: 0:0:0:0:0:0:0:1 - - [Thu Jan 02 19:26:36 IST 2025] "GET /contactDetails.jsp HTTP/1.1" %U HTTP/1.1" %s %b
02/Jan/2025:19:26:42 +0530  - - [02/Jan/2025:19:26:42 +0530] " 64 869947b9-6805-4640-9dce-179249423484: 0:0:0:0:0:0:0:1 - - [Thu Jan 02 19:26:42 IST 2025] "GET /editContact.jsp HTTP/1.1" %U HTTP/1.1" %s %b
02/Jan/2025:19:26:46 +0530  - - [02/Jan/2025:19:26:46 +0530] " 64 869947b9-6805-4640-9dce-179249423484: 0:0:0:0:0:0:0:1 - - [Thu Jan 02 19:26:46 IST 2025] "GET /contacts.jsp HTTP/1.1" %U HTTP/1.1" %s %b
02/Jan/2025:19:26:47 +0530  - - [02/Jan/2025:19:26:47 +0530] " 64 869947b9-6805-4640-9dce-179249423484: 0:0:0:0:0:0:0:1 - - [Thu Jan 02 19:26:47 IST 2025] "GET /category.jsp HTTP/1.1" %U HTTP/1.1" %s %b
02/Jan/2025:19:26:49 +0530  - - [02/Jan/2025:19:26:49 +0530] " 64 869947b9-6805-4640-9dce-179249423484: 0:0:0:0:0:0:0:1 - - [Thu Jan 02 19:26:49 IST 2025] "GET /categoryDetails.jsp HTTP/1.1" %U HTTP/1.1" %s %b
02/Jan/2025:19:26:55 +0530  - - [02/Jan/2025:19:26:55 +0530] " 64 869947b9-6805-4640-9dce-179249423484: 0:0:0:0:0:0:0:1 - - [Thu Jan 02 19:26:55 IST 2025] "GET /category.jsp HTTP/1.1" %U HTTP/1.1" %s %b
02/Jan/2025:19:26:56 +0530  - - [02/Jan/2025:19:26:56 +0530] " 64 869947b9-6805-4640-9dce-179249423484: 0:0:0:0:0:0:0:1 - - [Thu Jan 02 19:26:56 IST 2025] "GET /categoryDetails.jsp HTTP/1.1" %U HTTP/1.1" %s %b
02/Jan/2025:19:26:59 +0530  - - [02/Jan/2025:19:26:59 +0530] " 64 869947b9-6805-4640-9dce-179249423484: 0:0:0:0:0:0:0:1 - - [Thu Jan 02 19:26:59 IST 2025] "GET /addContactToCategory.jsp HTTP/1.1" %U HTTP/1.1" %s %b
02/Jan/2025:19:26:59 +0530  - - [02/Jan/2025:19:26:59 +0530] " 64 869947b9-6805-4640-9dce-179249423484: 0:0:0:0:0:0:0:1 - - [Thu Jan 02 19:26:59 IST 2025] "GET /categoryDetails.jsp HTTP/1.1" %U HTTP/1.1" %s %b
02/Jan/2025:19:27:01 +0530  - - [02/Jan/2025:19:27:01 +0530] " 64 869947b9-6805-4640-9dce-179249423484: 0:0:0:0:0:0:0:1 - - [Thu Jan 02 19:27:01 IST 2025] "GET /contacts.jsp HTTP/1.1" %U HTTP/1.1" %s %b
02/Jan/2025:19:27:04 +0530  - - [02/Jan/2025:19:27:04 +0530] " 64 869947b9-6805-4640-9dce-179249423484: 0:0:0:0:0:0:0:1 - - [Thu Jan 02 19:27:04 IST 2025] "GET /contactDetails.jsp HTTP/1.1" %U HTTP/1.1" %s %b
02/Jan/2025:19:28:07 +0530  - - [02/Jan/2025:19:28:07 +0530] " 64 869947b9-6805-4640-9dce-179249423484: 0:0:0:0:0:0:0:1 - - [Thu Jan 02 19:28:07 IST 2025] "GET /contacts.jsp HTTP/1.1" %U HTTP/1.1" %s %b
02/Jan/2025:19:28:25 +0530  - - [02/Jan/2025:19:28:25 +0530] " 64 869947b9-6805-4640-9dce-179249423484: 0:0:0:0:0:0:0:1 - - [Thu Jan 02 19:28:25 IST 2025] "GET /createContact.jsp HTTP/1.1" %U HTTP/1.1" %s %b
02/Jan/2025:19:28:57 +0530  - - [02/Jan/2025:19:28:57 +0530] " 64 869947b9-6805-4640-9dce-179249423484: 0:0:0:0:0:0:0:1 - - [Thu Jan 02 19:28:57 IST 2025] "POST /create HTTP/1.1" %U HTTP/1.1" %s %b
02/Jan/2025:19:28:57 +0530  - - [02/Jan/2025:19:28:57 +0530] " 64 869947b9-6805-4640-9dce-179249423484: 0:0:0:0:0:0:0:1 - - [Thu Jan 02 19:28:57 IST 2025] "GET /contacts.jsp HTTP/1.1" %U HTTP/1.1" %s %b
02/Jan/2025:19:29:02 +0530  - - [02/Jan/2025:19:29:02 +0530] " 64 869947b9-6805-4640-9dce-179249423484: 0:0:0:0:0:0:0:1 - - [Thu Jan 02 19:29:02 IST 2025] "GET /contactDetails.jsp HTTP/1.1" %U HTTP/1.1" %s %b
02/Jan/2025:19:29:05 +0530  - - [02/Jan/2025:19:29:05 +0530] " 64 869947b9-6805-4640-9dce-179249423484: 0:0:0:0:0:0:0:1 - - [Thu Jan 02 19:29:05 IST 2025] "GET /category.jsp HTTP/1.1" %U HTTP/1.1" %s %b
02/Jan/2025:19:29:07 +0530  - - [02/Jan/2025:19:29:07 +0530] " 64 869947b9-6805-4640-9dce-179249423484: 0:0:0:0:0:0:0:1 - - [Thu Jan 02 19:29:07 IST 2025] "GET /createCategory.jsp HTTP/1.1" %U HTTP/1.1" %s %b
02/Jan/2025:19:29:19 +0530  - - [02/Jan/2025:19:29:19 +0530] " 64 869947b9-6805-4640-9dce-179249423484: 0:0:0:0:0:0:0:1 - - [Thu Jan 02 19:29:19 IST 2025] "GET /category.jsp HTTP/1.1" %U HTTP/1.1" %s %b
02/Jan/2025:19:29:21 +0530  - - [02/Jan/2025:19:29:21 +0530] " 64 869947b9-6805-4640-9dce-179249423484: 0:0:0:0:0:0:0:1 - - [Thu Jan 02 19:29:21 IST 2025] "GET /createCategory.jsp HTTP/1.1" %U HTTP/1.1" %s %b
02/Jan/2025:19:29:33 +0530  - - [02/Jan/2025:19:29:33 +0530] " 64 869947b9-6805-4640-9dce-179249423484: 0:0:0:0:0:0:0:1 - - [Thu Jan 02 19:29:33 IST 2025] "POST /createCategory HTTP/1.1" %U HTTP/1.1" %s %b
02/Jan/2025:19:29:34 +0530  - - [02/Jan/2025:19:29:34 +0530] " 64 869947b9-6805-4640-9dce-179249423484: 0:0:0:0:0:0:0:1 - - [Thu Jan 02 19:29:34 IST 2025] "GET /categoryDetails.jsp HTTP/1.1" %U HTTP/1.1" %s %b
02/Jan/2025:19:29:40 +0530  - - [02/Jan/2025:19:29:40 +0530] " 64 869947b9-6805-4640-9dce-179249423484: 0:0:0:0:0:0:0:1 - - [Thu Jan 02 19:29:40 IST 2025] "GET /contacts.jsp HTTP/1.1" %U HTTP/1.1" %s %b
02/Jan/2025:19:29:42 +0530  - - [02/Jan/2025:19:29:42 +0530] " 64 869947b9-6805-4640-9dce-179249423484: 0:0:0:0:0:0:0:1 - - [Thu Jan 02 19:29:42 IST 2025] "GET /contactDetails.jsp HTTP/1.1" %U HTTP/1.1" %s %b
02/Jan/2025:19:34:11 +0530  - - [02/Jan/2025:19:34:11 +0530] "Server stoped at Thu Jan 02 19:34:11 IST 2025 %U HTTP/1.1" %s %b
