26/Dec/2024:10:48:02 +0530  - - [26/Dec/2024:10:48:02 +0530] "Server registered with IP: 127.0.1.1 and Port: 8080 %U HTTP/1.1" %s %b
26/Dec/2024:10:48:02 +0530  - - [26/Dec/2024:10:48:02 +0530] "Server started at Thu Dec 26 10:48:02 IST 2024 %U HTTP/1.1" %s %b
26/Dec/2024:10:48:03 +0530  - - [26/Dec/2024:10:48:03 +0530] "127.0.0.1 - - [Thu Dec 26 10:48:03 IST 2024] "GET / HTTP/1.1" %U HTTP/1.1" %s %b
26/Dec/2024:10:48:04 +0530  - - [26/Dec/2024:10:48:04 +0530] " 24 b5f468c8-3244-43ff-bf9f-51c90cdfaa3c: 0:0:0:0:0:0:0:1 - - [Thu Dec 26 10:48:04 IST 2024] "GET / HTTP/1.1" %U HTTP/1.1" %s %b
26/Dec/2024:10:48:04 +0530  - - [26/Dec/2024:10:48:04 +0530] " 24 b5f468c8-3244-43ff-bf9f-51c90cdfaa3c: 0:0:0:0:0:0:0:1 - - [Thu Dec 26 10:48:04 IST 2024] "GET /home.jsp HTTP/1.1" %U HTTP/1.1" %s %b
26/Dec/2024:10:48:06 +0530  - - [26/Dec/2024:10:48:06 +0530] " 24 b5f468c8-3244-43ff-bf9f-51c90cdfaa3c: 0:0:0:0:0:0:0:1 - - [Thu Dec 26 10:48:06 IST 2024] "GET /EditDetails.jsp HTTP/1.1" %U HTTP/1.1" %s %b
26/Dec/2024:10:49:12 +0530  - - [26/Dec/2024:10:49:12 +0530] " 24 b5f468c8-3244-43ff-bf9f-51c90cdfaa3c: 0:0:0:0:0:0:0:1 - - [Thu Dec 26 10:49:12 IST 2024] "POST /update HTTP/1.1" %U HTTP/1.1" %s %b
26/Dec/2024:10:49:12 +0530  - - [26/Dec/2024:10:49:12 +0530] " 24 b5f468c8-3244-43ff-bf9f-51c90cdfaa3c: 0:0:0:0:0:0:0:1 - - [Thu Dec 26 10:49:12 IST 2024] "GET /EditDetails.jsp HTTP/1.1" %U HTTP/1.1" %s %b
26/Dec/2024:10:49:27 +0530  - - [26/Dec/2024:10:49:27 +0530] " 24 b5f468c8-3244-43ff-bf9f-51c90cdfaa3c: 0:0:0:0:0:0:0:1 - - [Thu Dec 26 10:49:27 IST 2024] "POST /update HTTP/1.1" %U HTTP/1.1" %s %b
26/Dec/2024:10:49:27 +0530  - - [26/Dec/2024:10:49:27 +0530] " 24 b5f468c8-3244-43ff-bf9f-51c90cdfaa3c: 0:0:0:0:0:0:0:1 - - [Thu Dec 26 10:49:27 IST 2024] "GET /EditDetails.jsp HTTP/1.1" %U HTTP/1.1" %s %b
26/Dec/2024:10:50:41 +0530  - - [26/Dec/2024:10:50:41 +0530] " 24 b5f468c8-3244-43ff-bf9f-51c90cdfaa3c: 0:0:0:0:0:0:0:1 - - [Thu Dec 26 10:50:41 IST 2024] "POST /update HTTP/1.1" %U HTTP/1.1" %s %b
26/Dec/2024:10:50:41 +0530  - - [26/Dec/2024:10:50:41 +0530] " 24 b5f468c8-3244-43ff-bf9f-51c90cdfaa3c: 0:0:0:0:0:0:0:1 - - [Thu Dec 26 10:50:41 IST 2024] "GET /EditDetails.jsp HTTP/1.1" %U HTTP/1.1" %s %b
26/Dec/2024:10:52:34 +0530  - - [26/Dec/2024:10:52:34 +0530] " 24 b5f468c8-3244-43ff-bf9f-51c90cdfaa3c: 0:0:0:0:0:0:0:1 - - [Thu Dec 26 10:52:34 IST 2024] "POST /update HTTP/1.1" %U HTTP/1.1" %s %b
26/Dec/2024:10:52:34 +0530  - - [26/Dec/2024:10:52:34 +0530] " 24 b5f468c8-3244-43ff-bf9f-51c90cdfaa3c: 0:0:0:0:0:0:0:1 - - [Thu Dec 26 10:52:34 IST 2024] "GET /EditDetails.jsp HTTP/1.1" %U HTTP/1.1" %s %b
26/Dec/2024:10:52:38 +0530  - - [26/Dec/2024:10:52:38 +0530] " 24 b5f468c8-3244-43ff-bf9f-51c90cdfaa3c: 0:0:0:0:0:0:0:1 - - [Thu Dec 26 10:52:38 IST 2024] "GET /myDetails.jsp HTTP/1.1" %U HTTP/1.1" %s %b
26/Dec/2024:10:52:43 +0530  - - [26/Dec/2024:10:52:43 +0530] " 24 b5f468c8-3244-43ff-bf9f-51c90cdfaa3c: 0:0:0:0:0:0:0:1 - - [Thu Dec 26 10:52:43 IST 2024] "GET /EditDetails.jsp HTTP/1.1" %U HTTP/1.1" %s %b
26/Dec/2024:10:52:47 +0530  - - [26/Dec/2024:10:52:47 +0530] " 24 b5f468c8-3244-43ff-bf9f-51c90cdfaa3c: 0:0:0:0:0:0:0:1 - - [Thu Dec 26 10:52:47 IST 2024] "POST /update HTTP/1.1" %U HTTP/1.1" %s %b
26/Dec/2024:10:53:21 +0530  - - [26/Dec/2024:10:53:21 +0530] " 24 b5f468c8-3244-43ff-bf9f-51c90cdfaa3c: 0:0:0:0:0:0:0:1 - - [Thu Dec 26 10:53:21 IST 2024] "GET /EditDetails.jsp HTTP/1.1" %U HTTP/1.1" %s %b
26/Dec/2024:10:53:22 +0530  - - [26/Dec/2024:10:53:22 +0530] " 24 b5f468c8-3244-43ff-bf9f-51c90cdfaa3c: 0:0:0:0:0:0:0:1 - - [Thu Dec 26 10:53:22 IST 2024] "GET /logout HTTP/1.1" %U HTTP/1.1" %s %b
26/Dec/2024:10:53:22 +0530  - - [26/Dec/2024:10:53:22 +0530] "0:0:0:0:0:0:0:1 - - [Thu Dec 26 10:53:22 IST 2024] "GET /login.jsp HTTP/1.1" %U HTTP/1.1" %s %b
26/Dec/2024:10:53:25 +0530  - - [26/Dec/2024:10:53:25 +0530] "0:0:0:0:0:0:0:1 - - [Thu Dec 26 10:53:25 IST 2024] "GET /login.jsp HTTP/1.1" %U HTTP/1.1" %s %b
26/Dec/2024:10:53:35 +0530  - - [26/Dec/2024:10:53:35 +0530] "0:0:0:0:0:0:0:1 - - [Thu Dec 26 10:53:35 IST 2024] "POST /login HTTP/1.1" %U HTTP/1.1" %s %b
26/Dec/2024:10:53:35 +0530  - - [26/Dec/2024:10:53:35 +0530] "User logged in: user_id=24 %U HTTP/1.1" %s %b
26/Dec/2024:10:53:35 +0530  - - [26/Dec/2024:10:53:35 +0530] " 24 403213f3-0a7e-4dd3-b38b-1ffb84d524cd: 0:0:0:0:0:0:0:1 - - [Thu Dec 26 10:53:35 IST 2024] "GET /home.jsp HTTP/1.1" %U HTTP/1.1" %s %b
26/Dec/2024:10:53:46 +0530  - - [26/Dec/2024:10:53:46 +0530] " 24 403213f3-0a7e-4dd3-b38b-1ffb84d524cd: 0:0:0:0:0:0:0:1 - - [Thu Dec 26 10:53:46 IST 2024] "GET /EditDetails.jsp HTTP/1.1" %U HTTP/1.1" %s %b
26/Dec/2024:10:53:58 +0530  - - [26/Dec/2024:10:53:58 +0530] " 24 403213f3-0a7e-4dd3-b38b-1ffb84d524cd: 0:0:0:0:0:0:0:1 - - [Thu Dec 26 10:53:58 IST 2024] "POST /update HTTP/1.1" %U HTTP/1.1" %s %b
26/Dec/2024:10:53:58 +0530  - - [26/Dec/2024:10:53:58 +0530] " 24 403213f3-0a7e-4dd3-b38b-1ffb84d524cd: 0:0:0:0:0:0:0:1 - - [Thu Dec 26 10:53:58 IST 2024] "GET /home.jsp HTTP/1.1" %U HTTP/1.1" %s %b
26/Dec/2024:10:55:28 +0530  - - [26/Dec/2024:10:55:28 +0530] "Server stoped at Thu Dec 26 10:55:28 IST 2024 %U HTTP/1.1" %s %b
