27/Nov/2024:12:41:30 +0530  - - [27/Nov/2024:12:41:30 +0530] "Server started at Wed Nov 27 12:41:30 IST 2024 %U HTTP/1.1" %s %b
27/Nov/2024:12:41:31 +0530  - - [27/Nov/2024:12:41:31 +0530] "127.0.0.1 - - [Wed Nov 27 12:41:31 IST 2024] "GET / HTTP/1.1" %U HTTP/1.1" %s %b
27/Nov/2024:12:41:35 +0530  - - [27/Nov/2024:12:41:35 +0530] "0:0:0:0:0:0:0:1 - - [Wed Nov 27 12:41:35 IST 2024] "GET / HTTP/1.1" %U HTTP/1.1" %s %b
27/Nov/2024:12:41:35 +0530  - - [27/Nov/2024:12:41:35 +0530] "0:0:0:0:0:0:0:1 - - [Wed Nov 27 12:41:35 IST 2024] "GET /login.jsp HTTP/1.1" %U HTTP/1.1" %s %b
27/Nov/2024:12:41:35 +0530  - - [27/Nov/2024:12:41:35 +0530] "0:0:0:0:0:0:0:1 - - [Wed Nov 27 12:41:35 IST 2024] "GET /favicon.ico HTTP/1.1" %U HTTP/1.1" %s %b
27/Nov/2024:12:41:35 +0530  - - [27/Nov/2024:12:41:35 +0530] "0:0:0:0:0:0:0:1 - - [Wed Nov 27 12:41:35 IST 2024] "GET /login.jsp HTTP/1.1" %U HTTP/1.1" %s %b
27/Nov/2024:12:41:48 +0530  - - [27/Nov/2024:12:41:48 +0530] "0:0:0:0:0:0:0:1 - - [Wed Nov 27 12:41:48 IST 2024] "POST /login HTTP/1.1" %U HTTP/1.1" %s %b
27/Nov/2024:12:41:49 +0530  - - [27/Nov/2024:12:41:49 +0530] "0:0:0:0:0:0:0:1 - - [Wed Nov 27 12:41:49 IST 2024] "GET /login.jsp HTTP/1.1" %U HTTP/1.1" %s %b
27/Nov/2024:12:41:49 +0530  - - [27/Nov/2024:12:41:49 +0530] "0:0:0:0:0:0:0:1 - - [Wed Nov 27 12:41:49 IST 2024] "GET /favicon.ico HTTP/1.1" %U HTTP/1.1" %s %b
27/Nov/2024:12:41:49 +0530  - - [27/Nov/2024:12:41:49 +0530] "0:0:0:0:0:0:0:1 - - [Wed Nov 27 12:41:49 IST 2024] "GET /login.jsp HTTP/1.1" %U HTTP/1.1" %s %b
27/Nov/2024:12:42:19 +0530  - - [27/Nov/2024:12:42:19 +0530] "0:0:0:0:0:0:0:1 - - [Wed Nov 27 12:42:19 IST 2024] "POST /login HTTP/1.1" %U HTTP/1.1" %s %b
27/Nov/2024:12:42:19 +0530  - - [27/Nov/2024:12:42:19 +0530] "0:0:0:0:0:0:0:1 - - [Wed Nov 27 12:42:19 IST 2024] "GET /login.jsp HTTP/1.1" %U HTTP/1.1" %s %b
27/Nov/2024:12:42:19 +0530  - - [27/Nov/2024:12:42:19 +0530] "0:0:0:0:0:0:0:1 - - [Wed Nov 27 12:42:19 IST 2024] "GET /favicon.ico HTTP/1.1" %U HTTP/1.1" %s %b
27/Nov/2024:12:42:20 +0530  - - [27/Nov/2024:12:42:20 +0530] "0:0:0:0:0:0:0:1 - - [Wed Nov 27 12:42:20 IST 2024] "GET /login.jsp HTTP/1.1" %U HTTP/1.1" %s %b
27/Nov/2024:12:42:31 +0530  - - [27/Nov/2024:12:42:31 +0530] "0:0:0:0:0:0:0:1 - - [Wed Nov 27 12:42:31 IST 2024] "POST /login HTTP/1.1" %U HTTP/1.1" %s %b
27/Nov/2024:12:42:31 +0530  - - [27/Nov/2024:12:42:31 +0530] "User logged in: user_id=24 %U HTTP/1.1" %s %b
27/Nov/2024:12:42:31 +0530  - - [27/Nov/2024:12:42:31 +0530] " 24 735cd67b-ea53-46bf-bcb7-ad450b356828: 0:0:0:0:0:0:0:1 - - [Wed Nov 27 12:42:31 IST 2024] "GET /home.jsp HTTP/1.1" %U HTTP/1.1" %s %b
27/Nov/2024:12:42:31 +0530  - - [27/Nov/2024:12:42:31 +0530] " 24 735cd67b-ea53-46bf-bcb7-ad450b356828: 0:0:0:0:0:0:0:1 - - [Wed Nov 27 12:42:31 IST 2024] "GET /favicon.ico HTTP/1.1" %U HTTP/1.1" %s %b
27/Nov/2024:12:42:35 +0530  - - [27/Nov/2024:12:42:35 +0530] " 24 735cd67b-ea53-46bf-bcb7-ad450b356828: 0:0:0:0:0:0:0:1 - - [Wed Nov 27 12:42:35 IST 2024] "GET /logout HTTP/1.1" %U HTTP/1.1" %s %b
27/Nov/2024:12:42:35 +0530  - - [27/Nov/2024:12:42:35 +0530] "0:0:0:0:0:0:0:1 - - [Wed Nov 27 12:42:35 IST 2024] "GET /login.jsp HTTP/1.1" %U HTTP/1.1" %s %b
27/Nov/2024:12:42:48 +0530  - - [27/Nov/2024:12:42:48 +0530] "0:0:0:0:0:0:0:1 - - [Wed Nov 27 12:42:48 IST 2024] "POST /login HTTP/1.1" %U HTTP/1.1" %s %b
27/Nov/2024:12:42:48 +0530  - - [27/Nov/2024:12:42:48 +0530] "User logged in: user_id=22 %U HTTP/1.1" %s %b
27/Nov/2024:12:42:48 +0530  - - [27/Nov/2024:12:42:48 +0530] " 22 d07fb678-4be7-4d59-ab1f-19e005435228: 0:0:0:0:0:0:0:1 - - [Wed Nov 27 12:42:48 IST 2024] "GET /home.jsp HTTP/1.1" %U HTTP/1.1" %s %b
27/Nov/2024:12:42:51 +0530  - - [27/Nov/2024:12:42:51 +0530] " 22 d07fb678-4be7-4d59-ab1f-19e005435228: 0:0:0:0:0:0:0:1 - - [Wed Nov 27 12:42:51 IST 2024] "GET /logout HTTP/1.1" %U HTTP/1.1" %s %b
27/Nov/2024:12:42:51 +0530  - - [27/Nov/2024:12:42:51 +0530] "0:0:0:0:0:0:0:1 - - [Wed Nov 27 12:42:51 IST 2024] "GET /login.jsp HTTP/1.1" %U HTTP/1.1" %s %b
27/Nov/2024:12:43:01 +0530  - - [27/Nov/2024:12:43:01 +0530] "0:0:0:0:0:0:0:1 - - [Wed Nov 27 12:43:01 IST 2024] "GET /index.jsp HTTP/1.1" %U HTTP/1.1" %s %b
27/Nov/2024:12:43:03 +0530  - - [27/Nov/2024:12:43:03 +0530] "0:0:0:0:0:0:0:1 - - [Wed Nov 27 12:43:03 IST 2024] "GET /register.jsp HTTP/1.1" %U HTTP/1.1" %s %b
27/Nov/2024:12:43:33 +0530  - - [27/Nov/2024:12:43:33 +0530] "0:0:0:0:0:0:0:1 - - [Wed Nov 27 12:43:33 IST 2024] "POST /register HTTP/1.1" %U HTTP/1.1" %s %b
27/Nov/2024:12:43:34 +0530  - - [27/Nov/2024:12:43:34 +0530] "0:0:0:0:0:0:0:1 - - [Wed Nov 27 12:43:34 IST 2024] "GET /login.jsp HTTP/1.1" %U HTTP/1.1" %s %b
27/Nov/2024:12:43:43 +0530  - - [27/Nov/2024:12:43:43 +0530] "0:0:0:0:0:0:0:1 - - [Wed Nov 27 12:43:43 IST 2024] "POST /login HTTP/1.1" %U HTTP/1.1" %s %b
27/Nov/2024:12:43:43 +0530  - - [27/Nov/2024:12:43:43 +0530] "User logged in: user_id=42 %U HTTP/1.1" %s %b
27/Nov/2024:12:43:43 +0530  - - [27/Nov/2024:12:43:43 +0530] " 42 c0019c6c-05a7-4b07-a7b0-e65f3790fd70: 0:0:0:0:0:0:0:1 - - [Wed Nov 27 12:43:43 IST 2024] "GET /home.jsp HTTP/1.1" %U HTTP/1.1" %s %b
27/Nov/2024:12:46:21 +0530  - - [27/Nov/2024:12:46:21 +0530] "Server stoped at Wed Nov 27 12:46:21 IST 2024 %U HTTP/1.1" %s %b
