24/Dec/2024:16:30:38 +0530  - - [24/Dec/2024:16:30:38 +0530] "Server registered with IP: 127.0.1.1 and Port: 8080 %U HTTP/1.1" %s %b
24/Dec/2024:16:30:38 +0530  - - [24/Dec/2024:16:30:38 +0530] "Server started at Tue Dec 24 16:30:38 IST 2024 %U HTTP/1.1" %s %b
24/Dec/2024:16:30:38 +0530  - - [24/Dec/2024:16:30:38 +0530] "127.0.0.1 - - [Tue Dec 24 16:30:38 IST 2024] "GET / HTTP/1.1" %U HTTP/1.1" %s %b
24/Dec/2024:16:30:46 +0530  - - [24/Dec/2024:16:30:46 +0530] "0:0:0:0:0:0:0:1 - - [Tue Dec 24 16:30:46 IST 2024] "GET /index.jsp HTTP/1.1" %U HTTP/1.1" %s %b
24/Dec/2024:16:30:57 +0530  - - [24/Dec/2024:16:30:57 +0530] "0:0:0:0:0:0:0:1 - - [Tue Dec 24 16:30:57 IST 2024] "GET /login.jsp HTTP/1.1" %U HTTP/1.1" %s %b
24/Dec/2024:16:31:07 +0530  - - [24/Dec/2024:16:31:07 +0530] "0:0:0:0:0:0:0:1 - - [Tue Dec 24 16:31:07 IST 2024] "POST /login HTTP/1.1" %U HTTP/1.1" %s %b
24/Dec/2024:16:31:07 +0530  - - [24/Dec/2024:16:31:07 +0530] "User logged in: user_id=24 %U HTTP/1.1" %s %b
24/Dec/2024:16:31:07 +0530  - - [24/Dec/2024:16:31:07 +0530] " 24 5cbecf4b-ce68-44b3-92ed-ddc48be52edb: 0:0:0:0:0:0:0:1 - - [Tue Dec 24 16:31:07 IST 2024] "GET /home.jsp HTTP/1.1" %U HTTP/1.1" %s %b
24/Dec/2024:16:31:16 +0530  - - [24/Dec/2024:16:31:16 +0530] " 24 5cbecf4b-ce68-44b3-92ed-ddc48be52edb: 0:0:0:0:0:0:0:1 - - [Tue Dec 24 16:31:16 IST 2024] "GET /category.jsp HTTP/1.1" %U HTTP/1.1" %s %b
24/Dec/2024:16:31:21 +0530  - - [24/Dec/2024:16:31:21 +0530] " 24 5cbecf4b-ce68-44b3-92ed-ddc48be52edb: 0:0:0:0:0:0:0:1 - - [Tue Dec 24 16:31:21 IST 2024] "GET /contacts.jsp HTTP/1.1" %U HTTP/1.1" %s %b
24/Dec/2024:16:31:26 +0530  - - [24/Dec/2024:16:31:26 +0530] " 24 5cbecf4b-ce68-44b3-92ed-ddc48be52edb: 0:0:0:0:0:0:0:1 - - [Tue Dec 24 16:31:26 IST 2024] "GET /createContact.jsp HTTP/1.1" %U HTTP/1.1" %s %b
24/Dec/2024:16:32:27 +0530  - - [24/Dec/2024:16:32:27 +0530] " 24 5cbecf4b-ce68-44b3-92ed-ddc48be52edb: 0:0:0:0:0:0:0:1 - - [Tue Dec 24 16:32:27 IST 2024] "POST /create HTTP/1.1" %U HTTP/1.1" %s %b
24/Dec/2024:16:32:42 +0530  - - [24/Dec/2024:16:32:42 +0530] " 24 5cbecf4b-ce68-44b3-92ed-ddc48be52edb: 0:0:0:0:0:0:0:1 - - [Tue Dec 24 16:32:42 IST 2024] "GET /createContact.jsp HTTP/1.1" %U HTTP/1.1" %s %b
24/Dec/2024:16:32:44 +0530  - - [24/Dec/2024:16:32:44 +0530] " 24 5cbecf4b-ce68-44b3-92ed-ddc48be52edb: 0:0:0:0:0:0:0:1 - - [Tue Dec 24 16:32:44 IST 2024] "GET /contacts.jsp HTTP/1.1" %U HTTP/1.1" %s %b
24/Dec/2024:16:32:47 +0530  - - [24/Dec/2024:16:32:47 +0530] " 24 5cbecf4b-ce68-44b3-92ed-ddc48be52edb: 0:0:0:0:0:0:0:1 - - [Tue Dec 24 16:32:47 IST 2024] "GET /contactDetails.jsp HTTP/1.1" %U HTTP/1.1" %s %b
24/Dec/2024:16:32:58 +0530  - - [24/Dec/2024:16:32:58 +0530] " 24 5cbecf4b-ce68-44b3-92ed-ddc48be52edb: 0:0:0:0:0:0:0:1 - - [Tue Dec 24 16:32:58 IST 2024] "GET /convertTimeZone HTTP/1.1" %U HTTP/1.1" %s %b
24/Dec/2024:16:33:25 +0530  - - [24/Dec/2024:16:33:25 +0530] " 24 5cbecf4b-ce68-44b3-92ed-ddc48be52edb: 0:0:0:0:0:0:0:1 - - [Tue Dec 24 16:33:25 IST 2024] "GET /convertTimeZone HTTP/1.1" %U HTTP/1.1" %s %b
24/Dec/2024:16:33:27 +0530  - - [24/Dec/2024:16:33:27 +0530] " 24 5cbecf4b-ce68-44b3-92ed-ddc48be52edb: 0:0:0:0:0:0:0:1 - - [Tue Dec 24 16:33:27 IST 2024] "GET /convertTimeZone HTTP/1.1" %U HTTP/1.1" %s %b
24/Dec/2024:16:33:44 +0530  - - [24/Dec/2024:16:33:44 +0530] " 24 5cbecf4b-ce68-44b3-92ed-ddc48be52edb: 0:0:0:0:0:0:0:1 - - [Tue Dec 24 16:33:44 IST 2024] "GET /myDetails.jsp HTTP/1.1" %U HTTP/1.1" %s %b
24/Dec/2024:16:33:46 +0530  - - [24/Dec/2024:16:33:46 +0530] " 24 5cbecf4b-ce68-44b3-92ed-ddc48be52edb: 0:0:0:0:0:0:0:1 - - [Tue Dec 24 16:33:46 IST 2024] "GET /category.jsp HTTP/1.1" %U HTTP/1.1" %s %b
24/Dec/2024:16:33:48 +0530  - - [24/Dec/2024:16:33:48 +0530] " 24 5cbecf4b-ce68-44b3-92ed-ddc48be52edb: 0:0:0:0:0:0:0:1 - - [Tue Dec 24 16:33:48 IST 2024] "GET /categoryDetails.jsp HTTP/1.1" %U HTTP/1.1" %s %b
24/Dec/2024:16:33:51 +0530  - - [24/Dec/2024:16:33:51 +0530] " 24 5cbecf4b-ce68-44b3-92ed-ddc48be52edb: 0:0:0:0:0:0:0:1 - - [Tue Dec 24 16:33:51 IST 2024] "GET /contacts.jsp HTTP/1.1" %U HTTP/1.1" %s %b
24/Dec/2024:16:33:55 +0530  - - [24/Dec/2024:16:33:55 +0530] " 24 5cbecf4b-ce68-44b3-92ed-ddc48be52edb: 0:0:0:0:0:0:0:1 - - [Tue Dec 24 16:33:55 IST 2024] "GET /category.jsp HTTP/1.1" %U HTTP/1.1" %s %b
24/Dec/2024:16:33:57 +0530  - - [24/Dec/2024:16:33:57 +0530] " 24 5cbecf4b-ce68-44b3-92ed-ddc48be52edb: 0:0:0:0:0:0:0:1 - - [Tue Dec 24 16:33:57 IST 2024] "GET /categoryDetails.jsp HTTP/1.1" %U HTTP/1.1" %s %b
24/Dec/2024:16:34:17 +0530  - - [24/Dec/2024:16:34:17 +0530] " 24 5cbecf4b-ce68-44b3-92ed-ddc48be52edb: 0:0:0:0:0:0:0:1 - - [Tue Dec 24 16:34:17 IST 2024] "GET /contacts.jsp HTTP/1.1" %U HTTP/1.1" %s %b
24/Dec/2024:16:34:22 +0530  - - [24/Dec/2024:16:34:22 +0530] " 24 5cbecf4b-ce68-44b3-92ed-ddc48be52edb: 0:0:0:0:0:0:0:1 - - [Tue Dec 24 16:34:22 IST 2024] "GET /contactDetails.jsp HTTP/1.1" %U HTTP/1.1" %s %b
24/Dec/2024:16:34:25 +0530  - - [24/Dec/2024:16:34:25 +0530] " 24 5cbecf4b-ce68-44b3-92ed-ddc48be52edb: 0:0:0:0:0:0:0:1 - - [Tue Dec 24 16:34:25 IST 2024] "GET /contacts.jsp HTTP/1.1" %U HTTP/1.1" %s %b
24/Dec/2024:16:34:27 +0530  - - [24/Dec/2024:16:34:27 +0530] " 24 5cbecf4b-ce68-44b3-92ed-ddc48be52edb: 0:0:0:0:0:0:0:1 - - [Tue Dec 24 16:34:27 IST 2024] "GET /category.jsp HTTP/1.1" %U HTTP/1.1" %s %b
24/Dec/2024:16:34:28 +0530  - - [24/Dec/2024:16:34:28 +0530] " 24 5cbecf4b-ce68-44b3-92ed-ddc48be52edb: 0:0:0:0:0:0:0:1 - - [Tue Dec 24 16:34:28 IST 2024] "GET /categoryDetails.jsp HTTP/1.1" %U HTTP/1.1" %s %b
24/Dec/2024:16:34:31 +0530  - - [24/Dec/2024:16:34:31 +0530] " 24 5cbecf4b-ce68-44b3-92ed-ddc48be52edb: 0:0:0:0:0:0:0:1 - - [Tue Dec 24 16:34:31 IST 2024] "GET /myDetails.jsp HTTP/1.1" %U HTTP/1.1" %s %b
24/Dec/2024:16:34:35 +0530  - - [24/Dec/2024:16:34:35 +0530] " 24 5cbecf4b-ce68-44b3-92ed-ddc48be52edb: 0:0:0:0:0:0:0:1 - - [Tue Dec 24 16:34:35 IST 2024] "GET /myDetails.jsp HTTP/1.1" %U HTTP/1.1" %s %b
24/Dec/2024:16:34:36 +0530  - - [24/Dec/2024:16:34:36 +0530] " 24 5cbecf4b-ce68-44b3-92ed-ddc48be52edb: 0:0:0:0:0:0:0:1 - - [Tue Dec 24 16:34:36 IST 2024] "GET /myDetails.jsp HTTP/1.1" %U HTTP/1.1" %s %b
24/Dec/2024:16:35:15 +0530  - - [24/Dec/2024:16:35:15 +0530] " 24 5cbecf4b-ce68-44b3-92ed-ddc48be52edb: 0:0:0:0:0:0:0:1 - - [Tue Dec 24 16:35:15 IST 2024] "GET /myDetails.jsp HTTP/1.1" %U HTTP/1.1" %s %b
24/Dec/2024:16:36:38 +0530  - - [24/Dec/2024:16:36:38 +0530] "Server stoped at Tue Dec 24 16:36:38 IST 2024 %U HTTP/1.1" %s %b
