18/Oct/2024:14:22:05 +0530  - - [18/Oct/2024:14:22:05 +0530] "User logged in: user_id=24 %U HTTP/1.1" %s %b
18/Oct/2024:14:24:25 +0530  - - [18/Oct/2024:14:24:25 +0530] "User logged in: user_id=24 %U HTTP/1.1" %s %b
18/Oct/2024:14:29:49 +0530  - - [18/Oct/2024:14:29:49 +0530] "127.0.0.1 - - [Fri Oct 18 14:29:49 IST 2024] "GET / HTTP/1.1" %U HTTP/1.1" %s %b
18/Oct/2024:14:29:50 +0530  - - [18/Oct/2024:14:29:50 +0530] "0:0:0:0:0:0:0:1 - - [Fri Oct 18 14:29:50 IST 2024] "GET / HTTP/1.1" %U HTTP/1.1" %s %b
18/Oct/2024:14:29:50 +0530  - - [18/Oct/2024:14:29:50 +0530] "0:0:0:0:0:0:0:1 - - [Fri Oct 18 14:29:50 IST 2024] "GET /login.jsp HTTP/1.1" %U HTTP/1.1" %s %b
18/Oct/2024:14:29:57 +0530  - - [18/Oct/2024:14:29:57 +0530] "0:0:0:0:0:0:0:1 - - [Fri Oct 18 14:29:57 IST 2024] "POST /login HTTP/1.1" %U HTTP/1.1" %s %b
18/Oct/2024:14:29:57 +0530  - - [18/Oct/2024:14:29:57 +0530] "User logged in: user_id=24 %U HTTP/1.1" %s %b
18/Oct/2024:14:29:57 +0530  - - [18/Oct/2024:14:29:57 +0530] "0:0:0:0:0:0:0:1 - - [Fri Oct 18 14:29:57 IST 2024] "GET /home.jsp HTTP/1.1" %U HTTP/1.1" %s %b
18/Oct/2024:14:29:59 +0530  - - [18/Oct/2024:14:29:59 +0530] "0:0:0:0:0:0:0:1 - - [Fri Oct 18 14:29:59 IST 2024] "GET /contacts.jsp HTTP/1.1" %U HTTP/1.1" %s %b
18/Oct/2024:14:30:01 +0530  - - [18/Oct/2024:14:30:01 +0530] "0:0:0:0:0:0:0:1 - - [Fri Oct 18 14:30:01 IST 2024] "GET /myDetails.jsp HTTP/1.1" %U HTTP/1.1" %s %b
18/Oct/2024:14:47:44 +0530  - - [18/Oct/2024:14:47:44 +0530] "Server started at Fri Oct 18 14:47:44 IST 2024 %U HTTP/1.1" %s %b
18/Oct/2024:14:47:45 +0530  - - [18/Oct/2024:14:47:45 +0530] "127.0.0.1 - - [Fri Oct 18 14:47:45 IST 2024] "GET / HTTP/1.1" %U HTTP/1.1" %s %b
18/Oct/2024:14:47:45 +0530  - - [18/Oct/2024:14:47:45 +0530] "0:0:0:0:0:0:0:1 - - [Fri Oct 18 14:47:45 IST 2024] "GET / HTTP/1.1" %U HTTP/1.1" %s %b
18/Oct/2024:14:47:47 +0530  - - [18/Oct/2024:14:47:47 +0530] "0:0:0:0:0:0:0:1 - - [Fri Oct 18 14:47:47 IST 2024] "GET /login.jsp HTTP/1.1" %U HTTP/1.1" %s %b
18/Oct/2024:14:47:54 +0530  - - [18/Oct/2024:14:47:54 +0530] "0:0:0:0:0:0:0:1 - - [Fri Oct 18 14:47:54 IST 2024] "POST /login HTTP/1.1" %U HTTP/1.1" %s %b
18/Oct/2024:14:47:54 +0530  - - [18/Oct/2024:14:47:54 +0530] "User logged in: user_id=24 %U HTTP/1.1" %s %b
18/Oct/2024:14:47:54 +0530  - - [18/Oct/2024:14:47:54 +0530] "0:0:0:0:0:0:0:1 - - [Fri Oct 18 14:47:54 IST 2024] "GET /home.jsp HTTP/1.1" %U HTTP/1.1" %s %b
18/Oct/2024:14:47:56 +0530  - - [18/Oct/2024:14:47:56 +0530] "0:0:0:0:0:0:0:1 - - [Fri Oct 18 14:47:56 IST 2024] "GET /contacts.jsp HTTP/1.1" %U HTTP/1.1" %s %b
18/Oct/2024:14:47:58 +0530  - - [18/Oct/2024:14:47:58 +0530] "0:0:0:0:0:0:0:1 - - [Fri Oct 18 14:47:58 IST 2024] "GET /contactDetails.jsp HTTP/1.1" %U HTTP/1.1" %s %b
18/Oct/2024:14:48:02 +0530  - - [18/Oct/2024:14:48:02 +0530] "0:0:0:0:0:0:0:1 - - [Fri Oct 18 14:48:02 IST 2024] "GET /category.jsp HTTP/1.1" %U HTTP/1.1" %s %b
18/Oct/2024:14:48:03 +0530  - - [18/Oct/2024:14:48:03 +0530] "0:0:0:0:0:0:0:1 - - [Fri Oct 18 14:48:03 IST 2024] "GET /categoryDetails.jsp HTTP/1.1" %U HTTP/1.1" %s %b
18/Oct/2024:14:48:05 +0530  - - [18/Oct/2024:14:48:05 +0530] "0:0:0:0:0:0:0:1 - - [Fri Oct 18 14:48:05 IST 2024] "GET /myDetails.jsp HTTP/1.1" %U HTTP/1.1" %s %b
18/Oct/2024:14:48:11 +0530  - - [18/Oct/2024:14:48:11 +0530] "0:0:0:0:0:0:0:1 - - [Fri Oct 18 14:48:11 IST 2024] "GET /logout HTTP/1.1" %U HTTP/1.1" %s %b
18/Oct/2024:14:48:11 +0530  - - [18/Oct/2024:14:48:11 +0530] "0:0:0:0:0:0:0:1 - - [Fri Oct 18 14:48:11 IST 2024] "GET /login.jsp HTTP/1.1" %U HTTP/1.1" %s %b
18/Oct/2024:14:49:20 +0530  - - [18/Oct/2024:14:49:20 +0530] "Server stopped at Fri Oct 18 14:49:20 IST 2024 %U HTTP/1.1" %s %b
20/Oct/2024:19:21:46 +0530  - - [20/Oct/2024:19:21:46 +0530] "Server started at Sun Oct 20 19:21:46 IST 2024 %U HTTP/1.1" %s %b
20/Oct/2024:19:21:47 +0530  - - [20/Oct/2024:19:21:47 +0530] "127.0.0.1 - - [Sun Oct 20 19:21:47 IST 2024] "GET / HTTP/1.1" %U HTTP/1.1" %s %b
20/Oct/2024:19:21:48 +0530  - - [20/Oct/2024:19:21:48 +0530] "0:0:0:0:0:0:0:1 - - [Sun Oct 20 19:21:48 IST 2024] "GET / HTTP/1.1" %U HTTP/1.1" %s %b
20/Oct/2024:19:21:48 +0530  - - [20/Oct/2024:19:21:48 +0530] "0:0:0:0:0:0:0:1 - - [Sun Oct 20 19:21:48 IST 2024] "GET /login.jsp HTTP/1.1" %U HTTP/1.1" %s %b
20/Oct/2024:19:29:17 +0530  - - [20/Oct/2024:19:29:17 +0530] "0:0:0:0:0:0:0:1 - - [Sun Oct 20 19:29:17 IST 2024] "POST /login HTTP/1.1" %U HTTP/1.1" %s %b
20/Oct/2024:19:29:17 +0530  - - [20/Oct/2024:19:29:17 +0530] "User logged in: user_id=24 %U HTTP/1.1" %s %b
20/Oct/2024:19:29:17 +0530  - - [20/Oct/2024:19:29:17 +0530] "0:0:0:0:0:0:0:1 - - [Sun Oct 20 19:29:17 IST 2024] "GET /home.jsp HTTP/1.1" %U HTTP/1.1" %s %b
20/Oct/2024:19:29:28 +0530  - - [20/Oct/2024:19:29:28 +0530] "0:0:0:0:0:0:0:1 - - [Sun Oct 20 19:29:28 IST 2024] "GET /login.jsp HTTP/1.1" %U HTTP/1.1" %s %b
20/Oct/2024:19:29:28 +0530  - - [20/Oct/2024:19:29:28 +0530] "0:0:0:0:0:0:0:1 - - [Sun Oct 20 19:29:28 IST 2024] "GET /home.jsp HTTP/1.1" %U HTTP/1.1" %s %b
20/Oct/2024:19:33:28 +0530  - - [20/Oct/2024:19:33:28 +0530] "Server stopped at Sun Oct 20 19:33:28 IST 2024 %U HTTP/1.1" %s %b
20/Oct/2024:19:33:28 +0530  - - [20/Oct/2024:19:33:28 +0530] "Server started at Sun Oct 20 19:33:28 IST 2024 %U HTTP/1.1" %s %b
20/Oct/2024:19:35:18 +0530  - - [20/Oct/2024:19:35:18 +0530] "Server stopped at Sun Oct 20 19:35:18 IST 2024 %U HTTP/1.1" %s %b
20/Oct/2024:19:35:18 +0530  - - [20/Oct/2024:19:35:18 +0530] "Server started at Sun Oct 20 19:35:18 IST 2024 %U HTTP/1.1" %s %b
20/Oct/2024:19:35:46 +0530  - - [20/Oct/2024:19:35:46 +0530] "0:0:0:0:0:0:0:1 - - [Sun Oct 20 19:35:46 IST 2024] "GET /home.jsp HTTP/1.1" %U HTTP/1.1" %s %b
20/Oct/2024:19:35:48 +0530  - - [20/Oct/2024:19:35:48 +0530] "0:0:0:0:0:0:0:1 - - [Sun Oct 20 19:35:48 IST 2024] "GET /logout HTTP/1.1" %U HTTP/1.1" %s %b
20/Oct/2024:19:35:48 +0530  - - [20/Oct/2024:19:35:48 +0530] "0:0:0:0:0:0:0:1 - - [Sun Oct 20 19:35:48 IST 2024] "GET /login.jsp HTTP/1.1" %U HTTP/1.1" %s %b
20/Oct/2024:19:35:48 +0530  - - [20/Oct/2024:19:35:48 +0530] "Server stopped at Sun Oct 20 19:35:48 IST 2024 %U HTTP/1.1" %s %b
20/Oct/2024:19:35:48 +0530  - - [20/Oct/2024:19:35:48 +0530] "Server started at Sun Oct 20 19:35:48 IST 2024 %U HTTP/1.1" %s %b
20/Oct/2024:19:36:11 +0530  - - [20/Oct/2024:19:36:11 +0530] "0:0:0:0:0:0:0:1 - - [Sun Oct 20 19:36:11 IST 2024] "GET /login.jsp HTTP/1.1" %U HTTP/1.1" %s %b
20/Oct/2024:19:36:18 +0530  - - [20/Oct/2024:19:36:18 +0530] "0:0:0:0:0:0:0:1 - - [Sun Oct 20 19:36:18 IST 2024] "GET /login.jsp HTTP/1.1" %U HTTP/1.1" %s %b
20/Oct/2024:19:36:36 +0530  - - [20/Oct/2024:19:36:36 +0530] "0:0:0:0:0:0:0:1 - - [Sun Oct 20 19:36:36 IST 2024] "POST /login HTTP/1.1" %U HTTP/1.1" %s %b
20/Oct/2024:19:36:36 +0530  - - [20/Oct/2024:19:36:36 +0530] "User logged in: user_id=24 %U HTTP/1.1" %s %b
20/Oct/2024:19:36:36 +0530  - - [20/Oct/2024:19:36:36 +0530] "0:0:0:0:0:0:0:1 - - [Sun Oct 20 19:36:36 IST 2024] "GET /home.jsp HTTP/1.1" %U HTTP/1.1" %s %b
20/Oct/2024:19:36:40 +0530  - - [20/Oct/2024:19:36:40 +0530] "0:0:0:0:0:0:0:1 - - [Sun Oct 20 19:36:40 IST 2024] "GET /login.jsp HTTP/1.1" %U HTTP/1.1" %s %b
20/Oct/2024:19:36:40 +0530  - - [20/Oct/2024:19:36:40 +0530] "0:0:0:0:0:0:0:1 - - [Sun Oct 20 19:36:40 IST 2024] "GET /home.jsp HTTP/1.1" %U HTTP/1.1" %s %b
20/Oct/2024:19:36:44 +0530  - - [20/Oct/2024:19:36:44 +0530] "0:0:0:0:0:0:0:1 - - [Sun Oct 20 19:36:44 IST 2024] "GET / HTTP/1.1" %U HTTP/1.1" %s %b
20/Oct/2024:19:36:44 +0530  - - [20/Oct/2024:19:36:44 +0530] "0:0:0:0:0:0:0:1 - - [Sun Oct 20 19:36:44 IST 2024] "GET /home.jsp HTTP/1.1" %U HTTP/1.1" %s %b
20/Oct/2024:19:36:50 +0530  - - [20/Oct/2024:19:36:50 +0530] "0:0:0:0:0:0:0:1 - - [Sun Oct 20 19:36:50 IST 2024] "GET /logout HTTP/1.1" %U HTTP/1.1" %s %b
20/Oct/2024:19:36:50 +0530  - - [20/Oct/2024:19:36:50 +0530] "0:0:0:0:0:0:0:1 - - [Sun Oct 20 19:36:50 IST 2024] "GET /login.jsp HTTP/1.1" %U HTTP/1.1" %s %b
20/Oct/2024:19:36:52 +0530  - - [20/Oct/2024:19:36:52 +0530] "0:0:0:0:0:0:0:1 - - [Sun Oct 20 19:36:52 IST 2024] "GET /home.jsp HTTP/1.1" %U HTTP/1.1" %s %b
20/Oct/2024:19:36:52 +0530  - - [20/Oct/2024:19:36:52 +0530] "0:0:0:0:0:0:0:1 - - [Sun Oct 20 19:36:52 IST 2024] "GET /login.jsp HTTP/1.1" %U HTTP/1.1" %s %b
20/Oct/2024:19:36:57 +0530  - - [20/Oct/2024:19:36:57 +0530] "0:0:0:0:0:0:0:1 - - [Sun Oct 20 19:36:57 IST 2024] "GET /home.jsp HTTP/1.1" %U HTTP/1.1" %s %b
20/Oct/2024:19:36:57 +0530  - - [20/Oct/2024:19:36:57 +0530] "0:0:0:0:0:0:0:1 - - [Sun Oct 20 19:36:57 IST 2024] "GET /login.jsp HTTP/1.1" %U HTTP/1.1" %s %b
