20/Dec/2024:16:19:19 +0530  - - [20/Dec/2024:16:19:19 +0530] "Server registered with IP: 127.0.1.1 and Port: 8080 %U HTTP/1.1" %s %b
20/Dec/2024:16:19:20 +0530  - - [20/Dec/2024:16:19:20 +0530] "Server started at Fri Dec 20 16:19:20 IST 2024 %U HTTP/1.1" %s %b
20/Dec/2024:16:19:20 +0530  - - [20/Dec/2024:16:19:20 +0530] "127.0.0.1 - - [Fri Dec 20 16:19:20 IST 2024] "GET / HTTP/1.1" %U HTTP/1.1" %s %b
20/Dec/2024:16:19:20 +0530  - - [20/Dec/2024:16:19:20 +0530] "0:0:0:0:0:0:0:1 - - [Fri Dec 20 16:19:20 IST 2024] "GET / HTTP/1.1" %U HTTP/1.1" %s %b
20/Dec/2024:16:19:20 +0530  - - [20/Dec/2024:16:19:20 +0530] "0:0:0:0:0:0:0:1 - - [Fri Dec 20 16:19:20 IST 2024] "GET /login.jsp HTTP/1.1" %U HTTP/1.1" %s %b
20/Dec/2024:16:19:28 +0530  - - [20/Dec/2024:16:19:28 +0530] "0:0:0:0:0:0:0:1 - - [Fri Dec 20 16:19:28 IST 2024] "POST /login HTTP/1.1" %U HTTP/1.1" %s %b
20/Dec/2024:16:19:28 +0530  - - [20/Dec/2024:16:19:28 +0530] "User logged in: user_id=24 %U HTTP/1.1" %s %b
20/Dec/2024:16:19:28 +0530  - - [20/Dec/2024:16:19:28 +0530] " 24 58d2ceb9-c18a-4707-b2e7-22a6ca15cdad: 0:0:0:0:0:0:0:1 - - [Fri Dec 20 16:19:28 IST 2024] "GET /home.jsp HTTP/1.1" %U HTTP/1.1" %s %b
20/Dec/2024:16:19:32 +0530  - - [20/Dec/2024:16:19:32 +0530] " 24 58d2ceb9-c18a-4707-b2e7-22a6ca15cdad: 0:0:0:0:0:0:0:1 - - [Fri Dec 20 16:19:32 IST 2024] "GET /EditDetails.jsp HTTP/1.1" %U HTTP/1.1" %s %b
20/Dec/2024:16:19:35 +0530  - - [20/Dec/2024:16:19:35 +0530] " 24 58d2ceb9-c18a-4707-b2e7-22a6ca15cdad: 0:0:0:0:0:0:0:1 - - [Fri Dec 20 16:19:35 IST 2024] "POST /update HTTP/1.1" %U HTTP/1.1" %s %b
20/Dec/2024:16:19:35 +0530  - - [20/Dec/2024:16:19:35 +0530] " 24 58d2ceb9-c18a-4707-b2e7-22a6ca15cdad: 0:0:0:0:0:0:0:1 - - [Fri Dec 20 16:19:35 IST 2024] "GET /home.jsp HTTP/1.1" %U HTTP/1.1" %s %b
20/Dec/2024:16:19:39 +0530  - - [20/Dec/2024:16:19:39 +0530] " 24 58d2ceb9-c18a-4707-b2e7-22a6ca15cdad: 0:0:0:0:0:0:0:1 - - [Fri Dec 20 16:19:39 IST 2024] "GET /EditDetails.jsp HTTP/1.1" %U HTTP/1.1" %s %b
20/Dec/2024:16:19:52 +0530  - - [20/Dec/2024:16:19:52 +0530] " 24 58d2ceb9-c18a-4707-b2e7-22a6ca15cdad: 0:0:0:0:0:0:0:1 - - [Fri Dec 20 16:19:52 IST 2024] "GET /logout HTTP/1.1" %U HTTP/1.1" %s %b
20/Dec/2024:16:19:52 +0530  - - [20/Dec/2024:16:19:52 +0530] "0:0:0:0:0:0:0:1 - - [Fri Dec 20 16:19:52 IST 2024] "GET /login.jsp HTTP/1.1" %U HTTP/1.1" %s %b
20/Dec/2024:16:20:12 +0530  - - [20/Dec/2024:16:20:12 +0530] "0:0:0:0:0:0:0:1 - - [Fri Dec 20 16:20:12 IST 2024] "GET / HTTP/1.1" %U HTTP/1.1" %s %b
20/Dec/2024:16:20:12 +0530  - - [20/Dec/2024:16:20:12 +0530] "0:0:0:0:0:0:0:1 - - [Fri Dec 20 16:20:12 IST 2024] "GET /login.jsp HTTP/1.1" %U HTTP/1.1" %s %b
20/Dec/2024:16:20:57 +0530  - - [20/Dec/2024:16:20:57 +0530] "0:0:0:0:0:0:0:1 - - [Fri Dec 20 16:20:57 IST 2024] "POST /login HTTP/1.1" %U HTTP/1.1" %s %b
20/Dec/2024:16:20:58 +0530  - - [20/Dec/2024:16:20:58 +0530] "User logged in: user_id=24 %U HTTP/1.1" %s %b
20/Dec/2024:16:20:58 +0530  - - [20/Dec/2024:16:20:58 +0530] " 24 606a26e8-c6b6-4e75-965c-15b629215214: 0:0:0:0:0:0:0:1 - - [Fri Dec 20 16:20:58 IST 2024] "GET /home.jsp HTTP/1.1" %U HTTP/1.1" %s %b
20/Dec/2024:16:21:01 +0530  - - [20/Dec/2024:16:21:01 +0530] " 24 606a26e8-c6b6-4e75-965c-15b629215214: 0:0:0:0:0:0:0:1 - - [Fri Dec 20 16:21:01 IST 2024] "GET /contacts.jsp HTTP/1.1" %U HTTP/1.1" %s %b
20/Dec/2024:16:21:10 +0530  - - [20/Dec/2024:16:21:10 +0530] " 24 606a26e8-c6b6-4e75-965c-15b629215214: 0:0:0:0:0:0:0:1 - - [Fri Dec 20 16:21:10 IST 2024] "GET /category.jsp HTTP/1.1" %U HTTP/1.1" %s %b
20/Dec/2024:16:21:12 +0530  - - [20/Dec/2024:16:21:12 +0530] " 24 606a26e8-c6b6-4e75-965c-15b629215214: 0:0:0:0:0:0:0:1 - - [Fri Dec 20 16:21:12 IST 2024] "GET /logout HTTP/1.1" %U HTTP/1.1" %s %b
20/Dec/2024:16:21:12 +0530  - - [20/Dec/2024:16:21:12 +0530] "0:0:0:0:0:0:0:1 - - [Fri Dec 20 16:21:12 IST 2024] "GET /login.jsp HTTP/1.1" %U HTTP/1.1" %s %b
20/Dec/2024:16:21:25 +0530  - - [20/Dec/2024:16:21:25 +0530] "Server stoped at Fri Dec 20 16:21:25 IST 2024 %U HTTP/1.1" %s %b
