27/Dec/2024:18:59:41 +0530  - - [27/Dec/2024:18:59:41 +0530] "Server registered with IP: 127.0.1.1 and Port: 8080 %U HTTP/1.1" %s %b
27/Dec/2024:18:59:41 +0530  - - [27/Dec/2024:18:59:41 +0530] "Server started at Fri Dec 27 18:59:41 IST 2024 %U HTTP/1.1" %s %b
27/Dec/2024:18:59:41 +0530  - - [27/Dec/2024:18:59:41 +0530] "127.0.0.1 - - [Fri Dec 27 18:59:41 IST 2024] "GET / HTTP/1.1" %U HTTP/1.1" %s %b
27/Dec/2024:18:59:41 +0530  - - [27/Dec/2024:18:59:41 +0530] "0:0:0:0:0:0:0:1 - - [Fri Dec 27 18:59:41 IST 2024] "GET / HTTP/1.1" %U HTTP/1.1" %s %b
27/Dec/2024:18:59:41 +0530  - - [27/Dec/2024:18:59:41 +0530] "0:0:0:0:0:0:0:1 - - [Fri Dec 27 18:59:41 IST 2024] "GET /login.jsp HTTP/1.1" %U HTTP/1.1" %s %b
27/Dec/2024:18:59:56 +0530  - - [27/Dec/2024:18:59:56 +0530] "0:0:0:0:0:0:0:1 - - [Fri Dec 27 18:59:56 IST 2024] "GET /index.jsp HTTP/1.1" %U HTTP/1.1" %s %b
27/Dec/2024:19:00:43 +0530  - - [27/Dec/2024:19:00:43 +0530] "0:0:0:0:0:0:0:1 - - [Fri Dec 27 19:00:43 IST 2024] "GET /register.jsp HTTP/1.1" %U HTTP/1.1" %s %b
27/Dec/2024:19:01:37 +0530  - - [27/Dec/2024:19:01:37 +0530] "0:0:0:0:0:0:0:1 - - [Fri Dec 27 19:01:37 IST 2024] "POST /register HTTP/1.1" %U HTTP/1.1" %s %b
27/Dec/2024:19:01:37 +0530  - - [27/Dec/2024:19:01:37 +0530] "0:0:0:0:0:0:0:1 - - [Fri Dec 27 19:01:37 IST 2024] "GET /login.jsp HTTP/1.1" %U HTTP/1.1" %s %b
27/Dec/2024:19:01:49 +0530  - - [27/Dec/2024:19:01:49 +0530] "0:0:0:0:0:0:0:1 - - [Fri Dec 27 19:01:49 IST 2024] "POST /login HTTP/1.1" %U HTTP/1.1" %s %b
27/Dec/2024:19:01:49 +0530  - - [27/Dec/2024:19:01:49 +0530] "0:0:0:0:0:0:0:1 - - [Fri Dec 27 19:01:49 IST 2024] "GET /login.jsp HTTP/1.1" %U HTTP/1.1" %s %b
27/Dec/2024:19:02:09 +0530  - - [27/Dec/2024:19:02:09 +0530] "0:0:0:0:0:0:0:1 - - [Fri Dec 27 19:02:09 IST 2024] "POST /login HTTP/1.1" %U HTTP/1.1" %s %b
27/Dec/2024:19:02:09 +0530  - - [27/Dec/2024:19:02:09 +0530] "0:0:0:0:0:0:0:1 - - [Fri Dec 27 19:02:09 IST 2024] "GET /login.jsp HTTP/1.1" %U HTTP/1.1" %s %b
27/Dec/2024:19:03:44 +0530  - - [27/Dec/2024:19:03:44 +0530] "0:0:0:0:0:0:0:1 - - [Fri Dec 27 19:03:44 IST 2024] "GET /index.jsp HTTP/1.1" %U HTTP/1.1" %s %b
27/Dec/2024:19:03:46 +0530  - - [27/Dec/2024:19:03:46 +0530] "0:0:0:0:0:0:0:1 - - [Fri Dec 27 19:03:46 IST 2024] "GET /register.jsp HTTP/1.1" %U HTTP/1.1" %s %b
27/Dec/2024:19:04:22 +0530  - - [27/Dec/2024:19:04:22 +0530] "0:0:0:0:0:0:0:1 - - [Fri Dec 27 19:04:22 IST 2024] "POST /register HTTP/1.1" %U HTTP/1.1" %s %b
27/Dec/2024:19:04:22 +0530  - - [27/Dec/2024:19:04:22 +0530] "0:0:0:0:0:0:0:1 - - [Fri Dec 27 19:04:22 IST 2024] "GET /login.jsp HTTP/1.1" %U HTTP/1.1" %s %b
27/Dec/2024:19:04:29 +0530  - - [27/Dec/2024:19:04:29 +0530] "0:0:0:0:0:0:0:1 - - [Fri Dec 27 19:04:29 IST 2024] "POST /login HTTP/1.1" %U HTTP/1.1" %s %b
27/Dec/2024:19:04:29 +0530  - - [27/Dec/2024:19:04:29 +0530] "0:0:0:0:0:0:0:1 - - [Fri Dec 27 19:04:29 IST 2024] "GET /login.jsp HTTP/1.1" %U HTTP/1.1" %s %b
27/Dec/2024:19:04:46 +0530  - - [27/Dec/2024:19:04:46 +0530] "Server stoped at Fri Dec 27 19:04:46 IST 2024 %U HTTP/1.1" %s %b
