17/Jan/2025:13:47:43 +0530  - - [17/Jan/2025:13:47:43 +0530] "Server registered with IP: 127.0.1.1 and Port: 8080 %U HTTP/1.1" %s %b
17/Jan/2025:13:47:43 +0530  - - [17/Jan/2025:13:47:43 +0530] "Server started at Fri Jan 17 13:47:43 IST 2025 %U HTTP/1.1" %s %b
17/Jan/2025:13:47:43 +0530  - - [17/Jan/2025:13:47:43 +0530] "127.0.0.1 - - [Fri Jan 17 13:47:43 IST 2025] "GET / HTTP/1.1" %U HTTP/1.1" %s %b
17/Jan/2025:13:47:43 +0530  - - [17/Jan/2025:13:47:43 +0530] "0:0:0:0:0:0:0:1 - - [Fri Jan 17 13:47:43 IST 2025] "GET / HTTP/1.1" %U HTTP/1.1" %s %b
17/Jan/2025:13:47:43 +0530  - - [17/Jan/2025:13:47:43 +0530] "0:0:0:0:0:0:0:1 - - [Fri Jan 17 13:47:43 IST 2025] "GET /login.jsp HTTP/1.1" %U HTTP/1.1" %s %b
17/Jan/2025:13:47:50 +0530  - - [17/Jan/2025:13:47:50 +0530] "0:0:0:0:0:0:0:1 - - [Fri Jan 17 13:47:50 IST 2025] "POST /login HTTP/1.1" %U HTTP/1.1" %s %b
17/Jan/2025:13:47:50 +0530  - - [17/Jan/2025:13:47:50 +0530] "User logged in: user_id=24 %U HTTP/1.1" %s %b
17/Jan/2025:13:47:50 +0530  - - [17/Jan/2025:13:47:50 +0530] " 24 1edc2208-543c-40fd-8c18-5acb8cadd1ca: 0:0:0:0:0:0:0:1 - - [Fri Jan 17 13:47:50 IST 2025] "GET /home.jsp HTTP/1.1" %U HTTP/1.1" %s %b
17/Jan/2025:13:48:07 +0530  - - [17/Jan/2025:13:48:07 +0530] " 24 1edc2208-543c-40fd-8c18-5acb8cadd1ca: 0:0:0:0:0:0:0:1 - - [Fri Jan 17 13:48:07 IST 2025] "GET /index.jsp HTTP/1.1" %U HTTP/1.1" %s %b
17/Jan/2025:13:48:17 +0530  - - [17/Jan/2025:13:48:17 +0530] " 24 1edc2208-543c-40fd-8c18-5acb8cadd1ca: 0:0:0:0:0:0:0:1 - - [Fri Jan 17 13:48:17 IST 2025] "GET / HTTP/1.1" %U HTTP/1.1" %s %b
17/Jan/2025:13:48:17 +0530  - - [17/Jan/2025:13:48:17 +0530] " 24 1edc2208-543c-40fd-8c18-5acb8cadd1ca: 0:0:0:0:0:0:0:1 - - [Fri Jan 17 13:48:17 IST 2025] "GET /home.jsp HTTP/1.1" %U HTTP/1.1" %s %b
17/Jan/2025:13:48:27 +0530  - - [17/Jan/2025:13:48:27 +0530] " 24 1edc2208-543c-40fd-8c18-5acb8cadd1ca: 0:0:0:0:0:0:0:1 - - [Fri Jan 17 13:48:27 IST 2025] "GET /index.jsp HTTP/1.1" %U HTTP/1.1" %s %b
17/Jan/2025:13:49:01 +0530  - - [17/Jan/2025:13:49:01 +0530] " 24 1edc2208-543c-40fd-8c18-5acb8cadd1ca: 0:0:0:0:0:0:0:1 - - [Fri Jan 17 13:49:01 IST 2025] "GET /login.jsp HTTP/1.1" %U HTTP/1.1" %s %b
17/Jan/2025:13:49:01 +0530  - - [17/Jan/2025:13:49:01 +0530] " 24 1edc2208-543c-40fd-8c18-5acb8cadd1ca: 0:0:0:0:0:0:0:1 - - [Fri Jan 17 13:49:01 IST 2025] "GET /home.jsp HTTP/1.1" %U HTTP/1.1" %s %b
17/Jan/2025:13:49:16 +0530  - - [17/Jan/2025:13:49:16 +0530] " 24 1edc2208-543c-40fd-8c18-5acb8cadd1ca: 0:0:0:0:0:0:0:1 - - [Fri Jan 17 13:49:16 IST 2025] "GET /index.jsp HTTP/1.1" %U HTTP/1.1" %s %b
17/Jan/2025:13:49:17 +0530  - - [17/Jan/2025:13:49:17 +0530] " 24 1edc2208-543c-40fd-8c18-5acb8cadd1ca: 0:0:0:0:0:0:0:1 - - [Fri Jan 17 13:49:17 IST 2025] "GET /login.jsp HTTP/1.1" %U HTTP/1.1" %s %b
17/Jan/2025:13:49:17 +0530  - - [17/Jan/2025:13:49:17 +0530] " 24 1edc2208-543c-40fd-8c18-5acb8cadd1ca: 0:0:0:0:0:0:0:1 - - [Fri Jan 17 13:49:17 IST 2025] "GET /home.jsp HTTP/1.1" %U HTTP/1.1" %s %b
17/Jan/2025:13:49:26 +0530  - - [17/Jan/2025:13:49:26 +0530] " 24 1edc2208-543c-40fd-8c18-5acb8cadd1ca: 0:0:0:0:0:0:0:1 - - [Fri Jan 17 13:49:26 IST 2025] "GET / HTTP/1.1" %U HTTP/1.1" %s %b
17/Jan/2025:13:49:26 +0530  - - [17/Jan/2025:13:49:26 +0530] " 24 1edc2208-543c-40fd-8c18-5acb8cadd1ca: 0:0:0:0:0:0:0:1 - - [Fri Jan 17 13:49:26 IST 2025] "GET /home.jsp HTTP/1.1" %U HTTP/1.1" %s %b
17/Jan/2025:13:49:33 +0530  - - [17/Jan/2025:13:49:33 +0530] " 24 1edc2208-543c-40fd-8c18-5acb8cadd1ca: 0:0:0:0:0:0:0:1 - - [Fri Jan 17 13:49:33 IST 2025] "GET /index.jsp HTTP/1.1" %U HTTP/1.1" %s %b
17/Jan/2025:13:49:44 +0530  - - [17/Jan/2025:13:49:44 +0530] " 24 1edc2208-543c-40fd-8c18-5acb8cadd1ca: 0:0:0:0:0:0:0:1 - - [Fri Jan 17 13:49:44 IST 2025] "GET /register.jsp HTTP/1.1" %U HTTP/1.1" %s %b
17/Jan/2025:13:49:53 +0530  - - [17/Jan/2025:13:49:53 +0530] " 24 1edc2208-543c-40fd-8c18-5acb8cadd1ca: 0:0:0:0:0:0:0:1 - - [Fri Jan 17 13:49:53 IST 2025] "GET /index.jsp HTTP/1.1" %U HTTP/1.1" %s %b
17/Jan/2025:13:49:55 +0530  - - [17/Jan/2025:13:49:55 +0530] " 24 1edc2208-543c-40fd-8c18-5acb8cadd1ca: 0:0:0:0:0:0:0:1 - - [Fri Jan 17 13:49:55 IST 2025] "GET /login.jsp HTTP/1.1" %U HTTP/1.1" %s %b
17/Jan/2025:13:49:55 +0530  - - [17/Jan/2025:13:49:55 +0530] " 24 1edc2208-543c-40fd-8c18-5acb8cadd1ca: 0:0:0:0:0:0:0:1 - - [Fri Jan 17 13:49:55 IST 2025] "GET /home.jsp HTTP/1.1" %U HTTP/1.1" %s %b
17/Jan/2025:13:50:00 +0530  - - [17/Jan/2025:13:50:00 +0530] " 24 1edc2208-543c-40fd-8c18-5acb8cadd1ca: 0:0:0:0:0:0:0:1 - - [Fri Jan 17 13:50:00 IST 2025] "GET /logout HTTP/1.1" %U HTTP/1.1" %s %b
17/Jan/2025:13:50:00 +0530  - - [17/Jan/2025:13:50:00 +0530] "0:0:0:0:0:0:0:1 - - [Fri Jan 17 13:50:00 IST 2025] "GET /login.jsp HTTP/1.1" %U HTTP/1.1" %s %b
17/Jan/2025:13:50:05 +0530  - - [17/Jan/2025:13:50:05 +0530] "0:0:0:0:0:0:0:1 - - [Fri Jan 17 13:50:05 IST 2025] "GET /index.jsp HTTP/1.1" %U HTTP/1.1" %s %b
17/Jan/2025:13:50:07 +0530  - - [17/Jan/2025:13:50:07 +0530] "0:0:0:0:0:0:0:1 - - [Fri Jan 17 13:50:07 IST 2025] "GET /register.jsp HTTP/1.1" %U HTTP/1.1" %s %b
17/Jan/2025:13:52:00 +0530  - - [17/Jan/2025:13:52:00 +0530] "0:0:0:0:0:0:0:1 - - [Fri Jan 17 13:52:00 IST 2025] "GET /index.jsp HTTP/1.1" %U HTTP/1.1" %s %b
17/Jan/2025:13:52:03 +0530  - - [17/Jan/2025:13:52:03 +0530] "0:0:0:0:0:0:0:1 - - [Fri Jan 17 13:52:03 IST 2025] "GET /index.jsp HTTP/1.1" %U HTTP/1.1" %s %b
17/Jan/2025:13:52:04 +0530  - - [17/Jan/2025:13:52:04 +0530] "0:0:0:0:0:0:0:1 - - [Fri Jan 17 13:52:04 IST 2025] "GET /login.jsp HTTP/1.1" %U HTTP/1.1" %s %b
17/Jan/2025:13:52:06 +0530  - - [17/Jan/2025:13:52:06 +0530] "0:0:0:0:0:0:0:1 - - [Fri Jan 17 13:52:06 IST 2025] "GET /login.jsp HTTP/1.1" %U HTTP/1.1" %s %b
17/Jan/2025:13:52:13 +0530  - - [17/Jan/2025:13:52:13 +0530] "0:0:0:0:0:0:0:1 - - [Fri Jan 17 13:52:13 IST 2025] "POST /login HTTP/1.1" %U HTTP/1.1" %s %b
17/Jan/2025:13:52:13 +0530  - - [17/Jan/2025:13:52:13 +0530] "User logged in: user_id=24 %U HTTP/1.1" %s %b
17/Jan/2025:13:52:13 +0530  - - [17/Jan/2025:13:52:13 +0530] " 24 4a5bc26e-c4bb-449e-874e-57c98f3dd96a: 0:0:0:0:0:0:0:1 - - [Fri Jan 17 13:52:13 IST 2025] "GET /home.jsp HTTP/1.1" %U HTTP/1.1" %s %b
17/Jan/2025:13:52:17 +0530  - - [17/Jan/2025:13:52:17 +0530] " 24 4a5bc26e-c4bb-449e-874e-57c98f3dd96a: 0:0:0:0:0:0:0:1 - - [Fri Jan 17 13:52:17 IST 2025] "GET /login.jsp HTTP/1.1" %U HTTP/1.1" %s %b
17/Jan/2025:13:52:17 +0530  - - [17/Jan/2025:13:52:17 +0530] " 24 4a5bc26e-c4bb-449e-874e-57c98f3dd96a: 0:0:0:0:0:0:0:1 - - [Fri Jan 17 13:52:17 IST 2025] "GET /home.jsp HTTP/1.1" %U HTTP/1.1" %s %b
17/Jan/2025:13:52:27 +0530  - - [17/Jan/2025:13:52:27 +0530] " 24 4a5bc26e-c4bb-449e-874e-57c98f3dd96a: 0:0:0:0:0:0:0:1 - - [Fri Jan 17 13:52:27 IST 2025] "GET /logout HTTP/1.1" %U HTTP/1.1" %s %b
17/Jan/2025:13:52:27 +0530  - - [17/Jan/2025:13:52:27 +0530] "0:0:0:0:0:0:0:1 - - [Fri Jan 17 13:52:27 IST 2025] "GET /login.jsp HTTP/1.1" %U HTTP/1.1" %s %b
17/Jan/2025:13:52:30 +0530  - - [17/Jan/2025:13:52:30 +0530] "0:0:0:0:0:0:0:1 - - [Fri Jan 17 13:52:30 IST 2025] "GET /index.jsp HTTP/1.1" %U HTTP/1.1" %s %b
17/Jan/2025:13:52:32 +0530  - - [17/Jan/2025:13:52:32 +0530] "0:0:0:0:0:0:0:1 - - [Fri Jan 17 13:52:32 IST 2025] "GET /login.jsp HTTP/1.1" %U HTTP/1.1" %s %b
17/Jan/2025:13:52:46 +0530  - - [17/Jan/2025:13:52:46 +0530] "0:0:0:0:0:0:0:1 - - [Fri Jan 17 13:52:46 IST 2025] "POST /login HTTP/1.1" %U HTTP/1.1" %s %b
17/Jan/2025:13:52:46 +0530  - - [17/Jan/2025:13:52:46 +0530] "User logged in: user_id=24 %U HTTP/1.1" %s %b
17/Jan/2025:13:52:46 +0530  - - [17/Jan/2025:13:52:46 +0530] " 24 50bac4a1-abc3-4dd0-be0e-9e6b1ac24580: 0:0:0:0:0:0:0:1 - - [Fri Jan 17 13:52:46 IST 2025] "GET /home.jsp HTTP/1.1" %U HTTP/1.1" %s %b
17/Jan/2025:13:52:58 +0530  - - [17/Jan/2025:13:52:58 +0530] " 24 50bac4a1-abc3-4dd0-be0e-9e6b1ac24580: 0:0:0:0:0:0:0:1 - - [Fri Jan 17 13:52:58 IST 2025] "POST /login HTTP/1.1" %U HTTP/1.1" %s %b
17/Jan/2025:13:53:02 +0530  - - [17/Jan/2025:13:53:02 +0530] " 24 50bac4a1-abc3-4dd0-be0e-9e6b1ac24580: 0:0:0:0:0:0:0:1 - - [Fri Jan 17 13:53:02 IST 2025] "POST /login HTTP/1.1" %U HTTP/1.1" %s %b
17/Jan/2025:13:53:06 +0530  - - [17/Jan/2025:13:53:06 +0530] " 24 50bac4a1-abc3-4dd0-be0e-9e6b1ac24580: 0:0:0:0:0:0:0:1 - - [Fri Jan 17 13:53:06 IST 2025] "GET /home.jsp HTTP/1.1" %U HTTP/1.1" %s %b
17/Jan/2025:13:53:09 +0530  - - [17/Jan/2025:13:53:09 +0530] " 24 50bac4a1-abc3-4dd0-be0e-9e6b1ac24580: 0:0:0:0:0:0:0:1 - - [Fri Jan 17 13:53:09 IST 2025] "GET /home.jsp HTTP/1.1" %U HTTP/1.1" %s %b
17/Jan/2025:13:53:11 +0530  - - [17/Jan/2025:13:53:11 +0530] " 24 50bac4a1-abc3-4dd0-be0e-9e6b1ac24580: 0:0:0:0:0:0:0:1 - - [Fri Jan 17 13:53:11 IST 2025] "GET /home.jsp HTTP/1.1" %U HTTP/1.1" %s %b
17/Jan/2025:13:53:11 +0530  - - [17/Jan/2025:13:53:11 +0530] " 24 50bac4a1-abc3-4dd0-be0e-9e6b1ac24580: 0:0:0:0:0:0:0:1 - - [Fri Jan 17 13:53:11 IST 2025] "GET /home.jsp HTTP/1.1" %U HTTP/1.1" %s %b
17/Jan/2025:13:53:12 +0530  - - [17/Jan/2025:13:53:12 +0530] " 24 50bac4a1-abc3-4dd0-be0e-9e6b1ac24580: 0:0:0:0:0:0:0:1 - - [Fri Jan 17 13:53:12 IST 2025] "GET /home.jsp HTTP/1.1" %U HTTP/1.1" %s %b
17/Jan/2025:13:53:12 +0530  - - [17/Jan/2025:13:53:12 +0530] " 24 50bac4a1-abc3-4dd0-be0e-9e6b1ac24580: 0:0:0:0:0:0:0:1 - - [Fri Jan 17 13:53:12 IST 2025] "GET /home.jsp HTTP/1.1" %U HTTP/1.1" %s %b
17/Jan/2025:13:53:13 +0530  - - [17/Jan/2025:13:53:13 +0530] " 24 50bac4a1-abc3-4dd0-be0e-9e6b1ac24580: 0:0:0:0:0:0:0:1 - - [Fri Jan 17 13:53:13 IST 2025] "GET /myDetails.jsp HTTP/1.1" %U HTTP/1.1" %s %b
17/Jan/2025:13:53:13 +0530  - - [17/Jan/2025:13:53:13 +0530] " 24 50bac4a1-abc3-4dd0-be0e-9e6b1ac24580: 0:0:0:0:0:0:0:1 - - [Fri Jan 17 13:53:13 IST 2025] "GET /myDetails.jsp HTTP/1.1" %U HTTP/1.1" %s %b
17/Jan/2025:13:53:15 +0530  - - [17/Jan/2025:13:53:15 +0530] " 24 50bac4a1-abc3-4dd0-be0e-9e6b1ac24580: 0:0:0:0:0:0:0:1 - - [Fri Jan 17 13:53:15 IST 2025] "GET /contacts.jsp HTTP/1.1" %U HTTP/1.1" %s %b
17/Jan/2025:13:53:16 +0530  - - [17/Jan/2025:13:53:16 +0530] " 24 50bac4a1-abc3-4dd0-be0e-9e6b1ac24580: 0:0:0:0:0:0:0:1 - - [Fri Jan 17 13:53:16 IST 2025] "GET /contacts.jsp HTTP/1.1" %U HTTP/1.1" %s %b
17/Jan/2025:13:53:17 +0530  - - [17/Jan/2025:13:53:17 +0530] " 24 50bac4a1-abc3-4dd0-be0e-9e6b1ac24580: 0:0:0:0:0:0:0:1 - - [Fri Jan 17 13:53:17 IST 2025] "GET /contacts.jsp HTTP/1.1" %U HTTP/1.1" %s %b
17/Jan/2025:13:53:17 +0530  - - [17/Jan/2025:13:53:17 +0530] " 24 50bac4a1-abc3-4dd0-be0e-9e6b1ac24580: 0:0:0:0:0:0:0:1 - - [Fri Jan 17 13:53:17 IST 2025] "GET /contacts.jsp HTTP/1.1" %U HTTP/1.1" %s %b
17/Jan/2025:13:53:17 +0530  - - [17/Jan/2025:13:53:17 +0530] " 24 50bac4a1-abc3-4dd0-be0e-9e6b1ac24580: 0:0:0:0:0:0:0:1 - - [Fri Jan 17 13:53:17 IST 2025] "GET /contacts.jsp HTTP/1.1" %U HTTP/1.1" %s %b
17/Jan/2025:13:53:17 +0530  - - [17/Jan/2025:13:53:17 +0530] " 24 50bac4a1-abc3-4dd0-be0e-9e6b1ac24580: 0:0:0:0:0:0:0:1 - - [Fri Jan 17 13:53:17 IST 2025] "GET /contacts.jsp HTTP/1.1" %U HTTP/1.1" %s %b
17/Jan/2025:13:53:17 +0530  - - [17/Jan/2025:13:53:17 +0530] " 24 50bac4a1-abc3-4dd0-be0e-9e6b1ac24580: 0:0:0:0:0:0:0:1 - - [Fri Jan 17 13:53:17 IST 2025] "GET /contacts.jsp HTTP/1.1" %U HTTP/1.1" %s %b
17/Jan/2025:13:53:47 +0530  - - [17/Jan/2025:13:53:47 +0530] " 24 50bac4a1-abc3-4dd0-be0e-9e6b1ac24580: 0:0:0:0:0:0:0:1 - - [Fri Jan 17 13:53:47 IST 2025] "POST /login HTTP/1.1" %U HTTP/1.1" %s %b
17/Jan/2025:13:53:54 +0530  - - [17/Jan/2025:13:53:54 +0530] " 24 50bac4a1-abc3-4dd0-be0e-9e6b1ac24580: 0:0:0:0:0:0:0:1 - - [Fri Jan 17 13:53:54 IST 2025] "POST /login HTTP/1.1" %U HTTP/1.1" %s %b
17/Jan/2025:13:55:56 +0530  - - [17/Jan/2025:13:55:56 +0530] " 24 50bac4a1-abc3-4dd0-be0e-9e6b1ac24580: 0:0:0:0:0:0:0:1 - - [Fri Jan 17 13:55:56 IST 2025] "GET /index.jsp HTTP/1.1" %U HTTP/1.1" %s %b
17/Jan/2025:13:55:58 +0530  - - [17/Jan/2025:13:55:58 +0530] " 24 50bac4a1-abc3-4dd0-be0e-9e6b1ac24580: 0:0:0:0:0:0:0:1 - - [Fri Jan 17 13:55:58 IST 2025] "GET /login.jsp HTTP/1.1" %U HTTP/1.1" %s %b
17/Jan/2025:13:55:58 +0530  - - [17/Jan/2025:13:55:58 +0530] " 24 50bac4a1-abc3-4dd0-be0e-9e6b1ac24580: 0:0:0:0:0:0:0:1 - - [Fri Jan 17 13:55:58 IST 2025] "GET /home.jsp HTTP/1.1" %U HTTP/1.1" %s %b
17/Jan/2025:13:56:37 +0530  - - [17/Jan/2025:13:56:37 +0530] "Server stoped at Fri Jan 17 13:56:37 IST 2025 %U HTTP/1.1" %s %b
