24/Dec/2024:16:36:39 +0530  - - [24/Dec/2024:16:36:39 +0530] "Server registered with IP: 127.0.1.1 and Port: 8080 %U HTTP/1.1" %s %b
24/Dec/2024:16:36:39 +0530  - - [24/Dec/2024:16:36:39 +0530] "Server started at Tue Dec 24 16:36:39 IST 2024 %U HTTP/1.1" %s %b
24/Dec/2024:16:36:48 +0530  - - [24/Dec/2024:16:36:48 +0530] " 24 5cbecf4b-ce68-44b3-92ed-ddc48be52edb: 0:0:0:0:0:0:0:1 - - [Tue Dec 24 16:36:48 IST 2024] "GET /logout HTTP/1.1" %U HTTP/1.1" %s %b
24/Dec/2024:16:36:48 +0530  - - [24/Dec/2024:16:36:48 +0530] "0:0:0:0:0:0:0:1 - - [Tue Dec 24 16:36:48 IST 2024] "GET /login.jsp HTTP/1.1" %U HTTP/1.1" %s %b
24/Dec/2024:16:36:59 +0530  - - [24/Dec/2024:16:36:59 +0530] "0:0:0:0:0:0:0:1 - - [Tue Dec 24 16:36:59 IST 2024] "POST /login HTTP/1.1" %U HTTP/1.1" %s %b
24/Dec/2024:16:36:59 +0530  - - [24/Dec/2024:16:36:59 +0530] "User logged in: user_id=24 %U HTTP/1.1" %s %b
24/Dec/2024:16:36:59 +0530  - - [24/Dec/2024:16:36:59 +0530] " 24 ce6148c2-2b7d-4999-bc41-e284d08c361b: 0:0:0:0:0:0:0:1 - - [Tue Dec 24 16:36:59 IST 2024] "GET /home.jsp HTTP/1.1" %U HTTP/1.1" %s %b
24/Dec/2024:16:37:37 +0530  - - [24/Dec/2024:16:37:37 +0530] " 24 ce6148c2-2b7d-4999-bc41-e284d08c361b: 0:0:0:0:0:0:0:1 - - [Tue Dec 24 16:37:37 IST 2024] "GET /myDetails.jsp HTTP/1.1" %U HTTP/1.1" %s %b
24/Dec/2024:16:37:38 +0530  - - [24/Dec/2024:16:37:38 +0530] " 24 ce6148c2-2b7d-4999-bc41-e284d08c361b: 0:0:0:0:0:0:0:1 - - [Tue Dec 24 16:37:38 IST 2024] "GET /category.jsp HTTP/1.1" %U HTTP/1.1" %s %b
24/Dec/2024:16:37:38 +0530  - - [24/Dec/2024:16:37:38 +0530] " 24 ce6148c2-2b7d-4999-bc41-e284d08c361b: 0:0:0:0:0:0:0:1 - - [Tue Dec 24 16:37:38 IST 2024] "GET /category.jsp HTTP/1.1" %U HTTP/1.1" %s %b
24/Dec/2024:16:37:41 +0530  - - [24/Dec/2024:16:37:41 +0530] " 24 ce6148c2-2b7d-4999-bc41-e284d08c361b: 0:0:0:0:0:0:0:1 - - [Tue Dec 24 16:37:41 IST 2024] "GET /category.jsp HTTP/1.1" %U HTTP/1.1" %s %b
24/Dec/2024:16:37:41 +0530  - - [24/Dec/2024:16:37:41 +0530] " 24 ce6148c2-2b7d-4999-bc41-e284d08c361b: 0:0:0:0:0:0:0:1 - - [Tue Dec 24 16:37:41 IST 2024] "GET /category.jsp HTTP/1.1" %U HTTP/1.1" %s %b
24/Dec/2024:16:38:03 +0530  - - [24/Dec/2024:16:38:03 +0530] " 24 ce6148c2-2b7d-4999-bc41-e284d08c361b: 0:0:0:0:0:0:0:1 - - [Tue Dec 24 16:38:03 IST 2024] "GET /contacts.jsp HTTP/1.1" %U HTTP/1.1" %s %b
24/Dec/2024:16:38:03 +0530  - - [24/Dec/2024:16:38:03 +0530] " 24 ce6148c2-2b7d-4999-bc41-e284d08c361b: 0:0:0:0:0:0:0:1 - - [Tue Dec 24 16:38:03 IST 2024] "GET /contacts.jsp HTTP/1.1" %U HTTP/1.1" %s %b
24/Dec/2024:16:38:04 +0530  - - [24/Dec/2024:16:38:04 +0530] " 24 ce6148c2-2b7d-4999-bc41-e284d08c361b: 0:0:0:0:0:0:0:1 - - [Tue Dec 24 16:38:04 IST 2024] "GET /contacts.jsp HTTP/1.1" %U HTTP/1.1" %s %b
24/Dec/2024:16:38:05 +0530  - - [24/Dec/2024:16:38:05 +0530] " 24 ce6148c2-2b7d-4999-bc41-e284d08c361b: 0:0:0:0:0:0:0:1 - - [Tue Dec 24 16:38:05 IST 2024] "GET /logout HTTP/1.1" %U HTTP/1.1" %s %b
24/Dec/2024:16:38:05 +0530  - - [24/Dec/2024:16:38:05 +0530] "0:0:0:0:0:0:0:1 - - [Tue Dec 24 16:38:05 IST 2024] "GET /login.jsp HTTP/1.1" %U HTTP/1.1" %s %b
24/Dec/2024:16:38:11 +0530  - - [24/Dec/2024:16:38:11 +0530] "0:0:0:0:0:0:0:1 - - [Tue Dec 24 16:38:11 IST 2024] "POST /login HTTP/1.1" %U HTTP/1.1" %s %b
24/Dec/2024:16:38:11 +0530  - - [24/Dec/2024:16:38:11 +0530] "User logged in: user_id=24 %U HTTP/1.1" %s %b
24/Dec/2024:16:38:11 +0530  - - [24/Dec/2024:16:38:11 +0530] " 24 51d5a890-2011-43f9-86e9-f1e1c4de3378: 0:0:0:0:0:0:0:1 - - [Tue Dec 24 16:38:11 IST 2024] "GET /home.jsp HTTP/1.1" %U HTTP/1.1" %s %b
24/Dec/2024:16:38:13 +0530  - - [24/Dec/2024:16:38:13 +0530] " 24 51d5a890-2011-43f9-86e9-f1e1c4de3378: 0:0:0:0:0:0:0:1 - - [Tue Dec 24 16:38:13 IST 2024] "GET /category.jsp HTTP/1.1" %U HTTP/1.1" %s %b
24/Dec/2024:16:38:14 +0530  - - [24/Dec/2024:16:38:14 +0530] " 24 51d5a890-2011-43f9-86e9-f1e1c4de3378: 0:0:0:0:0:0:0:1 - - [Tue Dec 24 16:38:14 IST 2024] "GET /contacts.jsp HTTP/1.1" %U HTTP/1.1" %s %b
24/Dec/2024:16:38:16 +0530  - - [24/Dec/2024:16:38:16 +0530] " 24 51d5a890-2011-43f9-86e9-f1e1c4de3378: 0:0:0:0:0:0:0:1 - - [Tue Dec 24 16:38:16 IST 2024] "GET /logout HTTP/1.1" %U HTTP/1.1" %s %b
24/Dec/2024:16:38:16 +0530  - - [24/Dec/2024:16:38:16 +0530] "0:0:0:0:0:0:0:1 - - [Tue Dec 24 16:38:16 IST 2024] "GET /login.jsp HTTP/1.1" %U HTTP/1.1" %s %b
24/Dec/2024:16:38:37 +0530  - - [24/Dec/2024:16:38:37 +0530] "0:0:0:0:0:0:0:1 - - [Tue Dec 24 16:38:37 IST 2024] "POST /login HTTP/1.1" %U HTTP/1.1" %s %b
24/Dec/2024:16:38:37 +0530  - - [24/Dec/2024:16:38:37 +0530] "0:0:0:0:0:0:0:1 - - [Tue Dec 24 16:38:37 IST 2024] "GET /login.jsp HTTP/1.1" %U HTTP/1.1" %s %b
24/Dec/2024:16:38:44 +0530  - - [24/Dec/2024:16:38:44 +0530] "0:0:0:0:0:0:0:1 - - [Tue Dec 24 16:38:44 IST 2024] "POST /login HTTP/1.1" %U HTTP/1.1" %s %b
24/Dec/2024:16:38:44 +0530  - - [24/Dec/2024:16:38:44 +0530] "User logged in: user_id=24 %U HTTP/1.1" %s %b
24/Dec/2024:16:38:44 +0530  - - [24/Dec/2024:16:38:44 +0530] " 24 1ac2bacb-0b06-4783-b9b6-b4c8f801ba16: 0:0:0:0:0:0:0:1 - - [Tue Dec 24 16:38:44 IST 2024] "GET /home.jsp HTTP/1.1" %U HTTP/1.1" %s %b
24/Dec/2024:16:38:52 +0530  - - [24/Dec/2024:16:38:52 +0530] " 24 1ac2bacb-0b06-4783-b9b6-b4c8f801ba16: 0:0:0:0:0:0:0:1 - - [Tue Dec 24 16:38:52 IST 2024] "GET /EditDetails.jsp HTTP/1.1" %U HTTP/1.1" %s %b
24/Dec/2024:16:39:06 +0530  - - [24/Dec/2024:16:39:06 +0530] " 24 1ac2bacb-0b06-4783-b9b6-b4c8f801ba16: 0:0:0:0:0:0:0:1 - - [Tue Dec 24 16:39:06 IST 2024] "POST /update HTTP/1.1" %U HTTP/1.1" %s %b
24/Dec/2024:16:39:06 +0530  - - [24/Dec/2024:16:39:06 +0530] " 24 1ac2bacb-0b06-4783-b9b6-b4c8f801ba16: 0:0:0:0:0:0:0:1 - - [Tue Dec 24 16:39:06 IST 2024] "GET /EditDetails.jsp HTTP/1.1" %U HTTP/1.1" %s %b
24/Dec/2024:16:39:17 +0530  - - [24/Dec/2024:16:39:17 +0530] " 24 1ac2bacb-0b06-4783-b9b6-b4c8f801ba16: 0:0:0:0:0:0:0:1 - - [Tue Dec 24 16:39:17 IST 2024] "POST /update HTTP/1.1" %U HTTP/1.1" %s %b
24/Dec/2024:16:39:17 +0530  - - [24/Dec/2024:16:39:17 +0530] " 24 1ac2bacb-0b06-4783-b9b6-b4c8f801ba16: 0:0:0:0:0:0:0:1 - - [Tue Dec 24 16:39:17 IST 2024] "GET /EditDetails.jsp HTTP/1.1" %U HTTP/1.1" %s %b
24/Dec/2024:16:39:40 +0530  - - [24/Dec/2024:16:39:40 +0530] " 24 1ac2bacb-0b06-4783-b9b6-b4c8f801ba16: 0:0:0:0:0:0:0:1 - - [Tue Dec 24 16:39:40 IST 2024] "GET /category.jsp HTTP/1.1" %U HTTP/1.1" %s %b
24/Dec/2024:16:39:42 +0530  - - [24/Dec/2024:16:39:42 +0530] " 24 1ac2bacb-0b06-4783-b9b6-b4c8f801ba16: 0:0:0:0:0:0:0:1 - - [Tue Dec 24 16:39:42 IST 2024] "GET /categoryDetails.jsp HTTP/1.1" %U HTTP/1.1" %s %b
24/Dec/2024:16:39:46 +0530  - - [24/Dec/2024:16:39:46 +0530] " 24 1ac2bacb-0b06-4783-b9b6-b4c8f801ba16: 0:0:0:0:0:0:0:1 - - [Tue Dec 24 16:39:46 IST 2024] "GET /categoryDetails.jsp HTTP/1.1" %U HTTP/1.1" %s %b
24/Dec/2024:16:39:52 +0530  - - [24/Dec/2024:16:39:52 +0530] " 24 1ac2bacb-0b06-4783-b9b6-b4c8f801ba16: 0:0:0:0:0:0:0:1 - - [Tue Dec 24 16:39:52 IST 2024] "GET /categoryDetails.jsp HTTP/1.1" %U HTTP/1.1" %s %b
24/Dec/2024:16:40:38 +0530  - - [24/Dec/2024:16:40:38 +0530] " 24 1ac2bacb-0b06-4783-b9b6-b4c8f801ba16: 0:0:0:0:0:0:0:1 - - [Tue Dec 24 16:40:38 IST 2024] "GET /categoryDetails.jsp HTTP/1.1" %U HTTP/1.1" %s %b
24/Dec/2024:16:40:42 +0530  - - [24/Dec/2024:16:40:42 +0530] " 24 1ac2bacb-0b06-4783-b9b6-b4c8f801ba16: 0:0:0:0:0:0:0:1 - - [Tue Dec 24 16:40:42 IST 2024] "GET /categoryDetails.jsp HTTP/1.1" %U HTTP/1.1" %s %b
24/Dec/2024:16:40:58 +0530  - - [24/Dec/2024:16:40:58 +0530] " 24 1ac2bacb-0b06-4783-b9b6-b4c8f801ba16: 0:0:0:0:0:0:0:1 - - [Tue Dec 24 16:40:58 IST 2024] "GET /addContactToCategory.jsp HTTP/1.1" %U HTTP/1.1" %s %b
24/Dec/2024:16:40:58 +0530  - - [24/Dec/2024:16:40:58 +0530] " 24 1ac2bacb-0b06-4783-b9b6-b4c8f801ba16: 0:0:0:0:0:0:0:1 - - [Tue Dec 24 16:40:58 IST 2024] "GET /categoryDetails.jsp HTTP/1.1" %U HTTP/1.1" %s %b
24/Dec/2024:16:41:48 +0530  - - [24/Dec/2024:16:41:48 +0530] " 24 1ac2bacb-0b06-4783-b9b6-b4c8f801ba16: 0:0:0:0:0:0:0:1 - - [Tue Dec 24 16:41:48 IST 2024] "GET /logout HTTP/1.1" %U HTTP/1.1" %s %b
24/Dec/2024:16:41:48 +0530  - - [24/Dec/2024:16:41:48 +0530] "0:0:0:0:0:0:0:1 - - [Tue Dec 24 16:41:48 IST 2024] "GET /login.jsp HTTP/1.1" %U HTTP/1.1" %s %b
24/Dec/2024:16:41:57 +0530  - - [24/Dec/2024:16:41:57 +0530] "0:0:0:0:0:0:0:1 - - [Tue Dec 24 16:41:57 IST 2024] "POST /login HTTP/1.1" %U HTTP/1.1" %s %b
24/Dec/2024:16:41:57 +0530  - - [24/Dec/2024:16:41:57 +0530] "0:0:0:0:0:0:0:1 - - [Tue Dec 24 16:41:57 IST 2024] "GET /login.jsp HTTP/1.1" %U HTTP/1.1" %s %b
24/Dec/2024:16:42:05 +0530  - - [24/Dec/2024:16:42:05 +0530] "0:0:0:0:0:0:0:1 - - [Tue Dec 24 16:42:05 IST 2024] "POST /login HTTP/1.1" %U HTTP/1.1" %s %b
24/Dec/2024:16:42:06 +0530  - - [24/Dec/2024:16:42:06 +0530] "User logged in: user_id=22 %U HTTP/1.1" %s %b
24/Dec/2024:16:42:06 +0530  - - [24/Dec/2024:16:42:06 +0530] " 22 c6921ba4-a125-4f7e-86f0-8f03126b9c5f: 0:0:0:0:0:0:0:1 - - [Tue Dec 24 16:42:06 IST 2024] "GET /home.jsp HTTP/1.1" %U HTTP/1.1" %s %b
24/Dec/2024:16:42:08 +0530  - - [24/Dec/2024:16:42:08 +0530] " 22 c6921ba4-a125-4f7e-86f0-8f03126b9c5f: 0:0:0:0:0:0:0:1 - - [Tue Dec 24 16:42:08 IST 2024] "GET /category.jsp HTTP/1.1" %U HTTP/1.1" %s %b
24/Dec/2024:16:42:09 +0530  - - [24/Dec/2024:16:42:09 +0530] " 22 c6921ba4-a125-4f7e-86f0-8f03126b9c5f: 0:0:0:0:0:0:0:1 - - [Tue Dec 24 16:42:09 IST 2024] "GET /categoryDetails.jsp HTTP/1.1" %U HTTP/1.1" %s %b
24/Dec/2024:16:43:10 +0530  - - [24/Dec/2024:16:43:10 +0530] " 22 c6921ba4-a125-4f7e-86f0-8f03126b9c5f: 0:0:0:0:0:0:0:1 - - [Tue Dec 24 16:43:10 IST 2024] "GET /categoryDetails.jsp HTTP/1.1" %U HTTP/1.1" %s %b
24/Dec/2024:16:43:49 +0530  - - [24/Dec/2024:16:43:49 +0530] " 22 c6921ba4-a125-4f7e-86f0-8f03126b9c5f: 0:0:0:0:0:0:0:1 - - [Tue Dec 24 16:43:49 IST 2024] "GET /logout HTTP/1.1" %U HTTP/1.1" %s %b
24/Dec/2024:16:43:49 +0530  - - [24/Dec/2024:16:43:49 +0530] "0:0:0:0:0:0:0:1 - - [Tue Dec 24 16:43:49 IST 2024] "GET /login.jsp HTTP/1.1" %U HTTP/1.1" %s %b
24/Dec/2024:17:45:29 +0530  - - [24/Dec/2024:17:45:29 +0530] "Server stoped at Tue Dec 24 17:45:29 IST 2024 %U HTTP/1.1" %s %b
