21/Dec/2024:11:39:32 +0530  - - [21/Dec/2024:11:39:32 +0530] "Server registered with IP: 127.0.1.1 and Port: 8080 %U HTTP/1.1" %s %b
21/Dec/2024:11:39:32 +0530  - - [21/Dec/2024:11:39:32 +0530] "Server started at Sat Dec 21 11:39:32 IST 2024 %U HTTP/1.1" %s %b
21/Dec/2024:11:39:32 +0530  - - [21/Dec/2024:11:39:32 +0530] "127.0.0.1 - - [Sat Dec 21 11:39:32 IST 2024] "GET / HTTP/1.1" %U HTTP/1.1" %s %b
21/Dec/2024:11:39:41 +0530  - - [21/Dec/2024:11:39:41 +0530] "0:0:0:0:0:0:0:1 - - [Sat Dec 21 11:39:41 IST 2024] "GET / HTTP/1.1" %U HTTP/1.1" %s %b
21/Dec/2024:11:39:41 +0530  - - [21/Dec/2024:11:39:41 +0530] "0:0:0:0:0:0:0:1 - - [Sat Dec 21 11:39:41 IST 2024] "GET /login.jsp HTTP/1.1" %U HTTP/1.1" %s %b
21/Dec/2024:11:39:41 +0530  - - [21/Dec/2024:11:39:41 +0530] "0:0:0:0:0:0:0:1 - - [Sat Dec 21 11:39:41 IST 2024] "GET /favicon.ico HTTP/1.1" %U HTTP/1.1" %s %b
21/Dec/2024:11:39:41 +0530  - - [21/Dec/2024:11:39:41 +0530] "0:0:0:0:0:0:0:1 - - [Sat Dec 21 11:39:41 IST 2024] "GET /login.jsp HTTP/1.1" %U HTTP/1.1" %s %b
21/Dec/2024:11:39:49 +0530  - - [21/Dec/2024:11:39:49 +0530] "0:0:0:0:0:0:0:1 - - [Sat Dec 21 11:39:49 IST 2024] "POST /login HTTP/1.1" %U HTTP/1.1" %s %b
21/Dec/2024:11:39:49 +0530  - - [21/Dec/2024:11:39:49 +0530] "User logged in: user_id=24 %U HTTP/1.1" %s %b
21/Dec/2024:11:39:49 +0530  - - [21/Dec/2024:11:39:49 +0530] " 24 457c1bf4-1f25-499a-b0f9-c1df3f746012: 0:0:0:0:0:0:0:1 - - [Sat Dec 21 11:39:49 IST 2024] "GET /home.jsp HTTP/1.1" %U HTTP/1.1" %s %b
21/Dec/2024:11:39:49 +0530  - - [21/Dec/2024:11:39:49 +0530] " 24 457c1bf4-1f25-499a-b0f9-c1df3f746012: 0:0:0:0:0:0:0:1 - - [Sat Dec 21 11:39:49 IST 2024] "GET /favicon.ico HTTP/1.1" %U HTTP/1.1" %s %b
21/Dec/2024:11:39:57 +0530  - - [21/Dec/2024:11:39:57 +0530] " 24 457c1bf4-1f25-499a-b0f9-c1df3f746012: 0:0:0:0:0:0:0:1 - - [Sat Dec 21 11:39:57 IST 2024] "GET /logout HTTP/1.1" %U HTTP/1.1" %s %b
21/Dec/2024:11:39:57 +0530  - - [21/Dec/2024:11:39:57 +0530] "0:0:0:0:0:0:0:1 - - [Sat Dec 21 11:39:57 IST 2024] "GET /login.jsp HTTP/1.1" %U HTTP/1.1" %s %b
21/Dec/2024:11:40:03 +0530  - - [21/Dec/2024:11:40:03 +0530] "0:0:0:0:0:0:0:1 - - [Sat Dec 21 11:40:03 IST 2024] "GET /index.jsp HTTP/1.1" %U HTTP/1.1" %s %b
21/Dec/2024:11:40:06 +0530  - - [21/Dec/2024:11:40:06 +0530] "0:0:0:0:0:0:0:1 - - [Sat Dec 21 11:40:06 IST 2024] "GET /register.jsp HTTP/1.1" %U HTTP/1.1" %s %b
21/Dec/2024:11:40:42 +0530  - - [21/Dec/2024:11:40:42 +0530] "0:0:0:0:0:0:0:1 - - [Sat Dec 21 11:40:42 IST 2024] "POST /register HTTP/1.1" %U HTTP/1.1" %s %b
21/Dec/2024:11:40:42 +0530  - - [21/Dec/2024:11:40:42 +0530] "0:0:0:0:0:0:0:1 - - [Sat Dec 21 11:40:42 IST 2024] "GET /login.jsp HTTP/1.1" %U HTTP/1.1" %s %b
21/Dec/2024:11:40:51 +0530  - - [21/Dec/2024:11:40:51 +0530] "0:0:0:0:0:0:0:1 - - [Sat Dec 21 11:40:51 IST 2024] "POST /login HTTP/1.1" %U HTTP/1.1" %s %b
21/Dec/2024:11:40:51 +0530  - - [21/Dec/2024:11:40:51 +0530] "0:0:0:0:0:0:0:1 - - [Sat Dec 21 11:40:51 IST 2024] "GET /login.jsp HTTP/1.1" %U HTTP/1.1" %s %b
21/Dec/2024:11:44:41 +0530  - - [21/Dec/2024:11:44:41 +0530] "Server stoped at Sat Dec 21 11:44:41 IST 2024 %U HTTP/1.1" %s %b
