16/Jan/2025:13:38:28 +0530  - - [16/Jan/2025:13:38:28 +0530] "Server registered with IP: 127.0.1.1 and Port: 8080 %U HTTP/1.1" %s %b
16/Jan/2025:13:38:28 +0530  - - [16/Jan/2025:13:38:28 +0530] "Server started at Thu Jan 16 13:38:28 IST 2025 %U HTTP/1.1" %s %b
16/Jan/2025:13:38:28 +0530  - - [16/Jan/2025:13:38:28 +0530] "127.0.0.1 - - [Thu Jan 16 13:38:28 IST 2025] "GET / HTTP/1.1" %U HTTP/1.1" %s %b
16/Jan/2025:13:38:34 +0530  - - [16/Jan/2025:13:38:34 +0530] " 24 71237990-a37f-434c-983a-f98548440b98: 0:0:0:0:0:0:0:1 - - [Thu Jan 16 13:38:34 IST 2025] "GET /index.jsp HTTP/1.1" %U HTTP/1.1" %s %b
16/Jan/2025:13:38:35 +0530  - - [16/Jan/2025:13:38:35 +0530] " 24 71237990-a37f-434c-983a-f98548440b98: 0:0:0:0:0:0:0:1 - - [Thu Jan 16 13:38:35 IST 2025] "GET /login.jsp HTTP/1.1" %U HTTP/1.1" %s %b
16/Jan/2025:13:38:35 +0530  - - [16/Jan/2025:13:38:35 +0530] " 24 71237990-a37f-434c-983a-f98548440b98: 0:0:0:0:0:0:0:1 - - [Thu Jan 16 13:38:35 IST 2025] "GET /home.jsp HTTP/1.1" %U HTTP/1.1" %s %b
16/Jan/2025:13:38:39 +0530  - - [16/Jan/2025:13:38:39 +0530] " 24 71237990-a37f-434c-983a-f98548440b98: 0:0:0:0:0:0:0:1 - - [Thu Jan 16 13:38:39 IST 2025] "GET /EditDetails.jsp HTTP/1.1" %U HTTP/1.1" %s %b
16/Jan/2025:13:38:42 +0530  - - [16/Jan/2025:13:38:42 +0530] " 24 71237990-a37f-434c-983a-f98548440b98: 0:0:0:0:0:0:0:1 - - [Thu Jan 16 13:38:42 IST 2025] "POST /mail HTTP/1.1" %U HTTP/1.1" %s %b
16/Jan/2025:13:38:42 +0530  - - [16/Jan/2025:13:38:42 +0530] " 24 71237990-a37f-434c-983a-f98548440b98: 0:0:0:0:0:0:0:1 - - [Thu Jan 16 13:38:42 IST 2025] "GET /EditDetails.jsp HTTP/1.1" %U HTTP/1.1" %s %b
16/Jan/2025:13:38:47 +0530  - - [16/Jan/2025:13:38:47 +0530] " 24 71237990-a37f-434c-983a-f98548440b98: 0:0:0:0:0:0:0:1 - - [Thu Jan 16 13:38:47 IST 2025] "POST /mail HTTP/1.1" %U HTTP/1.1" %s %b
16/Jan/2025:13:38:47 +0530  - - [16/Jan/2025:13:38:47 +0530] " 24 71237990-a37f-434c-983a-f98548440b98: 0:0:0:0:0:0:0:1 - - [Thu Jan 16 13:38:47 IST 2025] "GET /EditDetails.jsp HTTP/1.1" %U HTTP/1.1" %s %b
16/Jan/2025:13:39:38 +0530  - - [16/Jan/2025:13:39:38 +0530] " 24 71237990-a37f-434c-983a-f98548440b98: 0:0:0:0:0:0:0:1 - - [Thu Jan 16 13:39:38 IST 2025] "POST /mail HTTP/1.1" %U HTTP/1.1" %s %b
16/Jan/2025:13:39:38 +0530  - - [16/Jan/2025:13:39:38 +0530] " 24 71237990-a37f-434c-983a-f98548440b98: 0:0:0:0:0:0:0:1 - - [Thu Jan 16 13:39:38 IST 2025] "GET /myDetails.jsp HTTP/1.1" %U HTTP/1.1" %s %b
16/Jan/2025:13:39:48 +0530  - - [16/Jan/2025:13:39:48 +0530] " 24 71237990-a37f-434c-983a-f98548440b98: 0:0:0:0:0:0:0:1 - - [Thu Jan 16 13:39:48 IST 2025] "GET /EditDetails.jsp HTTP/1.1" %U HTTP/1.1" %s %b
16/Jan/2025:13:39:53 +0530  - - [16/Jan/2025:13:39:53 +0530] " 24 71237990-a37f-434c-983a-f98548440b98: 0:0:0:0:0:0:0:1 - - [Thu Jan 16 13:39:53 IST 2025] "POST /mail HTTP/1.1" %U HTTP/1.1" %s %b
16/Jan/2025:13:39:53 +0530  - - [16/Jan/2025:13:39:53 +0530] " 24 71237990-a37f-434c-983a-f98548440b98: 0:0:0:0:0:0:0:1 - - [Thu Jan 16 13:39:53 IST 2025] "GET /myDetails.jsp HTTP/1.1" %U HTTP/1.1" %s %b
16/Jan/2025:14:43:14 +0530  - - [16/Jan/2025:14:43:14 +0530] "0:0:0:0:0:0:0:1 - - [Thu Jan 16 14:43:14 IST 2025] "GET /index.jsp HTTP/1.1" %U HTTP/1.1" %s %b
16/Jan/2025:14:43:15 +0530  - - [16/Jan/2025:14:43:15 +0530] "0:0:0:0:0:0:0:1 - - [Thu Jan 16 14:43:15 IST 2025] "GET /login.jsp HTTP/1.1" %U HTTP/1.1" %s %b
16/Jan/2025:14:43:28 +0530  - - [16/Jan/2025:14:43:28 +0530] "0:0:0:0:0:0:0:1 - - [Thu Jan 16 14:43:28 IST 2025] "POST /login HTTP/1.1" %U HTTP/1.1" %s %b
16/Jan/2025:14:43:28 +0530  - - [16/Jan/2025:14:43:28 +0530] "User logged in: user_id=24 %U HTTP/1.1" %s %b
16/Jan/2025:14:43:28 +0530  - - [16/Jan/2025:14:43:28 +0530] " 24 7b7dcb36-1994-4500-8fd4-e6faff70f5d1: 0:0:0:0:0:0:0:1 - - [Thu Jan 16 14:43:28 IST 2025] "GET /home.jsp HTTP/1.1" %U HTTP/1.1" %s %b
16/Jan/2025:14:43:31 +0530  - - [16/Jan/2025:14:43:31 +0530] " 24 7b7dcb36-1994-4500-8fd4-e6faff70f5d1: 0:0:0:0:0:0:0:1 - - [Thu Jan 16 14:43:31 IST 2025] "GET /contacts.jsp HTTP/1.1" %U HTTP/1.1" %s %b
16/Jan/2025:14:43:36 +0530  - - [16/Jan/2025:14:43:36 +0530] " 24 7b7dcb36-1994-4500-8fd4-e6faff70f5d1: 0:0:0:0:0:0:0:1 - - [Thu Jan 16 14:43:36 IST 2025] "GET /contactDetails.jsp HTTP/1.1" %U HTTP/1.1" %s %b
16/Jan/2025:14:43:38 +0530  - - [16/Jan/2025:14:43:38 +0530] " 24 7b7dcb36-1994-4500-8fd4-e6faff70f5d1: 0:0:0:0:0:0:0:1 - - [Thu Jan 16 14:43:38 IST 2025] "GET /editContact.jsp HTTP/1.1" %U HTTP/1.1" %s %b
16/Jan/2025:14:44:46 +0530  - - [16/Jan/2025:14:44:46 +0530] " 24 7b7dcb36-1994-4500-8fd4-e6faff70f5d1: 0:0:0:0:0:0:0:1 - - [Thu Jan 16 14:44:46 IST 2025] "GET /contactDetails.jsp HTTP/1.1" %U HTTP/1.1" %s %b
16/Jan/2025:14:44:48 +0530  - - [16/Jan/2025:14:44:48 +0530] " 24 7b7dcb36-1994-4500-8fd4-e6faff70f5d1: 0:0:0:0:0:0:0:1 - - [Thu Jan 16 14:44:48 IST 2025] "GET /editContact.jsp HTTP/1.1" %U HTTP/1.1" %s %b
16/Jan/2025:14:46:37 +0530  - - [16/Jan/2025:14:46:37 +0530] " 24 7b7dcb36-1994-4500-8fd4-e6faff70f5d1: 0:0:0:0:0:0:0:1 - - [Thu Jan 16 14:46:37 IST 2025] "GET /contactDetails.jsp HTTP/1.1" %U HTTP/1.1" %s %b
16/Jan/2025:14:46:47 +0530  - - [16/Jan/2025:14:46:47 +0530] " 24 7b7dcb36-1994-4500-8fd4-e6faff70f5d1: 0:0:0:0:0:0:0:1 - - [Thu Jan 16 14:46:47 IST 2025] "GET /contacts.jsp HTTP/1.1" %U HTTP/1.1" %s %b
16/Jan/2025:14:48:42 +0530  - - [16/Jan/2025:14:48:42 +0530] " 24 7b7dcb36-1994-4500-8fd4-e6faff70f5d1: 0:0:0:0:0:0:0:1 - - [Thu Jan 16 14:48:42 IST 2025] "GET /contactDetails.jsp HTTP/1.1" %U HTTP/1.1" %s %b
16/Jan/2025:14:48:56 +0530  - - [16/Jan/2025:14:48:56 +0530] " 24 7b7dcb36-1994-4500-8fd4-e6faff70f5d1: 0:0:0:0:0:0:0:1 - - [Thu Jan 16 14:48:56 IST 2025] "GET /myDetails.jsp HTTP/1.1" %U HTTP/1.1" %s %b
16/Jan/2025:14:49:03 +0530  - - [16/Jan/2025:14:49:03 +0530] " 24 7b7dcb36-1994-4500-8fd4-e6faff70f5d1: 0:0:0:0:0:0:0:1 - - [Thu Jan 16 14:49:03 IST 2025] "GET /EditDetails.jsp HTTP/1.1" %U HTTP/1.1" %s %b
16/Jan/2025:14:55:47 +0530  - - [16/Jan/2025:14:55:47 +0530] "Server stoped at Thu Jan 16 14:55:47 IST 2025 %U HTTP/1.1" %s %b
