2024-12-27 16:04:41 INFO  AppContextListener - Server registered with IP: 127.0.1.1 and Port: 8080
2024-12-27 16:04:41 INFO  AppContextListener - Server started at Fri Dec 27 16:04:41 IST 2024
2024-12-27 16:04:42 INFO  FilterSession -  24 12381324-0ef4-4f94-8173-a63c2f786afe: 0:0:0:0:0:0:0:1 - - [Fri Dec 27 16:04:42 IST 2024] "GET /editContact.jsp HTTP/1.1"
2024-12-27 16:04:42 INFO  FilterSession -  24 12381324-0ef4-4f94-8173-a63c2f786afe: 0:0:0:0:0:0:0:1 - - [Fri Dec 27 16:04:42 IST 2024] "GET /editContact.jsp HTTP/1.1"
2024-12-27 16:04:42 INFO  FilterSession -  24 12381324-0ef4-4f94-8173-a63c2f786afe: 0:0:0:0:0:0:0:1 - - [Fri Dec 27 16:04:42 IST 2024] "GET /editContact.jsp HTTP/1.1"
2024-12-27 16:04:43 INFO  FilterSession -  24 12381324-0ef4-4f94-8173-a63c2f786afe: 0:0:0:0:0:0:0:1 - - [Fri Dec 27 16:04:43 IST 2024] "GET /editContact.jsp HTTP/1.1"
2024-12-27 16:04:43 INFO  FilterSession -  24 12381324-0ef4-4f94-8173-a63c2f786afe: 0:0:0:0:0:0:0:1 - - [Fri Dec 27 16:04:43 IST 2024] "GET /editContact.jsp HTTP/1.1"
2024-12-27 16:04:43 INFO  FilterSession -  24 12381324-0ef4-4f94-8173-a63c2f786afe: 0:0:0:0:0:0:0:1 - - [Fri Dec 27 16:04:43 IST 2024] "GET /editContact.jsp HTTP/1.1"
2024-12-27 16:04:43 INFO  FilterSession -  24 12381324-0ef4-4f94-8173-a63c2f786afe: 0:0:0:0:0:0:0:1 - - [Fri Dec 27 16:04:43 IST 2024] "GET /editContact.jsp HTTP/1.1"
2024-12-27 16:04:43 INFO  FilterSession -  24 12381324-0ef4-4f94-8173-a63c2f786afe: 0:0:0:0:0:0:0:1 - - [Fri Dec 27 16:04:43 IST 2024] "GET /editContact.jsp HTTP/1.1"
2024-12-27 16:04:45 INFO  FilterSession -  24 12381324-0ef4-4f94-8173-a63c2f786afe: 0:0:0:0:0:0:0:1 - - [Fri Dec 27 16:04:45 IST 2024] "POST /update2 HTTP/1.1"
2024-12-27 16:04:45 INFO  FilterSession -  24 12381324-0ef4-4f94-8173-a63c2f786afe: 0:0:0:0:0:0:0:1 - - [Fri Dec 27 16:04:45 IST 2024] "GET /contacts.jsp HTTP/1.1"
2024-12-27 16:04:47 INFO  FilterSession -  24 12381324-0ef4-4f94-8173-a63c2f786afe: 0:0:0:0:0:0:0:1 - - [Fri Dec 27 16:04:47 IST 2024] "GET /contactDetails.jsp HTTP/1.1"
2024-12-27 16:04:50 INFO  FilterSession -  24 12381324-0ef4-4f94-8173-a63c2f786afe: 0:0:0:0:0:0:0:1 - - [Fri Dec 27 16:04:50 IST 2024] "GET /editContact.jsp HTTP/1.1"
2024-12-27 16:04:57 INFO  FilterSession -  24 12381324-0ef4-4f94-8173-a63c2f786afe: 0:0:0:0:0:0:0:1 - - [Fri Dec 27 16:04:57 IST 2024] "POST /update2 HTTP/1.1"
2024-12-27 16:04:57 INFO  FilterSession -  24 12381324-0ef4-4f94-8173-a63c2f786afe: 0:0:0:0:0:0:0:1 - - [Fri Dec 27 16:04:57 IST 2024] "GET /contacts.jsp HTTP/1.1"
2024-12-27 16:05:13 INFO  FilterSession -  24 12381324-0ef4-4f94-8173-a63c2f786afe: 0:0:0:0:0:0:0:1 - - [Fri Dec 27 16:05:13 IST 2024] "GET /contacts.jsp HTTP/1.1"
2024-12-27 16:05:15 INFO  FilterSession -  24 12381324-0ef4-4f94-8173-a63c2f786afe: 0:0:0:0:0:0:0:1 - - [Fri Dec 27 16:05:15 IST 2024] "GET /contactDetails.jsp HTTP/1.1"
2024-12-27 16:05:18 INFO  FilterSession -  24 12381324-0ef4-4f94-8173-a63c2f786afe: 0:0:0:0:0:0:0:1 - - [Fri Dec 27 16:05:18 IST 2024] "GET /editContact.jsp HTTP/1.1"
2024-12-27 16:05:23 INFO  FilterSession -  24 12381324-0ef4-4f94-8173-a63c2f786afe: 0:0:0:0:0:0:0:1 - - [Fri Dec 27 16:05:23 IST 2024] "POST /update2 HTTP/1.1"
2024-12-27 16:05:23 INFO  FilterSession -  24 12381324-0ef4-4f94-8173-a63c2f786afe: 0:0:0:0:0:0:0:1 - - [Fri Dec 27 16:05:23 IST 2024] "GET /contacts.jsp HTTP/1.1"
2024-12-27 16:05:39 INFO  FilterSession -  24 12381324-0ef4-4f94-8173-a63c2f786afe: 0:0:0:0:0:0:0:1 - - [Fri Dec 27 16:05:39 IST 2024] "GET /contactDetails.jsp HTTP/1.1"
2024-12-27 16:05:41 INFO  FilterSession -  24 12381324-0ef4-4f94-8173-a63c2f786afe: 0:0:0:0:0:0:0:1 - - [Fri Dec 27 16:05:41 IST 2024] "GET /editContact.jsp HTTP/1.1"
2024-12-27 16:06:36 INFO  FilterSession -  24 12381324-0ef4-4f94-8173-a63c2f786afe: 0:0:0:0:0:0:0:1 - - [Fri Dec 27 16:06:36 IST 2024] "GET /contactDetails.jsp HTTP/1.1"
2024-12-27 16:06:39 INFO  FilterSession -  24 12381324-0ef4-4f94-8173-a63c2f786afe: 0:0:0:0:0:0:0:1 - - [Fri Dec 27 16:06:39 IST 2024] "GET /contacts.jsp HTTP/1.1"
2024-12-27 16:06:40 INFO  FilterSession -  24 12381324-0ef4-4f94-8173-a63c2f786afe: 0:0:0:0:0:0:0:1 - - [Fri Dec 27 16:06:40 IST 2024] "GET /createContact.jsp HTTP/1.1"
2024-12-27 16:07:00 INFO  FilterSession -  24 12381324-0ef4-4f94-8173-a63c2f786afe: 0:0:0:0:0:0:0:1 - - [Fri Dec 27 16:07:00 IST 2024] "GET /contacts.jsp HTTP/1.1"
2024-12-27 16:07:12 INFO  FilterSession -  24 12381324-0ef4-4f94-8173-a63c2f786afe: 0:0:0:0:0:0:0:1 - - [Fri Dec 27 16:07:12 IST 2024] "GET /createContact.jsp HTTP/1.1"
2024-12-27 16:07:19 INFO  FilterSession -  24 12381324-0ef4-4f94-8173-a63c2f786afe: 0:0:0:0:0:0:0:1 - - [Fri Dec 27 16:07:19 IST 2024] "GET /contacts.jsp HTTP/1.1"
2024-12-27 16:07:23 INFO  FilterSession -  24 12381324-0ef4-4f94-8173-a63c2f786afe: 0:0:0:0:0:0:0:1 - - [Fri Dec 27 16:07:23 IST 2024] "GET /category.jsp HTTP/1.1"
2024-12-27 16:11:52 INFO  FilterSession -  24 12381324-0ef4-4f94-8173-a63c2f786afe: 0:0:0:0:0:0:0:1 - - [Fri Dec 27 16:11:52 IST 2024] "GET /contacts.jsp HTTP/1.1"
2024-12-27 16:11:57 INFO  FilterSession -  24 12381324-0ef4-4f94-8173-a63c2f786afe: 0:0:0:0:0:0:0:1 - - [Fri Dec 27 16:11:57 IST 2024] "GET /createContact.jsp HTTP/1.1"
2024-12-27 17:23:26 INFO  AppContextListener - Server stoped at Fri Dec 27 17:23:26 IST 2024
