2025-01-16 13:38:28 INFO  AppContextListener - Server registered with IP: 127.0.1.1 and Port: 8080
2025-01-16 13:38:28 INFO  AppContextListener - Server started at Thu Jan 16 13:38:28 IST 2025
2025-01-16 13:38:28 INFO  FilterSession - 127.0.0.1 - - [Thu Jan 16 13:38:28 IST 2025] "GET / HTTP/1.1"
2025-01-16 13:38:34 INFO  FilterSession -  24 71237990-a37f-434c-983a-f98548440b98: 0:0:0:0:0:0:0:1 - - [Thu Jan 16 13:38:34 IST 2025] "GET /index.jsp HTTP/1.1"
2025-01-16 13:38:35 INFO  FilterSession -  24 71237990-a37f-434c-983a-f98548440b98: 0:0:0:0:0:0:0:1 - - [Thu Jan 16 13:38:35 IST 2025] "GET /login.jsp HTTP/1.1"
2025-01-16 13:38:35 INFO  FilterSession -  24 71237990-a37f-434c-983a-f98548440b98: 0:0:0:0:0:0:0:1 - - [Thu Jan 16 13:38:35 IST 2025] "GET /home.jsp HTTP/1.1"
2025-01-16 13:38:39 INFO  FilterSession -  24 71237990-a37f-434c-983a-f98548440b98: 0:0:0:0:0:0:0:1 - - [Thu Jan 16 13:38:39 IST 2025] "GET /EditDetails.jsp HTTP/1.1"
2025-01-16 13:38:42 INFO  FilterSession -  24 71237990-a37f-434c-983a-f98548440b98: 0:0:0:0:0:0:0:1 - - [Thu Jan 16 13:38:42 IST 2025] "POST /mail HTTP/1.1"
2025-01-16 13:38:42 INFO  FilterSession -  24 71237990-a37f-434c-983a-f98548440b98: 0:0:0:0:0:0:0:1 - - [Thu Jan 16 13:38:42 IST 2025] "GET /EditDetails.jsp HTTP/1.1"
2025-01-16 13:38:47 INFO  FilterSession -  24 71237990-a37f-434c-983a-f98548440b98: 0:0:0:0:0:0:0:1 - - [Thu Jan 16 13:38:47 IST 2025] "POST /mail HTTP/1.1"
2025-01-16 13:38:47 INFO  FilterSession -  24 71237990-a37f-434c-983a-f98548440b98: 0:0:0:0:0:0:0:1 - - [Thu Jan 16 13:38:47 IST 2025] "GET /EditDetails.jsp HTTP/1.1"
2025-01-16 13:39:38 INFO  FilterSession -  24 71237990-a37f-434c-983a-f98548440b98: 0:0:0:0:0:0:0:1 - - [Thu Jan 16 13:39:38 IST 2025] "POST /mail HTTP/1.1"
2025-01-16 13:39:38 INFO  FilterSession -  24 71237990-a37f-434c-983a-f98548440b98: 0:0:0:0:0:0:0:1 - - [Thu Jan 16 13:39:38 IST 2025] "GET /myDetails.jsp HTTP/1.1"
2025-01-16 13:39:48 INFO  FilterSession -  24 71237990-a37f-434c-983a-f98548440b98: 0:0:0:0:0:0:0:1 - - [Thu Jan 16 13:39:48 IST 2025] "GET /EditDetails.jsp HTTP/1.1"
2025-01-16 13:39:53 INFO  FilterSession -  24 71237990-a37f-434c-983a-f98548440b98: 0:0:0:0:0:0:0:1 - - [Thu Jan 16 13:39:53 IST 2025] "POST /mail HTTP/1.1"
2025-01-16 13:39:53 INFO  FilterSession -  24 71237990-a37f-434c-983a-f98548440b98: 0:0:0:0:0:0:0:1 - - [Thu Jan 16 13:39:53 IST 2025] "GET /myDetails.jsp HTTP/1.1"
2025-01-16 14:43:14 INFO  FilterSession - 0:0:0:0:0:0:0:1 - - [Thu Jan 16 14:43:14 IST 2025] "GET /index.jsp HTTP/1.1"
2025-01-16 14:43:15 INFO  FilterSession - 0:0:0:0:0:0:0:1 - - [Thu Jan 16 14:43:15 IST 2025] "GET /login.jsp HTTP/1.1"
2025-01-16 14:43:28 INFO  FilterSession - 0:0:0:0:0:0:0:1 - - [Thu Jan 16 14:43:28 IST 2025] "POST /login HTTP/1.1"
2025-01-16 14:43:28 INFO  ServletUserLogin - User logged in: user_id=24
2025-01-16 14:43:28 INFO  FilterSession -  24 7b7dcb36-1994-4500-8fd4-e6faff70f5d1: 0:0:0:0:0:0:0:1 - - [Thu Jan 16 14:43:28 IST 2025] "GET /home.jsp HTTP/1.1"
2025-01-16 14:43:31 INFO  FilterSession -  24 7b7dcb36-1994-4500-8fd4-e6faff70f5d1: 0:0:0:0:0:0:0:1 - - [Thu Jan 16 14:43:31 IST 2025] "GET /contacts.jsp HTTP/1.1"
2025-01-16 14:43:36 INFO  FilterSession -  24 7b7dcb36-1994-4500-8fd4-e6faff70f5d1: 0:0:0:0:0:0:0:1 - - [Thu Jan 16 14:43:36 IST 2025] "GET /contactDetails.jsp HTTP/1.1"
2025-01-16 14:43:38 INFO  FilterSession -  24 7b7dcb36-1994-4500-8fd4-e6faff70f5d1: 0:0:0:0:0:0:0:1 - - [Thu Jan 16 14:43:38 IST 2025] "GET /editContact.jsp HTTP/1.1"
2025-01-16 14:44:46 INFO  FilterSession -  24 7b7dcb36-1994-4500-8fd4-e6faff70f5d1: 0:0:0:0:0:0:0:1 - - [Thu Jan 16 14:44:46 IST 2025] "GET /contactDetails.jsp HTTP/1.1"
2025-01-16 14:44:48 INFO  FilterSession -  24 7b7dcb36-1994-4500-8fd4-e6faff70f5d1: 0:0:0:0:0:0:0:1 - - [Thu Jan 16 14:44:48 IST 2025] "GET /editContact.jsp HTTP/1.1"
2025-01-16 14:46:37 INFO  FilterSession -  24 7b7dcb36-1994-4500-8fd4-e6faff70f5d1: 0:0:0:0:0:0:0:1 - - [Thu Jan 16 14:46:37 IST 2025] "GET /contactDetails.jsp HTTP/1.1"
2025-01-16 14:46:47 INFO  FilterSession -  24 7b7dcb36-1994-4500-8fd4-e6faff70f5d1: 0:0:0:0:0:0:0:1 - - [Thu Jan 16 14:46:47 IST 2025] "GET /contacts.jsp HTTP/1.1"
2025-01-16 14:48:42 INFO  FilterSession -  24 7b7dcb36-1994-4500-8fd4-e6faff70f5d1: 0:0:0:0:0:0:0:1 - - [Thu Jan 16 14:48:42 IST 2025] "GET /contactDetails.jsp HTTP/1.1"
2025-01-16 14:48:56 INFO  FilterSession -  24 7b7dcb36-1994-4500-8fd4-e6faff70f5d1: 0:0:0:0:0:0:0:1 - - [Thu Jan 16 14:48:56 IST 2025] "GET /myDetails.jsp HTTP/1.1"
2025-01-16 14:49:03 INFO  FilterSession -  24 7b7dcb36-1994-4500-8fd4-e6faff70f5d1: 0:0:0:0:0:0:0:1 - - [Thu Jan 16 14:49:03 IST 2025] "GET /EditDetails.jsp HTTP/1.1"
2025-01-16 14:55:47 INFO  AppContextListener - Server stoped at Thu Jan 16 14:55:47 IST 2025
