2024-12-27 16:01:41 INFO  AppContextListener - Server registered with IP: 127.0.1.1 and Port: 8080
2024-12-27 16:01:41 INFO  AppContextListener - Server started at Fri Dec 27 16:01:41 IST 2024
2024-12-27 16:01:41 INFO  FilterSession - 127.0.0.1 - - [Fri Dec 27 16:01:41 IST 2024] "GET / HTTP/1.1"
2024-12-27 16:01:42 INFO  FilterSession - 0:0:0:0:0:0:0:1 - - [Fri Dec 27 16:01:42 IST 2024] "GET / HTTP/1.1"
2024-12-27 16:01:42 INFO  FilterSession - 0:0:0:0:0:0:0:1 - - [Fri Dec 27 16:01:42 IST 2024] "GET /login.jsp HTTP/1.1"
2024-12-27 16:01:51 INFO  FilterSession - 0:0:0:0:0:0:0:1 - - [Fri Dec 27 16:01:51 IST 2024] "POST /login HTTP/1.1"
2024-12-27 16:01:51 INFO  ServletUserLogin - User logged in: user_id=24
2024-12-27 16:01:51 INFO  FilterSession -  24 12381324-0ef4-4f94-8173-a63c2f786afe: 0:0:0:0:0:0:0:1 - - [Fri Dec 27 16:01:51 IST 2024] "GET /home.jsp HTTP/1.1"
2024-12-27 16:02:18 INFO  FilterSession -  24 12381324-0ef4-4f94-8173-a63c2f786afe: 0:0:0:0:0:0:0:1 - - [Fri Dec 27 16:02:18 IST 2024] "GET /contacts.jsp HTTP/1.1"
2024-12-27 16:02:19 INFO  FilterSession -  24 12381324-0ef4-4f94-8173-a63c2f786afe: 0:0:0:0:0:0:0:1 - - [Fri Dec 27 16:02:19 IST 2024] "GET /createContact.jsp HTTP/1.1"
2024-12-27 16:02:21 INFO  FilterSession -  24 12381324-0ef4-4f94-8173-a63c2f786afe: 0:0:0:0:0:0:0:1 - - [Fri Dec 27 16:02:21 IST 2024] "GET /contacts.jsp HTTP/1.1"
2024-12-27 16:02:34 INFO  FilterSession -  24 12381324-0ef4-4f94-8173-a63c2f786afe: 0:0:0:0:0:0:0:1 - - [Fri Dec 27 16:02:34 IST 2024] "GET /contactDetails.jsp HTTP/1.1"
2024-12-27 16:03:01 INFO  FilterSession -  24 12381324-0ef4-4f94-8173-a63c2f786afe: 0:0:0:0:0:0:0:1 - - [Fri Dec 27 16:03:01 IST 2024] "GET /editContact.jsp HTTP/1.1"
2024-12-27 16:03:03 INFO  FilterSession -  24 12381324-0ef4-4f94-8173-a63c2f786afe: 0:0:0:0:0:0:0:1 - - [Fri Dec 27 16:03:03 IST 2024] "POST /update2 HTTP/1.1"
2024-12-27 16:03:10 INFO  FilterSession -  24 12381324-0ef4-4f94-8173-a63c2f786afe: 0:0:0:0:0:0:0:1 - - [Fri Dec 27 16:03:10 IST 2024] "GET /editContact.jsp HTTP/1.1"
2024-12-27 16:04:00 INFO  FilterSession -  24 12381324-0ef4-4f94-8173-a63c2f786afe: 0:0:0:0:0:0:0:1 - - [Fri Dec 27 16:04:00 IST 2024] "POST /update2 HTTP/1.1"
2024-12-27 16:04:04 INFO  FilterSession -  24 12381324-0ef4-4f94-8173-a63c2f786afe: 0:0:0:0:0:0:0:1 - - [Fri Dec 27 16:04:04 IST 2024] "GET /editContact.jsp HTTP/1.1"
2024-12-27 16:04:09 INFO  FilterSession -  24 12381324-0ef4-4f94-8173-a63c2f786afe: 0:0:0:0:0:0:0:1 - - [Fri Dec 27 16:04:09 IST 2024] "GET /category.jsp HTTP/1.1"
2024-12-27 16:04:11 INFO  FilterSession -  24 12381324-0ef4-4f94-8173-a63c2f786afe: 0:0:0:0:0:0:0:1 - - [Fri Dec 27 16:04:11 IST 2024] "GET /myDetails.jsp HTTP/1.1"
2024-12-27 16:04:14 INFO  FilterSession -  24 12381324-0ef4-4f94-8173-a63c2f786afe: 0:0:0:0:0:0:0:1 - - [Fri Dec 27 16:04:14 IST 2024] "GET /contacts.jsp HTTP/1.1"
2024-12-27 16:04:16 INFO  FilterSession -  24 12381324-0ef4-4f94-8173-a63c2f786afe: 0:0:0:0:0:0:0:1 - - [Fri Dec 27 16:04:16 IST 2024] "GET /contactDetails.jsp HTTP/1.1"
2024-12-27 16:04:18 INFO  FilterSession -  24 12381324-0ef4-4f94-8173-a63c2f786afe: 0:0:0:0:0:0:0:1 - - [Fri Dec 27 16:04:18 IST 2024] "GET /editContact.jsp HTTP/1.1"
2024-12-27 16:04:19 INFO  FilterSession -  24 12381324-0ef4-4f94-8173-a63c2f786afe: 0:0:0:0:0:0:0:1 - - [Fri Dec 27 16:04:19 IST 2024] "POST /update2 HTTP/1.1"
2024-12-27 16:04:22 INFO  FilterSession -  24 12381324-0ef4-4f94-8173-a63c2f786afe: 0:0:0:0:0:0:0:1 - - [Fri Dec 27 16:04:22 IST 2024] "GET /editContact.jsp HTTP/1.1"
2024-12-27 16:04:23 INFO  FilterSession -  24 12381324-0ef4-4f94-8173-a63c2f786afe: 0:0:0:0:0:0:0:1 - - [Fri Dec 27 16:04:23 IST 2024] "GET /editContact.jsp HTTP/1.1"
2024-12-27 16:04:23 INFO  FilterSession -  24 12381324-0ef4-4f94-8173-a63c2f786afe: 0:0:0:0:0:0:0:1 - - [Fri Dec 27 16:04:23 IST 2024] "GET /editContact.jsp HTTP/1.1"
2024-12-27 16:04:23 INFO  FilterSession -  24 12381324-0ef4-4f94-8173-a63c2f786afe: 0:0:0:0:0:0:0:1 - - [Fri Dec 27 16:04:23 IST 2024] "GET /editContact.jsp HTTP/1.1"
2024-12-27 16:04:23 INFO  FilterSession -  24 12381324-0ef4-4f94-8173-a63c2f786afe: 0:0:0:0:0:0:0:1 - - [Fri Dec 27 16:04:23 IST 2024] "GET /editContact.jsp HTTP/1.1"
2024-12-27 16:04:24 INFO  FilterSession -  24 12381324-0ef4-4f94-8173-a63c2f786afe: 0:0:0:0:0:0:0:1 - - [Fri Dec 27 16:04:24 IST 2024] "GET /editContact.jsp HTTP/1.1"
2024-12-27 16:04:24 INFO  FilterSession -  24 12381324-0ef4-4f94-8173-a63c2f786afe: 0:0:0:0:0:0:0:1 - - [Fri Dec 27 16:04:24 IST 2024] "GET /editContact.jsp HTTP/1.1"
2024-12-27 16:04:24 INFO  FilterSession -  24 12381324-0ef4-4f94-8173-a63c2f786afe: 0:0:0:0:0:0:0:1 - - [Fri Dec 27 16:04:24 IST 2024] "GET /editContact.jsp HTTP/1.1"
2024-12-27 16:04:24 INFO  FilterSession -  24 12381324-0ef4-4f94-8173-a63c2f786afe: 0:0:0:0:0:0:0:1 - - [Fri Dec 27 16:04:24 IST 2024] "GET /editContact.jsp HTTP/1.1"
2024-12-27 16:04:24 INFO  FilterSession -  24 12381324-0ef4-4f94-8173-a63c2f786afe: 0:0:0:0:0:0:0:1 - - [Fri Dec 27 16:04:24 IST 2024] "GET /editContact.jsp HTTP/1.1"
2024-12-27 16:04:24 INFO  FilterSession -  24 12381324-0ef4-4f94-8173-a63c2f786afe: 0:0:0:0:0:0:0:1 - - [Fri Dec 27 16:04:24 IST 2024] "GET /editContact.jsp HTTP/1.1"
2024-12-27 16:04:25 INFO  FilterSession -  24 12381324-0ef4-4f94-8173-a63c2f786afe: 0:0:0:0:0:0:0:1 - - [Fri Dec 27 16:04:25 IST 2024] "GET /editContact.jsp HTTP/1.1"
2024-12-27 16:04:25 INFO  FilterSession -  24 12381324-0ef4-4f94-8173-a63c2f786afe: 0:0:0:0:0:0:0:1 - - [Fri Dec 27 16:04:25 IST 2024] "GET /editContact.jsp HTTP/1.1"
2024-12-27 16:04:26 INFO  FilterSession -  24 12381324-0ef4-4f94-8173-a63c2f786afe: 0:0:0:0:0:0:0:1 - - [Fri Dec 27 16:04:26 IST 2024] "GET /editContact.jsp HTTP/1.1"
2024-12-27 16:04:26 INFO  FilterSession -  24 12381324-0ef4-4f94-8173-a63c2f786afe: 0:0:0:0:0:0:0:1 - - [Fri Dec 27 16:04:26 IST 2024] "GET /editContact.jsp HTTP/1.1"
2024-12-27 16:04:26 INFO  FilterSession -  24 12381324-0ef4-4f94-8173-a63c2f786afe: 0:0:0:0:0:0:0:1 - - [Fri Dec 27 16:04:26 IST 2024] "GET /editContact.jsp HTTP/1.1"
2024-12-27 16:04:26 INFO  FilterSession -  24 12381324-0ef4-4f94-8173-a63c2f786afe: 0:0:0:0:0:0:0:1 - - [Fri Dec 27 16:04:26 IST 2024] "GET /editContact.jsp HTTP/1.1"
2024-12-27 16:04:26 INFO  FilterSession -  24 12381324-0ef4-4f94-8173-a63c2f786afe: 0:0:0:0:0:0:0:1 - - [Fri Dec 27 16:04:26 IST 2024] "GET /editContact.jsp HTTP/1.1"
2024-12-27 16:04:26 INFO  FilterSession -  24 12381324-0ef4-4f94-8173-a63c2f786afe: 0:0:0:0:0:0:0:1 - - [Fri Dec 27 16:04:26 IST 2024] "GET /editContact.jsp HTTP/1.1"
2024-12-27 16:04:27 INFO  FilterSession -  24 12381324-0ef4-4f94-8173-a63c2f786afe: 0:0:0:0:0:0:0:1 - - [Fri Dec 27 16:04:27 IST 2024] "GET /editContact.jsp HTTP/1.1"
2024-12-27 16:04:27 INFO  FilterSession -  24 12381324-0ef4-4f94-8173-a63c2f786afe: 0:0:0:0:0:0:0:1 - - [Fri Dec 27 16:04:27 IST 2024] "GET /editContact.jsp HTTP/1.1"
2024-12-27 16:04:28 INFO  FilterSession -  24 12381324-0ef4-4f94-8173-a63c2f786afe: 0:0:0:0:0:0:0:1 - - [Fri Dec 27 16:04:28 IST 2024] "POST /update2 HTTP/1.1"
2024-12-27 16:04:41 INFO  FilterSession -  24 12381324-0ef4-4f94-8173-a63c2f786afe: 0:0:0:0:0:0:0:1 - - [Fri Dec 27 16:04:41 IST 2024] "GET /editContact.jsp HTTP/1.1"
2024-12-27 16:04:41 INFO  AppContextListener - Server stoped at Fri Dec 27 16:04:41 IST 2024
