2024-12-30 11:13:05 INFO  AppContextListener - Server registered with IP: 127.0.1.1 and Port: 8080
2024-12-30 11:13:05 INFO  AppContextListener - Server started at Mon Dec 30 11:13:05 IST 2024
2024-12-30 11:13:05 INFO  FilterSession - 127.0.0.1 - - [Mon Dec 30 11:13:05 IST 2024] "GET / HTTP/1.1"
2024-12-30 11:13:22 INFO  FilterSession - 0:0:0:0:0:0:0:1 - - [Mon Dec 30 11:13:22 IST 2024] "GET /index.jsp HTTP/1.1"
2024-12-30 11:13:22 INFO  FilterSession - 0:0:0:0:0:0:0:1 - - [Mon Dec 30 11:13:22 IST 2024] "GET /favicon.ico HTTP/1.1"
2024-12-30 11:13:22 INFO  FilterSession - 0:0:0:0:0:0:0:1 - - [Mon Dec 30 11:13:22 IST 2024] "GET /login.jsp HTTP/1.1"
2024-12-30 11:13:24 INFO  FilterSession - 0:0:0:0:0:0:0:1 - - [Mon Dec 30 11:13:24 IST 2024] "GET /register.jsp HTTP/1.1"
2024-12-30 11:13:24 INFO  FilterSession - 0:0:0:0:0:0:0:1 - - [Mon Dec 30 11:13:24 IST 2024] "GET /favicon.ico HTTP/1.1"
2024-12-30 11:13:24 INFO  FilterSession - 0:0:0:0:0:0:0:1 - - [Mon Dec 30 11:13:24 IST 2024] "GET /login.jsp HTTP/1.1"
2024-12-30 11:13:51 INFO  FilterSession - 0:0:0:0:0:0:0:1 - - [Mon Dec 30 11:13:51 IST 2024] "POST /register HTTP/1.1"
2024-12-30 11:13:51 INFO  FilterSession - 0:0:0:0:0:0:0:1 - - [Mon Dec 30 11:13:51 IST 2024] "GET /login.jsp HTTP/1.1"
2024-12-30 11:13:51 INFO  FilterSession - 0:0:0:0:0:0:0:1 - - [Mon Dec 30 11:13:51 IST 2024] "GET /favicon.ico HTTP/1.1"
2024-12-30 11:13:51 INFO  FilterSession - 0:0:0:0:0:0:0:1 - - [Mon Dec 30 11:13:51 IST 2024] "GET /login.jsp HTTP/1.1"
2024-12-30 11:14:00 INFO  FilterSession - 0:0:0:0:0:0:0:1 - - [Mon Dec 30 11:14:00 IST 2024] "POST /login HTTP/1.1"
2024-12-30 11:14:00 INFO  ServletUserLogin - User logged in: user_id=54
2024-12-30 11:14:00 INFO  FilterSession -  54 f90818a6-1521-44ad-a7e6-0d5fab464112: 0:0:0:0:0:0:0:1 - - [Mon Dec 30 11:14:00 IST 2024] "GET /home.jsp HTTP/1.1"
2024-12-30 11:14:00 INFO  FilterSession -  54 f90818a6-1521-44ad-a7e6-0d5fab464112: 0:0:0:0:0:0:0:1 - - [Mon Dec 30 11:14:00 IST 2024] "GET /favicon.ico HTTP/1.1"
2024-12-30 11:14:13 INFO  FilterSession -  54 f90818a6-1521-44ad-a7e6-0d5fab464112: 0:0:0:0:0:0:0:1 - - [Mon Dec 30 11:14:13 IST 2024] "GET /EditDetails.jsp HTTP/1.1"
2024-12-30 11:14:21 INFO  FilterSession -  54 f90818a6-1521-44ad-a7e6-0d5fab464112: 0:0:0:0:0:0:0:1 - - [Mon Dec 30 11:14:21 IST 2024] "POST /update HTTP/1.1"
2024-12-30 11:14:21 INFO  FilterSession -  54 f90818a6-1521-44ad-a7e6-0d5fab464112: 0:0:0:0:0:0:0:1 - - [Mon Dec 30 11:14:21 IST 2024] "GET /EditDetails.jsp HTTP/1.1"
2024-12-30 11:14:29 INFO  FilterSession -  54 f90818a6-1521-44ad-a7e6-0d5fab464112: 0:0:0:0:0:0:0:1 - - [Mon Dec 30 11:14:29 IST 2024] "POST /update HTTP/1.1"
2024-12-30 11:14:29 INFO  FilterSession -  54 f90818a6-1521-44ad-a7e6-0d5fab464112: 0:0:0:0:0:0:0:1 - - [Mon Dec 30 11:14:29 IST 2024] "GET /EditDetails.jsp HTTP/1.1"
2024-12-30 11:14:40 INFO  FilterSession -  54 f90818a6-1521-44ad-a7e6-0d5fab464112: 0:0:0:0:0:0:0:1 - - [Mon Dec 30 11:14:40 IST 2024] "POST /update HTTP/1.1"
2024-12-30 11:14:40 INFO  FilterSession -  54 f90818a6-1521-44ad-a7e6-0d5fab464112: 0:0:0:0:0:0:0:1 - - [Mon Dec 30 11:14:40 IST 2024] "GET /EditDetails.jsp HTTP/1.1"
2024-12-30 11:14:50 INFO  FilterSession -  54 f90818a6-1521-44ad-a7e6-0d5fab464112: 0:0:0:0:0:0:0:1 - - [Mon Dec 30 11:14:50 IST 2024] "POST /update HTTP/1.1"
2024-12-30 11:14:50 INFO  FilterSession -  54 f90818a6-1521-44ad-a7e6-0d5fab464112: 0:0:0:0:0:0:0:1 - - [Mon Dec 30 11:14:50 IST 2024] "GET /EditDetails.jsp HTTP/1.1"
2024-12-30 11:15:03 INFO  FilterSession -  54 f90818a6-1521-44ad-a7e6-0d5fab464112: 0:0:0:0:0:0:0:1 - - [Mon Dec 30 11:15:03 IST 2024] "POST /update HTTP/1.1"
2024-12-30 11:15:03 INFO  FilterSession -  54 f90818a6-1521-44ad-a7e6-0d5fab464112: 0:0:0:0:0:0:0:1 - - [Mon Dec 30 11:15:03 IST 2024] "GET /home.jsp HTTP/1.1"
2024-12-30 11:29:09 INFO  AppContextListener - Server stoped at Mon Dec 30 11:29:09 IST 2024
