2025-01-17 13:47:43 INFO  AppContextListener - Server registered with IP: 127.0.1.1 and Port: 8080
2025-01-17 13:47:43 INFO  AppContextListener - Server started at Fri Jan 17 13:47:43 IST 2025
2025-01-17 13:47:43 INFO  FilterSession - 127.0.0.1 - - [Fri Jan 17 13:47:43 IST 2025] "GET / HTTP/1.1"
2025-01-17 13:47:43 INFO  FilterSession - 0:0:0:0:0:0:0:1 - - [Fri Jan 17 13:47:43 IST 2025] "GET / HTTP/1.1"
2025-01-17 13:47:43 INFO  FilterSession - 0:0:0:0:0:0:0:1 - - [Fri Jan 17 13:47:43 IST 2025] "GET /login.jsp HTTP/1.1"
2025-01-17 13:47:50 INFO  FilterSession - 0:0:0:0:0:0:0:1 - - [Fri Jan 17 13:47:50 IST 2025] "POST /login HTTP/1.1"
2025-01-17 13:47:50 INFO  ServletUserLogin - User logged in: user_id=24
2025-01-17 13:47:50 INFO  FilterSession -  24 1edc2208-543c-40fd-8c18-5acb8cadd1ca: 0:0:0:0:0:0:0:1 - - [Fri Jan 17 13:47:50 IST 2025] "GET /home.jsp HTTP/1.1"
2025-01-17 13:48:07 INFO  FilterSession -  24 1edc2208-543c-40fd-8c18-5acb8cadd1ca: 0:0:0:0:0:0:0:1 - - [Fri Jan 17 13:48:07 IST 2025] "GET /index.jsp HTTP/1.1"
2025-01-17 13:48:17 INFO  FilterSession -  24 1edc2208-543c-40fd-8c18-5acb8cadd1ca: 0:0:0:0:0:0:0:1 - - [Fri Jan 17 13:48:17 IST 2025] "GET / HTTP/1.1"
2025-01-17 13:48:17 INFO  FilterSession -  24 1edc2208-543c-40fd-8c18-5acb8cadd1ca: 0:0:0:0:0:0:0:1 - - [Fri Jan 17 13:48:17 IST 2025] "GET /home.jsp HTTP/1.1"
2025-01-17 13:48:27 INFO  FilterSession -  24 1edc2208-543c-40fd-8c18-5acb8cadd1ca: 0:0:0:0:0:0:0:1 - - [Fri Jan 17 13:48:27 IST 2025] "GET /index.jsp HTTP/1.1"
2025-01-17 13:49:01 INFO  FilterSession -  24 1edc2208-543c-40fd-8c18-5acb8cadd1ca: 0:0:0:0:0:0:0:1 - - [Fri Jan 17 13:49:01 IST 2025] "GET /login.jsp HTTP/1.1"
2025-01-17 13:49:01 INFO  FilterSession -  24 1edc2208-543c-40fd-8c18-5acb8cadd1ca: 0:0:0:0:0:0:0:1 - - [Fri Jan 17 13:49:01 IST 2025] "GET /home.jsp HTTP/1.1"
2025-01-17 13:49:16 INFO  FilterSession -  24 1edc2208-543c-40fd-8c18-5acb8cadd1ca: 0:0:0:0:0:0:0:1 - - [Fri Jan 17 13:49:16 IST 2025] "GET /index.jsp HTTP/1.1"
2025-01-17 13:49:17 INFO  FilterSession -  24 1edc2208-543c-40fd-8c18-5acb8cadd1ca: 0:0:0:0:0:0:0:1 - - [Fri Jan 17 13:49:17 IST 2025] "GET /login.jsp HTTP/1.1"
2025-01-17 13:49:17 INFO  FilterSession -  24 1edc2208-543c-40fd-8c18-5acb8cadd1ca: 0:0:0:0:0:0:0:1 - - [Fri Jan 17 13:49:17 IST 2025] "GET /home.jsp HTTP/1.1"
2025-01-17 13:49:26 INFO  FilterSession -  24 1edc2208-543c-40fd-8c18-5acb8cadd1ca: 0:0:0:0:0:0:0:1 - - [Fri Jan 17 13:49:26 IST 2025] "GET / HTTP/1.1"
2025-01-17 13:49:26 INFO  FilterSession -  24 1edc2208-543c-40fd-8c18-5acb8cadd1ca: 0:0:0:0:0:0:0:1 - - [Fri Jan 17 13:49:26 IST 2025] "GET /home.jsp HTTP/1.1"
2025-01-17 13:49:33 INFO  FilterSession -  24 1edc2208-543c-40fd-8c18-5acb8cadd1ca: 0:0:0:0:0:0:0:1 - - [Fri Jan 17 13:49:33 IST 2025] "GET /index.jsp HTTP/1.1"
2025-01-17 13:49:44 INFO  FilterSession -  24 1edc2208-543c-40fd-8c18-5acb8cadd1ca: 0:0:0:0:0:0:0:1 - - [Fri Jan 17 13:49:44 IST 2025] "GET /register.jsp HTTP/1.1"
2025-01-17 13:49:53 INFO  FilterSession -  24 1edc2208-543c-40fd-8c18-5acb8cadd1ca: 0:0:0:0:0:0:0:1 - - [Fri Jan 17 13:49:53 IST 2025] "GET /index.jsp HTTP/1.1"
2025-01-17 13:49:55 INFO  FilterSession -  24 1edc2208-543c-40fd-8c18-5acb8cadd1ca: 0:0:0:0:0:0:0:1 - - [Fri Jan 17 13:49:55 IST 2025] "GET /login.jsp HTTP/1.1"
2025-01-17 13:49:55 INFO  FilterSession -  24 1edc2208-543c-40fd-8c18-5acb8cadd1ca: 0:0:0:0:0:0:0:1 - - [Fri Jan 17 13:49:55 IST 2025] "GET /home.jsp HTTP/1.1"
2025-01-17 13:50:00 INFO  FilterSession -  24 1edc2208-543c-40fd-8c18-5acb8cadd1ca: 0:0:0:0:0:0:0:1 - - [Fri Jan 17 13:50:00 IST 2025] "GET /logout HTTP/1.1"
2025-01-17 13:50:00 INFO  FilterSession - 0:0:0:0:0:0:0:1 - - [Fri Jan 17 13:50:00 IST 2025] "GET /login.jsp HTTP/1.1"
2025-01-17 13:50:05 INFO  FilterSession - 0:0:0:0:0:0:0:1 - - [Fri Jan 17 13:50:05 IST 2025] "GET /index.jsp HTTP/1.1"
2025-01-17 13:50:07 INFO  FilterSession - 0:0:0:0:0:0:0:1 - - [Fri Jan 17 13:50:07 IST 2025] "GET /register.jsp HTTP/1.1"
2025-01-17 13:52:00 INFO  FilterSession - 0:0:0:0:0:0:0:1 - - [Fri Jan 17 13:52:00 IST 2025] "GET /index.jsp HTTP/1.1"
2025-01-17 13:52:03 INFO  FilterSession - 0:0:0:0:0:0:0:1 - - [Fri Jan 17 13:52:03 IST 2025] "GET /index.jsp HTTP/1.1"
2025-01-17 13:52:04 INFO  FilterSession - 0:0:0:0:0:0:0:1 - - [Fri Jan 17 13:52:04 IST 2025] "GET /login.jsp HTTP/1.1"
2025-01-17 13:52:06 INFO  FilterSession - 0:0:0:0:0:0:0:1 - - [Fri Jan 17 13:52:06 IST 2025] "GET /login.jsp HTTP/1.1"
2025-01-17 13:52:13 INFO  FilterSession - 0:0:0:0:0:0:0:1 - - [Fri Jan 17 13:52:13 IST 2025] "POST /login HTTP/1.1"
2025-01-17 13:52:13 INFO  ServletUserLogin - User logged in: user_id=24
2025-01-17 13:52:13 INFO  FilterSession -  24 4a5bc26e-c4bb-449e-874e-57c98f3dd96a: 0:0:0:0:0:0:0:1 - - [Fri Jan 17 13:52:13 IST 2025] "GET /home.jsp HTTP/1.1"
2025-01-17 13:52:17 INFO  FilterSession -  24 4a5bc26e-c4bb-449e-874e-57c98f3dd96a: 0:0:0:0:0:0:0:1 - - [Fri Jan 17 13:52:17 IST 2025] "GET /login.jsp HTTP/1.1"
2025-01-17 13:52:17 INFO  FilterSession -  24 4a5bc26e-c4bb-449e-874e-57c98f3dd96a: 0:0:0:0:0:0:0:1 - - [Fri Jan 17 13:52:17 IST 2025] "GET /home.jsp HTTP/1.1"
2025-01-17 13:52:27 INFO  FilterSession -  24 4a5bc26e-c4bb-449e-874e-57c98f3dd96a: 0:0:0:0:0:0:0:1 - - [Fri Jan 17 13:52:27 IST 2025] "GET /logout HTTP/1.1"
2025-01-17 13:52:27 INFO  FilterSession - 0:0:0:0:0:0:0:1 - - [Fri Jan 17 13:52:27 IST 2025] "GET /login.jsp HTTP/1.1"
2025-01-17 13:52:30 INFO  FilterSession - 0:0:0:0:0:0:0:1 - - [Fri Jan 17 13:52:30 IST 2025] "GET /index.jsp HTTP/1.1"
2025-01-17 13:52:32 INFO  FilterSession - 0:0:0:0:0:0:0:1 - - [Fri Jan 17 13:52:32 IST 2025] "GET /login.jsp HTTP/1.1"
2025-01-17 13:52:46 INFO  FilterSession - 0:0:0:0:0:0:0:1 - - [Fri Jan 17 13:52:46 IST 2025] "POST /login HTTP/1.1"
2025-01-17 13:52:46 INFO  ServletUserLogin - User logged in: user_id=24
2025-01-17 13:52:46 INFO  FilterSession -  24 50bac4a1-abc3-4dd0-be0e-9e6b1ac24580: 0:0:0:0:0:0:0:1 - - [Fri Jan 17 13:52:46 IST 2025] "GET /home.jsp HTTP/1.1"
2025-01-17 13:52:58 INFO  FilterSession -  24 50bac4a1-abc3-4dd0-be0e-9e6b1ac24580: 0:0:0:0:0:0:0:1 - - [Fri Jan 17 13:52:58 IST 2025] "POST /login HTTP/1.1"
2025-01-17 13:53:02 INFO  FilterSession -  24 50bac4a1-abc3-4dd0-be0e-9e6b1ac24580: 0:0:0:0:0:0:0:1 - - [Fri Jan 17 13:53:02 IST 2025] "POST /login HTTP/1.1"
2025-01-17 13:53:06 INFO  FilterSession -  24 50bac4a1-abc3-4dd0-be0e-9e6b1ac24580: 0:0:0:0:0:0:0:1 - - [Fri Jan 17 13:53:06 IST 2025] "GET /home.jsp HTTP/1.1"
2025-01-17 13:53:09 INFO  FilterSession -  24 50bac4a1-abc3-4dd0-be0e-9e6b1ac24580: 0:0:0:0:0:0:0:1 - - [Fri Jan 17 13:53:09 IST 2025] "GET /home.jsp HTTP/1.1"
2025-01-17 13:53:11 INFO  FilterSession -  24 50bac4a1-abc3-4dd0-be0e-9e6b1ac24580: 0:0:0:0:0:0:0:1 - - [Fri Jan 17 13:53:11 IST 2025] "GET /home.jsp HTTP/1.1"
2025-01-17 13:53:11 INFO  FilterSession -  24 50bac4a1-abc3-4dd0-be0e-9e6b1ac24580: 0:0:0:0:0:0:0:1 - - [Fri Jan 17 13:53:11 IST 2025] "GET /home.jsp HTTP/1.1"
2025-01-17 13:53:12 INFO  FilterSession -  24 50bac4a1-abc3-4dd0-be0e-9e6b1ac24580: 0:0:0:0:0:0:0:1 - - [Fri Jan 17 13:53:12 IST 2025] "GET /home.jsp HTTP/1.1"
2025-01-17 13:53:12 INFO  FilterSession -  24 50bac4a1-abc3-4dd0-be0e-9e6b1ac24580: 0:0:0:0:0:0:0:1 - - [Fri Jan 17 13:53:12 IST 2025] "GET /home.jsp HTTP/1.1"
2025-01-17 13:53:13 INFO  FilterSession -  24 50bac4a1-abc3-4dd0-be0e-9e6b1ac24580: 0:0:0:0:0:0:0:1 - - [Fri Jan 17 13:53:13 IST 2025] "GET /myDetails.jsp HTTP/1.1"
2025-01-17 13:53:13 INFO  FilterSession -  24 50bac4a1-abc3-4dd0-be0e-9e6b1ac24580: 0:0:0:0:0:0:0:1 - - [Fri Jan 17 13:53:13 IST 2025] "GET /myDetails.jsp HTTP/1.1"
2025-01-17 13:53:15 INFO  FilterSession -  24 50bac4a1-abc3-4dd0-be0e-9e6b1ac24580: 0:0:0:0:0:0:0:1 - - [Fri Jan 17 13:53:15 IST 2025] "GET /contacts.jsp HTTP/1.1"
2025-01-17 13:53:16 INFO  FilterSession -  24 50bac4a1-abc3-4dd0-be0e-9e6b1ac24580: 0:0:0:0:0:0:0:1 - - [Fri Jan 17 13:53:16 IST 2025] "GET /contacts.jsp HTTP/1.1"
2025-01-17 13:53:17 INFO  FilterSession -  24 50bac4a1-abc3-4dd0-be0e-9e6b1ac24580: 0:0:0:0:0:0:0:1 - - [Fri Jan 17 13:53:17 IST 2025] "GET /contacts.jsp HTTP/1.1"
2025-01-17 13:53:17 INFO  FilterSession -  24 50bac4a1-abc3-4dd0-be0e-9e6b1ac24580: 0:0:0:0:0:0:0:1 - - [Fri Jan 17 13:53:17 IST 2025] "GET /contacts.jsp HTTP/1.1"
2025-01-17 13:53:17 INFO  FilterSession -  24 50bac4a1-abc3-4dd0-be0e-9e6b1ac24580: 0:0:0:0:0:0:0:1 - - [Fri Jan 17 13:53:17 IST 2025] "GET /contacts.jsp HTTP/1.1"
2025-01-17 13:53:17 INFO  FilterSession -  24 50bac4a1-abc3-4dd0-be0e-9e6b1ac24580: 0:0:0:0:0:0:0:1 - - [Fri Jan 17 13:53:17 IST 2025] "GET /contacts.jsp HTTP/1.1"
2025-01-17 13:53:17 INFO  FilterSession -  24 50bac4a1-abc3-4dd0-be0e-9e6b1ac24580: 0:0:0:0:0:0:0:1 - - [Fri Jan 17 13:53:17 IST 2025] "GET /contacts.jsp HTTP/1.1"
2025-01-17 13:53:47 INFO  FilterSession -  24 50bac4a1-abc3-4dd0-be0e-9e6b1ac24580: 0:0:0:0:0:0:0:1 - - [Fri Jan 17 13:53:47 IST 2025] "POST /login HTTP/1.1"
2025-01-17 13:53:54 INFO  FilterSession -  24 50bac4a1-abc3-4dd0-be0e-9e6b1ac24580: 0:0:0:0:0:0:0:1 - - [Fri Jan 17 13:53:54 IST 2025] "POST /login HTTP/1.1"
2025-01-17 13:55:56 INFO  FilterSession -  24 50bac4a1-abc3-4dd0-be0e-9e6b1ac24580: 0:0:0:0:0:0:0:1 - - [Fri Jan 17 13:55:56 IST 2025] "GET /index.jsp HTTP/1.1"
2025-01-17 13:55:58 INFO  FilterSession -  24 50bac4a1-abc3-4dd0-be0e-9e6b1ac24580: 0:0:0:0:0:0:0:1 - - [Fri Jan 17 13:55:58 IST 2025] "GET /login.jsp HTTP/1.1"
2025-01-17 13:55:58 INFO  FilterSession -  24 50bac4a1-abc3-4dd0-be0e-9e6b1ac24580: 0:0:0:0:0:0:0:1 - - [Fri Jan 17 13:55:58 IST 2025] "GET /home.jsp HTTP/1.1"
2025-01-17 13:56:37 INFO  AppContextListener - Server stoped at Fri Jan 17 13:56:37 IST 2025
