2025-01-02 12:01:25 INFO  AppContextListener - Server registered with IP: 127.0.1.1 and Port: 8080
2025-01-02 12:01:25 INFO  AppContextListener - Server started at Thu Jan 02 12:01:25 IST 2025
2025-01-02 12:01:27 INFO  FilterSession -  24 532e7e1d-4e98-4e8d-bc8e-967a4b2d422e: 0:0:0:0:0:0:0:1 - - [Thu Jan 02 12:01:27 IST 2025] "GET /contacts.jsp HTTP/1.1"
2025-01-02 12:01:30 INFO  FilterSession -  24 532e7e1d-4e98-4e8d-bc8e-967a4b2d422e: 0:0:0:0:0:0:0:1 - - [Thu Jan 02 12:01:30 IST 2025] "GET /contactDetails.jsp HTTP/1.1"
2025-01-02 12:01:50 INFO  FilterSession -  24 532e7e1d-4e98-4e8d-bc8e-967a4b2d422e: 0:0:0:0:0:0:0:1 - - [Thu Jan 02 12:01:50 IST 2025] "GET /myDetails.jsp HTTP/1.1"
2025-01-02 12:01:53 INFO  FilterSession -  24 532e7e1d-4e98-4e8d-bc8e-967a4b2d422e: 0:0:0:0:0:0:0:1 - - [Thu Jan 02 12:01:53 IST 2025] "GET /EditDetails.jsp HTTP/1.1"
2025-01-02 12:04:01 INFO  FilterSession -  24 532e7e1d-4e98-4e8d-bc8e-967a4b2d422e: 0:0:0:0:0:0:0:1 - - [Thu Jan 02 12:04:01 IST 2025] "GET /EditDetails.jsp HTTP/1.1"
2025-01-02 12:04:14 INFO  FilterSession -  24 532e7e1d-4e98-4e8d-bc8e-967a4b2d422e: 0:0:0:0:0:0:0:1 - - [Thu Jan 02 12:04:14 IST 2025] "GET /EditDetails.jsp HTTP/1.1"
2025-01-02 12:04:33 INFO  FilterSession -  24 532e7e1d-4e98-4e8d-bc8e-967a4b2d422e: 0:0:0:0:0:0:0:1 - - [Thu Jan 02 12:04:33 IST 2025] "GET /EditDetails.jsp HTTP/1.1"
2025-01-02 12:04:35 INFO  FilterSession -  24 532e7e1d-4e98-4e8d-bc8e-967a4b2d422e: 0:0:0:0:0:0:0:1 - - [Thu Jan 02 12:04:35 IST 2025] "GET /EditDetails.jsp HTTP/1.1"
2025-01-02 12:04:36 INFO  FilterSession -  24 532e7e1d-4e98-4e8d-bc8e-967a4b2d422e: 0:0:0:0:0:0:0:1 - - [Thu Jan 02 12:04:36 IST 2025] "GET /EditDetails.jsp HTTP/1.1"
2025-01-02 12:05:24 INFO  FilterSession -  24 532e7e1d-4e98-4e8d-bc8e-967a4b2d422e: 0:0:0:0:0:0:0:1 - - [Thu Jan 02 12:05:24 IST 2025] "GET /EditDetails.jsp HTTP/1.1"
2025-01-02 12:05:46 INFO  FilterSession -  24 532e7e1d-4e98-4e8d-bc8e-967a4b2d422e: 0:0:0:0:0:0:0:1 - - [Thu Jan 02 12:05:46 IST 2025] "GET /EditDetails.jsp HTTP/1.1"
2025-01-02 12:05:47 INFO  FilterSession -  24 532e7e1d-4e98-4e8d-bc8e-967a4b2d422e: 0:0:0:0:0:0:0:1 - - [Thu Jan 02 12:05:47 IST 2025] "GET /EditDetails.jsp HTTP/1.1"
2025-01-02 12:06:09 INFO  FilterSession -  24 532e7e1d-4e98-4e8d-bc8e-967a4b2d422e: 0:0:0:0:0:0:0:1 - - [Thu Jan 02 12:06:09 IST 2025] "GET /EditDetails.jsp HTTP/1.1"
2025-01-02 12:06:30 INFO  FilterSession -  24 532e7e1d-4e98-4e8d-bc8e-967a4b2d422e: 0:0:0:0:0:0:0:1 - - [Thu Jan 02 12:06:30 IST 2025] "GET /logout HTTP/1.1"
2025-01-02 12:06:30 INFO  FilterSession - 0:0:0:0:0:0:0:1 - - [Thu Jan 02 12:06:30 IST 2025] "GET /login.jsp HTTP/1.1"
2025-01-02 12:06:55 INFO  FilterSession - 0:0:0:0:0:0:0:1 - - [Thu Jan 02 12:06:55 IST 2025] "POST /login HTTP/1.1"
2025-01-02 12:06:55 INFO  ServletUserLogin - User logged in: user_id=24
2025-01-02 12:06:55 INFO  FilterSession -  24 ff516412-c5dc-4f96-a59d-8e00563ded2f: 0:0:0:0:0:0:0:1 - - [Thu Jan 02 12:06:55 IST 2025] "GET /home.jsp HTTP/1.1"
2025-01-02 12:06:57 INFO  FilterSession -  24 ff516412-c5dc-4f96-a59d-8e00563ded2f: 0:0:0:0:0:0:0:1 - - [Thu Jan 02 12:06:57 IST 2025] "GET /EditDetails.jsp HTTP/1.1"
2025-01-02 12:11:11 INFO  FilterSession -  24 ff516412-c5dc-4f96-a59d-8e00563ded2f: 0:0:0:0:0:0:0:1 - - [Thu Jan 02 12:11:11 IST 2025] "GET /EditDetails.jsp HTTP/1.1"
2025-01-02 12:13:08 INFO  FilterSession -  24 ff516412-c5dc-4f96-a59d-8e00563ded2f: 0:0:0:0:0:0:0:1 - - [Thu Jan 02 12:13:08 IST 2025] "GET /EditDetails.jsp HTTP/1.1"
2025-01-02 12:13:09 INFO  FilterSession -  24 ff516412-c5dc-4f96-a59d-8e00563ded2f: 0:0:0:0:0:0:0:1 - - [Thu Jan 02 12:13:09 IST 2025] "GET /EditDetails.jsp HTTP/1.1"
2025-01-02 12:13:33 INFO  FilterSession -  24 ff516412-c5dc-4f96-a59d-8e00563ded2f: 0:0:0:0:0:0:0:1 - - [Thu Jan 02 12:13:33 IST 2025] "GET /EditDetails.jsp HTTP/1.1"
2025-01-02 12:13:50 INFO  FilterSession -  24 ff516412-c5dc-4f96-a59d-8e00563ded2f: 0:0:0:0:0:0:0:1 - - [Thu Jan 02 12:13:50 IST 2025] "GET /EditDetails.jsp HTTP/1.1"
2025-01-02 12:13:50 INFO  FilterSession -  24 ff516412-c5dc-4f96-a59d-8e00563ded2f: 0:0:0:0:0:0:0:1 - - [Thu Jan 02 12:13:50 IST 2025] "GET /EditDetails.jsp HTTP/1.1"
2025-01-02 12:13:50 INFO  FilterSession -  24 ff516412-c5dc-4f96-a59d-8e00563ded2f: 0:0:0:0:0:0:0:1 - - [Thu Jan 02 12:13:50 IST 2025] "GET /EditDetails.jsp HTTP/1.1"
2025-01-02 12:15:35 INFO  FilterSession -  24 ff516412-c5dc-4f96-a59d-8e00563ded2f: 0:0:0:0:0:0:0:1 - - [Thu Jan 02 12:15:35 IST 2025] "GET /logout HTTP/1.1"
2025-01-02 12:15:35 INFO  FilterSession - 0:0:0:0:0:0:0:1 - - [Thu Jan 02 12:15:35 IST 2025] "GET /login.jsp HTTP/1.1"
2025-01-02 12:15:47 INFO  FilterSession - 0:0:0:0:0:0:0:1 - - [Thu Jan 02 12:15:47 IST 2025] "POST /login HTTP/1.1"
2025-01-02 12:15:47 INFO  ServletUserLogin - User logged in: user_id=24
2025-01-02 12:15:47 INFO  FilterSession -  24 1b8ae121-ce81-4104-b1f1-af3e578883ff: 0:0:0:0:0:0:0:1 - - [Thu Jan 02 12:15:47 IST 2025] "GET /home.jsp HTTP/1.1"
2025-01-02 12:15:50 INFO  FilterSession -  24 1b8ae121-ce81-4104-b1f1-af3e578883ff: 0:0:0:0:0:0:0:1 - - [Thu Jan 02 12:15:50 IST 2025] "GET /EditDetails.jsp HTTP/1.1"
2025-01-02 12:19:56 INFO  FilterSession -  24 1b8ae121-ce81-4104-b1f1-af3e578883ff: 0:0:0:0:0:0:0:1 - - [Thu Jan 02 12:19:56 IST 2025] "GET /EditDetails.jsp HTTP/1.1"
2025-01-02 12:25:13 INFO  FilterSession -  24 1b8ae121-ce81-4104-b1f1-af3e578883ff: 0:0:0:0:0:0:0:1 - - [Thu Jan 02 12:25:13 IST 2025] "GET /EditDetails.jsp HTTP/1.1"
2025-01-02 12:27:08 INFO  AppContextListener - Server stoped at Thu Jan 02 12:27:08 IST 2025
