2024-12-30 10:50:34 INFO  AppContextListener - Server registered with IP: 127.0.1.1 and Port: 8080
2024-12-30 10:50:34 INFO  AppContextListener - Server started at Mon Dec 30 10:50:34 IST 2024
2024-12-30 10:50:34 INFO  FilterSession - 127.0.0.1 - - [Mon Dec 30 10:50:34 IST 2024] "GET / HTTP/1.1"
2024-12-30 10:50:47 INFO  FilterSession - 0:0:0:0:0:0:0:1 - - [Mon Dec 30 10:50:47 IST 2024] "GET / HTTP/1.1"
2024-12-30 10:50:47 INFO  FilterSession - 0:0:0:0:0:0:0:1 - - [Mon Dec 30 10:50:47 IST 2024] "GET /login.jsp HTTP/1.1"
2024-12-30 10:50:47 INFO  FilterSession - 0:0:0:0:0:0:0:1 - - [Mon Dec 30 10:50:47 IST 2024] "GET /favicon.ico HTTP/1.1"
2024-12-30 10:50:47 INFO  FilterSession - 0:0:0:0:0:0:0:1 - - [Mon Dec 30 10:50:47 IST 2024] "GET /login.jsp HTTP/1.1"
2024-12-30 10:50:56 INFO  FilterSession - 0:0:0:0:0:0:0:1 - - [Mon Dec 30 10:50:56 IST 2024] "GET /index.jsp HTTP/1.1"
2024-12-30 10:50:56 INFO  FilterSession - 0:0:0:0:0:0:0:1 - - [Mon Dec 30 10:50:56 IST 2024] "GET /favicon.ico HTTP/1.1"
2024-12-30 10:50:56 INFO  FilterSession - 0:0:0:0:0:0:0:1 - - [Mon Dec 30 10:50:56 IST 2024] "GET /login.jsp HTTP/1.1"
2024-12-30 10:50:58 INFO  FilterSession - 0:0:0:0:0:0:0:1 - - [Mon Dec 30 10:50:58 IST 2024] "GET /register.jsp HTTP/1.1"
2024-12-30 10:50:58 INFO  FilterSession - 0:0:0:0:0:0:0:1 - - [Mon Dec 30 10:50:58 IST 2024] "GET /favicon.ico HTTP/1.1"
2024-12-30 10:50:58 INFO  FilterSession - 0:0:0:0:0:0:0:1 - - [Mon Dec 30 10:50:58 IST 2024] "GET /login.jsp HTTP/1.1"
2024-12-30 10:51:28 INFO  FilterSession - 0:0:0:0:0:0:0:1 - - [Mon Dec 30 10:51:28 IST 2024] "POST /register HTTP/1.1"
2024-12-30 10:51:33 INFO  FilterSession - 0:0:0:0:0:0:0:1 - - [Mon Dec 30 10:51:33 IST 2024] "POST /register HTTP/1.1"
2024-12-30 10:52:49 INFO  FilterSession - 0:0:0:0:0:0:0:1 - - [Mon Dec 30 10:52:49 IST 2024] "GET /index.jsp HTTP/1.1"
2024-12-30 10:52:49 INFO  FilterSession - 0:0:0:0:0:0:0:1 - - [Mon Dec 30 10:52:49 IST 2024] "GET /favicon.ico HTTP/1.1"
2024-12-30 10:52:49 INFO  FilterSession - 0:0:0:0:0:0:0:1 - - [Mon Dec 30 10:52:49 IST 2024] "GET /login.jsp HTTP/1.1"
2024-12-30 10:52:50 INFO  FilterSession - 0:0:0:0:0:0:0:1 - - [Mon Dec 30 10:52:50 IST 2024] "GET /index.jsp HTTP/1.1"
2024-12-30 10:52:50 INFO  FilterSession - 0:0:0:0:0:0:0:1 - - [Mon Dec 30 10:52:50 IST 2024] "GET /favicon.ico HTTP/1.1"
2024-12-30 10:52:50 INFO  FilterSession - 0:0:0:0:0:0:0:1 - - [Mon Dec 30 10:52:50 IST 2024] "GET /login.jsp HTTP/1.1"
