2024-12-31 12:48:57 INFO  AppContextListener - Server registered with IP: 127.0.1.1 and Port: 8080
2024-12-31 12:48:57 INFO  AppContextListener - Server started at Tue Dec 31 12:48:57 IST 2024
2024-12-31 12:49:55 INFO  FilterSession -  64 75c6bce7-b329-4314-9ef6-9a41a2854f7f: 0:0:0:0:0:0:0:1 - - [Tue Dec 31 12:49:55 IST 2024] "GET /EditDetails.jsp HTTP/1.1"
2024-12-31 12:49:59 INFO  FilterSession -  64 75c6bce7-b329-4314-9ef6-9a41a2854f7f: 0:0:0:0:0:0:0:1 - - [Tue Dec 31 12:49:59 IST 2024] "POST /update HTTP/1.1"
2024-12-31 12:49:59 INFO  FilterSession -  64 75c6bce7-b329-4314-9ef6-9a41a2854f7f: 0:0:0:0:0:0:0:1 - - [Tue Dec 31 12:49:59 IST 2024] "GET /home.jsp HTTP/1.1"
2024-12-31 12:50:08 INFO  FilterSession -  64 75c6bce7-b329-4314-9ef6-9a41a2854f7f: 0:0:0:0:0:0:0:1 - - [Tue Dec 31 12:50:08 IST 2024] "GET /EditDetails.jsp HTTP/1.1"
2024-12-31 12:50:13 INFO  FilterSession -  64 75c6bce7-b329-4314-9ef6-9a41a2854f7f: 0:0:0:0:0:0:0:1 - - [Tue Dec 31 12:50:13 IST 2024] "POST /update HTTP/1.1"
2024-12-31 12:50:13 INFO  FilterSession -  64 75c6bce7-b329-4314-9ef6-9a41a2854f7f: 0:0:0:0:0:0:0:1 - - [Tue Dec 31 12:50:13 IST 2024] "GET /home.jsp HTTP/1.1"
2024-12-31 12:50:35 INFO  FilterSession -  64 75c6bce7-b329-4314-9ef6-9a41a2854f7f: 0:0:0:0:0:0:0:1 - - [Tue Dec 31 12:50:35 IST 2024] "GET /EditDetails.jsp HTTP/1.1"
2024-12-31 12:50:38 INFO  FilterSession -  64 75c6bce7-b329-4314-9ef6-9a41a2854f7f: 0:0:0:0:0:0:0:1 - - [Tue Dec 31 12:50:38 IST 2024] "POST /update HTTP/1.1"
2024-12-31 12:50:38 INFO  FilterSession -  64 75c6bce7-b329-4314-9ef6-9a41a2854f7f: 0:0:0:0:0:0:0:1 - - [Tue Dec 31 12:50:38 IST 2024] "GET /home.jsp HTTP/1.1"
2024-12-31 12:51:18 INFO  FilterSession -  64 75c6bce7-b329-4314-9ef6-9a41a2854f7f: 0:0:0:0:0:0:0:1 - - [Tue Dec 31 12:51:18 IST 2024] "GET /EditDetails.jsp HTTP/1.1"
2024-12-31 12:51:22 INFO  FilterSession -  64 75c6bce7-b329-4314-9ef6-9a41a2854f7f: 0:0:0:0:0:0:0:1 - - [Tue Dec 31 12:51:22 IST 2024] "POST /update HTTP/1.1"
2024-12-31 12:51:22 INFO  FilterSession -  64 75c6bce7-b329-4314-9ef6-9a41a2854f7f: 0:0:0:0:0:0:0:1 - - [Tue Dec 31 12:51:22 IST 2024] "GET /home.jsp HTTP/1.1"
2024-12-31 12:51:31 INFO  FilterSession -  64 75c6bce7-b329-4314-9ef6-9a41a2854f7f: 0:0:0:0:0:0:0:1 - - [Tue Dec 31 12:51:31 IST 2024] "GET /contacts.jsp HTTP/1.1"
2024-12-31 12:51:34 INFO  FilterSession -  64 75c6bce7-b329-4314-9ef6-9a41a2854f7f: 0:0:0:0:0:0:0:1 - - [Tue Dec 31 12:51:34 IST 2024] "GET /createContact.jsp HTTP/1.1"
2024-12-31 12:52:11 INFO  FilterSession -  64 75c6bce7-b329-4314-9ef6-9a41a2854f7f: 0:0:0:0:0:0:0:1 - - [Tue Dec 31 12:52:11 IST 2024] "POST /create HTTP/1.1"
2024-12-31 12:52:11 INFO  FilterSession -  64 75c6bce7-b329-4314-9ef6-9a41a2854f7f: 0:0:0:0:0:0:0:1 - - [Tue Dec 31 12:52:11 IST 2024] "GET /contacts.jsp HTTP/1.1"
2024-12-31 12:53:35 INFO  FilterSession -  64 75c6bce7-b329-4314-9ef6-9a41a2854f7f: 0:0:0:0:0:0:0:1 - - [Tue Dec 31 12:53:35 IST 2024] "GET /contactDetails.jsp HTTP/1.1"
2024-12-31 12:53:38 INFO  FilterSession -  64 75c6bce7-b329-4314-9ef6-9a41a2854f7f: 0:0:0:0:0:0:0:1 - - [Tue Dec 31 12:53:38 IST 2024] "GET /editContact.jsp HTTP/1.1"
2024-12-31 12:53:43 INFO  FilterSession -  64 75c6bce7-b329-4314-9ef6-9a41a2854f7f: 0:0:0:0:0:0:0:1 - - [Tue Dec 31 12:53:43 IST 2024] "POST /update2 HTTP/1.1"
2024-12-31 12:53:43 INFO  FilterSession -  64 75c6bce7-b329-4314-9ef6-9a41a2854f7f: 0:0:0:0:0:0:0:1 - - [Tue Dec 31 12:53:43 IST 2024] "GET /contacts.jsp HTTP/1.1"
2024-12-31 12:53:58 INFO  FilterSession -  64 75c6bce7-b329-4314-9ef6-9a41a2854f7f: 0:0:0:0:0:0:0:1 - - [Tue Dec 31 12:53:58 IST 2024] "GET /contactDetails.jsp HTTP/1.1"
2024-12-31 12:54:59 INFO  FilterSession -  64 75c6bce7-b329-4314-9ef6-9a41a2854f7f: 0:0:0:0:0:0:0:1 - - [Tue Dec 31 12:54:59 IST 2024] "GET /contactDetails.jsp HTTP/1.1"
2024-12-31 12:55:02 INFO  FilterSession -  64 75c6bce7-b329-4314-9ef6-9a41a2854f7f: 0:0:0:0:0:0:0:1 - - [Tue Dec 31 12:55:02 IST 2024] "GET /contactDetails.jsp HTTP/1.1"
2024-12-31 12:55:02 INFO  FilterSession -  64 75c6bce7-b329-4314-9ef6-9a41a2854f7f: 0:0:0:0:0:0:0:1 - - [Tue Dec 31 12:55:02 IST 2024] "GET /contactDetails.jsp HTTP/1.1"
2024-12-31 12:55:02 INFO  FilterSession -  64 75c6bce7-b329-4314-9ef6-9a41a2854f7f: 0:0:0:0:0:0:0:1 - - [Tue Dec 31 12:55:02 IST 2024] "GET /contactDetails.jsp HTTP/1.1"
2024-12-31 12:56:35 INFO  FilterSession -  64 75c6bce7-b329-4314-9ef6-9a41a2854f7f: 0:0:0:0:0:0:0:1 - - [Tue Dec 31 12:56:35 IST 2024] "GET /contactDetails.jsp HTTP/1.1"
2024-12-31 12:56:36 INFO  FilterSession -  64 75c6bce7-b329-4314-9ef6-9a41a2854f7f: 0:0:0:0:0:0:0:1 - - [Tue Dec 31 12:56:36 IST 2024] "GET /contactDetails.jsp HTTP/1.1"
2024-12-31 12:56:37 INFO  FilterSession -  64 75c6bce7-b329-4314-9ef6-9a41a2854f7f: 0:0:0:0:0:0:0:1 - - [Tue Dec 31 12:56:37 IST 2024] "GET /contactDetails.jsp HTTP/1.1"
2024-12-31 12:56:37 INFO  FilterSession -  64 75c6bce7-b329-4314-9ef6-9a41a2854f7f: 0:0:0:0:0:0:0:1 - - [Tue Dec 31 12:56:37 IST 2024] "GET /contactDetails.jsp HTTP/1.1"
2024-12-31 12:56:38 INFO  FilterSession -  64 75c6bce7-b329-4314-9ef6-9a41a2854f7f: 0:0:0:0:0:0:0:1 - - [Tue Dec 31 12:56:38 IST 2024] "GET /contactDetails.jsp HTTP/1.1"
2024-12-31 12:56:49 INFO  FilterSession -  64 75c6bce7-b329-4314-9ef6-9a41a2854f7f: 0:0:0:0:0:0:0:1 - - [Tue Dec 31 12:56:49 IST 2024] "GET /contactDetails.jsp HTTP/1.1"
2024-12-31 12:58:15 INFO  FilterSession -  64 75c6bce7-b329-4314-9ef6-9a41a2854f7f: 0:0:0:0:0:0:0:1 - - [Tue Dec 31 12:58:15 IST 2024] "GET /category.jsp HTTP/1.1"
2024-12-31 12:58:16 INFO  FilterSession -  64 75c6bce7-b329-4314-9ef6-9a41a2854f7f: 0:0:0:0:0:0:0:1 - - [Tue Dec 31 12:58:16 IST 2024] "GET /categoryDetails.jsp HTTP/1.1"
2024-12-31 12:58:22 INFO  FilterSession -  64 75c6bce7-b329-4314-9ef6-9a41a2854f7f: 0:0:0:0:0:0:0:1 - - [Tue Dec 31 12:58:22 IST 2024] "GET /addContactToCategory.jsp HTTP/1.1"
2024-12-31 12:58:22 INFO  FilterSession -  64 75c6bce7-b329-4314-9ef6-9a41a2854f7f: 0:0:0:0:0:0:0:1 - - [Tue Dec 31 12:58:22 IST 2024] "GET /categoryDetails.jsp HTTP/1.1"
2024-12-31 13:00:57 INFO  AppContextListener - Server stoped at Tue Dec 31 13:00:57 IST 2024
