2025-01-16 15:05:32 INFO  AppContextListener - Server registered with IP: 127.0.1.1 and Port: 8080
2025-01-16 15:05:32 INFO  AppContextListener - Server started at Thu Jan 16 15:05:32 IST 2025
2025-01-16 15:07:48 INFO  FilterSession -  24 7b7dcb36-1994-4500-8fd4-e6faff70f5d1: 0:0:0:0:0:0:0:1 - - [Thu Jan 16 15:07:48 IST 2025] "GET /logout HTTP/1.1"
2025-01-16 15:07:48 INFO  FilterSession - 0:0:0:0:0:0:0:1 - - [Thu Jan 16 15:07:48 IST 2025] "GET /login.jsp HTTP/1.1"
2025-01-16 15:07:57 INFO  FilterSession - 0:0:0:0:0:0:0:1 - - [Thu Jan 16 15:07:57 IST 2025] "POST /login HTTP/1.1"
2025-01-16 15:07:57 INFO  ServletUserLogin - User logged in: user_id=24
2025-01-16 15:07:57 INFO  FilterSession -  24 e0e99fbd-3020-496d-a031-0f5f530bf62b: 0:0:0:0:0:0:0:1 - - [Thu Jan 16 15:07:57 IST 2025] "GET /home.jsp HTTP/1.1"
2025-01-16 15:08:00 INFO  FilterSession -  24 e0e99fbd-3020-496d-a031-0f5f530bf62b: 0:0:0:0:0:0:0:1 - - [Thu Jan 16 15:08:00 IST 2025] "GET /EditDetails.jsp HTTP/1.1"
2025-01-16 15:08:05 INFO  FilterSession -  24 e0e99fbd-3020-496d-a031-0f5f530bf62b: 0:0:0:0:0:0:0:1 - - [Thu Jan 16 15:08:05 IST 2025] "POST /mail HTTP/1.1"
2025-01-16 15:08:05 INFO  FilterSession -  24 e0e99fbd-3020-496d-a031-0f5f530bf62b: 0:0:0:0:0:0:0:1 - - [Thu Jan 16 15:08:05 IST 2025] "GET /EditDetails.jsp HTTP/1.1"
2025-01-16 15:08:20 INFO  FilterSession -  24 e0e99fbd-3020-496d-a031-0f5f530bf62b: 0:0:0:0:0:0:0:1 - - [Thu Jan 16 15:08:20 IST 2025] "POST /mail HTTP/1.1"
2025-01-16 15:08:20 INFO  FilterSession -  24 e0e99fbd-3020-496d-a031-0f5f530bf62b: 0:0:0:0:0:0:0:1 - - [Thu Jan 16 15:08:20 IST 2025] "GET /EditDetails.jsp HTTP/1.1"
2025-01-16 15:09:14 INFO  FilterSession -  24 e0e99fbd-3020-496d-a031-0f5f530bf62b: 0:0:0:0:0:0:0:1 - - [Thu Jan 16 15:09:14 IST 2025] "POST /mail HTTP/1.1"
2025-01-16 15:09:14 INFO  FilterSession -  24 e0e99fbd-3020-496d-a031-0f5f530bf62b: 0:0:0:0:0:0:0:1 - - [Thu Jan 16 15:09:14 IST 2025] "GET /myDetails.jsp HTTP/1.1"
2025-01-16 15:10:03 INFO  FilterSession -  24 e0e99fbd-3020-496d-a031-0f5f530bf62b: 0:0:0:0:0:0:0:1 - - [Thu Jan 16 15:10:03 IST 2025] "GET /EditDetails.jsp HTTP/1.1"
2025-01-16 15:10:09 INFO  FilterSession -  24 e0e99fbd-3020-496d-a031-0f5f530bf62b: 0:0:0:0:0:0:0:1 - - [Thu Jan 16 15:10:09 IST 2025] "POST /mail HTTP/1.1"
2025-01-16 15:10:09 INFO  FilterSession -  24 e0e99fbd-3020-496d-a031-0f5f530bf62b: 0:0:0:0:0:0:0:1 - - [Thu Jan 16 15:10:09 IST 2025] "GET /myDetails.jsp HTTP/1.1"
2025-01-16 15:10:25 INFO  FilterSession -  24 e0e99fbd-3020-496d-a031-0f5f530bf62b: 0:0:0:0:0:0:0:1 - - [Thu Jan 16 15:10:25 IST 2025] "GET /EditDetails.jsp HTTP/1.1"
2025-01-16 15:10:28 INFO  FilterSession -  24 e0e99fbd-3020-496d-a031-0f5f530bf62b: 0:0:0:0:0:0:0:1 - - [Thu Jan 16 15:10:28 IST 2025] "POST /mail HTTP/1.1"
2025-01-16 15:10:29 INFO  FilterSession -  24 e0e99fbd-3020-496d-a031-0f5f530bf62b: 0:0:0:0:0:0:0:1 - - [Thu Jan 16 15:10:29 IST 2025] "GET /EditDetails.jsp HTTP/1.1"
2025-01-16 15:10:47 INFO  FilterSession -  24 e0e99fbd-3020-496d-a031-0f5f530bf62b: 0:0:0:0:0:0:0:1 - - [Thu Jan 16 15:10:47 IST 2025] "POST /mail HTTP/1.1"
2025-01-16 15:10:47 INFO  FilterSession -  24 e0e99fbd-3020-496d-a031-0f5f530bf62b: 0:0:0:0:0:0:0:1 - - [Thu Jan 16 15:10:47 IST 2025] "GET /EditDetails.jsp HTTP/1.1"
2025-01-16 15:11:26 INFO  FilterSession -  24 e0e99fbd-3020-496d-a031-0f5f530bf62b: 0:0:0:0:0:0:0:1 - - [Thu Jan 16 15:11:26 IST 2025] "POST /mail HTTP/1.1"
2025-01-16 15:11:27 INFO  FilterSession -  24 e0e99fbd-3020-496d-a031-0f5f530bf62b: 0:0:0:0:0:0:0:1 - - [Thu Jan 16 15:11:27 IST 2025] "GET /myDetails.jsp HTTP/1.1"
2025-01-16 15:11:49 INFO  FilterSession -  24 e0e99fbd-3020-496d-a031-0f5f530bf62b: 0:0:0:0:0:0:0:1 - - [Thu Jan 16 15:11:49 IST 2025] "GET /EditDetails.jsp HTTP/1.1"
2025-01-16 15:11:52 INFO  FilterSession -  24 e0e99fbd-3020-496d-a031-0f5f530bf62b: 0:0:0:0:0:0:0:1 - - [Thu Jan 16 15:11:52 IST 2025] "POST /mail HTTP/1.1"
2025-01-16 15:11:52 INFO  FilterSession -  24 e0e99fbd-3020-496d-a031-0f5f530bf62b: 0:0:0:0:0:0:0:1 - - [Thu Jan 16 15:11:52 IST 2025] "GET /myDetails.jsp HTTP/1.1"
2025-01-16 15:12:19 INFO  FilterSession -  24 e0e99fbd-3020-496d-a031-0f5f530bf62b: 0:0:0:0:0:0:0:1 - - [Thu Jan 16 15:12:19 IST 2025] "GET /EditDetails.jsp HTTP/1.1"
2025-01-16 15:13:25 INFO  FilterSession -  24 e0e99fbd-3020-496d-a031-0f5f530bf62b: 0:0:0:0:0:0:0:1 - - [Thu Jan 16 15:13:25 IST 2025] "POST /mail HTTP/1.1"
2025-01-16 15:13:25 INFO  FilterSession -  24 e0e99fbd-3020-496d-a031-0f5f530bf62b: 0:0:0:0:0:0:0:1 - - [Thu Jan 16 15:13:25 IST 2025] "GET /myDetails.jsp HTTP/1.1"
2025-01-16 15:14:02 INFO  FilterSession -  24 e0e99fbd-3020-496d-a031-0f5f530bf62b: 0:0:0:0:0:0:0:1 - - [Thu Jan 16 15:14:02 IST 2025] "GET /EditDetails.jsp HTTP/1.1"
2025-01-16 15:14:06 INFO  FilterSession -  24 e0e99fbd-3020-496d-a031-0f5f530bf62b: 0:0:0:0:0:0:0:1 - - [Thu Jan 16 15:14:06 IST 2025] "POST /mail HTTP/1.1"
2025-01-16 15:14:06 INFO  FilterSession -  24 e0e99fbd-3020-496d-a031-0f5f530bf62b: 0:0:0:0:0:0:0:1 - - [Thu Jan 16 15:14:06 IST 2025] "GET /myDetails.jsp HTTP/1.1"
2025-01-16 16:07:54 INFO  AppContextListener - Server stoped at Thu Jan 16 16:07:54 IST 2025
