2025-01-02 11:15:19 INFO  AppContextListener - Server registered with IP: 127.0.1.1 and Port: 8080
2025-01-02 11:15:19 INFO  AppContextListener - Server started at Thu Jan 02 11:15:19 IST 2025
2025-01-02 11:15:19 INFO  FilterSession - 127.0.0.1 - - [Thu Jan 02 11:15:19 IST 2025] "GET / HTTP/1.1"
2025-01-02 11:15:33 INFO  FilterSession -  24 532e7e1d-4e98-4e8d-bc8e-967a4b2d422e: 0:0:0:0:0:0:0:1 - - [Thu Jan 02 11:15:33 IST 2025] "GET /login.jsp HTTP/1.1"
2025-01-02 11:15:33 INFO  FilterSession -  24 532e7e1d-4e98-4e8d-bc8e-967a4b2d422e: 0:0:0:0:0:0:0:1 - - [Thu Jan 02 11:15:33 IST 2025] "GET /home.jsp HTTP/1.1"
2025-01-02 11:15:36 INFO  FilterSession -  24 532e7e1d-4e98-4e8d-bc8e-967a4b2d422e: 0:0:0:0:0:0:0:1 - - [Thu Jan 02 11:15:36 IST 2025] "GET /EditDetails.jsp HTTP/1.1"
2025-01-02 11:15:41 INFO  FilterSession -  24 532e7e1d-4e98-4e8d-bc8e-967a4b2d422e: 0:0:0:0:0:0:0:1 - - [Thu Jan 02 11:15:41 IST 2025] "POST /mail HTTP/1.1"
2025-01-02 11:15:41 INFO  FilterSession -  24 532e7e1d-4e98-4e8d-bc8e-967a4b2d422e: 0:0:0:0:0:0:0:1 - - [Thu Jan 02 11:15:41 IST 2025] "GET /EditDetails.jsp HTTP/1.1"
2025-01-02 11:15:44 INFO  FilterSession -  24 532e7e1d-4e98-4e8d-bc8e-967a4b2d422e: 0:0:0:0:0:0:0:1 - - [Thu Jan 02 11:15:44 IST 2025] "GET /myDetails.jsp HTTP/1.1"
2025-01-02 11:15:47 INFO  FilterSession -  24 532e7e1d-4e98-4e8d-bc8e-967a4b2d422e: 0:0:0:0:0:0:0:1 - - [Thu Jan 02 11:15:47 IST 2025] "GET /EditDetails.jsp HTTP/1.1"
2025-01-02 11:15:52 INFO  FilterSession -  24 532e7e1d-4e98-4e8d-bc8e-967a4b2d422e: 0:0:0:0:0:0:0:1 - - [Thu Jan 02 11:15:52 IST 2025] "POST /phone HTTP/1.1"
2025-01-02 11:15:52 INFO  FilterSession -  24 532e7e1d-4e98-4e8d-bc8e-967a4b2d422e: 0:0:0:0:0:0:0:1 - - [Thu Jan 02 11:15:52 IST 2025] "GET /EditDetails.jsp HTTP/1.1"
2025-01-02 11:15:55 INFO  FilterSession -  24 532e7e1d-4e98-4e8d-bc8e-967a4b2d422e: 0:0:0:0:0:0:0:1 - - [Thu Jan 02 11:15:55 IST 2025] "GET /myDetails.jsp HTTP/1.1"
2025-01-02 11:15:58 INFO  FilterSession -  24 532e7e1d-4e98-4e8d-bc8e-967a4b2d422e: 0:0:0:0:0:0:0:1 - - [Thu Jan 02 11:15:58 IST 2025] "GET /EditDetails.jsp HTTP/1.1"
2025-01-02 11:16:04 INFO  FilterSession -  24 532e7e1d-4e98-4e8d-bc8e-967a4b2d422e: 0:0:0:0:0:0:0:1 - - [Thu Jan 02 11:16:04 IST 2025] "POST /phone HTTP/1.1"
2025-01-02 11:16:04 INFO  FilterSession -  24 532e7e1d-4e98-4e8d-bc8e-967a4b2d422e: 0:0:0:0:0:0:0:1 - - [Thu Jan 02 11:16:04 IST 2025] "GET /EditDetails.jsp HTTP/1.1"
2025-01-02 11:16:17 INFO  FilterSession -  24 532e7e1d-4e98-4e8d-bc8e-967a4b2d422e: 0:0:0:0:0:0:0:1 - - [Thu Jan 02 11:16:17 IST 2025] "POST /mail HTTP/1.1"
2025-01-02 11:16:17 INFO  FilterSession -  24 532e7e1d-4e98-4e8d-bc8e-967a4b2d422e: 0:0:0:0:0:0:0:1 - - [Thu Jan 02 11:16:17 IST 2025] "GET /EditDetails.jsp HTTP/1.1"
2025-01-02 11:16:21 INFO  FilterSession -  24 532e7e1d-4e98-4e8d-bc8e-967a4b2d422e: 0:0:0:0:0:0:0:1 - - [Thu Jan 02 11:16:21 IST 2025] "POST /mail HTTP/1.1"
2025-01-02 11:16:21 INFO  FilterSession -  24 532e7e1d-4e98-4e8d-bc8e-967a4b2d422e: 0:0:0:0:0:0:0:1 - - [Thu Jan 02 11:16:21 IST 2025] "GET /EditDetails.jsp HTTP/1.1"
2025-01-02 11:16:23 INFO  FilterSession -  24 532e7e1d-4e98-4e8d-bc8e-967a4b2d422e: 0:0:0:0:0:0:0:1 - - [Thu Jan 02 11:16:23 IST 2025] "GET /myDetails.jsp HTTP/1.1"
2025-01-02 11:16:36 INFO  AppContextListener - Server stoped at Thu Jan 02 11:16:36 IST 2025
