2024-12-22 11:45:39 INFO  AppContextListener - Server registered with IP: 127.0.1.1 and Port: 8080
2024-12-22 11:45:39 INFO  AppContextListener - Server started at Sun Dec 22 11:45:39 IST 2024
2024-12-22 11:45:40 INFO  FilterSession - 127.0.0.1 - - [Sun Dec 22 11:45:40 IST 2024] "GET / HTTP/1.1"
2024-12-22 11:45:45 INFO  FilterSession - 0:0:0:0:0:0:0:1 - - [Sun Dec 22 11:45:45 IST 2024] "GET /contactDetails.jsp HTTP/1.1"
2024-12-22 11:45:45 INFO  FilterSession - 0:0:0:0:0:0:0:1 - - [Sun Dec 22 11:45:45 IST 2024] "GET /login.jsp HTTP/1.1"
2024-12-22 11:45:52 INFO  FilterSession - 0:0:0:0:0:0:0:1 - - [Sun Dec 22 11:45:52 IST 2024] "POST /login HTTP/1.1"
2024-12-22 11:45:52 INFO  ServletUserLogin - User logged in: user_id=24
2024-12-22 11:45:52 INFO  FilterSession -  24 d9d03135-e0fa-480e-8cc0-a920b3cc40d2: 0:0:0:0:0:0:0:1 - - [Sun Dec 22 11:45:52 IST 2024] "GET /home.jsp HTTP/1.1"
2024-12-22 11:45:54 INFO  FilterSession -  24 d9d03135-e0fa-480e-8cc0-a920b3cc40d2: 0:0:0:0:0:0:0:1 - - [Sun Dec 22 11:45:54 IST 2024] "GET /contacts.jsp HTTP/1.1"
2024-12-22 11:45:57 INFO  FilterSession -  24 d9d03135-e0fa-480e-8cc0-a920b3cc40d2: 0:0:0:0:0:0:0:1 - - [Sun Dec 22 11:45:57 IST 2024] "GET /contactDetails.jsp HTTP/1.1"
2024-12-22 11:48:14 INFO  FilterSession - 0:0:0:0:0:0:0:1 - - [Sun Dec 22 11:48:14 IST 2024] "GET / HTTP/1.1"
2024-12-22 11:48:14 INFO  FilterSession - 0:0:0:0:0:0:0:1 - - [Sun Dec 22 11:48:14 IST 2024] "GET /login.jsp HTTP/1.1"
2024-12-22 11:48:23 INFO  FilterSession - 0:0:0:0:0:0:0:1 - - [Sun Dec 22 11:48:23 IST 2024] "POST /login HTTP/1.1"
2024-12-22 11:48:23 INFO  ServletUserLogin - User logged in: user_id=24
2024-12-22 11:48:23 INFO  FilterSession -  24 704ea042-ccd6-4f97-9ad8-f9436f34dfb8: 0:0:0:0:0:0:0:1 - - [Sun Dec 22 11:48:23 IST 2024] "GET /home.jsp HTTP/1.1"
2024-12-22 11:48:26 INFO  FilterSession -  24 704ea042-ccd6-4f97-9ad8-f9436f34dfb8: 0:0:0:0:0:0:0:1 - - [Sun Dec 22 11:48:26 IST 2024] "GET /contacts.jsp HTTP/1.1"
2024-12-22 11:48:28 INFO  FilterSession -  24 704ea042-ccd6-4f97-9ad8-f9436f34dfb8: 0:0:0:0:0:0:0:1 - - [Sun Dec 22 11:48:28 IST 2024] "GET /contactDetails.jsp HTTP/1.1"
2024-12-22 11:49:35 INFO  FilterSession -  24 704ea042-ccd6-4f97-9ad8-f9436f34dfb8: 0:0:0:0:0:0:0:1 - - [Sun Dec 22 11:49:35 IST 2024] "GET /contactDetails.jsp HTTP/1.1"
2024-12-22 11:49:44 INFO  FilterSession - 0:0:0:0:0:0:0:1 - - [Sun Dec 22 11:49:44 IST 2024] "GET /contactDetails.jsp HTTP/1.1"
2024-12-22 11:49:44 INFO  FilterSession - 0:0:0:0:0:0:0:1 - - [Sun Dec 22 11:49:44 IST 2024] "GET /login.jsp HTTP/1.1"
2024-12-22 11:49:51 INFO  FilterSession - 0:0:0:0:0:0:0:1 - - [Sun Dec 22 11:49:51 IST 2024] "POST /login HTTP/1.1"
2024-12-22 11:49:51 INFO  ServletUserLogin - User logged in: user_id=24
2024-12-22 11:49:51 INFO  FilterSession -  24 ccd33953-7f62-44ad-a4cb-7202df627336: 0:0:0:0:0:0:0:1 - - [Sun Dec 22 11:49:51 IST 2024] "GET /home.jsp HTTP/1.1"
2024-12-22 11:49:52 INFO  FilterSession -  24 ccd33953-7f62-44ad-a4cb-7202df627336: 0:0:0:0:0:0:0:1 - - [Sun Dec 22 11:49:52 IST 2024] "GET /contacts.jsp HTTP/1.1"
2024-12-22 11:49:55 INFO  FilterSession -  24 ccd33953-7f62-44ad-a4cb-7202df627336: 0:0:0:0:0:0:0:1 - - [Sun Dec 22 11:49:55 IST 2024] "GET /contactDetails.jsp HTTP/1.1"
2024-12-22 11:50:06 INFO  FilterSession -  24 ccd33953-7f62-44ad-a4cb-7202df627336: 0:0:0:0:0:0:0:1 - - [Sun Dec 22 11:50:06 IST 2024] "GET /contactDetails.jsp HTTP/1.1"
2024-12-22 11:50:07 INFO  FilterSession -  24 ccd33953-7f62-44ad-a4cb-7202df627336: 0:0:0:0:0:0:0:1 - - [Sun Dec 22 11:50:07 IST 2024] "GET /contactDetails.jsp HTTP/1.1"
2024-12-22 11:50:08 INFO  FilterSession -  24 ccd33953-7f62-44ad-a4cb-7202df627336: 0:0:0:0:0:0:0:1 - - [Sun Dec 22 11:50:08 IST 2024] "GET /contactDetails.jsp HTTP/1.1"
2024-12-22 11:50:08 INFO  FilterSession -  24 ccd33953-7f62-44ad-a4cb-7202df627336: 0:0:0:0:0:0:0:1 - - [Sun Dec 22 11:50:08 IST 2024] "GET /contactDetails.jsp HTTP/1.1"
2024-12-22 11:50:08 INFO  FilterSession -  24 ccd33953-7f62-44ad-a4cb-7202df627336: 0:0:0:0:0:0:0:1 - - [Sun Dec 22 11:50:08 IST 2024] "GET /contactDetails.jsp HTTP/1.1"
2024-12-22 11:50:09 INFO  FilterSession -  24 ccd33953-7f62-44ad-a4cb-7202df627336: 0:0:0:0:0:0:0:1 - - [Sun Dec 22 11:50:09 IST 2024] "GET /contactDetails.jsp HTTP/1.1"
2024-12-22 11:50:09 INFO  AppContextListener - Server stoped at Sun Dec 22 11:50:09 IST 2024
