2024-12-20 16:19:19 INFO  AppContextListener - Server registered with IP: 127.0.1.1 and Port: 8080
2024-12-20 16:19:20 INFO  AppContextListener - Server started at Fri Dec 20 16:19:20 IST 2024
2024-12-20 16:19:20 INFO  FilterSession - 127.0.0.1 - - [Fri Dec 20 16:19:20 IST 2024] "GET / HTTP/1.1"
2024-12-20 16:19:20 INFO  FilterSession - 0:0:0:0:0:0:0:1 - - [Fri Dec 20 16:19:20 IST 2024] "GET / HTTP/1.1"
2024-12-20 16:19:20 INFO  FilterSession - 0:0:0:0:0:0:0:1 - - [Fri Dec 20 16:19:20 IST 2024] "GET /login.jsp HTTP/1.1"
2024-12-20 16:19:28 INFO  FilterSession - 0:0:0:0:0:0:0:1 - - [Fri Dec 20 16:19:28 IST 2024] "POST /login HTTP/1.1"
2024-12-20 16:19:28 INFO  ServletUserLogin - User logged in: user_id=24
2024-12-20 16:19:28 INFO  FilterSession -  24 58d2ceb9-c18a-4707-b2e7-22a6ca15cdad: 0:0:0:0:0:0:0:1 - - [Fri Dec 20 16:19:28 IST 2024] "GET /home.jsp HTTP/1.1"
2024-12-20 16:19:32 INFO  FilterSession -  24 58d2ceb9-c18a-4707-b2e7-22a6ca15cdad: 0:0:0:0:0:0:0:1 - - [Fri Dec 20 16:19:32 IST 2024] "GET /EditDetails.jsp HTTP/1.1"
2024-12-20 16:19:35 INFO  FilterSession -  24 58d2ceb9-c18a-4707-b2e7-22a6ca15cdad: 0:0:0:0:0:0:0:1 - - [Fri Dec 20 16:19:35 IST 2024] "POST /update HTTP/1.1"
2024-12-20 16:19:35 INFO  FilterSession -  24 58d2ceb9-c18a-4707-b2e7-22a6ca15cdad: 0:0:0:0:0:0:0:1 - - [Fri Dec 20 16:19:35 IST 2024] "GET /home.jsp HTTP/1.1"
2024-12-20 16:19:39 INFO  FilterSession -  24 58d2ceb9-c18a-4707-b2e7-22a6ca15cdad: 0:0:0:0:0:0:0:1 - - [Fri Dec 20 16:19:39 IST 2024] "GET /EditDetails.jsp HTTP/1.1"
2024-12-20 16:19:52 INFO  FilterSession -  24 58d2ceb9-c18a-4707-b2e7-22a6ca15cdad: 0:0:0:0:0:0:0:1 - - [Fri Dec 20 16:19:52 IST 2024] "GET /logout HTTP/1.1"
2024-12-20 16:19:52 INFO  FilterSession - 0:0:0:0:0:0:0:1 - - [Fri Dec 20 16:19:52 IST 2024] "GET /login.jsp HTTP/1.1"
2024-12-20 16:20:12 INFO  FilterSession - 0:0:0:0:0:0:0:1 - - [Fri Dec 20 16:20:12 IST 2024] "GET / HTTP/1.1"
2024-12-20 16:20:12 INFO  FilterSession - 0:0:0:0:0:0:0:1 - - [Fri Dec 20 16:20:12 IST 2024] "GET /login.jsp HTTP/1.1"
2024-12-20 16:20:57 INFO  FilterSession - 0:0:0:0:0:0:0:1 - - [Fri Dec 20 16:20:57 IST 2024] "POST /login HTTP/1.1"
2024-12-20 16:20:58 INFO  ServletUserLogin - User logged in: user_id=24
2024-12-20 16:20:58 INFO  FilterSession -  24 606a26e8-c6b6-4e75-965c-15b629215214: 0:0:0:0:0:0:0:1 - - [Fri Dec 20 16:20:58 IST 2024] "GET /home.jsp HTTP/1.1"
2024-12-20 16:21:01 INFO  FilterSession -  24 606a26e8-c6b6-4e75-965c-15b629215214: 0:0:0:0:0:0:0:1 - - [Fri Dec 20 16:21:01 IST 2024] "GET /contacts.jsp HTTP/1.1"
2024-12-20 16:21:10 INFO  FilterSession -  24 606a26e8-c6b6-4e75-965c-15b629215214: 0:0:0:0:0:0:0:1 - - [Fri Dec 20 16:21:10 IST 2024] "GET /category.jsp HTTP/1.1"
2024-12-20 16:21:12 INFO  FilterSession -  24 606a26e8-c6b6-4e75-965c-15b629215214: 0:0:0:0:0:0:0:1 - - [Fri Dec 20 16:21:12 IST 2024] "GET /logout HTTP/1.1"
2024-12-20 16:21:12 INFO  FilterSession - 0:0:0:0:0:0:0:1 - - [Fri Dec 20 16:21:12 IST 2024] "GET /login.jsp HTTP/1.1"
2024-12-20 16:21:25 INFO  AppContextListener - Server stoped at Fri Dec 20 16:21:25 IST 2024
