2024-12-26 10:48:02 INFO  AppContextListener - Server registered with IP: 127.0.1.1 and Port: 8080
2024-12-26 10:48:02 INFO  AppContextListener - Server started at Thu Dec 26 10:48:02 IST 2024
2024-12-26 10:48:03 INFO  FilterSession - 127.0.0.1 - - [Thu Dec 26 10:48:03 IST 2024] "GET / HTTP/1.1"
2024-12-26 10:48:04 INFO  FilterSession -  24 b5f468c8-3244-43ff-bf9f-51c90cdfaa3c: 0:0:0:0:0:0:0:1 - - [Thu Dec 26 10:48:04 IST 2024] "GET / HTTP/1.1"
2024-12-26 10:48:04 INFO  FilterSession -  24 b5f468c8-3244-43ff-bf9f-51c90cdfaa3c: 0:0:0:0:0:0:0:1 - - [Thu Dec 26 10:48:04 IST 2024] "GET /home.jsp HTTP/1.1"
2024-12-26 10:48:06 INFO  FilterSession -  24 b5f468c8-3244-43ff-bf9f-51c90cdfaa3c: 0:0:0:0:0:0:0:1 - - [Thu Dec 26 10:48:06 IST 2024] "GET /EditDetails.jsp HTTP/1.1"
2024-12-26 10:49:12 INFO  FilterSession -  24 b5f468c8-3244-43ff-bf9f-51c90cdfaa3c: 0:0:0:0:0:0:0:1 - - [Thu Dec 26 10:49:12 IST 2024] "POST /update HTTP/1.1"
2024-12-26 10:49:12 INFO  FilterSession -  24 b5f468c8-3244-43ff-bf9f-51c90cdfaa3c: 0:0:0:0:0:0:0:1 - - [Thu Dec 26 10:49:12 IST 2024] "GET /EditDetails.jsp HTTP/1.1"
2024-12-26 10:49:27 INFO  FilterSession -  24 b5f468c8-3244-43ff-bf9f-51c90cdfaa3c: 0:0:0:0:0:0:0:1 - - [Thu Dec 26 10:49:27 IST 2024] "POST /update HTTP/1.1"
2024-12-26 10:49:27 INFO  FilterSession -  24 b5f468c8-3244-43ff-bf9f-51c90cdfaa3c: 0:0:0:0:0:0:0:1 - - [Thu Dec 26 10:49:27 IST 2024] "GET /EditDetails.jsp HTTP/1.1"
2024-12-26 10:50:41 INFO  FilterSession -  24 b5f468c8-3244-43ff-bf9f-51c90cdfaa3c: 0:0:0:0:0:0:0:1 - - [Thu Dec 26 10:50:41 IST 2024] "POST /update HTTP/1.1"
2024-12-26 10:50:41 INFO  FilterSession -  24 b5f468c8-3244-43ff-bf9f-51c90cdfaa3c: 0:0:0:0:0:0:0:1 - - [Thu Dec 26 10:50:41 IST 2024] "GET /EditDetails.jsp HTTP/1.1"
2024-12-26 10:52:34 INFO  FilterSession -  24 b5f468c8-3244-43ff-bf9f-51c90cdfaa3c: 0:0:0:0:0:0:0:1 - - [Thu Dec 26 10:52:34 IST 2024] "POST /update HTTP/1.1"
2024-12-26 10:52:34 INFO  FilterSession -  24 b5f468c8-3244-43ff-bf9f-51c90cdfaa3c: 0:0:0:0:0:0:0:1 - - [Thu Dec 26 10:52:34 IST 2024] "GET /EditDetails.jsp HTTP/1.1"
2024-12-26 10:52:38 INFO  FilterSession -  24 b5f468c8-3244-43ff-bf9f-51c90cdfaa3c: 0:0:0:0:0:0:0:1 - - [Thu Dec 26 10:52:38 IST 2024] "GET /myDetails.jsp HTTP/1.1"
2024-12-26 10:52:43 INFO  FilterSession -  24 b5f468c8-3244-43ff-bf9f-51c90cdfaa3c: 0:0:0:0:0:0:0:1 - - [Thu Dec 26 10:52:43 IST 2024] "GET /EditDetails.jsp HTTP/1.1"
2024-12-26 10:52:47 INFO  FilterSession -  24 b5f468c8-3244-43ff-bf9f-51c90cdfaa3c: 0:0:0:0:0:0:0:1 - - [Thu Dec 26 10:52:47 IST 2024] "POST /update HTTP/1.1"
2024-12-26 10:53:21 INFO  FilterSession -  24 b5f468c8-3244-43ff-bf9f-51c90cdfaa3c: 0:0:0:0:0:0:0:1 - - [Thu Dec 26 10:53:21 IST 2024] "GET /EditDetails.jsp HTTP/1.1"
2024-12-26 10:53:22 INFO  FilterSession -  24 b5f468c8-3244-43ff-bf9f-51c90cdfaa3c: 0:0:0:0:0:0:0:1 - - [Thu Dec 26 10:53:22 IST 2024] "GET /logout HTTP/1.1"
2024-12-26 10:53:22 INFO  FilterSession - 0:0:0:0:0:0:0:1 - - [Thu Dec 26 10:53:22 IST 2024] "GET /login.jsp HTTP/1.1"
2024-12-26 10:53:25 INFO  FilterSession - 0:0:0:0:0:0:0:1 - - [Thu Dec 26 10:53:25 IST 2024] "GET /login.jsp HTTP/1.1"
2024-12-26 10:53:35 INFO  FilterSession - 0:0:0:0:0:0:0:1 - - [Thu Dec 26 10:53:35 IST 2024] "POST /login HTTP/1.1"
2024-12-26 10:53:35 INFO  ServletUserLogin - User logged in: user_id=24
2024-12-26 10:53:35 INFO  FilterSession -  24 403213f3-0a7e-4dd3-b38b-1ffb84d524cd: 0:0:0:0:0:0:0:1 - - [Thu Dec 26 10:53:35 IST 2024] "GET /home.jsp HTTP/1.1"
2024-12-26 10:53:46 INFO  FilterSession -  24 403213f3-0a7e-4dd3-b38b-1ffb84d524cd: 0:0:0:0:0:0:0:1 - - [Thu Dec 26 10:53:46 IST 2024] "GET /EditDetails.jsp HTTP/1.1"
2024-12-26 10:53:58 INFO  FilterSession -  24 403213f3-0a7e-4dd3-b38b-1ffb84d524cd: 0:0:0:0:0:0:0:1 - - [Thu Dec 26 10:53:58 IST 2024] "POST /update HTTP/1.1"
2024-12-26 10:53:58 INFO  FilterSession -  24 403213f3-0a7e-4dd3-b38b-1ffb84d524cd: 0:0:0:0:0:0:0:1 - - [Thu Dec 26 10:53:58 IST 2024] "GET /home.jsp HTTP/1.1"
2024-12-26 10:55:28 INFO  AppContextListener - Server stoped at Thu Dec 26 10:55:28 IST 2024
