2024-10-24 16:32:22 INFO  AppContextListener - Server started at Thu Oct 24 16:32:22 IST 2024
2024-10-24 16:32:23 INFO  FilterSession - 127.0.0.1 - - [Thu Oct 24 16:32:23 IST 2024] "GET / HTTP/1.1"
2024-10-24 16:32:23 INFO  FilterSession -  24 5905cecc-5d5a-495d-b703-4175b2b13088: 0:0:0:0:0:0:0:1 - - [Thu Oct 24 16:32:23 IST 2024] "GET / HTTP/1.1"
2024-10-24 16:32:23 INFO  FilterSession -  24 5905cecc-5d5a-495d-b703-4175b2b13088: 0:0:0:0:0:0:0:1 - - [Thu Oct 24 16:32:23 IST 2024] "GET /home.jsp HTTP/1.1"
2024-10-24 16:32:26 INFO  FilterSession -  24 5905cecc-5d5a-495d-b703-4175b2b13088: 0:0:0:0:0:0:0:1 - - [Thu Oct 24 16:32:26 IST 2024] "GET /category.jsp HTTP/1.1"
2024-10-24 16:32:28 INFO  FilterSession -  24 5905cecc-5d5a-495d-b703-4175b2b13088: 0:0:0:0:0:0:0:1 - - [Thu Oct 24 16:32:28 IST 2024] "GET /categoryDetails.jsp HTTP/1.1"
2024-10-24 16:32:36 INFO  FilterSession -  24 5905cecc-5d5a-495d-b703-4175b2b13088: 0:0:0:0:0:0:0:1 - - [Thu Oct 24 16:32:36 IST 2024] "GET /deleteContactCategory.jsp HTTP/1.1"
2024-10-24 16:32:36 INFO  FilterSession -  24 5905cecc-5d5a-495d-b703-4175b2b13088: 0:0:0:0:0:0:0:1 - - [Thu Oct 24 16:32:36 IST 2024] "GET /categoryDetails.jsp HTTP/1.1"
2024-10-24 16:33:14 INFO  FilterSession -  24 5905cecc-5d5a-495d-b703-4175b2b13088: 0:0:0:0:0:0:0:1 - - [Thu Oct 24 16:33:14 IST 2024] "GET /category.jsp HTTP/1.1"
2024-10-24 16:33:16 INFO  FilterSession -  24 5905cecc-5d5a-495d-b703-4175b2b13088: 0:0:0:0:0:0:0:1 - - [Thu Oct 24 16:33:16 IST 2024] "GET /createCategory.jsp HTTP/1.1"
2024-10-24 16:33:29 INFO  FilterSession -  24 5905cecc-5d5a-495d-b703-4175b2b13088: 0:0:0:0:0:0:0:1 - - [Thu Oct 24 16:33:29 IST 2024] "POST /createCategory HTTP/1.1"
2024-10-24 16:33:29 INFO  FilterSession -  24 5905cecc-5d5a-495d-b703-4175b2b13088: 0:0:0:0:0:0:0:1 - - [Thu Oct 24 16:33:29 IST 2024] "GET /categoryDetails.jsp HTTP/1.1"
2024-10-24 16:34:00 INFO  FilterSession - 0:0:0:0:0:0:0:1 - - [Thu Oct 24 16:34:00 IST 2024] "GET /deleteCategory.jsp HTTP/1.1"
2024-10-24 16:34:00 INFO  FilterSession - 0:0:0:0:0:0:0:1 - - [Thu Oct 24 16:34:00 IST 2024] "GET /login.jsp HTTP/1.1"
2024-10-24 16:34:14 INFO  FilterSession - 0:0:0:0:0:0:0:1 - - [Thu Oct 24 16:34:14 IST 2024] "POST /login HTTP/1.1"
2024-10-24 16:34:14 INFO  ServletUserLogin - User logged in: user_id=24
2024-10-24 16:34:14 INFO  FilterSession -  24 d9538339-8a09-4fc2-8fcd-f09bd715b22c: 0:0:0:0:0:0:0:1 - - [Thu Oct 24 16:34:14 IST 2024] "GET /home.jsp HTTP/1.1"
2024-10-24 16:34:17 INFO  FilterSession -  24 d9538339-8a09-4fc2-8fcd-f09bd715b22c: 0:0:0:0:0:0:0:1 - - [Thu Oct 24 16:34:17 IST 2024] "GET /category.jsp HTTP/1.1"
2024-10-24 16:34:19 INFO  FilterSession -  24 d9538339-8a09-4fc2-8fcd-f09bd715b22c: 0:0:0:0:0:0:0:1 - - [Thu Oct 24 16:34:19 IST 2024] "GET /categoryDetails.jsp HTTP/1.1"
2024-10-24 16:39:35 INFO  AppContextListener - Server stoped at Thu Oct 24 16:39:35 IST 2024
2024-10-24 16:39:46 INFO  FilterSession - 0:0:0:0:0:0:0:1 - - [Thu Oct 24 16:39:46 IST 2024] "GET /categoryDetails.jsp HTTP/1.1"
2024-10-24 16:39:46 INFO  FilterSession - 0:0:0:0:0:0:0:1 - - [Thu Oct 24 16:39:46 IST 2024] "GET /categoryDetails.jsp HTTP/1.1"
2024-10-24 16:39:46 INFO  FilterSession - 0:0:0:0:0:0:0:1 - - [Thu Oct 24 16:39:46 IST 2024] "GET /categoryDetails.jsp HTTP/1.1"
2024-10-24 16:39:46 INFO  FilterSession - 0:0:0:0:0:0:0:1 - - [Thu Oct 24 16:39:46 IST 2024] "GET /categoryDetails.jsp HTTP/1.1"
