2025-01-02 12:32:13 INFO  AppContextListener - Server registered with IP: 127.0.1.1 and Port: 8080
2025-01-02 12:32:13 INFO  AppContextListener - Server started at Thu Jan 02 12:32:13 IST 2025
2025-01-02 12:32:13 INFO  FilterSession - 127.0.0.1 - - [Thu Jan 02 12:32:13 IST 2025] "GET / HTTP/1.1"
2025-01-02 12:32:14 INFO  FilterSession -  24 1b8ae121-ce81-4104-b1f1-af3e578883ff: 0:0:0:0:0:0:0:1 - - [Thu Jan 02 12:32:14 IST 2025] "GET / HTTP/1.1"
2025-01-02 12:32:14 INFO  FilterSession -  24 1b8ae121-ce81-4104-b1f1-af3e578883ff: 0:0:0:0:0:0:0:1 - - [Thu Jan 02 12:32:14 IST 2025] "GET /home.jsp HTTP/1.1"
2025-01-02 12:32:15 INFO  FilterSession -  24 1b8ae121-ce81-4104-b1f1-af3e578883ff: 0:0:0:0:0:0:0:1 - - [Thu Jan 02 12:32:15 IST 2025] "GET /favicon.ico HTTP/1.1"
2025-01-02 12:32:20 INFO  FilterSession -  24 1b8ae121-ce81-4104-b1f1-af3e578883ff: 0:0:0:0:0:0:0:1 - - [Thu Jan 02 12:32:20 IST 2025] "GET /EditDetails.jsp HTTP/1.1"
2025-01-02 12:38:17 INFO  FilterSession -  24 1b8ae121-ce81-4104-b1f1-af3e578883ff: 0:0:0:0:0:0:0:1 - - [Thu Jan 02 12:38:17 IST 2025] "GET /EditDetails.jsp HTTP/1.1"
2025-01-02 12:38:48 INFO  FilterSession -  24 1b8ae121-ce81-4104-b1f1-af3e578883ff: 0:0:0:0:0:0:0:1 - - [Thu Jan 02 12:38:48 IST 2025] "GET /EditDetails.jsp HTTP/1.1"
2025-01-02 12:39:22 INFO  FilterSession -  24 1b8ae121-ce81-4104-b1f1-af3e578883ff: 0:0:0:0:0:0:0:1 - - [Thu Jan 02 12:39:22 IST 2025] "GET /EditDetails.jsp HTTP/1.1"
2025-01-02 12:39:35 INFO  FilterSession -  24 1b8ae121-ce81-4104-b1f1-af3e578883ff: 0:0:0:0:0:0:0:1 - - [Thu Jan 02 12:39:35 IST 2025] "GET /EditDetails.jsp HTTP/1.1"
2025-01-02 12:39:36 INFO  FilterSession -  24 1b8ae121-ce81-4104-b1f1-af3e578883ff: 0:0:0:0:0:0:0:1 - - [Thu Jan 02 12:39:36 IST 2025] "GET /EditDetails.jsp HTTP/1.1"
2025-01-02 12:39:37 INFO  FilterSession -  24 1b8ae121-ce81-4104-b1f1-af3e578883ff: 0:0:0:0:0:0:0:1 - - [Thu Jan 02 12:39:37 IST 2025] "GET /EditDetails.jsp HTTP/1.1"
2025-01-02 12:40:03 INFO  FilterSession -  24 1b8ae121-ce81-4104-b1f1-af3e578883ff: 0:0:0:0:0:0:0:1 - - [Thu Jan 02 12:40:03 IST 2025] "GET /EditDetails.jsp HTTP/1.1"
2025-01-02 12:40:24 INFO  FilterSession -  24 1b8ae121-ce81-4104-b1f1-af3e578883ff: 0:0:0:0:0:0:0:1 - - [Thu Jan 02 12:40:24 IST 2025] "GET /EditDetails.jsp HTTP/1.1"
2025-01-02 12:40:45 INFO  FilterSession -  24 1b8ae121-ce81-4104-b1f1-af3e578883ff: 0:0:0:0:0:0:0:1 - - [Thu Jan 02 12:40:45 IST 2025] "GET /EditDetails.jsp HTTP/1.1"
2025-01-02 12:42:23 INFO  FilterSession -  24 1b8ae121-ce81-4104-b1f1-af3e578883ff: 0:0:0:0:0:0:0:1 - - [Thu Jan 02 12:42:23 IST 2025] "GET /EditDetails.jsp HTTP/1.1"
2025-01-02 12:44:14 INFO  FilterSession -  24 1b8ae121-ce81-4104-b1f1-af3e578883ff: 0:0:0:0:0:0:0:1 - - [Thu Jan 02 12:44:14 IST 2025] "GET /EditDetails.jsp HTTP/1.1"
2025-01-02 12:44:34 INFO  FilterSession -  24 1b8ae121-ce81-4104-b1f1-af3e578883ff: 0:0:0:0:0:0:0:1 - - [Thu Jan 02 12:44:34 IST 2025] "GET /EditDetails.jsp HTTP/1.1"
2025-01-02 12:44:50 INFO  FilterSession -  24 1b8ae121-ce81-4104-b1f1-af3e578883ff: 0:0:0:0:0:0:0:1 - - [Thu Jan 02 12:44:50 IST 2025] "GET /EditDetails.jsp HTTP/1.1"
2025-01-02 12:44:51 INFO  FilterSession -  24 1b8ae121-ce81-4104-b1f1-af3e578883ff: 0:0:0:0:0:0:0:1 - - [Thu Jan 02 12:44:51 IST 2025] "GET /EditDetails.jsp HTTP/1.1"
2025-01-02 12:45:02 INFO  FilterSession -  24 1b8ae121-ce81-4104-b1f1-af3e578883ff: 0:0:0:0:0:0:0:1 - - [Thu Jan 02 12:45:02 IST 2025] "GET /EditDetails.jsp HTTP/1.1"
2025-01-02 12:45:03 INFO  FilterSession -  24 1b8ae121-ce81-4104-b1f1-af3e578883ff: 0:0:0:0:0:0:0:1 - - [Thu Jan 02 12:45:03 IST 2025] "GET /EditDetails.jsp HTTP/1.1"
2025-01-02 12:45:20 INFO  FilterSession -  24 1b8ae121-ce81-4104-b1f1-af3e578883ff: 0:0:0:0:0:0:0:1 - - [Thu Jan 02 12:45:20 IST 2025] "GET /EditDetails.jsp HTTP/1.1"
2025-01-02 12:45:20 INFO  FilterSession -  24 1b8ae121-ce81-4104-b1f1-af3e578883ff: 0:0:0:0:0:0:0:1 - - [Thu Jan 02 12:45:20 IST 2025] "GET /EditDetails.jsp HTTP/1.1"
2025-01-02 12:45:21 INFO  FilterSession -  24 1b8ae121-ce81-4104-b1f1-af3e578883ff: 0:0:0:0:0:0:0:1 - - [Thu Jan 02 12:45:21 IST 2025] "GET /EditDetails.jsp HTTP/1.1"
2025-01-02 12:45:21 INFO  FilterSession -  24 1b8ae121-ce81-4104-b1f1-af3e578883ff: 0:0:0:0:0:0:0:1 - - [Thu Jan 02 12:45:21 IST 2025] "GET /EditDetails.jsp HTTP/1.1"
2025-01-02 12:49:46 INFO  FilterSession -  24 1b8ae121-ce81-4104-b1f1-af3e578883ff: 0:0:0:0:0:0:0:1 - - [Thu Jan 02 12:49:46 IST 2025] "GET /EditDetails.jsp HTTP/1.1"
2025-01-02 12:51:27 INFO  FilterSession -  24 1b8ae121-ce81-4104-b1f1-af3e578883ff: 0:0:0:0:0:0:0:1 - - [Thu Jan 02 12:51:27 IST 2025] "GET /EditDetails.jsp HTTP/1.1"
2025-01-02 12:51:28 INFO  FilterSession -  24 1b8ae121-ce81-4104-b1f1-af3e578883ff: 0:0:0:0:0:0:0:1 - - [Thu Jan 02 12:51:28 IST 2025] "GET /EditDetails.jsp HTTP/1.1"
2025-01-02 12:51:28 INFO  FilterSession -  24 1b8ae121-ce81-4104-b1f1-af3e578883ff: 0:0:0:0:0:0:0:1 - - [Thu Jan 02 12:51:28 IST 2025] "GET /EditDetails.jsp HTTP/1.1"
2025-01-02 12:51:28 INFO  FilterSession -  24 1b8ae121-ce81-4104-b1f1-af3e578883ff: 0:0:0:0:0:0:0:1 - - [Thu Jan 02 12:51:28 IST 2025] "GET /EditDetails.jsp HTTP/1.1"
2025-01-02 12:51:30 INFO  FilterSession -  24 1b8ae121-ce81-4104-b1f1-af3e578883ff: 0:0:0:0:0:0:0:1 - - [Thu Jan 02 12:51:30 IST 2025] "GET /EditDetails.jsp HTTP/1.1"
2025-01-02 12:52:10 INFO  FilterSession -  24 1b8ae121-ce81-4104-b1f1-af3e578883ff: 0:0:0:0:0:0:0:1 - - [Thu Jan 02 12:52:10 IST 2025] "GET /EditDetails.jsp HTTP/1.1"
2025-01-02 12:52:29 INFO  FilterSession -  24 1b8ae121-ce81-4104-b1f1-af3e578883ff: 0:0:0:0:0:0:0:1 - - [Thu Jan 02 12:52:29 IST 2025] "GET /EditDetails.jsp HTTP/1.1"
2025-01-02 12:52:40 INFO  FilterSession -  24 1b8ae121-ce81-4104-b1f1-af3e578883ff: 0:0:0:0:0:0:0:1 - - [Thu Jan 02 12:52:40 IST 2025] "GET /EditDetails.jsp HTTP/1.1"
2025-01-02 12:53:59 INFO  FilterSession -  24 1b8ae121-ce81-4104-b1f1-af3e578883ff: 0:0:0:0:0:0:0:1 - - [Thu Jan 02 12:53:59 IST 2025] "GET /EditDetails.jsp HTTP/1.1"
2025-01-02 12:54:20 INFO  FilterSession -  24 1b8ae121-ce81-4104-b1f1-af3e578883ff: 0:0:0:0:0:0:0:1 - - [Thu Jan 02 12:54:20 IST 2025] "GET /EditDetails.jsp HTTP/1.1"
2025-01-02 12:54:26 INFO  FilterSession -  24 1b8ae121-ce81-4104-b1f1-af3e578883ff: 0:0:0:0:0:0:0:1 - - [Thu Jan 02 12:54:26 IST 2025] "POST /phone HTTP/1.1"
2025-01-02 12:54:29 INFO  FilterSession -  24 1b8ae121-ce81-4104-b1f1-af3e578883ff: 0:0:0:0:0:0:0:1 - - [Thu Jan 02 12:54:29 IST 2025] "GET /EditDetails.jsp HTTP/1.1"
2025-01-02 12:57:55 INFO  FilterSession -  24 1b8ae121-ce81-4104-b1f1-af3e578883ff: 0:0:0:0:0:0:0:1 - - [Thu Jan 02 12:57:55 IST 2025] "GET /EditDetails.jsp HTTP/1.1"
2025-01-02 12:58:37 INFO  FilterSession -  24 1b8ae121-ce81-4104-b1f1-af3e578883ff: 0:0:0:0:0:0:0:1 - - [Thu Jan 02 12:58:37 IST 2025] "GET /EditDetails.jsp HTTP/1.1"
2025-01-02 12:59:21 INFO  FilterSession -  24 1b8ae121-ce81-4104-b1f1-af3e578883ff: 0:0:0:0:0:0:0:1 - - [Thu Jan 02 12:59:21 IST 2025] "GET /EditDetails.jsp HTTP/1.1"
2025-01-02 12:59:51 INFO  FilterSession -  24 1b8ae121-ce81-4104-b1f1-af3e578883ff: 0:0:0:0:0:0:0:1 - - [Thu Jan 02 12:59:51 IST 2025] "GET /EditDetails.jsp HTTP/1.1"
2025-01-02 13:00:06 INFO  FilterSession -  24 1b8ae121-ce81-4104-b1f1-af3e578883ff: 0:0:0:0:0:0:0:1 - - [Thu Jan 02 13:00:06 IST 2025] "GET /EditDetails.jsp HTTP/1.1"
2025-01-02 13:00:57 INFO  FilterSession -  24 1b8ae121-ce81-4104-b1f1-af3e578883ff: 0:0:0:0:0:0:0:1 - - [Thu Jan 02 13:00:57 IST 2025] "GET /EditDetails.jsp HTTP/1.1"
2025-01-02 13:02:14 INFO  FilterSession -  24 1b8ae121-ce81-4104-b1f1-af3e578883ff: 0:0:0:0:0:0:0:1 - - [Thu Jan 02 13:02:14 IST 2025] "GET /EditDetails.jsp HTTP/1.1"
2025-01-02 13:02:15 INFO  FilterSession -  24 1b8ae121-ce81-4104-b1f1-af3e578883ff: 0:0:0:0:0:0:0:1 - - [Thu Jan 02 13:02:15 IST 2025] "GET /EditDetails.jsp HTTP/1.1"
2025-01-02 13:02:16 INFO  FilterSession -  24 1b8ae121-ce81-4104-b1f1-af3e578883ff: 0:0:0:0:0:0:0:1 - - [Thu Jan 02 13:02:16 IST 2025] "GET /EditDetails.jsp HTTP/1.1"
2025-01-02 13:02:16 INFO  FilterSession -  24 1b8ae121-ce81-4104-b1f1-af3e578883ff: 0:0:0:0:0:0:0:1 - - [Thu Jan 02 13:02:16 IST 2025] "GET /EditDetails.jsp HTTP/1.1"
2025-01-02 13:02:32 INFO  FilterSession -  24 1b8ae121-ce81-4104-b1f1-af3e578883ff: 0:0:0:0:0:0:0:1 - - [Thu Jan 02 13:02:32 IST 2025] "GET /EditDetails.jsp HTTP/1.1"
2025-01-02 13:03:05 INFO  FilterSession -  24 1b8ae121-ce81-4104-b1f1-af3e578883ff: 0:0:0:0:0:0:0:1 - - [Thu Jan 02 13:03:05 IST 2025] "GET /EditDetails.jsp HTTP/1.1"
2025-01-02 13:06:15 INFO  FilterSession -  24 1b8ae121-ce81-4104-b1f1-af3e578883ff: 0:0:0:0:0:0:0:1 - - [Thu Jan 02 13:06:15 IST 2025] "GET /EditDetails.jsp HTTP/1.1"
2025-01-02 13:07:06 INFO  FilterSession -  24 1b8ae121-ce81-4104-b1f1-af3e578883ff: 0:0:0:0:0:0:0:1 - - [Thu Jan 02 13:07:06 IST 2025] "GET /EditDetails.jsp HTTP/1.1"
2025-01-02 13:07:53 INFO  FilterSession -  24 1b8ae121-ce81-4104-b1f1-af3e578883ff: 0:0:0:0:0:0:0:1 - - [Thu Jan 02 13:07:53 IST 2025] "GET /EditDetails.jsp HTTP/1.1"
2025-01-02 13:08:39 INFO  FilterSession -  24 1b8ae121-ce81-4104-b1f1-af3e578883ff: 0:0:0:0:0:0:0:1 - - [Thu Jan 02 13:08:39 IST 2025] "GET /EditDetails.jsp HTTP/1.1"
2025-01-02 13:10:03 INFO  FilterSession -  24 1b8ae121-ce81-4104-b1f1-af3e578883ff: 0:0:0:0:0:0:0:1 - - [Thu Jan 02 13:10:03 IST 2025] "GET /EditDetails.jsp HTTP/1.1"
2025-01-02 13:22:06 INFO  AppContextListener - Server stoped at Thu Jan 02 13:22:06 IST 2025
