2024-12-27 18:59:41 INFO  AppContextListener - Server registered with IP: 127.0.1.1 and Port: 8080
2024-12-27 18:59:41 INFO  AppContextListener - Server started at Fri Dec 27 18:59:41 IST 2024
2024-12-27 18:59:41 INFO  FilterSession - 127.0.0.1 - - [Fri Dec 27 18:59:41 IST 2024] "GET / HTTP/1.1"
2024-12-27 18:59:41 INFO  FilterSession - 0:0:0:0:0:0:0:1 - - [Fri Dec 27 18:59:41 IST 2024] "GET / HTTP/1.1"
2024-12-27 18:59:41 INFO  FilterSession - 0:0:0:0:0:0:0:1 - - [Fri Dec 27 18:59:41 IST 2024] "GET /login.jsp HTTP/1.1"
2024-12-27 18:59:56 INFO  FilterSession - 0:0:0:0:0:0:0:1 - - [Fri Dec 27 18:59:56 IST 2024] "GET /index.jsp HTTP/1.1"
2024-12-27 19:00:43 INFO  FilterSession - 0:0:0:0:0:0:0:1 - - [Fri Dec 27 19:00:43 IST 2024] "GET /register.jsp HTTP/1.1"
2024-12-27 19:01:37 INFO  FilterSession - 0:0:0:0:0:0:0:1 - - [Fri Dec 27 19:01:37 IST 2024] "POST /register HTTP/1.1"
2024-12-27 19:01:37 INFO  FilterSession - 0:0:0:0:0:0:0:1 - - [Fri Dec 27 19:01:37 IST 2024] "GET /login.jsp HTTP/1.1"
2024-12-27 19:01:49 INFO  FilterSession - 0:0:0:0:0:0:0:1 - - [Fri Dec 27 19:01:49 IST 2024] "POST /login HTTP/1.1"
2024-12-27 19:01:49 INFO  FilterSession - 0:0:0:0:0:0:0:1 - - [Fri Dec 27 19:01:49 IST 2024] "GET /login.jsp HTTP/1.1"
2024-12-27 19:02:09 INFO  FilterSession - 0:0:0:0:0:0:0:1 - - [Fri Dec 27 19:02:09 IST 2024] "POST /login HTTP/1.1"
2024-12-27 19:02:09 INFO  FilterSession - 0:0:0:0:0:0:0:1 - - [Fri Dec 27 19:02:09 IST 2024] "GET /login.jsp HTTP/1.1"
2024-12-27 19:03:44 INFO  FilterSession - 0:0:0:0:0:0:0:1 - - [Fri Dec 27 19:03:44 IST 2024] "GET /index.jsp HTTP/1.1"
2024-12-27 19:03:46 INFO  FilterSession - 0:0:0:0:0:0:0:1 - - [Fri Dec 27 19:03:46 IST 2024] "GET /register.jsp HTTP/1.1"
2024-12-27 19:04:22 INFO  FilterSession - 0:0:0:0:0:0:0:1 - - [Fri Dec 27 19:04:22 IST 2024] "POST /register HTTP/1.1"
2024-12-27 19:04:22 INFO  FilterSession - 0:0:0:0:0:0:0:1 - - [Fri Dec 27 19:04:22 IST 2024] "GET /login.jsp HTTP/1.1"
2024-12-27 19:04:29 INFO  FilterSession - 0:0:0:0:0:0:0:1 - - [Fri Dec 27 19:04:29 IST 2024] "POST /login HTTP/1.1"
2024-12-27 19:04:29 INFO  FilterSession - 0:0:0:0:0:0:0:1 - - [Fri Dec 27 19:04:29 IST 2024] "GET /login.jsp HTTP/1.1"
2024-12-27 19:04:46 INFO  AppContextListener - Server stoped at Fri Dec 27 19:04:46 IST 2024
