2024-12-24 16:30:38 INFO  AppContextListener - Server registered with IP: 127.0.1.1 and Port: 8080
2024-12-24 16:30:38 INFO  AppContextListener - Server started at Tue Dec 24 16:30:38 IST 2024
2024-12-24 16:30:38 INFO  FilterSession - 127.0.0.1 - - [Tue Dec 24 16:30:38 IST 2024] "GET / HTTP/1.1"
2024-12-24 16:30:46 INFO  FilterSession - 0:0:0:0:0:0:0:1 - - [Tue Dec 24 16:30:46 IST 2024] "GET /index.jsp HTTP/1.1"
2024-12-24 16:30:57 INFO  FilterSession - 0:0:0:0:0:0:0:1 - - [Tue Dec 24 16:30:57 IST 2024] "GET /login.jsp HTTP/1.1"
2024-12-24 16:31:07 INFO  FilterSession - 0:0:0:0:0:0:0:1 - - [Tue Dec 24 16:31:07 IST 2024] "POST /login HTTP/1.1"
2024-12-24 16:31:07 INFO  ServletUserLogin - User logged in: user_id=24
2024-12-24 16:31:07 INFO  FilterSession -  24 5cbecf4b-ce68-44b3-92ed-ddc48be52edb: 0:0:0:0:0:0:0:1 - - [Tue Dec 24 16:31:07 IST 2024] "GET /home.jsp HTTP/1.1"
2024-12-24 16:31:16 INFO  FilterSession -  24 5cbecf4b-ce68-44b3-92ed-ddc48be52edb: 0:0:0:0:0:0:0:1 - - [Tue Dec 24 16:31:16 IST 2024] "GET /category.jsp HTTP/1.1"
2024-12-24 16:31:21 INFO  FilterSession -  24 5cbecf4b-ce68-44b3-92ed-ddc48be52edb: 0:0:0:0:0:0:0:1 - - [Tue Dec 24 16:31:21 IST 2024] "GET /contacts.jsp HTTP/1.1"
2024-12-24 16:31:26 INFO  FilterSession -  24 5cbecf4b-ce68-44b3-92ed-ddc48be52edb: 0:0:0:0:0:0:0:1 - - [Tue Dec 24 16:31:26 IST 2024] "GET /createContact.jsp HTTP/1.1"
2024-12-24 16:32:27 INFO  FilterSession -  24 5cbecf4b-ce68-44b3-92ed-ddc48be52edb: 0:0:0:0:0:0:0:1 - - [Tue Dec 24 16:32:27 IST 2024] "POST /create HTTP/1.1"
2024-12-24 16:32:42 INFO  FilterSession -  24 5cbecf4b-ce68-44b3-92ed-ddc48be52edb: 0:0:0:0:0:0:0:1 - - [Tue Dec 24 16:32:42 IST 2024] "GET /createContact.jsp HTTP/1.1"
2024-12-24 16:32:44 INFO  FilterSession -  24 5cbecf4b-ce68-44b3-92ed-ddc48be52edb: 0:0:0:0:0:0:0:1 - - [Tue Dec 24 16:32:44 IST 2024] "GET /contacts.jsp HTTP/1.1"
2024-12-24 16:32:47 INFO  FilterSession -  24 5cbecf4b-ce68-44b3-92ed-ddc48be52edb: 0:0:0:0:0:0:0:1 - - [Tue Dec 24 16:32:47 IST 2024] "GET /contactDetails.jsp HTTP/1.1"
2024-12-24 16:32:58 INFO  FilterSession -  24 5cbecf4b-ce68-44b3-92ed-ddc48be52edb: 0:0:0:0:0:0:0:1 - - [Tue Dec 24 16:32:58 IST 2024] "GET /convertTimeZone HTTP/1.1"
2024-12-24 16:33:25 INFO  FilterSession -  24 5cbecf4b-ce68-44b3-92ed-ddc48be52edb: 0:0:0:0:0:0:0:1 - - [Tue Dec 24 16:33:25 IST 2024] "GET /convertTimeZone HTTP/1.1"
2024-12-24 16:33:27 INFO  FilterSession -  24 5cbecf4b-ce68-44b3-92ed-ddc48be52edb: 0:0:0:0:0:0:0:1 - - [Tue Dec 24 16:33:27 IST 2024] "GET /convertTimeZone HTTP/1.1"
2024-12-24 16:33:44 INFO  FilterSession -  24 5cbecf4b-ce68-44b3-92ed-ddc48be52edb: 0:0:0:0:0:0:0:1 - - [Tue Dec 24 16:33:44 IST 2024] "GET /myDetails.jsp HTTP/1.1"
2024-12-24 16:33:46 INFO  FilterSession -  24 5cbecf4b-ce68-44b3-92ed-ddc48be52edb: 0:0:0:0:0:0:0:1 - - [Tue Dec 24 16:33:46 IST 2024] "GET /category.jsp HTTP/1.1"
2024-12-24 16:33:48 INFO  FilterSession -  24 5cbecf4b-ce68-44b3-92ed-ddc48be52edb: 0:0:0:0:0:0:0:1 - - [Tue Dec 24 16:33:48 IST 2024] "GET /categoryDetails.jsp HTTP/1.1"
2024-12-24 16:33:51 INFO  FilterSession -  24 5cbecf4b-ce68-44b3-92ed-ddc48be52edb: 0:0:0:0:0:0:0:1 - - [Tue Dec 24 16:33:51 IST 2024] "GET /contacts.jsp HTTP/1.1"
2024-12-24 16:33:55 INFO  FilterSession -  24 5cbecf4b-ce68-44b3-92ed-ddc48be52edb: 0:0:0:0:0:0:0:1 - - [Tue Dec 24 16:33:55 IST 2024] "GET /category.jsp HTTP/1.1"
2024-12-24 16:33:57 INFO  FilterSession -  24 5cbecf4b-ce68-44b3-92ed-ddc48be52edb: 0:0:0:0:0:0:0:1 - - [Tue Dec 24 16:33:57 IST 2024] "GET /categoryDetails.jsp HTTP/1.1"
2024-12-24 16:34:17 INFO  FilterSession -  24 5cbecf4b-ce68-44b3-92ed-ddc48be52edb: 0:0:0:0:0:0:0:1 - - [Tue Dec 24 16:34:17 IST 2024] "GET /contacts.jsp HTTP/1.1"
2024-12-24 16:34:22 INFO  FilterSession -  24 5cbecf4b-ce68-44b3-92ed-ddc48be52edb: 0:0:0:0:0:0:0:1 - - [Tue Dec 24 16:34:22 IST 2024] "GET /contactDetails.jsp HTTP/1.1"
2024-12-24 16:34:25 INFO  FilterSession -  24 5cbecf4b-ce68-44b3-92ed-ddc48be52edb: 0:0:0:0:0:0:0:1 - - [Tue Dec 24 16:34:25 IST 2024] "GET /contacts.jsp HTTP/1.1"
2024-12-24 16:34:27 INFO  FilterSession -  24 5cbecf4b-ce68-44b3-92ed-ddc48be52edb: 0:0:0:0:0:0:0:1 - - [Tue Dec 24 16:34:27 IST 2024] "GET /category.jsp HTTP/1.1"
2024-12-24 16:34:28 INFO  FilterSession -  24 5cbecf4b-ce68-44b3-92ed-ddc48be52edb: 0:0:0:0:0:0:0:1 - - [Tue Dec 24 16:34:28 IST 2024] "GET /categoryDetails.jsp HTTP/1.1"
2024-12-24 16:34:31 INFO  FilterSession -  24 5cbecf4b-ce68-44b3-92ed-ddc48be52edb: 0:0:0:0:0:0:0:1 - - [Tue Dec 24 16:34:31 IST 2024] "GET /myDetails.jsp HTTP/1.1"
2024-12-24 16:34:35 INFO  FilterSession -  24 5cbecf4b-ce68-44b3-92ed-ddc48be52edb: 0:0:0:0:0:0:0:1 - - [Tue Dec 24 16:34:35 IST 2024] "GET /myDetails.jsp HTTP/1.1"
2024-12-24 16:34:36 INFO  FilterSession -  24 5cbecf4b-ce68-44b3-92ed-ddc48be52edb: 0:0:0:0:0:0:0:1 - - [Tue Dec 24 16:34:36 IST 2024] "GET /myDetails.jsp HTTP/1.1"
2024-12-24 16:35:15 INFO  FilterSession -  24 5cbecf4b-ce68-44b3-92ed-ddc48be52edb: 0:0:0:0:0:0:0:1 - - [Tue Dec 24 16:35:15 IST 2024] "GET /myDetails.jsp HTTP/1.1"
2024-12-24 16:36:38 INFO  AppContextListener - Server stoped at Tue Dec 24 16:36:38 IST 2024
