2024-11-14 20:34:57 INFO  AppContextListener - Server started at Thu Nov 14 20:34:57 IST 2024
2024-11-14 20:34:58 INFO  FilterSession - 127.0.0.1 - - [Thu Nov 14 20:34:58 IST 2024] "GET / HTTP/1.1"
2024-11-14 20:35:05 INFO  FilterSession -  24 00e63cdc-eeea-42d3-a000-a66b13cd3232: 0:0:0:0:0:0:0:1 - - [Thu Nov 14 20:35:05 IST 2024] "GET /myDetails.jsp HTTP/1.1"
2024-11-14 20:35:06 INFO  FilterSession -  24 00e63cdc-eeea-42d3-a000-a66b13cd3232: 0:0:0:0:0:0:0:1 - - [Thu Nov 14 20:35:06 IST 2024] "GET /myDetails.jsp HTTP/1.1"
2024-11-14 20:35:09 INFO  FilterSession -  24 00e63cdc-eeea-42d3-a000-a66b13cd3232: 0:0:0:0:0:0:0:1 - - [Thu Nov 14 20:35:09 IST 2024] "GET /contacts.jsp HTTP/1.1"
2024-11-14 20:35:12 INFO  FilterSession -  24 00e63cdc-eeea-42d3-a000-a66b13cd3232: 0:0:0:0:0:0:0:1 - - [Thu Nov 14 20:35:12 IST 2024] "GET /contactDetails.jsp HTTP/1.1"
2024-11-14 20:35:16 INFO  FilterSession -  24 00e63cdc-eeea-42d3-a000-a66b13cd3232: 0:0:0:0:0:0:0:1 - - [Thu Nov 14 20:35:16 IST 2024] "GET /deleteContact.jsp HTTP/1.1"
2024-11-14 20:35:16 INFO  FilterSession -  24 00e63cdc-eeea-42d3-a000-a66b13cd3232: 0:0:0:0:0:0:0:1 - - [Thu Nov 14 20:35:16 IST 2024] "GET /contacts.jsp HTTP/1.1"
2024-11-14 20:35:18 INFO  FilterSession -  24 00e63cdc-eeea-42d3-a000-a66b13cd3232: 0:0:0:0:0:0:0:1 - - [Thu Nov 14 20:35:18 IST 2024] "GET /createContact.jsp HTTP/1.1"
2024-11-14 20:35:41 INFO  FilterSession -  24 00e63cdc-eeea-42d3-a000-a66b13cd3232: 0:0:0:0:0:0:0:1 - - [Thu Nov 14 20:35:41 IST 2024] "POST /create HTTP/1.1"
2024-11-14 20:35:41 INFO  FilterSession -  24 00e63cdc-eeea-42d3-a000-a66b13cd3232: 0:0:0:0:0:0:0:1 - - [Thu Nov 14 20:35:41 IST 2024] "GET /contacts.jsp HTTP/1.1"
2024-11-14 20:36:13 INFO  FilterSession - 0:0:0:0:0:0:0:1 - - [Thu Nov 14 20:36:13 IST 2024] "POST /create HTTP/1.1"
2024-11-14 20:36:14 INFO  FilterSession - 0:0:0:0:0:0:0:1 - - [Thu Nov 14 20:36:14 IST 2024] "POST /create HTTP/1.1"
2024-11-14 20:36:15 INFO  FilterSession - 0:0:0:0:0:0:0:1 - - [Thu Nov 14 20:36:15 IST 2024] "POST /create HTTP/1.1"
2024-11-14 20:36:15 INFO  FilterSession - 0:0:0:0:0:0:0:1 - - [Thu Nov 14 20:36:15 IST 2024] "POST /create HTTP/1.1"
2024-11-14 20:36:16 INFO  FilterSession - 0:0:0:0:0:0:0:1 - - [Thu Nov 14 20:36:16 IST 2024] "POST /create HTTP/1.1"
2024-11-14 20:36:16 INFO  FilterSession - 0:0:0:0:0:0:0:1 - - [Thu Nov 14 20:36:16 IST 2024] "POST /create HTTP/1.1"
2024-11-14 20:36:17 INFO  FilterSession - 0:0:0:0:0:0:0:1 - - [Thu Nov 14 20:36:17 IST 2024] "POST /create HTTP/1.1"
2024-11-14 20:36:47 INFO  FilterSession - 0:0:0:0:0:0:0:1 - - [Thu Nov 14 20:36:47 IST 2024] "GET /login.jsp HTTP/1.1"
2024-11-14 20:38:27 INFO  AppContextListener - Server stoped at Thu Nov 14 20:38:27 IST 2024
