2024-12-21 11:39:32 INFO  AppContextListener - Server registered with IP: 127.0.1.1 and Port: 8080
2024-12-21 11:39:32 INFO  AppContextListener - Server started at Sat Dec 21 11:39:32 IST 2024
2024-12-21 11:39:32 INFO  FilterSession - 127.0.0.1 - - [Sat Dec 21 11:39:32 IST 2024] "GET / HTTP/1.1"
2024-12-21 11:39:41 INFO  FilterSession - 0:0:0:0:0:0:0:1 - - [Sat Dec 21 11:39:41 IST 2024] "GET / HTTP/1.1"
2024-12-21 11:39:41 INFO  FilterSession - 0:0:0:0:0:0:0:1 - - [Sat Dec 21 11:39:41 IST 2024] "GET /login.jsp HTTP/1.1"
2024-12-21 11:39:41 INFO  FilterSession - 0:0:0:0:0:0:0:1 - - [Sat Dec 21 11:39:41 IST 2024] "GET /favicon.ico HTTP/1.1"
2024-12-21 11:39:41 INFO  FilterSession - 0:0:0:0:0:0:0:1 - - [Sat Dec 21 11:39:41 IST 2024] "GET /login.jsp HTTP/1.1"
2024-12-21 11:39:49 INFO  FilterSession - 0:0:0:0:0:0:0:1 - - [Sat Dec 21 11:39:49 IST 2024] "POST /login HTTP/1.1"
2024-12-21 11:39:49 INFO  ServletUserLogin - User logged in: user_id=24
2024-12-21 11:39:49 INFO  FilterSession -  24 457c1bf4-1f25-499a-b0f9-c1df3f746012: 0:0:0:0:0:0:0:1 - - [Sat Dec 21 11:39:49 IST 2024] "GET /home.jsp HTTP/1.1"
2024-12-21 11:39:49 INFO  FilterSession -  24 457c1bf4-1f25-499a-b0f9-c1df3f746012: 0:0:0:0:0:0:0:1 - - [Sat Dec 21 11:39:49 IST 2024] "GET /favicon.ico HTTP/1.1"
2024-12-21 11:39:57 INFO  FilterSession -  24 457c1bf4-1f25-499a-b0f9-c1df3f746012: 0:0:0:0:0:0:0:1 - - [Sat Dec 21 11:39:57 IST 2024] "GET /logout HTTP/1.1"
2024-12-21 11:39:57 INFO  FilterSession - 0:0:0:0:0:0:0:1 - - [Sat Dec 21 11:39:57 IST 2024] "GET /login.jsp HTTP/1.1"
2024-12-21 11:40:03 INFO  FilterSession - 0:0:0:0:0:0:0:1 - - [Sat Dec 21 11:40:03 IST 2024] "GET /index.jsp HTTP/1.1"
2024-12-21 11:40:06 INFO  FilterSession - 0:0:0:0:0:0:0:1 - - [Sat Dec 21 11:40:06 IST 2024] "GET /register.jsp HTTP/1.1"
2024-12-21 11:40:42 INFO  FilterSession - 0:0:0:0:0:0:0:1 - - [Sat Dec 21 11:40:42 IST 2024] "POST /register HTTP/1.1"
2024-12-21 11:40:42 INFO  FilterSession - 0:0:0:0:0:0:0:1 - - [Sat Dec 21 11:40:42 IST 2024] "GET /login.jsp HTTP/1.1"
2024-12-21 11:40:51 INFO  FilterSession - 0:0:0:0:0:0:0:1 - - [Sat Dec 21 11:40:51 IST 2024] "POST /login HTTP/1.1"
2024-12-21 11:40:51 INFO  FilterSession - 0:0:0:0:0:0:0:1 - - [Sat Dec 21 11:40:51 IST 2024] "GET /login.jsp HTTP/1.1"
2024-12-21 11:44:41 INFO  AppContextListener - Server stoped at Sat Dec 21 11:44:41 IST 2024
