2024-12-31 14:44:31 INFO  AppContextListener - Server registered with IP: 127.0.1.1 and Port: 8080
2024-12-31 14:44:31 INFO  AppContextListener - Server started at Tue Dec 31 14:44:31 IST 2024
2024-12-31 14:44:31 INFO  FilterSession - 127.0.0.1 - - [Tue Dec 31 14:44:31 IST 2024] "GET / HTTP/1.1"
2024-12-31 14:44:40 INFO  FilterSession - 0:0:0:0:0:0:0:1 - - [Tue Dec 31 14:44:40 IST 2024] "GET /register.jsp HTTP/1.1"
2024-12-31 14:45:25 INFO  FilterSession - 0:0:0:0:0:0:0:1 - - [Tue Dec 31 14:45:25 IST 2024] "GET /index.jsp HTTP/1.1"
2024-12-31 14:45:27 INFO  FilterSession - 0:0:0:0:0:0:0:1 - - [Tue Dec 31 14:45:27 IST 2024] "GET /login.jsp HTTP/1.1"
2024-12-31 14:45:37 INFO  FilterSession - 0:0:0:0:0:0:0:1 - - [Tue Dec 31 14:45:37 IST 2024] "POST /login HTTP/1.1"
2024-12-31 14:45:37 INFO  FilterSession - 0:0:0:0:0:0:0:1 - - [Tue Dec 31 14:45:37 IST 2024] "GET /login.jsp HTTP/1.1"
2024-12-31 14:45:46 INFO  FilterSession - 0:0:0:0:0:0:0:1 - - [Tue Dec 31 14:45:46 IST 2024] "POST /login HTTP/1.1"
2024-12-31 14:45:46 INFO  FilterSession - 0:0:0:0:0:0:0:1 - - [Tue Dec 31 14:45:46 IST 2024] "GET /login.jsp HTTP/1.1"
2024-12-31 14:46:39 INFO  FilterSession - 0:0:0:0:0:0:0:1 - - [Tue Dec 31 14:46:39 IST 2024] "GET /register.jsp HTTP/1.1"
2024-12-31 14:47:36 INFO  FilterSession - 0:0:0:0:0:0:0:1 - - [Tue Dec 31 14:47:36 IST 2024] "POST /register HTTP/1.1"
2024-12-31 14:47:36 INFO  FilterSession - 0:0:0:0:0:0:0:1 - - [Tue Dec 31 14:47:36 IST 2024] "GET /login.jsp HTTP/1.1"
2024-12-31 14:47:58 INFO  FilterSession - 0:0:0:0:0:0:0:1 - - [Tue Dec 31 14:47:58 IST 2024] "POST /login HTTP/1.1"
2024-12-31 14:47:58 INFO  ServletUserLogin - User logged in: user_id=68
2024-12-31 14:47:58 INFO  FilterSession -  68 9e90cd9a-44d4-4ccc-8af6-4e684c04d622: 0:0:0:0:0:0:0:1 - - [Tue Dec 31 14:47:58 IST 2024] "GET /home.jsp HTTP/1.1"
2024-12-31 14:48:08 INFO  FilterSession -  68 9e90cd9a-44d4-4ccc-8af6-4e684c04d622: 0:0:0:0:0:0:0:1 - - [Tue Dec 31 14:48:08 IST 2024] "GET /home.jsp HTTP/1.1"
2024-12-31 14:51:15 INFO  FilterSession -  68 9e90cd9a-44d4-4ccc-8af6-4e684c04d622: 0:0:0:0:0:0:0:1 - - [Tue Dec 31 14:51:15 IST 2024] "GET /EditDetails.jsp HTTP/1.1"
2024-12-31 14:51:20 INFO  FilterSession -  68 9e90cd9a-44d4-4ccc-8af6-4e684c04d622: 0:0:0:0:0:0:0:1 - - [Tue Dec 31 14:51:20 IST 2024] "POST /update HTTP/1.1"
2024-12-31 14:51:20 INFO  FilterSession -  68 9e90cd9a-44d4-4ccc-8af6-4e684c04d622: 0:0:0:0:0:0:0:1 - - [Tue Dec 31 14:51:20 IST 2024] "GET /home.jsp HTTP/1.1"
2024-12-31 14:53:04 INFO  AppContextListener - Server stoped at Tue Dec 31 14:53:04 IST 2024
