2024-12-24 11:07:03 INFO  AppContextListener - Server registered with IP: 127.0.1.1 and Port: 8080
2024-12-24 11:07:03 INFO  AppContextListener - Server started at Tue Dec 24 11:07:03 IST 2024
2024-12-24 11:07:03 INFO  FilterSession - 127.0.0.1 - - [Tue Dec 24 11:07:03 IST 2024] "GET / HTTP/1.1"
2024-12-24 11:07:11 INFO  FilterSession -  24 3fe770c6-111b-4a82-8da6-e8d80176e801: 0:0:0:0:0:0:0:1 - - [Tue Dec 24 11:07:11 IST 2024] "GET /categoryDetails.jsp HTTP/1.1"
2024-12-24 11:07:12 INFO  FilterSession -  24 3fe770c6-111b-4a82-8da6-e8d80176e801: 0:0:0:0:0:0:0:1 - - [Tue Dec 24 11:07:12 IST 2024] "GET /category.jsp HTTP/1.1"
2024-12-24 11:07:13 INFO  FilterSession -  24 3fe770c6-111b-4a82-8da6-e8d80176e801: 0:0:0:0:0:0:0:1 - - [Tue Dec 24 11:07:13 IST 2024] "GET /logout HTTP/1.1"
2024-12-24 11:07:13 INFO  FilterSession - 0:0:0:0:0:0:0:1 - - [Tue Dec 24 11:07:13 IST 2024] "GET /login.jsp HTTP/1.1"
2024-12-24 11:07:20 INFO  FilterSession - 0:0:0:0:0:0:0:1 - - [Tue Dec 24 11:07:20 IST 2024] "POST /login HTTP/1.1"
2024-12-24 11:07:20 INFO  ServletUserLogin - User logged in: user_id=24
2024-12-24 11:07:20 INFO  FilterSession -  24 a8f0c7fe-b686-43ab-9aec-034b7128b346: 0:0:0:0:0:0:0:1 - - [Tue Dec 24 11:07:20 IST 2024] "GET /home.jsp HTTP/1.1"
2024-12-24 11:07:30 INFO  FilterSession -  24 a8f0c7fe-b686-43ab-9aec-034b7128b346: 0:0:0:0:0:0:0:1 - - [Tue Dec 24 11:07:30 IST 2024] "GET /category.jsp HTTP/1.1"
2024-12-24 11:07:31 INFO  FilterSession -  24 a8f0c7fe-b686-43ab-9aec-034b7128b346: 0:0:0:0:0:0:0:1 - - [Tue Dec 24 11:07:31 IST 2024] "GET /categoryDetails.jsp HTTP/1.1"
2024-12-24 11:07:35 INFO  FilterSession -  24 a8f0c7fe-b686-43ab-9aec-034b7128b346: 0:0:0:0:0:0:0:1 - - [Tue Dec 24 11:07:35 IST 2024] "GET /addContactToCategory.jsp HTTP/1.1"
2024-12-24 11:07:35 INFO  FilterSession -  24 a8f0c7fe-b686-43ab-9aec-034b7128b346: 0:0:0:0:0:0:0:1 - - [Tue Dec 24 11:07:35 IST 2024] "GET /categoryDetails.jsp HTTP/1.1"
2024-12-24 11:07:41 INFO  FilterSession -  24 a8f0c7fe-b686-43ab-9aec-034b7128b346: 0:0:0:0:0:0:0:1 - - [Tue Dec 24 11:07:41 IST 2024] "GET /myDetails.jsp HTTP/1.1"
2024-12-24 11:07:45 INFO  FilterSession -  24 a8f0c7fe-b686-43ab-9aec-034b7128b346: 0:0:0:0:0:0:0:1 - - [Tue Dec 24 11:07:45 IST 2024] "GET /logout HTTP/1.1"
2024-12-24 11:07:45 INFO  FilterSession - 0:0:0:0:0:0:0:1 - - [Tue Dec 24 11:07:45 IST 2024] "GET /login.jsp HTTP/1.1"
2024-12-24 11:08:55 INFO  FilterSession - 0:0:0:0:0:0:0:1 - - [Tue Dec 24 11:08:55 IST 2024] "POST /login HTTP/1.1"
2024-12-24 11:08:55 INFO  ServletUserLogin - User logged in: user_id=24
2024-12-24 11:08:55 INFO  FilterSession -  24 5fdac076-dc11-4fc6-8fa7-607d3546a176: 0:0:0:0:0:0:0:1 - - [Tue Dec 24 11:08:55 IST 2024] "GET /home.jsp HTTP/1.1"
2024-12-24 11:13:02 INFO  FilterSession -  24 5fdac076-dc11-4fc6-8fa7-607d3546a176: 0:0:0:0:0:0:0:1 - - [Tue Dec 24 11:13:02 IST 2024] "GET /logout HTTP/1.1"
2024-12-24 11:13:02 INFO  FilterSession - 0:0:0:0:0:0:0:1 - - [Tue Dec 24 11:13:02 IST 2024] "GET /login.jsp HTTP/1.1"
2024-12-24 11:13:10 INFO  FilterSession - 0:0:0:0:0:0:0:1 - - [Tue Dec 24 11:13:10 IST 2024] "POST /login HTTP/1.1"
2024-12-24 11:13:10 INFO  ServletUserLogin - User logged in: user_id=24
2024-12-24 11:13:10 INFO  FilterSession -  24 cb627e0e-6e0f-425b-bcc7-03e577a0e123: 0:0:0:0:0:0:0:1 - - [Tue Dec 24 11:13:10 IST 2024] "GET /home.jsp HTTP/1.1"
2024-12-24 11:13:31 INFO  FilterSession -  24 cb627e0e-6e0f-425b-bcc7-03e577a0e123: 0:0:0:0:0:0:0:1 - - [Tue Dec 24 11:13:31 IST 2024] "GET /EditDetails.jsp HTTP/1.1"
2024-12-24 11:13:36 INFO  FilterSession -  24 cb627e0e-6e0f-425b-bcc7-03e577a0e123: 0:0:0:0:0:0:0:1 - - [Tue Dec 24 11:13:36 IST 2024] "POST /update HTTP/1.1"
2024-12-24 11:13:36 INFO  FilterSession -  24 cb627e0e-6e0f-425b-bcc7-03e577a0e123: 0:0:0:0:0:0:0:1 - - [Tue Dec 24 11:13:36 IST 2024] "GET /home.jsp HTTP/1.1"
2024-12-24 11:13:54 INFO  FilterSession -  24 cb627e0e-6e0f-425b-bcc7-03e577a0e123: 0:0:0:0:0:0:0:1 - - [Tue Dec 24 11:13:54 IST 2024] "GET /EditDetails.jsp HTTP/1.1"
2024-12-24 11:14:03 INFO  FilterSession -  24 cb627e0e-6e0f-425b-bcc7-03e577a0e123: 0:0:0:0:0:0:0:1 - - [Tue Dec 24 11:14:03 IST 2024] "POST /update HTTP/1.1"
2024-12-24 11:14:03 INFO  FilterSession -  24 cb627e0e-6e0f-425b-bcc7-03e577a0e123: 0:0:0:0:0:0:0:1 - - [Tue Dec 24 11:14:03 IST 2024] "GET /home.jsp HTTP/1.1"
2024-12-24 11:15:29 INFO  AppContextListener - Server stoped at Tue Dec 24 11:15:29 IST 2024
