2024-10-24 12:37:54 INFO  AppContextListener - Server started at Thu Oct 24 12:37:54 IST 2024
2024-10-24 12:37:54 INFO  FilterSession - 127.0.0.1 - - [Thu Oct 24 12:37:54 IST 2024] "GET / HTTP/1.1"
2024-10-24 12:37:55 INFO  FilterSession -  24 b2ea1b05-70d0-4994-b927-1c2df3eada17: 0:0:0:0:0:0:0:1 - - [Thu Oct 24 12:37:55 IST 2024] "GET / HTTP/1.1"
2024-10-24 12:37:55 INFO  FilterSession -  24 b2ea1b05-70d0-4994-b927-1c2df3eada17: 0:0:0:0:0:0:0:1 - - [Thu Oct 24 12:37:55 IST 2024] "GET /home.jsp HTTP/1.1"
2024-10-24 12:37:58 INFO  FilterSession -  24 b2ea1b05-70d0-4994-b927-1c2df3eada17: 0:0:0:0:0:0:0:1 - - [Thu Oct 24 12:37:58 IST 2024] "GET /EditDetails.jsp HTTP/1.1"
2024-10-24 12:38:09 INFO  FilterSession -  24 b2ea1b05-70d0-4994-b927-1c2df3eada17: 0:0:0:0:0:0:0:1 - - [Thu Oct 24 12:38:09 IST 2024] "POST /update HTTP/1.1"
2024-10-24 12:38:10 INFO  FilterSession -  24 b2ea1b05-70d0-4994-b927-1c2df3eada17: 0:0:0:0:0:0:0:1 - - [Thu Oct 24 12:38:10 IST 2024] "GET /home.jsp HTTP/1.1"
2024-10-24 12:44:40 INFO  FilterSession -  24 b2ea1b05-70d0-4994-b927-1c2df3eada17: 0:0:0:0:0:0:0:1 - - [Thu Oct 24 12:44:40 IST 2024] "GET /category.jsp HTTP/1.1"
2024-10-24 12:44:42 INFO  FilterSession -  24 b2ea1b05-70d0-4994-b927-1c2df3eada17: 0:0:0:0:0:0:0:1 - - [Thu Oct 24 12:44:42 IST 2024] "GET /category.jsp HTTP/1.1"
2024-10-24 12:44:43 INFO  FilterSession -  24 b2ea1b05-70d0-4994-b927-1c2df3eada17: 0:0:0:0:0:0:0:1 - - [Thu Oct 24 12:44:43 IST 2024] "GET /contacts.jsp HTTP/1.1"
2024-10-24 12:44:46 INFO  FilterSession -  24 b2ea1b05-70d0-4994-b927-1c2df3eada17: 0:0:0:0:0:0:0:1 - - [Thu Oct 24 12:44:46 IST 2024] "GET /myDetails.jsp HTTP/1.1"
2024-10-24 12:44:51 INFO  FilterSession -  24 b2ea1b05-70d0-4994-b927-1c2df3eada17: 0:0:0:0:0:0:0:1 - - [Thu Oct 24 12:44:51 IST 2024] "GET /prime.jsp HTTP/1.1"
2024-10-24 12:45:13 INFO  FilterSession -  24 b2ea1b05-70d0-4994-b927-1c2df3eada17: 0:0:0:0:0:0:0:1 - - [Thu Oct 24 12:45:13 IST 2024] "POST /prime HTTP/1.1"
2024-10-24 12:45:13 INFO  FilterSession -  24 b2ea1b05-70d0-4994-b927-1c2df3eada17: 0:0:0:0:0:0:0:1 - - [Thu Oct 24 12:45:13 IST 2024] "GET /home.jsp HTTP/1.1"
2024-10-24 12:45:18 INFO  FilterSession -  24 b2ea1b05-70d0-4994-b927-1c2df3eada17: 0:0:0:0:0:0:0:1 - - [Thu Oct 24 12:45:18 IST 2024] "GET /logout HTTP/1.1"
2024-10-24 12:45:18 INFO  FilterSession - 0:0:0:0:0:0:0:1 - - [Thu Oct 24 12:45:18 IST 2024] "GET /login.jsp HTTP/1.1"
2024-10-24 12:45:28 INFO  FilterSession - 0:0:0:0:0:0:0:1 - - [Thu Oct 24 12:45:28 IST 2024] "POST /login HTTP/1.1"
2024-10-24 12:45:28 INFO  ServletUserLogin - User logged in: user_id=24
2024-10-24 12:45:28 INFO  FilterSession -  24 4950856b-3209-4647-a30c-c87aba0c9216: 0:0:0:0:0:0:0:1 - - [Thu Oct 24 12:45:28 IST 2024] "GET /home.jsp HTTP/1.1"
2024-10-24 12:45:31 INFO  FilterSession -  24 4950856b-3209-4647-a30c-c87aba0c9216: 0:0:0:0:0:0:0:1 - - [Thu Oct 24 12:45:31 IST 2024] "GET /prime.jsp HTTP/1.1"
2024-10-24 12:45:46 INFO  FilterSession -  24 4950856b-3209-4647-a30c-c87aba0c9216: 0:0:0:0:0:0:0:1 - - [Thu Oct 24 12:45:46 IST 2024] "GET /contacts.jsp HTTP/1.1"
2024-10-24 12:46:48 INFO  FilterSession - 0:0:0:0:0:0:0:1 - - [Thu Oct 24 12:46:48 IST 2024] "GET /contacts.jsp HTTP/1.1"
2024-10-24 12:46:48 INFO  FilterSession - 0:0:0:0:0:0:0:1 - - [Thu Oct 24 12:46:48 IST 2024] "GET /contacts.jsp HTTP/1.1"
2024-10-24 12:46:50 INFO  FilterSession - 0:0:0:0:0:0:0:1 - - [Thu Oct 24 12:46:50 IST 2024] "GET /category.jsp HTTP/1.1"
2024-10-24 12:46:52 INFO  FilterSession - 0:0:0:0:0:0:0:1 - - [Thu Oct 24 12:46:52 IST 2024] "GET /home.jsp HTTP/1.1"
2024-10-24 12:46:54 INFO  FilterSession - 0:0:0:0:0:0:0:1 - - [Thu Oct 24 12:46:54 IST 2024] "GET /login.jsp HTTP/1.1"
2024-10-24 12:46:55 INFO  FilterSession - 0:0:0:0:0:0:0:1 - - [Thu Oct 24 12:46:55 IST 2024] "GET /home.jsp HTTP/1.1"
2024-10-24 12:46:55 INFO  FilterSession - 0:0:0:0:0:0:0:1 - - [Thu Oct 24 12:46:55 IST 2024] "GET /prime.jsp HTTP/1.1"
2024-10-24 12:46:55 INFO  FilterSession - 0:0:0:0:0:0:0:1 - - [Thu Oct 24 12:46:55 IST 2024] "GET /myDetails.jsp HTTP/1.1"
2024-10-24 12:46:55 INFO  FilterSession - 0:0:0:0:0:0:0:1 - - [Thu Oct 24 12:46:55 IST 2024] "GET /contacts.jsp HTTP/1.1"
2024-10-24 12:46:56 INFO  FilterSession - 0:0:0:0:0:0:0:1 - - [Thu Oct 24 12:46:56 IST 2024] "GET /category.jsp HTTP/1.1"
2024-10-24 12:46:57 INFO  FilterSession - 0:0:0:0:0:0:0:1 - - [Thu Oct 24 12:46:57 IST 2024] "GET /home.jsp HTTP/1.1"
2024-10-24 12:46:57 INFO  FilterSession - 0:0:0:0:0:0:0:1 - - [Thu Oct 24 12:46:57 IST 2024] "GET /EditDetails.jsp HTTP/1.1"
2024-10-24 12:47:38 INFO  FilterSession - 0:0:0:0:0:0:0:1 - - [Thu Oct 24 12:47:38 IST 2024] "GET /index.jsp HTTP/1.1"
2024-10-24 12:48:00 INFO  FilterSession - 0:0:0:0:0:0:0:1 - - [Thu Oct 24 12:48:00 IST 2024] "GET /home.jsp HTTP/1.1"
2024-10-24 12:48:14 INFO  AppContextListener - Server stoped at Thu Oct 24 12:48:14 IST 2024
